# JRE version: Java(TM) SE Runtime Environment (8.0_201-b09) (build 1.8.0_201-b09)
# Java VM: Java HotSpot(TM) 64-Bit Server VM (25.201-b09 mixed mode windows-amd64 compressed oops)
Heap:
 PSYoungGen      total 125440K, used 80320K [0x000000076af80000, 0x0000000774480000, 0x00000007c0000000)
  eden space 114688K, 60% used [0x000000076af80000,0x000000076f376d60,0x0000000771f80000)
  from space 10752K, 99% used [0x0000000773a00000,0x00000007744793d8,0x0000000774480000)
  to   space 10752K, 0% used [0x0000000772f80000,0x0000000772f80000,0x0000000773a00000)
 ParOldGen       total 272384K, used 164348K [0x00000006c0e00000, 0x00000006d1800000, 0x000000076af80000)
  object space 272384K, 60% used [0x00000006c0e00000,0x00000006cae7f060,0x00000006d1800000)
 Metaspace       used 18373K, capacity 19550K, committed 19840K, reserved 1067008K
  class space    used 2577K, capacity 2839K, committed 2944K, reserved 1048576K
GC Heap History (10 events):
Event: 3.225 GC heap before
{Heap before GC invocations=1 (full 0):
 PSYoungGen      total 76288K, used 65298K [0x000000076af80000, 0x0000000770480000, 0x00000007c0000000)
  eden space 65536K, 99% used [0x000000076af80000,0x000000076ef44b68,0x000000076ef80000)
  from space 10752K, 0% used [0x000000076fa00000,0x000000076fa00000,0x0000000770480000)
  to   space 10752K, 0% used [0x000000076ef80000,0x000000076ef80000,0x000000076fa00000)
 ParOldGen       total 175104K, used 0K [0x00000006c0e00000, 0x00000006cb900000, 0x000000076af80000)
  object space 175104K, 0% used [0x00000006c0e00000,0x00000006c0e00000,0x00000006cb900000)
 Metaspace       used 11186K, capacity 11690K, committed 12032K, reserved 1058816K
  class space    used 1555K, capacity 1690K, committed 1792K, reserved 1048576K
Event: 3.233 GC heap after
Heap after GC invocations=1 (full 0):
 PSYoungGen      total 76288K, used 10730K [0x000000076af80000, 0x0000000770480000, 0x00000007c0000000)
  eden space 65536K, 0% used [0x000000076af80000,0x000000076af80000,0x000000076ef80000)
  from space 10752K, 99% used [0x000000076ef80000,0x000000076f9fabe8,0x000000076fa00000)
  to   space 10752K, 0% used [0x000000076fa00000,0x000000076fa00000,0x0000000770480000)
 ParOldGen       total 175104K, used 17135K [0x00000006c0e00000, 0x00000006cb900000, 0x000000076af80000)
  object space 175104K, 9% used [0x00000006c0e00000,0x00000006c1ebbcb0,0x00000006cb900000)
 Metaspace       used 11186K, capacity 11690K, committed 12032K, reserved 1058816K
  class space    used 1555K, capacity 1690K, committed 1792K, reserved 1048576K
}
Event: 3.976 GC heap before
{Heap before GC invocations=2 (full 0):
 PSYoungGen      total 76288K, used 74867K [0x000000076af80000, 0x0000000770480000, 0x00000007c0000000)
  eden space 65536K, 97% used [0x000000076af80000,0x000000076ee22120,0x000000076ef80000)
  from space 10752K, 99% used [0x000000076ef80000,0x000000076f9fabe8,0x000000076fa00000)
  to   space 10752K, 0% used [0x000000076fa00000,0x000000076fa00000,0x0000000770480000)
 ParOldGen       total 175104K, used 17135K [0x00000006c0e00000, 0x00000006cb900000, 0x000000076af80000)
  object space 175104K, 9% used [0x00000006c0e00000,0x00000006c1ebbcb0,0x00000006cb900000)
 Metaspace       used 12810K, capacity 13394K, committed 13568K, reserved 1060864K
  class space    used 1778K, capacity 1925K, committed 2048K, reserved 1048576K
Event: 4.004 GC heap after
Heap after GC invocations=2 (full 0):
 PSYoungGen      total 76288K, used 10740K [0x000000076af80000, 0x0000000774480000, 0x00000007c0000000)
  eden space 65536K, 0% used [0x000000076af80000,0x000000076af80000,0x000000076ef80000)
  from space 10752K, 99% used [0x000000076fa00000,0x000000077047d0a0,0x0000000770480000)
  to   space 10752K, 0% used [0x000000076ef80000,0x000000076ef80000,0x000000076fa00000)
 ParOldGen       total 175104K, used 64354K [0x00000006c0e00000, 0x00000006cb900000, 0x000000076af80000)
  object space 175104K, 36% used [0x00000006c0e00000,0x00000006c4cd8a00,0x00000006cb900000)
 Metaspace       used 12810K, capacity 13394K, committed 13568K, reserved 1060864K
  class space    used 1778K, capacity 1925K, committed 2048K, reserved 1048576K
}
Event: 4.267 GC heap before
{Heap before GC invocations=3 (full 0):
 PSYoungGen      total 76288K, used 76276K [0x000000076af80000, 0x0000000774480000, 0x00000007c0000000)
  eden space 65536K, 100% used [0x000000076af80000,0x000000076ef80000,0x000000076ef80000)
  from space 10752K, 99% used [0x000000076fa00000,0x000000077047d0a0,0x0000000770480000)
  to   space 10752K, 0% used [0x000000076ef80000,0x000000076ef80000,0x000000076fa00000)
 ParOldGen       total 175104K, used 64354K [0x00000006c0e00000, 0x00000006cb900000, 0x000000076af80000)
  object space 175104K, 36% used [0x00000006c0e00000,0x00000006c4cd8a00,0x00000006cb900000)
 Metaspace       used 12834K, capacity 13398K, committed 13568K, reserved 1060864K
  class space    used 1778K, capacity 1925K, committed 2048K, reserved 1048576K
Event: 4.282 GC heap after
Heap after GC invocations=3 (full 0):
 PSYoungGen      total 76288K, used 10465K [0x000000076af80000, 0x0000000774480000, 0x00000007c0000000)
  eden space 65536K, 0% used [0x000000076af80000,0x000000076af80000,0x000000076ef80000)
  from space 10752K, 97% used [0x000000076ef80000,0x000000076f9b84a8,0x000000076fa00000)
  to   space 10752K, 0% used [0x0000000773a00000,0x0000000773a00000,0x0000000774480000)
 ParOldGen       total 175104K, used 114087K [0x00000006c0e00000, 0x00000006cb900000, 0x000000076af80000)
  object space 175104K, 65% used [0x00000006c0e00000,0x00000006c7d69f40,0x00000006cb900000)
 Metaspace       used 12834K, capacity 13398K, committed 13568K, reserved 1060864K
  class space    used 1778K, capacity 1925K, committed 2048K, reserved 1048576K
}
Event: 4.282 GC heap before
{Heap before GC invocations=4 (full 1):
 PSYoungGen      total 76288K, used 10465K [0x000000076af80000, 0x0000000774480000, 0x00000007c0000000)
  eden space 65536K, 0% used [0x000000076af80000,0x000000076af80000,0x000000076ef80000)
  from space 10752K, 97% used [0x000000076ef80000,0x000000076f9b84a8,0x000000076fa00000)
  to   space 10752K, 0% used [0x0000000773a00000,0x0000000773a00000,0x0000000774480000)
 ParOldGen       total 175104K, used 114087K [0x00000006c0e00000, 0x00000006cb900000, 0x000000076af80000)
  object space 175104K, 65% used [0x00000006c0e00000,0x00000006c7d69f40,0x00000006cb900000)
 Metaspace       used 12834K, capacity 13398K, committed 13568K, reserved 1060864K
  class space    used 1778K, capacity 1925K, committed 2048K, reserved 1048576K
Event: 4.331 GC heap after
Heap after GC invocations=4 (full 1):
 PSYoungGen      total 76288K, used 0K [0x000000076af80000, 0x0000000774480000, 0x00000007c0000000)
  eden space 65536K, 0% used [0x000000076af80000,0x000000076af80000,0x000000076ef80000)
  from space 10752K, 0% used [0x000000076ef80000,0x000000076ef80000,0x000000076fa00000)
  to   space 10752K, 0% used [0x0000000773a00000,0x0000000773a00000,0x0000000774480000)
 ParOldGen       total 272384K, used 124186K [0x00000006c0e00000, 0x00000006d1800000, 0x000000076af80000)
  object space 272384K, 45% used [0x00000006c0e00000,0x00000006c8746a28,0x00000006d1800000)
 Metaspace       used 12834K, capacity 13398K, committed 13568K, reserved 1060864K
  class space    used 1778K, capacity 1925K, committed 2048K, reserved 1048576K
}
Event: 4.744 GC heap before
{Heap before GC invocations=5 (full 1):
 PSYoungGen      total 76288K, used 65319K [0x000000076af80000, 0x0000000774480000, 0x00000007c0000000)
  eden space 65536K, 99% used [0x000000076af80000,0x000000076ef49f60,0x000000076ef80000)
  from space 10752K, 0% used [0x000000076ef80000,0x000000076ef80000,0x000000076fa00000)
  to   space 10752K, 0% used [0x0000000773a00000,0x0000000773a00000,0x0000000774480000)
 ParOldGen       total 272384K, used 124186K [0x00000006c0e00000, 0x00000006d1800000, 0x000000076af80000)
  object space 272384K, 45% used [0x00000006c0e00000,0x00000006c8746a28,0x00000006d1800000)
 Metaspace       used 12841K, capacity 13410K, committed 13568K, reserved 1060864K
  class space    used 1779K, capacity 1927K, committed 2048K, reserved 1048576K
Event: 4.764 GC heap after
Heap after GC invocations=5 (full 1):
 PSYoungGen      total 125440K, used 10724K [0x000000076af80000, 0x0000000774480000, 0x00000007c0000000)
  eden space 114688K, 0% used [0x000000076af80000,0x000000076af80000,0x0000000771f80000)
  from space 10752K, 99% used [0x0000000773a00000,0x00000007744793d8,0x0000000774480000)
  to   space 10752K, 0% used [0x0000000772f80000,0x0000000772f80000,0x0000000773a00000)
 ParOldGen       total 272384K, used 164348K [0x00000006c0e00000, 0x00000006d1800000, 0x000000076af80000)
  object space 272384K, 60% used [0x00000006c0e00000,0x00000006cae7f060,0x00000006d1800000)
 Metaspace       used 12841K, capacity 13410K, committed 13568K, reserved 1060864K
  class space    used 1779K, capacity 1927K, committed 2048K, reserved 1048576K
}

