# JRE version: Java(TM) SE Runtime Environment (8.0_102-b14) (build 1.8.0_102-b14)
# Java VM: Java HotSpot(TM) 64-Bit Server VM (25.102-b14 mixed mode windows-amd64 compressed oops)
Heap:
 PSYoungGen      total 111616K, used 38902K [0x00000000e0600000, 0x00000000efd00000, 0x0000000100000000)
  eden space 71168K, 54% used [0x00000000e0600000,0x00000000e2bfda98,0x00000000e4b80000)
  from space 40448K, 0% used [0x00000000e4b80000,0x00000000e4b80000,0x00000000e7300000)
  to   space 72192K, 0% used [0x00000000eb680000,0x00000000eb680000,0x00000000efd00000)
 ParOldGen       total 307200K, used 182161K [0x00000000a1200000, 0x00000000b3e00000, 0x00000000e0600000)
  object space 307200K, 59% used [0x00000000a1200000,0x00000000ac3e4728,0x00000000b3e00000)
 Metaspace       used 18086K, capacity 19244K, committed 19456K, reserved 1067008K
  class space    used 2568K, capacity 2816K, committed 2816K, reserved 1048576K
GC Heap History (10 events):
Event: 2.545 GC heap before
{Heap before GC invocations=6 (full 1):
 PSYoungGen      total 53248K, used 47736K [0x00000000e0600000, 0x00000000e3e00000, 0x0000000100000000)
  eden space 49152K, 97% used [0x00000000e0600000,0x00000000e349e068,0x00000000e3600000)
  from space 4096K, 0% used [0x00000000e3a00000,0x00000000e3a00000,0x00000000e3e00000)
  to   space 4096K, 0% used [0x00000000e3600000,0x00000000e3600000,0x00000000e3a00000)
 ParOldGen       total 117760K, used 54863K [0x00000000a1200000, 0x00000000a8500000, 0x00000000e0600000)
  object space 117760K, 46% used [0x00000000a1200000,0x00000000a4793fd0,0x00000000a8500000)
 Metaspace       used 12732K, capacity 13344K, committed 13568K, reserved 1060864K
  class space    used 1774K, capacity 1928K, committed 2048K, reserved 1048576K
Event: 2.568 GC heap after
Heap after GC invocations=6 (full 1):
 PSYoungGen      total 53248K, used 4017K [0x00000000e0600000, 0x00000000e9300000, 0x0000000100000000)
  eden space 49152K, 0% used [0x00000000e0600000,0x00000000e0600000,0x00000000e3600000)
  from space 4096K, 98% used [0x00000000e3600000,0x00000000e39ec5d0,0x00000000e3a00000)
  to   space 32768K, 0% used [0x00000000e7300000,0x00000000e7300000,0x00000000e9300000)
 ParOldGen       total 117760K, used 90704K [0x00000000a1200000, 0x00000000a8500000, 0x00000000e0600000)
  object space 117760K, 77% used [0x00000000a1200000,0x00000000a6a943c0,0x00000000a8500000)
 Metaspace       used 12732K, capacity 13344K, committed 13568K, reserved 1060864K
  class space    used 1774K, capacity 1928K, committed 2048K, reserved 1048576K
}
Event: 2.568 GC heap before
{Heap before GC invocations=7 (full 2):
 PSYoungGen      total 53248K, used 4017K [0x00000000e0600000, 0x00000000e9300000, 0x0000000100000000)
  eden space 49152K, 0% used [0x00000000e0600000,0x00000000e0600000,0x00000000e3600000)
  from space 4096K, 98% used [0x00000000e3600000,0x00000000e39ec5d0,0x00000000e3a00000)
  to   space 32768K, 0% used [0x00000000e7300000,0x00000000e7300000,0x00000000e9300000)
 ParOldGen       total 117760K, used 90704K [0x00000000a1200000, 0x00000000a8500000, 0x00000000e0600000)
  object space 117760K, 77% used [0x00000000a1200000,0x00000000a6a943c0,0x00000000a8500000)
 Metaspace       used 12732K, capacity 13344K, committed 13568K, reserved 1060864K
  class space    used 1774K, capacity 1928K, committed 2048K, reserved 1048576K
Event: 2.601 GC heap after
Heap after GC invocations=7 (full 2):
 PSYoungGen      total 53248K, used 0K [0x00000000e0600000, 0x00000000e9300000, 0x0000000100000000)
  eden space 49152K, 0% used [0x00000000e0600000,0x00000000e0600000,0x00000000e3600000)
  from space 4096K, 0% used [0x00000000e3600000,0x00000000e3600000,0x00000000e3a00000)
  to   space 32768K, 0% used [0x00000000e7300000,0x00000000e7300000,0x00000000e9300000)
 ParOldGen       total 188416K, used 92126K [0x00000000a1200000, 0x00000000aca00000, 0x00000000e0600000)
  object space 188416K, 48% used [0x00000000a1200000,0x00000000a6bf7ab8,0x00000000aca00000)
 Metaspace       used 12732K, capacity 13344K, committed 13568K, reserved 1060864K
  class space    used 1774K, capacity 1928K, committed 2048K, reserved 1048576K
}
Event: 2.828 GC heap before
{Heap before GC invocations=8 (full 2):
 PSYoungGen      total 53248K, used 48774K [0x00000000e0600000, 0x00000000e9300000, 0x0000000100000000)
  eden space 49152K, 99% used [0x00000000e0600000,0x00000000e35a1b08,0x00000000e3600000)
  from space 4096K, 0% used [0x00000000e3600000,0x00000000e3600000,0x00000000e3a00000)
  to   space 32768K, 0% used [0x00000000e7300000,0x00000000e7300000,0x00000000e9300000)
 ParOldGen       total 188416K, used 92126K [0x00000000a1200000, 0x00000000aca00000, 0x00000000e0600000)
  object space 188416K, 48% used [0x00000000a1200000,0x00000000a6bf7ab8,0x00000000aca00000)
 Metaspace       used 12753K, capacity 13348K, committed 13568K, reserved 1060864K
  class space    used 1774K, capacity 1928K, committed 2048K, reserved 1048576K
Event: 2.846 GC heap after
Heap after GC invocations=8 (full 2):
 PSYoungGen      total 103936K, used 32720K [0x00000000e0600000, 0x00000000e9b00000, 0x0000000100000000)
  eden space 71168K, 0% used [0x00000000e0600000,0x00000000e0600000,0x00000000e4b80000)
  from space 32768K, 99% used [0x00000000e7300000,0x00000000e92f4108,0x00000000e9300000)
  to   space 40448K, 0% used [0x00000000e4b80000,0x00000000e4b80000,0x00000000e7300000)
 ParOldGen       total 188416K, used 98356K [0x00000000a1200000, 0x00000000aca00000, 0x00000000e0600000)
  object space 188416K, 52% used [0x00000000a1200000,0x00000000a720d020,0x00000000aca00000)
 Metaspace       used 12753K, capacity 13348K, committed 13568K, reserved 1060864K
  class space    used 1774K, capacity 1928K, committed 2048K, reserved 1048576K
}
Event: 3.212 GC heap before
{Heap before GC invocations=9 (full 2):
 PSYoungGen      total 103936K, used 103590K [0x00000000e0600000, 0x00000000e9b00000, 0x0000000100000000)
  eden space 71168K, 99% used [0x00000000e0600000,0x00000000e4b357a8,0x00000000e4b80000)
  from space 32768K, 99% used [0x00000000e7300000,0x00000000e92f4108,0x00000000e9300000)
  to   space 40448K, 0% used [0x00000000e4b80000,0x00000000e4b80000,0x00000000e7300000)
 ParOldGen       total 188416K, used 98356K [0x00000000a1200000, 0x00000000aca00000, 0x00000000e0600000)
  object space 188416K, 52% used [0x00000000a1200000,0x00000000a720d020,0x00000000aca00000)
 Metaspace       used 12790K, capacity 13424K, committed 13568K, reserved 1060864K
  class space    used 1775K, capacity 1930K, committed 2048K, reserved 1048576K
Event: 3.257 GC heap after
Heap after GC invocations=9 (full 2):
 PSYoungGen      total 111616K, used 40416K [0x00000000e0600000, 0x00000000efd00000, 0x0000000100000000)
  eden space 71168K, 0% used [0x00000000e0600000,0x00000000e0600000,0x00000000e4b80000)
  from space 40448K, 99% used [0x00000000e4b80000,0x00000000e72f80e0,0x00000000e7300000)
  to   space 72192K, 0% used [0x00000000eb680000,0x00000000eb680000,0x00000000efd00000)
 ParOldGen       total 188416K, used 144937K [0x00000000a1200000, 0x00000000aca00000, 0x00000000e0600000)
  object space 188416K, 76% used [0x00000000a1200000,0x00000000a9f8a6d0,0x00000000aca00000)
 Metaspace       used 12790K, capacity 13424K, committed 13568K, reserved 1060864K
  class space    used 1775K, capacity 1930K, committed 2048K, reserved 1048576K
}
Event: 3.257 GC heap before
{Heap before GC invocations=10 (full 3):
 PSYoungGen      total 111616K, used 40416K [0x00000000e0600000, 0x00000000efd00000, 0x0000000100000000)
  eden space 71168K, 0% used [0x00000000e0600000,0x00000000e0600000,0x00000000e4b80000)
  from space 40448K, 99% used [0x00000000e4b80000,0x00000000e72f80e0,0x00000000e7300000)
  to   space 72192K, 0% used [0x00000000eb680000,0x00000000eb680000,0x00000000efd00000)
 ParOldGen       total 188416K, used 144937K [0x00000000a1200000, 0x00000000aca00000, 0x00000000e0600000)
  object space 188416K, 76% used [0x00000000a1200000,0x00000000a9f8a6d0,0x00000000aca00000)
 Metaspace       used 12790K, capacity 13424K, committed 13568K, reserved 1060864K
  class space    used 1775K, capacity 1930K, committed 2048K, reserved 1048576K
Event: 3.312 GC heap after
Heap after GC invocations=10 (full 3):
 PSYoungGen      total 111616K, used 0K [0x00000000e0600000, 0x00000000efd00000, 0x0000000100000000)
  eden space 71168K, 0% used [0x00000000e0600000,0x00000000e0600000,0x00000000e4b80000)
  from space 40448K, 0% used [0x00000000e4b80000,0x00000000e4b80000,0x00000000e7300000)
  to   space 72192K, 0% used [0x00000000eb680000,0x00000000eb680000,0x00000000efd00000)
 ParOldGen       total 307200K, used 182161K [0x00000000a1200000, 0x00000000b3e00000, 0x00000000e0600000)
  object space 307200K, 59% used [0x00000000a1200000,0x00000000ac3e4728,0x00000000b3e00000)
 Metaspace       used 12790K, capacity 13424K, committed 13568K, reserved 1060864K
  class space    used 1775K, capacity 1930K, committed 2048K, reserved 1048576K
}

