# JRE version: Java(TM) SE Runtime Environment (8.0_102-b14) (build 1.8.0_102-b14)
# Java VM: Java HotSpot(TM) 64-Bit Server VM (25.102-b14 mixed mode windows-amd64 compressed oops)
Heap:
 PSYoungGen      total 154624K, used 63357K [0x00000000e0600000, 0x00000000f0900000, 0x0000000100000000)
  eden space 81408K, 46% used [0x00000000e0600000,0x00000000e2adfde0,0x00000000e5580000)
  from space 73216K, 34% used [0x00000000eaa80000,0x00000000ec37f8c8,0x00000000ef200000)
  to   space 87040K, 0% used [0x00000000e5580000,0x00000000e5580000,0x00000000eaa80000)
 ParOldGen       total 314368K, used 190261K [0x00000000a1200000, 0x00000000b4500000, 0x00000000e0600000)
  object space 314368K, 60% used [0x00000000a1200000,0x00000000acbcd708,0x00000000b4500000)
 Metaspace       used 18294K, capacity 19578K, committed 19840K, reserved 1067008K
  class space    used 2631K, capacity 2895K, committed 2944K, reserved 1048576K
GC Heap History (10 events):
Event: 4.365 GC heap before
{Heap before GC invocations=7 (full 2):
 PSYoungGen      total 53248K, used 4049K [0x00000000e0600000, 0x00000000e9180000, 0x0000000100000000)
  eden space 49152K, 0% used [0x00000000e0600000,0x00000000e0600000,0x00000000e3600000)
  from space 4096K, 98% used [0x00000000e3600000,0x00000000e39f45d0,0x00000000e3a00000)
  to   space 32768K, 0% used [0x00000000e7180000,0x00000000e7180000,0x00000000e9180000)
 ParOldGen       total 119808K, used 90715K [0x00000000a1200000, 0x00000000a8700000, 0x00000000e0600000)
  object space 119808K, 75% used [0x00000000a1200000,0x00000000a6a96f48,0x00000000a8700000)
 Metaspace       used 12727K, capacity 13350K, committed 13568K, reserved 1060864K
  class space    used 1777K, capacity 1929K, committed 2048K, reserved 1048576K
Event: 4.403 GC heap after
Heap after GC invocations=7 (full 2):
 PSYoungGen      total 53248K, used 0K [0x00000000e0600000, 0x00000000e9180000, 0x0000000100000000)
  eden space 49152K, 0% used [0x00000000e0600000,0x00000000e0600000,0x00000000e3600000)
  from space 4096K, 0% used [0x00000000e3600000,0x00000000e3600000,0x00000000e3a00000)
  to   space 32768K, 0% used [0x00000000e7180000,0x00000000e7180000,0x00000000e9180000)
 ParOldGen       total 190464K, used 92127K [0x00000000a1200000, 0x00000000acc00000, 0x00000000e0600000)
  object space 190464K, 48% used [0x00000000a1200000,0x00000000a6bf7d60,0x00000000acc00000)
 Metaspace       used 12727K, capacity 13350K, committed 13568K, reserved 1060864K
  class space    used 1777K, capacity 1929K, committed 2048K, reserved 1048576K
}
Event: 4.890 GC heap before
{Heap before GC invocations=8 (full 2):
 PSYoungGen      total 53248K, used 48953K [0x00000000e0600000, 0x00000000e9180000, 0x0000000100000000)
  eden space 49152K, 99% used [0x00000000e0600000,0x00000000e35ce420,0x00000000e3600000)
  from space 4096K, 0% used [0x00000000e3600000,0x00000000e3600000,0x00000000e3a00000)
  to   space 32768K, 0% used [0x00000000e7180000,0x00000000e7180000,0x00000000e9180000)
 ParOldGen       total 190464K, used 92127K [0x00000000a1200000, 0x00000000acc00000, 0x00000000e0600000)
  object space 190464K, 48% used [0x00000000a1200000,0x00000000a6bf7d60,0x00000000acc00000)
 Metaspace       used 12748K, capacity 13354K, committed 13568K, reserved 1060864K
  class space    used 1778K, capacity 1929K, committed 2048K, reserved 1048576K
Event: 4.907 GC heap after
Heap after GC invocations=8 (full 2):
 PSYoungGen      total 98816K, used 32748K [0x00000000e0600000, 0x00000000e9f00000, 0x0000000100000000)
  eden space 66048K, 0% used [0x00000000e0600000,0x00000000e0600000,0x00000000e4680000)
  from space 32768K, 99% used [0x00000000e7180000,0x00000000e917b088,0x00000000e9180000)
  to   space 44032K, 0% used [0x00000000e4680000,0x00000000e4680000,0x00000000e7180000)
 ParOldGen       total 190464K, used 98336K [0x00000000a1200000, 0x00000000acc00000, 0x00000000e0600000)
  object space 190464K, 51% used [0x00000000a1200000,0x00000000a7208348,0x00000000acc00000)
 Metaspace       used 12748K, capacity 13354K, committed 13568K, reserved 1060864K
  class space    used 1778K, capacity 1929K, committed 2048K, reserved 1048576K
}
Event: 5.603 GC heap before
{Heap before GC invocations=9 (full 2):
 PSYoungGen      total 98816K, used 98796K [0x00000000e0600000, 0x00000000e9f00000, 0x0000000100000000)
  eden space 66048K, 100% used [0x00000000e0600000,0x00000000e4680000,0x00000000e4680000)
  from space 32768K, 99% used [0x00000000e7180000,0x00000000e917b088,0x00000000e9180000)
  to   space 44032K, 0% used [0x00000000e4680000,0x00000000e4680000,0x00000000e7180000)
 ParOldGen       total 190464K, used 98336K [0x00000000a1200000, 0x00000000acc00000, 0x00000000e0600000)
  object space 190464K, 51% used [0x00000000a1200000,0x00000000a7208348,0x00000000acc00000)
 Metaspace       used 12793K, capacity 13430K, committed 13568K, reserved 1060864K
  class space    used 1779K, capacity 1931K, committed 2048K, reserved 1048576K
Event: 5.654 GC heap after
Heap after GC invocations=9 (full 2):
 PSYoungGen      total 110080K, used 44027K [0x00000000e0600000, 0x00000000ef200000, 0x0000000100000000)
  eden space 66048K, 0% used [0x00000000e0600000,0x00000000e0600000,0x00000000e4680000)
  from space 44032K, 99% used [0x00000000e4680000,0x00000000e717eee0,0x00000000e7180000)
  to   space 73216K, 0% used [0x00000000eaa80000,0x00000000eaa80000,0x00000000ef200000)
 ParOldGen       total 190464K, used 137873K [0x00000000a1200000, 0x00000000acc00000, 0x00000000e0600000)
  object space 190464K, 72% used [0x00000000a1200000,0x00000000a98a45b8,0x00000000acc00000)
 Metaspace       used 12793K, capacity 13430K, committed 13568K, reserved 1060864K
  class space    used 1779K, capacity 1931K, committed 2048K, reserved 1048576K
}
Event: 20.320 GC heap before
{Heap before GC invocations=10 (full 2):
 PSYoungGen      total 110080K, used 109451K [0x00000000e0600000, 0x00000000ef200000, 0x0000000100000000)
  eden space 66048K, 99% used [0x00000000e0600000,0x00000000e45e40d8,0x00000000e4680000)
  from space 44032K, 99% used [0x00000000e4680000,0x00000000e717eee0,0x00000000e7180000)
  to   space 73216K, 0% used [0x00000000eaa80000,0x00000000eaa80000,0x00000000ef200000)
 ParOldGen       total 190464K, used 137873K [0x00000000a1200000, 0x00000000acc00000, 0x00000000e0600000)
  object space 190464K, 72% used [0x00000000a1200000,0x00000000a98a45b8,0x00000000acc00000)
 Metaspace       used 18030K, capacity 19266K, committed 19328K, reserved 1064960K
  class space    used 2619K, capacity 2885K, committed 2944K, reserved 1048576K
Event: 20.366 GC heap after
Heap after GC invocations=10 (full 2):
 PSYoungGen      total 154624K, used 71358K [0x00000000e0600000, 0x00000000f0900000, 0x0000000100000000)
  eden space 81408K, 0% used [0x00000000e0600000,0x00000000e0600000,0x00000000e5580000)
  from space 73216K, 97% used [0x00000000eaa80000,0x00000000ef02fa30,0x00000000ef200000)
  to   space 87040K, 0% used [0x00000000e5580000,0x00000000e5580000,0x00000000eaa80000)
 ParOldGen       total 190464K, used 147773K [0x00000000a1200000, 0x00000000acc00000, 0x00000000e0600000)
  object space 190464K, 77% used [0x00000000a1200000,0x00000000aa24f5f8,0x00000000acc00000)
 Metaspace       used 18030K, capacity 19266K, committed 19328K, reserved 1064960K
  class space    used 2619K, capacity 2885K, committed 2944K, reserved 1048576K
}
Event: 20.366 GC heap before
{Heap before GC invocations=11 (full 3):
 PSYoungGen      total 154624K, used 71358K [0x00000000e0600000, 0x00000000f0900000, 0x0000000100000000)
  eden space 81408K, 0% used [0x00000000e0600000,0x00000000e0600000,0x00000000e5580000)
  from space 73216K, 97% used [0x00000000eaa80000,0x00000000ef02fa30,0x00000000ef200000)
  to   space 87040K, 0% used [0x00000000e5580000,0x00000000e5580000,0x00000000eaa80000)
 ParOldGen       total 190464K, used 147773K [0x00000000a1200000, 0x00000000acc00000, 0x00000000e0600000)
  object space 190464K, 77% used [0x00000000a1200000,0x00000000aa24f5f8,0x00000000acc00000)
 Metaspace       used 18030K, capacity 19266K, committed 19328K, reserved 1064960K
  class space    used 2619K, capacity 2885K, committed 2944K, reserved 1048576K
Event: 20.470 GC heap after
Heap after GC invocations=11 (full 3):
 PSYoungGen      total 154624K, used 25598K [0x00000000e0600000, 0x00000000f0900000, 0x0000000100000000)
  eden space 81408K, 0% used [0x00000000e0600000,0x00000000e0600000,0x00000000e5580000)
  from space 73216K, 34% used [0x00000000eaa80000,0x00000000ec37f8c8,0x00000000ef200000)
  to   space 87040K, 0% used [0x00000000e5580000,0x00000000e5580000,0x00000000eaa80000)
 ParOldGen       total 314368K, used 190261K [0x00000000a1200000, 0x00000000b4500000, 0x00000000e0600000)
  object space 314368K, 60% used [0x00000000a1200000,0x00000000acbcd708,0x00000000b4500000)
 Metaspace       used 18030K, capacity 19266K, committed 19328K, reserved 1064960K
  class space    used 2619K, capacity 2885K, committed 2944K, reserved 1048576K
}

