# JRE version: Java(TM) SE Runtime Environment (8.0_102-b14) (build 1.8.0_102-b14)
# Java VM: Java HotSpot(TM) 64-Bit Server VM (25.102-b14 mixed mode windows-amd64 compressed oops)
Heap:
 PSYoungGen      total 99840K, used 92202K [0x00000000e0600000, 0x00000000eb000000, 0x0000000100000000)
  eden space 64000K, 88% used [0x00000000e0600000,0x00000000e3d21470,0x00000000e4480000)
  from space 35840K, 99% used [0x00000000e4480000,0x00000000e6769730,0x00000000e6780000)
  to   space 44032K, 0% used [0x00000000e8500000,0x00000000e8500000,0x00000000eb000000)
 ParOldGen       total 194560K, used 145625K [0x00000000a1200000, 0x00000000ad000000, 0x00000000e0600000)
  object space 194560K, 74% used [0x00000000a1200000,0x00000000aa036440,0x00000000ad000000)
 Metaspace       used 18472K, capacity 19744K, committed 19840K, reserved 1067008K
  class space    used 2628K, capacity 2884K, committed 2944K, reserved 1048576K
GC Heap History (10 events):
Event: 2.003 GC heap before
{Heap before GC invocations=5 (full 1):
 PSYoungGen      total 53248K, used 4076K [0x00000000e0600000, 0x00000000e3e00000, 0x0000000100000000)
  eden space 49152K, 0% used [0x00000000e0600000,0x00000000e0600000,0x00000000e3600000)
  from space 4096K, 99% used [0x00000000e3a00000,0x00000000e3dfb3e8,0x00000000e3e00000)
  to   space 4096K, 0% used [0x00000000e3600000,0x00000000e3600000,0x00000000e3a00000)
 ParOldGen       total 65536K, used 51231K [0x00000000a1200000, 0x00000000a5200000, 0x00000000e0600000)
  object space 65536K, 78% used [0x00000000a1200000,0x00000000a4407f88,0x00000000a5200000)
 Metaspace       used 12652K, capacity 13252K, committed 13440K, reserved 1060864K
  class space    used 1766K, capacity 1917K, committed 1920K, reserved 1048576K
Event: 2.059 GC heap after
Heap after GC invocations=5 (full 1):
 PSYoungGen      total 53248K, used 0K [0x00000000e0600000, 0x00000000e3e00000, 0x0000000100000000)
  eden space 49152K, 0% used [0x00000000e0600000,0x00000000e0600000,0x00000000e3600000)
  from space 4096K, 0% used [0x00000000e3a00000,0x00000000e3a00000,0x00000000e3e00000)
  to   space 4096K, 0% used [0x00000000e3600000,0x00000000e3600000,0x00000000e3a00000)
 ParOldGen       total 119296K, used 54877K [0x00000000a1200000, 0x00000000a8680000, 0x00000000e0600000)
  object space 119296K, 46% used [0x00000000a1200000,0x00000000a4797528,0x00000000a8680000)
 Metaspace       used 12652K, capacity 13252K, committed 13440K, reserved 1060864K
  class space    used 1766K, capacity 1917K, committed 1920K, reserved 1048576K
}
Event: 2.316 GC heap before
{Heap before GC invocations=6 (full 1):
 PSYoungGen      total 53248K, used 47664K [0x00000000e0600000, 0x00000000e3e00000, 0x0000000100000000)
  eden space 49152K, 96% used [0x00000000e0600000,0x00000000e348c038,0x00000000e3600000)
  from space 4096K, 0% used [0x00000000e3a00000,0x00000000e3a00000,0x00000000e3e00000)
  to   space 4096K, 0% used [0x00000000e3600000,0x00000000e3600000,0x00000000e3a00000)
 ParOldGen       total 119296K, used 54877K [0x00000000a1200000, 0x00000000a8680000, 0x00000000e0600000)
  object space 119296K, 46% used [0x00000000a1200000,0x00000000a4797528,0x00000000a8680000)
 Metaspace       used 12694K, capacity 13286K, committed 13568K, reserved 1060864K
  class space    used 1774K, capacity 1929K, committed 2048K, reserved 1048576K
Event: 2.330 GC heap after
Heap after GC invocations=6 (full 1):
 PSYoungGen      total 53248K, used 4017K [0x00000000e0600000, 0x00000000e8880000, 0x0000000100000000)
  eden space 49152K, 0% used [0x00000000e0600000,0x00000000e0600000,0x00000000e3600000)
  from space 4096K, 98% used [0x00000000e3600000,0x00000000e39ec5d0,0x00000000e3a00000)
  to   space 28672K, 0% used [0x00000000e6c80000,0x00000000e6c80000,0x00000000e8880000)
 ParOldGen       total 119296K, used 90718K [0x00000000a1200000, 0x00000000a8680000, 0x00000000e0600000)
  object space 119296K, 76% used [0x00000000a1200000,0x00000000a6a97918,0x00000000a8680000)
 Metaspace       used 12694K, capacity 13286K, committed 13568K, reserved 1060864K
  class space    used 1774K, capacity 1929K, committed 2048K, reserved 1048576K
}
Event: 2.330 GC heap before
{Heap before GC invocations=7 (full 2):
 PSYoungGen      total 53248K, used 4017K [0x00000000e0600000, 0x00000000e8880000, 0x0000000100000000)
  eden space 49152K, 0% used [0x00000000e0600000,0x00000000e0600000,0x00000000e3600000)
  from space 4096K, 98% used [0x00000000e3600000,0x00000000e39ec5d0,0x00000000e3a00000)
  to   space 28672K, 0% used [0x00000000e6c80000,0x00000000e6c80000,0x00000000e8880000)
 ParOldGen       total 119296K, used 90718K [0x00000000a1200000, 0x00000000a8680000, 0x00000000e0600000)
  object space 119296K, 76% used [0x00000000a1200000,0x00000000a6a97918,0x00000000a8680000)
 Metaspace       used 12694K, capacity 13286K, committed 13568K, reserved 1060864K
  class space    used 1774K, capacity 1929K, committed 2048K, reserved 1048576K
Event: 2.370 GC heap after
Heap after GC invocations=7 (full 2):
 PSYoungGen      total 53248K, used 0K [0x00000000e0600000, 0x00000000e8880000, 0x0000000100000000)
  eden space 49152K, 0% used [0x00000000e0600000,0x00000000e0600000,0x00000000e3600000)
  from space 4096K, 0% used [0x00000000e3600000,0x00000000e3600000,0x00000000e3a00000)
  to   space 28672K, 0% used [0x00000000e6c80000,0x00000000e6c80000,0x00000000e8880000)
 ParOldGen       total 194560K, used 92143K [0x00000000a1200000, 0x00000000ad000000, 0x00000000e0600000)
  object space 194560K, 47% used [0x00000000a1200000,0x00000000a6bfbfc0,0x00000000ad000000)
 Metaspace       used 12694K, capacity 13286K, committed 13568K, reserved 1060864K
  class space    used 1774K, capacity 1929K, committed 2048K, reserved 1048576K
}
Event: 2.712 GC heap before
{Heap before GC invocations=8 (full 2):
 PSYoungGen      total 53248K, used 49152K [0x00000000e0600000, 0x00000000e8880000, 0x0000000100000000)
  eden space 49152K, 100% used [0x00000000e0600000,0x00000000e3600000,0x00000000e3600000)
  from space 4096K, 0% used [0x00000000e3600000,0x00000000e3600000,0x00000000e3a00000)
  to   space 28672K, 0% used [0x00000000e6c80000,0x00000000e6c80000,0x00000000e8880000)
 ParOldGen       total 194560K, used 92143K [0x00000000a1200000, 0x00000000ad000000, 0x00000000e0600000)
  object space 194560K, 47% used [0x00000000a1200000,0x00000000a6bfbfc0,0x00000000ad000000)
 Metaspace       used 12717K, capacity 13354K, committed 13568K, reserved 1060864K
  class space    used 1775K, capacity 1929K, committed 2048K, reserved 1048576K
Event: 2.723 GC heap after
Heap after GC invocations=8 (full 2):
 PSYoungGen      total 92672K, used 28592K [0x00000000e0600000, 0x00000000e8a80000, 0x0000000100000000)
  eden space 64000K, 0% used [0x00000000e0600000,0x00000000e0600000,0x00000000e4480000)
  from space 28672K, 99% used [0x00000000e6c80000,0x00000000e886c2a8,0x00000000e8880000)
  to   space 35840K, 0% used [0x00000000e4480000,0x00000000e4480000,0x00000000e6780000)
 ParOldGen       total 194560K, used 102934K [0x00000000a1200000, 0x00000000ad000000, 0x00000000e0600000)
  object space 194560K, 52% used [0x00000000a1200000,0x00000000a7685830,0x00000000ad000000)
 Metaspace       used 12717K, capacity 13354K, committed 13568K, reserved 1060864K
  class space    used 1775K, capacity 1929K, committed 2048K, reserved 1048576K
}
Event: 3.055 GC heap before
{Heap before GC invocations=9 (full 2):
 PSYoungGen      total 92672K, used 92592K [0x00000000e0600000, 0x00000000e8a80000, 0x0000000100000000)
  eden space 64000K, 100% used [0x00000000e0600000,0x00000000e4480000,0x00000000e4480000)
  from space 28672K, 99% used [0x00000000e6c80000,0x00000000e886c2a8,0x00000000e8880000)
  to   space 35840K, 0% used [0x00000000e4480000,0x00000000e4480000,0x00000000e6780000)
 ParOldGen       total 194560K, used 102934K [0x00000000a1200000, 0x00000000ad000000, 0x00000000e0600000)
  object space 194560K, 52% used [0x00000000a1200000,0x00000000a7685830,0x00000000ad000000)
 Metaspace       used 12763K, capacity 13366K, committed 13568K, reserved 1060864K
  class space    used 1776K, capacity 1931K, committed 2048K, reserved 1048576K
Event: 3.077 GC heap after
Heap after GC invocations=9 (full 2):
 PSYoungGen      total 99840K, used 35749K [0x00000000e0600000, 0x00000000eb000000, 0x0000000100000000)
  eden space 64000K, 0% used [0x00000000e0600000,0x00000000e0600000,0x00000000e4480000)
  from space 35840K, 99% used [0x00000000e4480000,0x00000000e6769730,0x00000000e6780000)
  to   space 44032K, 0% used [0x00000000e8500000,0x00000000e8500000,0x00000000eb000000)
 ParOldGen       total 194560K, used 145625K [0x00000000a1200000, 0x00000000ad000000, 0x00000000e0600000)
  object space 194560K, 74% used [0x00000000a1200000,0x00000000aa036440,0x00000000ad000000)
 Metaspace       used 12763K, capacity 13366K, committed 13568K, reserved 1060864K
  class space    used 1776K, capacity 1931K, committed 2048K, reserved 1048576K
}

