# JRE version: Java(TM) SE Runtime Environment (8.0_102-b14) (build 1.8.0_102-b14)
# Java VM: Java HotSpot(TM) 64-Bit Server VM (25.102-b14 mixed mode windows-amd64 compressed oops)
Heap:
 PSYoungGen      total 110592K, used 51943K [0x00000000e0600000, 0x00000000ef480000, 0x0000000100000000)
  eden space 69632K, 74% used [0x00000000e0600000,0x00000000e38b9c78,0x00000000e4a00000)
  from space 40960K, 0% used [0x00000000e4a00000,0x00000000e4a00000,0x00000000e7200000)
  to   space 72192K, 0% used [0x00000000eae00000,0x00000000eae00000,0x00000000ef480000)
 ParOldGen       total 309248K, used 183195K [0x00000000a1200000, 0x00000000b4000000, 0x00000000e0600000)
  object space 309248K, 59% used [0x00000000a1200000,0x00000000ac4e6e90,0x00000000b4000000)
 Metaspace       used 18314K, capacity 19572K, committed 19840K, reserved 1067008K
  class space    used 2628K, capacity 2894K, committed 2944K, reserved 1048576K
GC Heap History (10 events):
Event: 2.525 GC heap before
{Heap before GC invocations=6 (full 1):
 PSYoungGen      total 53248K, used 48988K [0x00000000e0600000, 0x00000000e3e00000, 0x0000000100000000)
  eden space 49152K, 99% used [0x00000000e0600000,0x00000000e35d72d0,0x00000000e3600000)
  from space 4096K, 0% used [0x00000000e3a00000,0x00000000e3a00000,0x00000000e3e00000)
  to   space 4096K, 0% used [0x00000000e3600000,0x00000000e3600000,0x00000000e3a00000)
 ParOldGen       total 118272K, used 55941K [0x00000000a1200000, 0x00000000a8580000, 0x00000000e0600000)
  object space 118272K, 47% used [0x00000000a1200000,0x00000000a48a14c0,0x00000000a8580000)
 Metaspace       used 12710K, capacity 13350K, committed 13568K, reserved 1060864K
  class space    used 1771K, capacity 1929K, committed 2048K, reserved 1048576K
Event: 2.537 GC heap after
Heap after GC invocations=6 (full 1):
 PSYoungGen      total 53248K, used 4029K [0x00000000e0600000, 0x00000000e9400000, 0x0000000100000000)
  eden space 49152K, 0% used [0x00000000e0600000,0x00000000e0600000,0x00000000e3600000)
  from space 4096K, 98% used [0x00000000e3600000,0x00000000e39ef500,0x00000000e3a00000)
  to   space 33280K, 0% used [0x00000000e7380000,0x00000000e7380000,0x00000000e9400000)
 ParOldGen       total 118272K, used 90105K [0x00000000a1200000, 0x00000000a8580000, 0x00000000e0600000)
  object space 118272K, 76% used [0x00000000a1200000,0x00000000a69fe570,0x00000000a8580000)
 Metaspace       used 12710K, capacity 13350K, committed 13568K, reserved 1060864K
  class space    used 1771K, capacity 1929K, committed 2048K, reserved 1048576K
}
Event: 2.537 GC heap before
{Heap before GC invocations=7 (full 2):
 PSYoungGen      total 53248K, used 4029K [0x00000000e0600000, 0x00000000e9400000, 0x0000000100000000)
  eden space 49152K, 0% used [0x00000000e0600000,0x00000000e0600000,0x00000000e3600000)
  from space 4096K, 98% used [0x00000000e3600000,0x00000000e39ef500,0x00000000e3a00000)
  to   space 33280K, 0% used [0x00000000e7380000,0x00000000e7380000,0x00000000e9400000)
 ParOldGen       total 118272K, used 90105K [0x00000000a1200000, 0x00000000a8580000, 0x00000000e0600000)
  object space 118272K, 76% used [0x00000000a1200000,0x00000000a69fe570,0x00000000a8580000)
 Metaspace       used 12710K, capacity 13350K, committed 13568K, reserved 1060864K
  class space    used 1771K, capacity 1929K, committed 2048K, reserved 1048576K
Event: 2.570 GC heap after
Heap after GC invocations=7 (full 2):
 PSYoungGen      total 53248K, used 0K [0x00000000e0600000, 0x00000000e9400000, 0x0000000100000000)
  eden space 49152K, 0% used [0x00000000e0600000,0x00000000e0600000,0x00000000e3600000)
  from space 4096K, 0% used [0x00000000e3600000,0x00000000e3600000,0x00000000e3a00000)
  to   space 33280K, 0% used [0x00000000e7380000,0x00000000e7380000,0x00000000e9400000)
 ParOldGen       total 188928K, used 93991K [0x00000000a1200000, 0x00000000aca80000, 0x00000000e0600000)
  object space 188928K, 49% used [0x00000000a1200000,0x00000000a6dc9dc8,0x00000000aca80000)
 Metaspace       used 12710K, capacity 13350K, committed 13568K, reserved 1060864K
  class space    used 1771K, capacity 1929K, committed 2048K, reserved 1048576K
}
Event: 2.831 GC heap before
{Heap before GC invocations=8 (full 2):
 PSYoungGen      total 53248K, used 49152K [0x00000000e0600000, 0x00000000e9400000, 0x0000000100000000)
  eden space 49152K, 100% used [0x00000000e0600000,0x00000000e3600000,0x00000000e3600000)
  from space 4096K, 0% used [0x00000000e3600000,0x00000000e3600000,0x00000000e3a00000)
  to   space 33280K, 0% used [0x00000000e7380000,0x00000000e7380000,0x00000000e9400000)
 ParOldGen       total 188928K, used 93991K [0x00000000a1200000, 0x00000000aca80000, 0x00000000e0600000)
  object space 188928K, 49% used [0x00000000a1200000,0x00000000a6dc9dc8,0x00000000aca80000)
 Metaspace       used 12731K, capacity 13354K, committed 13568K, reserved 1060864K
  class space    used 1771K, capacity 1929K, committed 2048K, reserved 1048576K
Event: 2.846 GC heap after
Heap after GC invocations=8 (full 2):
 PSYoungGen      total 102912K, used 33165K [0x00000000e0600000, 0x00000000e9a00000, 0x0000000100000000)
  eden space 69632K, 0% used [0x00000000e0600000,0x00000000e0600000,0x00000000e4a00000)
  from space 33280K, 99% used [0x00000000e7380000,0x00000000e93e3520,0x00000000e9400000)
  to   space 40960K, 0% used [0x00000000e4a00000,0x00000000e4a00000,0x00000000e7200000)
 ParOldGen       total 188928K, used 99386K [0x00000000a1200000, 0x00000000aca80000, 0x00000000e0600000)
  object space 188928K, 52% used [0x00000000a1200000,0x00000000a730ea00,0x00000000aca80000)
 Metaspace       used 12731K, capacity 13354K, committed 13568K, reserved 1060864K
  class space    used 1771K, capacity 1929K, committed 2048K, reserved 1048576K
}
Event: 3.239 GC heap before
{Heap before GC invocations=9 (full 2):
 PSYoungGen      total 102912K, used 102797K [0x00000000e0600000, 0x00000000e9a00000, 0x0000000100000000)
  eden space 69632K, 100% used [0x00000000e0600000,0x00000000e4a00000,0x00000000e4a00000)
  from space 33280K, 99% used [0x00000000e7380000,0x00000000e93e3520,0x00000000e9400000)
  to   space 40960K, 0% used [0x00000000e4a00000,0x00000000e4a00000,0x00000000e7200000)
 ParOldGen       total 188928K, used 99386K [0x00000000a1200000, 0x00000000aca80000, 0x00000000e0600000)
  object space 188928K, 52% used [0x00000000a1200000,0x00000000a730ea00,0x00000000aca80000)
 Metaspace       used 12766K, capacity 13366K, committed 13568K, reserved 1060864K
  class space    used 1773K, capacity 1931K, committed 2048K, reserved 1048576K
Event: 3.264 GC heap after
Heap after GC invocations=9 (full 2):
 PSYoungGen      total 110592K, used 40952K [0x00000000e0600000, 0x00000000ef480000, 0x0000000100000000)
  eden space 69632K, 0% used [0x00000000e0600000,0x00000000e0600000,0x00000000e4a00000)
  from space 40960K, 99% used [0x00000000e4a00000,0x00000000e71fe150,0x00000000e7200000)
  to   space 72192K, 0% used [0x00000000eae00000,0x00000000eae00000,0x00000000ef480000)
 ParOldGen       total 188928K, used 145116K [0x00000000a1200000, 0x00000000aca80000, 0x00000000e0600000)
  object space 188928K, 76% used [0x00000000a1200000,0x00000000a9fb72e0,0x00000000aca80000)
 Metaspace       used 12766K, capacity 13366K, committed 13568K, reserved 1060864K
  class space    used 1773K, capacity 1931K, committed 2048K, reserved 1048576K
}
Event: 3.264 GC heap before
{Heap before GC invocations=10 (full 3):
 PSYoungGen      total 110592K, used 40952K [0x00000000e0600000, 0x00000000ef480000, 0x0000000100000000)
  eden space 69632K, 0% used [0x00000000e0600000,0x00000000e0600000,0x00000000e4a00000)
  from space 40960K, 99% used [0x00000000e4a00000,0x00000000e71fe150,0x00000000e7200000)
  to   space 72192K, 0% used [0x00000000eae00000,0x00000000eae00000,0x00000000ef480000)
 ParOldGen       total 188928K, used 145116K [0x00000000a1200000, 0x00000000aca80000, 0x00000000e0600000)
  object space 188928K, 76% used [0x00000000a1200000,0x00000000a9fb72e0,0x00000000aca80000)
 Metaspace       used 12766K, capacity 13366K, committed 13568K, reserved 1060864K
  class space    used 1773K, capacity 1931K, committed 2048K, reserved 1048576K
Event: 3.325 GC heap after
Heap after GC invocations=10 (full 3):
 PSYoungGen      total 110592K, used 0K [0x00000000e0600000, 0x00000000ef480000, 0x0000000100000000)
  eden space 69632K, 0% used [0x00000000e0600000,0x00000000e0600000,0x00000000e4a00000)
  from space 40960K, 0% used [0x00000000e4a00000,0x00000000e4a00000,0x00000000e7200000)
  to   space 72192K, 0% used [0x00000000eae00000,0x00000000eae00000,0x00000000ef480000)
 ParOldGen       total 309248K, used 183195K [0x00000000a1200000, 0x00000000b4000000, 0x00000000e0600000)
  object space 309248K, 59% used [0x00000000a1200000,0x00000000ac4e6e90,0x00000000b4000000)
 Metaspace       used 12766K, capacity 13366K, committed 13568K, reserved 1060864K
  class space    used 1773K, capacity 1931K, committed 2048K, reserved 1048576K
}

