# JRE version: Java(TM) SE Runtime Environment (8.0_102-b14) (build 1.8.0_102-b14)
# Java VM: Java HotSpot(TM) 64-Bit Server VM (25.102-b14 mixed mode windows-amd64 compressed oops)
Heap:
 PSYoungGen      total 122880K, used 25541K [0x00000000e0600000, 0x00000000ead00000, 0x0000000100000000)
  eden space 84992K, 4% used [0x00000000e0600000,0x00000000e099fee8,0x00000000e5900000)
  from space 37888K, 57% used [0x00000000e8800000,0x00000000e9d518e0,0x00000000ead00000)
  to   space 43008K, 0% used [0x00000000e5900000,0x00000000e5900000,0x00000000e8300000)
 ParOldGen       total 309248K, used 178753K [0x00000000a1200000, 0x00000000b4000000, 0x00000000e0600000)
  object space 309248K, 57% used [0x00000000a1200000,0x00000000ac090540,0x00000000b4000000)
 Metaspace       used 18572K, capacity 19850K, committed 20096K, reserved 1067008K
  class space    used 2634K, capacity 2895K, committed 2944K, reserved 1048576K
GC Heap History (10 events):
Event: 2.523 GC heap before
{Heap before GC invocations=7 (full 2):
 PSYoungGen      total 53248K, used 3985K [0x00000000e0600000, 0x00000000e8a00000, 0x0000000100000000)
  eden space 49152K, 0% used [0x00000000e0600000,0x00000000e0600000,0x00000000e3600000)
  from space 4096K, 97% used [0x00000000e3600000,0x00000000e39e45d0,0x00000000e3a00000)
  to   space 28672K, 0% used [0x00000000e6e00000,0x00000000e6e00000,0x00000000e8a00000)
 ParOldGen       total 118784K, used 88247K [0x00000000a1200000, 0x00000000a8600000, 0x00000000e0600000)
  object space 118784K, 74% used [0x00000000a1200000,0x00000000a682dcc0,0x00000000a8600000)
 Metaspace       used 12709K, capacity 13348K, committed 13568K, reserved 1060864K
  class space    used 1774K, capacity 1928K, committed 2048K, reserved 1048576K
Event: 2.570 GC heap after
Heap after GC invocations=7 (full 2):
 PSYoungGen      total 53248K, used 0K [0x00000000e0600000, 0x00000000e8a00000, 0x0000000100000000)
  eden space 49152K, 0% used [0x00000000e0600000,0x00000000e0600000,0x00000000e3600000)
  from space 4096K, 0% used [0x00000000e3600000,0x00000000e3600000,0x00000000e3a00000)
  to   space 28672K, 0% used [0x00000000e6e00000,0x00000000e6e00000,0x00000000e8a00000)
 ParOldGen       total 189952K, used 92123K [0x00000000a1200000, 0x00000000acb80000, 0x00000000e0600000)
  object space 189952K, 48% used [0x00000000a1200000,0x00000000a6bf6df8,0x00000000acb80000)
 Metaspace       used 12709K, capacity 13348K, committed 13568K, reserved 1060864K
  class space    used 1774K, capacity 1928K, committed 2048K, reserved 1048576K
}
Event: 2.795 GC heap before
{Heap before GC invocations=8 (full 2):
 PSYoungGen      total 53248K, used 49152K [0x00000000e0600000, 0x00000000e8a00000, 0x0000000100000000)
  eden space 49152K, 100% used [0x00000000e0600000,0x00000000e3600000,0x00000000e3600000)
  from space 4096K, 0% used [0x00000000e3600000,0x00000000e3600000,0x00000000e3a00000)
  to   space 28672K, 0% used [0x00000000e6e00000,0x00000000e6e00000,0x00000000e8a00000)
 ParOldGen       total 189952K, used 92123K [0x00000000a1200000, 0x00000000acb80000, 0x00000000e0600000)
  object space 189952K, 48% used [0x00000000a1200000,0x00000000a6bf6df8,0x00000000acb80000)
 Metaspace       used 12728K, capacity 13348K, committed 13568K, reserved 1060864K
  class space    used 1774K, capacity 1928K, committed 2048K, reserved 1048576K
Event: 2.806 GC heap after
Heap after GC invocations=8 (full 2):
 PSYoungGen      total 94208K, used 28532K [0x00000000e0600000, 0x00000000e8c00000, 0x0000000100000000)
  eden space 65536K, 0% used [0x00000000e0600000,0x00000000e0600000,0x00000000e4600000)
  from space 28672K, 99% used [0x00000000e6e00000,0x00000000e89dd0e0,0x00000000e8a00000)
  to   space 35840K, 0% used [0x00000000e4600000,0x00000000e4600000,0x00000000e6900000)
 ParOldGen       total 189952K, used 102885K [0x00000000a1200000, 0x00000000acb80000, 0x00000000e0600000)
  object space 189952K, 54% used [0x00000000a1200000,0x00000000a76796e8,0x00000000acb80000)
 Metaspace       used 12728K, capacity 13348K, committed 13568K, reserved 1060864K
  class space    used 1774K, capacity 1928K, committed 2048K, reserved 1048576K
}
Event: 3.142 GC heap before
{Heap before GC invocations=9 (full 2):
 PSYoungGen      total 94208K, used 94026K [0x00000000e0600000, 0x00000000e8c00000, 0x0000000100000000)
  eden space 65536K, 99% used [0x00000000e0600000,0x00000000e45f5760,0x00000000e4600000)
  from space 28672K, 99% used [0x00000000e6e00000,0x00000000e89dd0e0,0x00000000e8a00000)
  to   space 35840K, 0% used [0x00000000e4600000,0x00000000e4600000,0x00000000e6900000)
 ParOldGen       total 189952K, used 102885K [0x00000000a1200000, 0x00000000acb80000, 0x00000000e0600000)
  object space 189952K, 54% used [0x00000000a1200000,0x00000000a76796e8,0x00000000acb80000)
 Metaspace       used 12764K, capacity 13360K, committed 13568K, reserved 1060864K
  class space    used 1775K, capacity 1930K, committed 2048K, reserved 1048576K
Event: 3.165 GC heap after
Heap after GC invocations=9 (full 2):
 PSYoungGen      total 101376K, used 35807K [0x00000000e0600000, 0x00000000eb300000, 0x0000000100000000)
  eden space 65536K, 0% used [0x00000000e0600000,0x00000000e0600000,0x00000000e4600000)
  from space 35840K, 99% used [0x00000000e4600000,0x00000000e68f7e20,0x00000000e6900000)
  to   space 44032K, 0% used [0x00000000e8800000,0x00000000e8800000,0x00000000eb300000)
 ParOldGen       total 189952K, used 146538K [0x00000000a1200000, 0x00000000acb80000, 0x00000000e0600000)
  object space 189952K, 77% used [0x00000000a1200000,0x00000000aa11aba8,0x00000000acb80000)
 Metaspace       used 12764K, capacity 13360K, committed 13568K, reserved 1060864K
  class space    used 1775K, capacity 1930K, committed 2048K, reserved 1048576K
}
Event: 3.165 GC heap before
{Heap before GC invocations=10 (full 3):
 PSYoungGen      total 101376K, used 35807K [0x00000000e0600000, 0x00000000eb300000, 0x0000000100000000)
  eden space 65536K, 0% used [0x00000000e0600000,0x00000000e0600000,0x00000000e4600000)
  from space 35840K, 99% used [0x00000000e4600000,0x00000000e68f7e20,0x00000000e6900000)
  to   space 44032K, 0% used [0x00000000e8800000,0x00000000e8800000,0x00000000eb300000)
 ParOldGen       total 189952K, used 146538K [0x00000000a1200000, 0x00000000acb80000, 0x00000000e0600000)
  object space 189952K, 77% used [0x00000000a1200000,0x00000000aa11aba8,0x00000000acb80000)
 Metaspace       used 12764K, capacity 13360K, committed 13568K, reserved 1060864K
  class space    used 1775K, capacity 1930K, committed 2048K, reserved 1048576K
Event: 3.223 GC heap after
Heap after GC invocations=10 (full 3):
 PSYoungGen      total 101376K, used 0K [0x00000000e0600000, 0x00000000eb300000, 0x0000000100000000)
  eden space 65536K, 0% used [0x00000000e0600000,0x00000000e0600000,0x00000000e4600000)
  from space 35840K, 0% used [0x00000000e4600000,0x00000000e4600000,0x00000000e6900000)
  to   space 44032K, 0% used [0x00000000e8800000,0x00000000e8800000,0x00000000eb300000)
 ParOldGen       total 309248K, used 178745K [0x00000000a1200000, 0x00000000b4000000, 0x00000000e0600000)
  object space 309248K, 57% used [0x00000000a1200000,0x00000000ac08e540,0x00000000b4000000)
 Metaspace       used 12764K, capacity 13360K, committed 13568K, reserved 1060864K
  class space    used 1775K, capacity 1930K, committed 2048K, reserved 1048576K
}
Event: 206.414 GC heap before
{Heap before GC invocations=11 (full 3):
 PSYoungGen      total 101376K, used 65536K [0x00000000e0600000, 0x00000000eb300000, 0x0000000100000000)
  eden space 65536K, 100% used [0x00000000e0600000,0x00000000e4600000,0x00000000e4600000)
  from space 35840K, 0% used [0x00000000e4600000,0x00000000e4600000,0x00000000e6900000)
  to   space 44032K, 0% used [0x00000000e8800000,0x00000000e8800000,0x00000000eb300000)
 ParOldGen       total 309248K, used 178745K [0x00000000a1200000, 0x00000000b4000000, 0x00000000e0600000)
  object space 309248K, 57% used [0x00000000a1200000,0x00000000ac08e540,0x00000000b4000000)
 Metaspace       used 18544K, capacity 19838K, committed 20096K, reserved 1067008K
  class space    used 2630K, capacity 2893K, committed 2944K, reserved 1048576K
Event: 206.433 GC heap after
Heap after GC invocations=11 (full 3):
 PSYoungGen      total 122880K, used 21830K [0x00000000e0600000, 0x00000000ead00000, 0x0000000100000000)
  eden space 84992K, 0% used [0x00000000e0600000,0x00000000e0600000,0x00000000e5900000)
  from space 37888K, 57% used [0x00000000e8800000,0x00000000e9d518e0,0x00000000ead00000)
  to   space 43008K, 0% used [0x00000000e5900000,0x00000000e5900000,0x00000000e8300000)
 ParOldGen       total 309248K, used 178753K [0x00000000a1200000, 0x00000000b4000000, 0x00000000e0600000)
  object space 309248K, 57% used [0x00000000a1200000,0x00000000ac090540,0x00000000b4000000)
 Metaspace       used 18544K, capacity 19838K, committed 20096K, reserved 1067008K
  class space    used 2630K, capacity 2893K, committed 2944K, reserved 1048576K
}

