# JRE version: Java(TM) SE Runtime Environment (8.0_102-b14) (build 1.8.0_102-b14)
# Java VM: Java HotSpot(TM) 64-Bit Server VM (25.102-b14 mixed mode windows-amd64 compressed oops)
Heap:
 PSYoungGen      total 144896K, used 21775K [0x00000000e0600000, 0x00000000ecc00000, 0x0000000100000000)
  eden space 106496K, 9% used [0x00000000e0600000,0x00000000e105d088,0x00000000e6e00000)
  from space 38400K, 29% used [0x00000000ea680000,0x00000000eb166ee8,0x00000000ecc00000)
  to   space 48128K, 0% used [0x00000000e6e00000,0x00000000e6e00000,0x00000000e9d00000)
 ParOldGen       total 296448K, used 179882K [0x00000000a1200000, 0x00000000b3380000, 0x00000000e0600000)
  object space 296448K, 60% used [0x00000000a1200000,0x00000000ac1aa800,0x00000000b3380000)
 Metaspace       used 17908K, capacity 19038K, committed 19200K, reserved 1064960K
  class space    used 2564K, capacity 2815K, committed 2816K, reserved 1048576K
GC Heap History (10 events):
Event: 3.524 GC heap before
{Heap before GC invocations=7 (full 2):
 PSYoungGen      total 53248K, used 3978K [0x00000000e0600000, 0x00000000e9e00000, 0x0000000100000000)
  eden space 49152K, 0% used [0x00000000e0600000,0x00000000e0600000,0x00000000e3600000)
  from space 4096K, 97% used [0x00000000e3600000,0x00000000e39e2940,0x00000000e3a00000)
  to   space 33280K, 0% used [0x00000000e7d80000,0x00000000e7d80000,0x00000000e9e00000)
 ParOldGen       total 117760K, used 88239K [0x00000000a1200000, 0x00000000a8500000, 0x00000000e0600000)
  object space 117760K, 74% used [0x00000000a1200000,0x00000000a682bda0,0x00000000a8500000)
 Metaspace       used 12712K, capacity 13344K, committed 13568K, reserved 1060864K
  class space    used 1774K, capacity 1928K, committed 2048K, reserved 1048576K
Event: 3.580 GC heap after
Heap after GC invocations=7 (full 2):
 PSYoungGen      total 53248K, used 0K [0x00000000e0600000, 0x00000000e9e00000, 0x0000000100000000)
  eden space 49152K, 0% used [0x00000000e0600000,0x00000000e0600000,0x00000000e3600000)
  from space 4096K, 0% used [0x00000000e3600000,0x00000000e3600000,0x00000000e3a00000)
  to   space 33280K, 0% used [0x00000000e7d80000,0x00000000e7d80000,0x00000000e9e00000)
 ParOldGen       total 180224K, used 92123K [0x00000000a1200000, 0x00000000ac200000, 0x00000000e0600000)
  object space 180224K, 51% used [0x00000000a1200000,0x00000000a6bf6d00,0x00000000ac200000)
 Metaspace       used 12712K, capacity 13344K, committed 13568K, reserved 1060864K
  class space    used 1774K, capacity 1928K, committed 2048K, reserved 1048576K
}
Event: 3.905 GC heap before
{Heap before GC invocations=8 (full 2):
 PSYoungGen      total 53248K, used 49152K [0x00000000e0600000, 0x00000000e9e00000, 0x0000000100000000)
  eden space 49152K, 100% used [0x00000000e0600000,0x00000000e3600000,0x00000000e3600000)
  from space 4096K, 0% used [0x00000000e3600000,0x00000000e3600000,0x00000000e3a00000)
  to   space 33280K, 0% used [0x00000000e7d80000,0x00000000e7d80000,0x00000000e9e00000)
 ParOldGen       total 180224K, used 92123K [0x00000000a1200000, 0x00000000ac200000, 0x00000000e0600000)
  object space 180224K, 51% used [0x00000000a1200000,0x00000000a6bf6d00,0x00000000ac200000)
 Metaspace       used 12733K, capacity 13348K, committed 13568K, reserved 1060864K
  class space    used 1774K, capacity 1928K, committed 2048K, reserved 1048576K
Event: 3.920 GC heap after
Heap after GC invocations=8 (full 2):
 PSYoungGen      total 108032K, used 33165K [0x00000000e0600000, 0x00000000e9f00000, 0x0000000100000000)
  eden space 74752K, 0% used [0x00000000e0600000,0x00000000e0600000,0x00000000e4f00000)
  from space 33280K, 99% used [0x00000000e7d80000,0x00000000e9de3520,0x00000000e9e00000)
  to   space 40960K, 0% used [0x00000000e4f00000,0x00000000e4f00000,0x00000000e7700000)
 ParOldGen       total 180224K, used 98324K [0x00000000a1200000, 0x00000000ac200000, 0x00000000e0600000)
  object space 180224K, 54% used [0x00000000a1200000,0x00000000a72052e8,0x00000000ac200000)
 Metaspace       used 12733K, capacity 13348K, committed 13568K, reserved 1060864K
  class space    used 1774K, capacity 1928K, committed 2048K, reserved 1048576K
}
Event: 4.520 GC heap before
{Heap before GC invocations=9 (full 2):
 PSYoungGen      total 108032K, used 107917K [0x00000000e0600000, 0x00000000e9f00000, 0x0000000100000000)
  eden space 74752K, 100% used [0x00000000e0600000,0x00000000e4f00000,0x00000000e4f00000)
  from space 33280K, 99% used [0x00000000e7d80000,0x00000000e9de3520,0x00000000e9e00000)
  to   space 40960K, 0% used [0x00000000e4f00000,0x00000000e4f00000,0x00000000e7700000)
 ParOldGen       total 180224K, used 98324K [0x00000000a1200000, 0x00000000ac200000, 0x00000000e0600000)
  object space 180224K, 54% used [0x00000000a1200000,0x00000000a72052e8,0x00000000ac200000)
 Metaspace       used 12829K, capacity 13442K, committed 13568K, reserved 1060864K
  class space    used 1777K, capacity 1933K, committed 2048K, reserved 1048576K
Event: 4.574 GC heap after
Heap after GC invocations=9 (full 2):
 PSYoungGen      total 115712K, used 40957K [0x00000000e0600000, 0x00000000ed700000, 0x0000000100000000)
  eden space 74752K, 0% used [0x00000000e0600000,0x00000000e0600000,0x00000000e4f00000)
  from space 40960K, 99% used [0x00000000e4f00000,0x00000000e76ff590,0x00000000e7700000)
  to   space 49664K, 0% used [0x00000000ea680000,0x00000000ea680000,0x00000000ed700000)
 ParOldGen       total 180224K, used 146302K [0x00000000a1200000, 0x00000000ac200000, 0x00000000e0600000)
  object space 180224K, 81% used [0x00000000a1200000,0x00000000aa0df9e8,0x00000000ac200000)
 Metaspace       used 12829K, capacity 13442K, committed 13568K, reserved 1060864K
  class space    used 1777K, capacity 1933K, committed 2048K, reserved 1048576K
}
Event: 4.574 GC heap before
{Heap before GC invocations=10 (full 3):
 PSYoungGen      total 115712K, used 40957K [0x00000000e0600000, 0x00000000ed700000, 0x0000000100000000)
  eden space 74752K, 0% used [0x00000000e0600000,0x00000000e0600000,0x00000000e4f00000)
  from space 40960K, 99% used [0x00000000e4f00000,0x00000000e76ff590,0x00000000e7700000)
  to   space 49664K, 0% used [0x00000000ea680000,0x00000000ea680000,0x00000000ed700000)
 ParOldGen       total 180224K, used 146302K [0x00000000a1200000, 0x00000000ac200000, 0x00000000e0600000)
  object space 180224K, 81% used [0x00000000a1200000,0x00000000aa0df9e8,0x00000000ac200000)
 Metaspace       used 12829K, capacity 13442K, committed 13568K, reserved 1060864K
  class space    used 1777K, capacity 1933K, committed 2048K, reserved 1048576K
Event: 4.686 GC heap after
Heap after GC invocations=10 (full 3):
 PSYoungGen      total 115712K, used 4186K [0x00000000e0600000, 0x00000000ed700000, 0x0000000100000000)
  eden space 74752K, 0% used [0x00000000e0600000,0x00000000e0600000,0x00000000e4f00000)
  from space 40960K, 10% used [0x00000000e4f00000,0x00000000e5316bd0,0x00000000e7700000)
  to   space 49664K, 0% used [0x00000000ea680000,0x00000000ea680000,0x00000000ed700000)
 ParOldGen       total 296448K, used 179874K [0x00000000a1200000, 0x00000000b3380000, 0x00000000e0600000)
  object space 296448K, 60% used [0x00000000a1200000,0x00000000ac1a8800,0x00000000b3380000)
 Metaspace       used 12829K, capacity 13442K, committed 13568K, reserved 1060864K
  class space    used 1777K, capacity 1933K, committed 2048K, reserved 1048576K
}
Event: 793.739 GC heap before
{Heap before GC invocations=11 (full 3):
 PSYoungGen      total 115712K, used 78938K [0x00000000e0600000, 0x00000000ed700000, 0x0000000100000000)
  eden space 74752K, 100% used [0x00000000e0600000,0x00000000e4f00000,0x00000000e4f00000)
  from space 40960K, 10% used [0x00000000e4f00000,0x00000000e5316bd0,0x00000000e7700000)
  to   space 49664K, 0% used [0x00000000ea680000,0x00000000ea680000,0x00000000ed700000)
 ParOldGen       total 296448K, used 179874K [0x00000000a1200000, 0x00000000b3380000, 0x00000000e0600000)
  object space 296448K, 60% used [0x00000000a1200000,0x00000000ac1a8800,0x00000000b3380000)
 Metaspace       used 17870K, capacity 19002K, committed 19200K, reserved 1064960K
  class space    used 2557K, capacity 2809K, committed 2816K, reserved 1048576K
Event: 793.791 GC heap after
Heap after GC invocations=11 (full 3):
 PSYoungGen      total 144896K, used 11163K [0x00000000e0600000, 0x00000000ecc00000, 0x0000000100000000)
  eden space 106496K, 0% used [0x00000000e0600000,0x00000000e0600000,0x00000000e6e00000)
  from space 38400K, 29% used [0x00000000ea680000,0x00000000eb166ee8,0x00000000ecc00000)
  to   space 48128K, 0% used [0x00000000e6e00000,0x00000000e6e00000,0x00000000e9d00000)
 ParOldGen       total 296448K, used 179882K [0x00000000a1200000, 0x00000000b3380000, 0x00000000e0600000)
  object space 296448K, 60% used [0x00000000a1200000,0x00000000ac1aa800,0x00000000b3380000)
 Metaspace       used 17870K, capacity 19002K, committed 19200K, reserved 1064960K
  class space    used 2557K, capacity 2809K, committed 2816K, reserved 1048576K
}

