# JRE version: Java(TM) SE Runtime Environment (8.0_201-b09) (build 1.8.0_201-b09)
# Java VM: Java HotSpot(TM) 64-Bit Server VM (25.201-b09 mixed mode windows-amd64 compressed oops)
Heap:
 PSYoungGen      total 111104K, used 65055K [0x000000076af80000, 0x0000000774480000, 0x00000007c0000000)
  eden space 100352K, 54% used [0x000000076af80000,0x000000076e4a1960,0x0000000771180000)
  from space 10752K, 99% used [0x0000000773a00000,0x0000000774466668,0x0000000774480000)
  to   space 10752K, 0% used [0x0000000772f80000,0x0000000772f80000,0x0000000773a00000)
 ParOldGen       total 286720K, used 164421K [0x00000006c0e00000, 0x00000006d2600000, 0x000000076af80000)
  object space 286720K, 57% used [0x00000006c0e00000,0x00000006cae91790,0x00000006d2600000)
 Metaspace       used 18094K, capacity 19322K, committed 19584K, reserved 1067008K
  class space    used 2578K, capacity 2849K, committed 2944K, reserved 1048576K
GC Heap History (10 events):
Event: 0.941 GC heap before
{Heap before GC invocations=1 (full 0):
 PSYoungGen      total 76288K, used 65536K [0x000000076af80000, 0x0000000770480000, 0x00000007c0000000)
  eden space 65536K, 100% used [0x000000076af80000,0x000000076ef80000,0x000000076ef80000)
  from space 10752K, 0% used [0x000000076fa00000,0x000000076fa00000,0x0000000770480000)
  to   space 10752K, 0% used [0x000000076ef80000,0x000000076ef80000,0x000000076fa00000)
 ParOldGen       total 175104K, used 0K [0x00000006c0e00000, 0x00000006cb900000, 0x000000076af80000)
  object space 175104K, 0% used [0x00000006c0e00000,0x00000006c0e00000,0x00000006cb900000)
 Metaspace       used 10771K, capacity 11242K, committed 11392K, reserved 1058816K
  class space    used 1508K, capacity 1626K, committed 1664K, reserved 1048576K
Event: 0.951 GC heap after
Heap after GC invocations=1 (full 0):
 PSYoungGen      total 76288K, used 10731K [0x000000076af80000, 0x0000000770480000, 0x00000007c0000000)
  eden space 65536K, 0% used [0x000000076af80000,0x000000076af80000,0x000000076ef80000)
  from space 10752K, 99% used [0x000000076ef80000,0x000000076f9fac08,0x000000076fa00000)
  to   space 10752K, 0% used [0x000000076fa00000,0x000000076fa00000,0x0000000770480000)
 ParOldGen       total 175104K, used 17851K [0x00000006c0e00000, 0x00000006cb900000, 0x000000076af80000)
  object space 175104K, 10% used [0x00000006c0e00000,0x00000006c1f6ecc0,0x00000006cb900000)
 Metaspace       used 10771K, capacity 11242K, committed 11392K, reserved 1058816K
  class space    used 1508K, capacity 1626K, committed 1664K, reserved 1048576K
}
Event: 1.563 GC heap before
{Heap before GC invocations=2 (full 0):
 PSYoungGen      total 76288K, used 74580K [0x000000076af80000, 0x0000000770480000, 0x00000007c0000000)
  eden space 65536K, 97% used [0x000000076af80000,0x000000076edda4f0,0x000000076ef80000)
  from space 10752K, 99% used [0x000000076ef80000,0x000000076f9fac08,0x000000076fa00000)
  to   space 10752K, 0% used [0x000000076fa00000,0x000000076fa00000,0x0000000770480000)
 ParOldGen       total 175104K, used 17851K [0x00000006c0e00000, 0x00000006cb900000, 0x000000076af80000)
  object space 175104K, 10% used [0x00000006c0e00000,0x00000006c1f6ecc0,0x00000006cb900000)
 Metaspace       used 12799K, capacity 13394K, committed 13568K, reserved 1060864K
  class space    used 1782K, capacity 1925K, committed 2048K, reserved 1048576K
Event: 1.579 GC heap after
Heap after GC invocations=2 (full 0):
 PSYoungGen      total 76288K, used 10735K [0x000000076af80000, 0x0000000774480000, 0x00000007c0000000)
  eden space 65536K, 0% used [0x000000076af80000,0x000000076af80000,0x000000076ef80000)
  from space 10752K, 99% used [0x000000076fa00000,0x000000077047bde0,0x0000000770480000)
  to   space 10752K, 0% used [0x000000076ef80000,0x000000076ef80000,0x000000076fa00000)
 ParOldGen       total 175104K, used 64315K [0x00000006c0e00000, 0x00000006cb900000, 0x000000076af80000)
  object space 175104K, 36% used [0x00000006c0e00000,0x00000006c4ccec80,0x00000006cb900000)
 Metaspace       used 12799K, capacity 13394K, committed 13568K, reserved 1060864K
  class space    used 1782K, capacity 1925K, committed 2048K, reserved 1048576K
}
Event: 1.868 GC heap before
{Heap before GC invocations=3 (full 0):
 PSYoungGen      total 76288K, used 76271K [0x000000076af80000, 0x0000000774480000, 0x00000007c0000000)
  eden space 65536K, 100% used [0x000000076af80000,0x000000076ef80000,0x000000076ef80000)
  from space 10752K, 99% used [0x000000076fa00000,0x000000077047bde0,0x0000000770480000)
  to   space 10752K, 0% used [0x000000076ef80000,0x000000076ef80000,0x000000076fa00000)
 ParOldGen       total 175104K, used 64315K [0x00000006c0e00000, 0x00000006cb900000, 0x000000076af80000)
  object space 175104K, 36% used [0x00000006c0e00000,0x00000006c4ccec80,0x00000006cb900000)
 Metaspace       used 12820K, capacity 13398K, committed 13568K, reserved 1060864K
  class space    used 1782K, capacity 1925K, committed 2048K, reserved 1048576K
Event: 1.882 GC heap after
Heap after GC invocations=3 (full 0):
 PSYoungGen      total 76288K, used 10722K [0x000000076af80000, 0x0000000774480000, 0x00000007c0000000)
  eden space 65536K, 0% used [0x000000076af80000,0x000000076af80000,0x000000076ef80000)
  from space 10752K, 99% used [0x000000076ef80000,0x000000076f9f8bd8,0x000000076fa00000)
  to   space 10752K, 0% used [0x0000000773a00000,0x0000000773a00000,0x0000000774480000)
 ParOldGen       total 175104K, used 113714K [0x00000006c0e00000, 0x00000006cb900000, 0x000000076af80000)
  object space 175104K, 64% used [0x00000006c0e00000,0x00000006c7d0c810,0x00000006cb900000)
 Metaspace       used 12820K, capacity 13398K, committed 13568K, reserved 1060864K
  class space    used 1782K, capacity 1925K, committed 2048K, reserved 1048576K
}
Event: 1.882 GC heap before
{Heap before GC invocations=4 (full 1):
 PSYoungGen      total 76288K, used 10722K [0x000000076af80000, 0x0000000774480000, 0x00000007c0000000)
  eden space 65536K, 0% used [0x000000076af80000,0x000000076af80000,0x000000076ef80000)
  from space 10752K, 99% used [0x000000076ef80000,0x000000076f9f8bd8,0x000000076fa00000)
  to   space 10752K, 0% used [0x0000000773a00000,0x0000000773a00000,0x0000000774480000)
 ParOldGen       total 175104K, used 113714K [0x00000006c0e00000, 0x00000006cb900000, 0x000000076af80000)
  object space 175104K, 64% used [0x00000006c0e00000,0x00000006c7d0c810,0x00000006cb900000)
 Metaspace       used 12820K, capacity 13398K, committed 13568K, reserved 1060864K
  class space    used 1782K, capacity 1925K, committed 2048K, reserved 1048576K
Event: 1.936 GC heap after
Heap after GC invocations=4 (full 1):
 PSYoungGen      total 76288K, used 0K [0x000000076af80000, 0x0000000774480000, 0x00000007c0000000)
  eden space 65536K, 0% used [0x000000076af80000,0x000000076af80000,0x000000076ef80000)
  from space 10752K, 0% used [0x000000076ef80000,0x000000076ef80000,0x000000076fa00000)
  to   space 10752K, 0% used [0x0000000773a00000,0x0000000773a00000,0x0000000774480000)
 ParOldGen       total 286720K, used 124184K [0x00000006c0e00000, 0x00000006d2600000, 0x000000076af80000)
  object space 286720K, 43% used [0x00000006c0e00000,0x00000006c87463e8,0x00000006d2600000)
 Metaspace       used 12820K, capacity 13398K, committed 13568K, reserved 1060864K
  class space    used 1782K, capacity 1925K, committed 2048K, reserved 1048576K
}
Event: 2.330 GC heap before
{Heap before GC invocations=5 (full 1):
 PSYoungGen      total 76288K, used 65200K [0x000000076af80000, 0x0000000774480000, 0x00000007c0000000)
  eden space 65536K, 99% used [0x000000076af80000,0x000000076ef2c198,0x000000076ef80000)
  from space 10752K, 0% used [0x000000076ef80000,0x000000076ef80000,0x000000076fa00000)
  to   space 10752K, 0% used [0x0000000773a00000,0x0000000773a00000,0x0000000774480000)
 ParOldGen       total 286720K, used 124184K [0x00000006c0e00000, 0x00000006d2600000, 0x000000076af80000)
  object space 286720K, 43% used [0x00000006c0e00000,0x00000006c87463e8,0x00000006d2600000)
 Metaspace       used 12831K, capacity 13410K, committed 13568K, reserved 1060864K
  class space    used 1784K, capacity 1927K, committed 2048K, reserved 1048576K
Event: 2.349 GC heap after
Heap after GC invocations=5 (full 1):
 PSYoungGen      total 111104K, used 10649K [0x000000076af80000, 0x0000000774480000, 0x00000007c0000000)
  eden space 100352K, 0% used [0x000000076af80000,0x000000076af80000,0x0000000771180000)
  from space 10752K, 99% used [0x0000000773a00000,0x0000000774466668,0x0000000774480000)
  to   space 10752K, 0% used [0x0000000772f80000,0x0000000772f80000,0x0000000773a00000)
 ParOldGen       total 286720K, used 164421K [0x00000006c0e00000, 0x00000006d2600000, 0x000000076af80000)
  object space 286720K, 57% used [0x00000006c0e00000,0x00000006cae91790,0x00000006d2600000)
 Metaspace       used 12831K, capacity 13410K, committed 13568K, reserved 1060864K
  class space    used 1784K, capacity 1927K, committed 2048K, reserved 1048576K
}

