# JRE version: Java(TM) SE Runtime Environment (8.0_201-b09) (build 1.8.0_201-b09)
# Java VM: Java HotSpot(TM) 64-Bit Server VM (25.201-b09 mixed mode windows-amd64 compressed oops)
Heap:
 PSYoungGen      total 285184K, used 151993K [0x000000076af80000, 0x0000000784580000, 0x00000007c0000000)
  eden space 204800K, 37% used [0x000000076af80000,0x000000076fa77b70,0x0000000777780000)
  from space 80384K, 93% used [0x0000000777780000,0x000000077c0f6c50,0x000000077c600000)
  to   space 89088K, 0% used [0x000000077ee80000,0x000000077ee80000,0x0000000784580000)
 ParOldGen       total 284672K, used 191375K [0x00000006c0e00000, 0x00000006d2400000, 0x000000076af80000)
  object space 284672K, 67% used [0x00000006c0e00000,0x00000006cc8e3e10,0x00000006d2400000)
 Metaspace       used 19722K, capacity 21012K, committed 21120K, reserved 1067008K
  class space    used 2677K, capacity 2934K, committed 2944K, reserved 1048576K
GC Heap History (10 events):
Event: 53.274 GC heap before
{Heap before GC invocations=6 (full 1):
 PSYoungGen      total 115200K, used 115182K [0x000000076af80000, 0x0000000774480000, 0x00000007c0000000)
  eden space 104448K, 100% used [0x000000076af80000,0x0000000771580000,0x0000000771580000)
  from space 10752K, 99% used [0x0000000773a00000,0x000000077447ba90,0x0000000774480000)
  to   space 10752K, 0% used [0x0000000772f80000,0x0000000772f80000,0x0000000773a00000)
 ParOldGen       total 284672K, used 164262K [0x00000006c0e00000, 0x00000006d2400000, 0x000000076af80000)
  object space 284672K, 57% used [0x00000006c0e00000,0x00000006cae698f0,0x00000006d2400000)
 Metaspace       used 18600K, capacity 19844K, committed 20096K, reserved 1067008K
  class space    used 2659K, capacity 2926K, committed 2944K, reserved 1048576K
Event: 53.292 GC heap after
Heap after GC invocations=6 (full 1):
 PSYoungGen      total 141824K, used 10744K [0x000000076af80000, 0x000000077d300000, 0x00000007c0000000)
  eden space 131072K, 0% used [0x000000076af80000,0x000000076af80000,0x0000000772f80000)
  from space 10752K, 99% used [0x0000000772f80000,0x00000007739fe2b0,0x0000000773a00000)
  to   space 69632K, 0% used [0x0000000778f00000,0x0000000778f00000,0x000000077d300000)
 ParOldGen       total 284672K, used 191343K [0x00000006c0e00000, 0x00000006d2400000, 0x000000076af80000)
  object space 284672K, 67% used [0x00000006c0e00000,0x00000006cc8dbe10,0x00000006d2400000)
 Metaspace       used 18600K, capacity 19844K, committed 20096K, reserved 1067008K
  class space    used 2659K, capacity 2926K, committed 2944K, reserved 1048576K
}
Event: 56.459 GC heap before
{Heap before GC invocations=7 (full 1):
 PSYoungGen      total 141824K, used 141816K [0x000000076af80000, 0x000000077d300000, 0x00000007c0000000)
  eden space 131072K, 100% used [0x000000076af80000,0x0000000772f80000,0x0000000772f80000)
  from space 10752K, 99% used [0x0000000772f80000,0x00000007739fe2b0,0x0000000773a00000)
  to   space 69632K, 0% used [0x0000000778f00000,0x0000000778f00000,0x000000077d300000)
 ParOldGen       total 284672K, used 191343K [0x00000006c0e00000, 0x00000006d2400000, 0x000000076af80000)
  object space 284672K, 67% used [0x00000006c0e00000,0x00000006cc8dbe10,0x00000006d2400000)
 Metaspace       used 18666K, capacity 19844K, committed 20096K, reserved 1067008K
  class space    used 2660K, capacity 2926K, committed 2944K, reserved 1048576K
Event: 56.467 GC heap after
Heap after GC invocations=7 (full 1):
 PSYoungGen      total 224256K, used 12952K [0x000000076af80000, 0x000000077fb00000, 0x00000007c0000000)
  eden space 154624K, 0% used [0x000000076af80000,0x000000076af80000,0x0000000774680000)
  from space 69632K, 18% used [0x0000000778f00000,0x0000000779ba62c0,0x000000077d300000)
  to   space 74240K, 0% used [0x0000000774680000,0x0000000774680000,0x0000000778f00000)
 ParOldGen       total 284672K, used 191351K [0x00000006c0e00000, 0x00000006d2400000, 0x000000076af80000)
  object space 284672K, 67% used [0x00000006c0e00000,0x00000006cc8dde10,0x00000006d2400000)
 Metaspace       used 18666K, capacity 19844K, committed 20096K, reserved 1067008K
  class space    used 2660K, capacity 2926K, committed 2944K, reserved 1048576K
}
Event: 96.861 GC heap before
{Heap before GC invocations=8 (full 1):
 PSYoungGen      total 224256K, used 167576K [0x000000076af80000, 0x000000077fb00000, 0x00000007c0000000)
  eden space 154624K, 100% used [0x000000076af80000,0x0000000774680000,0x0000000774680000)
  from space 69632K, 18% used [0x0000000778f00000,0x0000000779ba62c0,0x000000077d300000)
  to   space 74240K, 0% used [0x0000000774680000,0x0000000774680000,0x0000000778f00000)
 ParOldGen       total 284672K, used 191351K [0x00000006c0e00000, 0x00000006d2400000, 0x000000076af80000)
  object space 284672K, 67% used [0x00000006c0e00000,0x00000006cc8dde10,0x00000006d2400000)
 Metaspace       used 19038K, capacity 20228K, committed 20352K, reserved 1067008K
  class space    used 2662K, capacity 2926K, committed 2944K, reserved 1048576K
Event: 96.869 GC heap after
Heap after GC invocations=8 (full 1):
 PSYoungGen      total 228864K, used 29725K [0x000000076af80000, 0x0000000780e00000, 0x00000007c0000000)
  eden space 154624K, 0% used [0x000000076af80000,0x000000076af80000,0x0000000774680000)
  from space 74240K, 40% used [0x0000000774680000,0x00000007763874e8,0x0000000778f00000)
  to   space 72192K, 0% used [0x000000077c780000,0x000000077c780000,0x0000000780e00000)
 ParOldGen       total 284672K, used 191359K [0x00000006c0e00000, 0x00000006d2400000, 0x000000076af80000)
  object space 284672K, 67% used [0x00000006c0e00000,0x00000006cc8dfe10,0x00000006d2400000)
 Metaspace       used 19038K, capacity 20228K, committed 20352K, reserved 1067008K
  class space    used 2662K, capacity 2926K, committed 2944K, reserved 1048576K
}
Event: 237.423 GC heap before
{Heap before GC invocations=9 (full 1):
 PSYoungGen      total 228864K, used 184349K [0x000000076af80000, 0x0000000780e00000, 0x00000007c0000000)
  eden space 154624K, 100% used [0x000000076af80000,0x0000000774680000,0x0000000774680000)
  from space 74240K, 40% used [0x0000000774680000,0x00000007763874e8,0x0000000778f00000)
  to   space 72192K, 0% used [0x000000077c780000,0x000000077c780000,0x0000000780e00000)
 ParOldGen       total 284672K, used 191359K [0x00000006c0e00000, 0x00000006d2400000, 0x000000076af80000)
  object space 284672K, 67% used [0x00000006c0e00000,0x00000006cc8dfe10,0x00000006d2400000)
 Metaspace       used 19483K, capacity 20716K, committed 20864K, reserved 1067008K
  class space    used 2673K, capacity 2932K, committed 2944K, reserved 1048576K
Event: 237.455 GC heap after
Heap after GC invocations=9 (full 1):
 PSYoungGen      total 276992K, used 66839K [0x000000076af80000, 0x0000000781480000, 0x00000007c0000000)
  eden space 204800K, 0% used [0x000000076af80000,0x000000076af80000,0x0000000777780000)
  from space 72192K, 92% used [0x000000077c780000,0x00000007808c5e28,0x0000000780e00000)
  to   space 80384K, 0% used [0x0000000777780000,0x0000000777780000,0x000000077c600000)
 ParOldGen       total 284672K, used 191367K [0x00000006c0e00000, 0x00000006d2400000, 0x000000076af80000)
  object space 284672K, 67% used [0x00000006c0e00000,0x00000006cc8e1e10,0x00000006d2400000)
 Metaspace       used 19483K, capacity 20716K, committed 20864K, reserved 1067008K
  class space    used 2673K, capacity 2932K, committed 2944K, reserved 1048576K
}
Event: 392.636 GC heap before
{Heap before GC invocations=10 (full 1):
 PSYoungGen      total 276992K, used 271639K [0x000000076af80000, 0x0000000781480000, 0x00000007c0000000)
  eden space 204800K, 100% used [0x000000076af80000,0x0000000777780000,0x0000000777780000)
  from space 72192K, 92% used [0x000000077c780000,0x00000007808c5e28,0x0000000780e00000)
  to   space 80384K, 0% used [0x0000000777780000,0x0000000777780000,0x000000077c600000)
 ParOldGen       total 284672K, used 191367K [0x00000006c0e00000, 0x00000006d2400000, 0x000000076af80000)
  object space 284672K, 67% used [0x00000006c0e00000,0x00000006cc8e1e10,0x00000006d2400000)
 Metaspace       used 19613K, capacity 20860K, committed 21120K, reserved 1067008K
  class space    used 2673K, capacity 2932K, committed 2944K, reserved 1048576K
Event: 392.661 GC heap after
Heap after GC invocations=10 (full 1):
 PSYoungGen      total 285184K, used 75227K [0x000000076af80000, 0x0000000784580000, 0x00000007c0000000)
  eden space 204800K, 0% used [0x000000076af80000,0x000000076af80000,0x0000000777780000)
  from space 80384K, 93% used [0x0000000777780000,0x000000077c0f6c50,0x000000077c600000)
  to   space 89088K, 0% used [0x000000077ee80000,0x000000077ee80000,0x0000000784580000)
 ParOldGen       total 284672K, used 191375K [0x00000006c0e00000, 0x00000006d2400000, 0x000000076af80000)
  object space 284672K, 67% used [0x00000006c0e00000,0x00000006cc8e3e10,0x00000006d2400000)
 Metaspace       used 19613K, capacity 20860K, committed 21120K, reserved 1067008K
  class space    used 2673K, capacity 2932K, committed 2944K, reserved 1048576K
}

