# JRE version: Java(TM) SE Runtime Environment (8.0_201-b09) (build 1.8.0_201-b09)
# Java VM: Java HotSpot(TM) 64-Bit Server VM (25.201-b09 mixed mode windows-amd64 compressed oops)
Heap:
 PSYoungGen      total 147968K, used 145053K [0x000000076af80000, 0x000000077be80000, 0x00000007c0000000)
  eden space 136192K, 98% used [0x000000076af80000,0x0000000773214e78,0x0000000773480000)
  from space 11776K, 96% used [0x0000000773880000,0x00000007743927d0,0x0000000774400000)
  to   space 70656K, 0% used [0x0000000777980000,0x0000000777980000,0x000000077be80000)
 ParOldGen       total 285184K, used 183279K [0x00000006c0e00000, 0x00000006d2480000, 0x000000076af80000)
  object space 285184K, 64% used [0x00000006c0e00000,0x00000006cc0fbd30,0x00000006d2480000)
 Metaspace       used 18856K, capacity 19990K, committed 20224K, reserved 1067008K
  class space    used 2567K, capacity 2809K, committed 2816K, reserved 1048576K
GC Heap History (10 events):
Event: 172.733 GC heap before
{Heap before GC invocations=6 (full 1):
 PSYoungGen      total 110592K, used 110564K [0x000000076af80000, 0x0000000774480000, 0x00000007c0000000)
  eden space 99840K, 100% used [0x000000076af80000,0x0000000771100000,0x0000000771100000)
  from space 10752K, 99% used [0x0000000773a00000,0x00000007744793d8,0x0000000774480000)
  to   space 10752K, 0% used [0x0000000772f80000,0x0000000772f80000,0x0000000773a00000)
 ParOldGen       total 285184K, used 164343K [0x00000006c0e00000, 0x00000006d2480000, 0x000000076af80000)
  object space 285184K, 57% used [0x00000006c0e00000,0x00000006cae7df38,0x00000006d2480000)
 Metaspace       used 18465K, capacity 19532K, committed 19712K, reserved 1067008K
  class space    used 2554K, capacity 2798K, committed 2816K, reserved 1048576K
Event: 172.751 GC heap after
Heap after GC invocations=6 (full 1):
 PSYoungGen      total 141824K, used 10723K [0x000000076af80000, 0x000000077cf00000, 0x00000007c0000000)
  eden space 131072K, 0% used [0x000000076af80000,0x000000076af80000,0x0000000772f80000)
  from space 10752K, 99% used [0x0000000772f80000,0x00000007739f8ec0,0x0000000773a00000)
  to   space 74752K, 0% used [0x0000000778600000,0x0000000778600000,0x000000077cf00000)
 ParOldGen       total 285184K, used 183247K [0x00000006c0e00000, 0x00000006d2480000, 0x000000076af80000)
  object space 285184K, 64% used [0x00000006c0e00000,0x00000006cc0f3d30,0x00000006d2480000)
 Metaspace       used 18465K, capacity 19532K, committed 19712K, reserved 1067008K
  class space    used 2554K, capacity 2798K, committed 2816K, reserved 1048576K
}
Event: 695.996 GC heap before
{Heap before GC invocations=7 (full 1):
 PSYoungGen      total 141824K, used 141795K [0x000000076af80000, 0x000000077cf00000, 0x00000007c0000000)
  eden space 131072K, 100% used [0x000000076af80000,0x0000000772f80000,0x0000000772f80000)
  from space 10752K, 99% used [0x0000000772f80000,0x00000007739f8ec0,0x0000000773a00000)
  to   space 74752K, 0% used [0x0000000778600000,0x0000000778600000,0x000000077cf00000)
 ParOldGen       total 285184K, used 183247K [0x00000006c0e00000, 0x00000006d2480000, 0x000000076af80000)
  object space 285184K, 64% used [0x00000006c0e00000,0x00000006cc0f3d30,0x00000006d2480000)
 Metaspace       used 18693K, capacity 19850K, committed 19968K, reserved 1067008K
  class space    used 2562K, capacity 2807K, committed 2816K, reserved 1048576K
Event: 696.002 GC heap after
Heap after GC invocations=7 (full 1):
 PSYoungGen      total 219136K, used 10850K [0x000000076af80000, 0x000000077f300000, 0x00000007c0000000)
  eden space 144384K, 0% used [0x000000076af80000,0x000000076af80000,0x0000000773c80000)
  from space 74752K, 14% used [0x0000000778600000,0x0000000779098af0,0x000000077cf00000)
  to   space 75264K, 0% used [0x0000000773c80000,0x0000000773c80000,0x0000000778600000)
 ParOldGen       total 285184K, used 183255K [0x00000006c0e00000, 0x00000006d2480000, 0x000000076af80000)
  object space 285184K, 64% used [0x00000006c0e00000,0x00000006cc0f5d30,0x00000006d2480000)
 Metaspace       used 18693K, capacity 19850K, committed 19968K, reserved 1067008K
  class space    used 2562K, capacity 2807K, committed 2816K, reserved 1048576K
}
Event: 802.571 GC heap before
{Heap before GC invocations=8 (full 1):
 PSYoungGen      total 219136K, used 155234K [0x000000076af80000, 0x000000077f300000, 0x00000007c0000000)
  eden space 144384K, 100% used [0x000000076af80000,0x0000000773c80000,0x0000000773c80000)
  from space 74752K, 14% used [0x0000000778600000,0x0000000779098af0,0x000000077cf00000)
  to   space 75264K, 0% used [0x0000000773c80000,0x0000000773c80000,0x0000000778600000)
 ParOldGen       total 285184K, used 183255K [0x00000006c0e00000, 0x00000006d2480000, 0x000000076af80000)
  object space 285184K, 64% used [0x00000006c0e00000,0x00000006cc0f5d30,0x00000006d2480000)
 Metaspace       used 18787K, capacity 19914K, committed 19968K, reserved 1067008K
  class space    used 2562K, capacity 2807K, committed 2816K, reserved 1048576K
Event: 802.578 GC heap after
Heap after GC invocations=8 (full 1):
 PSYoungGen      total 219648K, used 10939K [0x000000076af80000, 0x000000077fa00000, 0x00000007c0000000)
  eden space 144384K, 0% used [0x000000076af80000,0x000000076af80000,0x0000000773c80000)
  from space 75264K, 14% used [0x0000000773c80000,0x000000077472efb0,0x0000000778600000)
  to   space 74240K, 0% used [0x000000077b180000,0x000000077b180000,0x000000077fa00000)
 ParOldGen       total 285184K, used 183263K [0x00000006c0e00000, 0x00000006d2480000, 0x000000076af80000)
  object space 285184K, 64% used [0x00000006c0e00000,0x00000006cc0f7d30,0x00000006d2480000)
 Metaspace       used 18787K, capacity 19914K, committed 19968K, reserved 1067008K
  class space    used 2562K, capacity 2807K, committed 2816K, reserved 1048576K
}
Event: 962.606 GC heap before
{Heap before GC invocations=9 (full 1):
 PSYoungGen      total 219648K, used 155323K [0x000000076af80000, 0x000000077fa00000, 0x00000007c0000000)
  eden space 144384K, 100% used [0x000000076af80000,0x0000000773c80000,0x0000000773c80000)
  from space 75264K, 14% used [0x0000000773c80000,0x000000077472efb0,0x0000000778600000)
  to   space 74240K, 0% used [0x000000077b180000,0x000000077b180000,0x000000077fa00000)
 ParOldGen       total 285184K, used 183263K [0x00000006c0e00000, 0x00000006d2480000, 0x000000076af80000)
  object space 285184K, 64% used [0x00000006c0e00000,0x00000006cc0f7d30,0x00000006d2480000)
 Metaspace       used 18828K, capacity 19978K, committed 20224K, reserved 1067008K
  class space    used 2562K, capacity 2807K, committed 2816K, reserved 1048576K
Event: 962.619 GC heap after
Heap after GC invocations=9 (full 1):
 PSYoungGen      total 161792K, used 11222K [0x000000076af80000, 0x000000077c680000, 0x00000007c0000000)
  eden space 140288K, 0% used [0x000000076af80000,0x000000076af80000,0x0000000773880000)
  from space 21504K, 52% used [0x000000077b180000,0x000000077bc758f0,0x000000077c680000)
  to   space 72704K, 0% used [0x0000000773880000,0x0000000773880000,0x0000000777f80000)
 ParOldGen       total 285184K, used 183271K [0x00000006c0e00000, 0x00000006d2480000, 0x000000076af80000)
  object space 285184K, 64% used [0x00000006c0e00000,0x00000006cc0f9d30,0x00000006d2480000)
 Metaspace       used 18828K, capacity 19978K, committed 20224K, reserved 1067008K
  class space    used 2562K, capacity 2807K, committed 2816K, reserved 1048576K
}
Event: 1030.635 GC heap before
{Heap before GC invocations=10 (full 1):
 PSYoungGen      total 161792K, used 151510K [0x000000076af80000, 0x000000077c680000, 0x00000007c0000000)
  eden space 140288K, 100% used [0x000000076af80000,0x0000000773880000,0x0000000773880000)
  from space 21504K, 52% used [0x000000077b180000,0x000000077bc758f0,0x000000077c680000)
  to   space 72704K, 0% used [0x0000000773880000,0x0000000773880000,0x0000000777f80000)
 ParOldGen       total 285184K, used 183271K [0x00000006c0e00000, 0x00000006d2480000, 0x000000076af80000)
  object space 285184K, 64% used [0x00000006c0e00000,0x00000006cc0f9d30,0x00000006d2480000)
 Metaspace       used 18828K, capacity 19978K, committed 20224K, reserved 1067008K
  class space    used 2562K, capacity 2807K, committed 2816K, reserved 1048576K
Event: 1030.640 GC heap after
Heap after GC invocations=10 (full 1):
 PSYoungGen      total 147968K, used 11337K [0x000000076af80000, 0x000000077be80000, 0x00000007c0000000)
  eden space 136192K, 0% used [0x000000076af80000,0x000000076af80000,0x0000000773480000)
  from space 11776K, 96% used [0x0000000773880000,0x00000007743927d0,0x0000000774400000)
  to   space 70656K, 0% used [0x0000000777980000,0x0000000777980000,0x000000077be80000)
 ParOldGen       total 285184K, used 183279K [0x00000006c0e00000, 0x00000006d2480000, 0x000000076af80000)
  object space 285184K, 64% used [0x00000006c0e00000,0x00000006cc0fbd30,0x00000006d2480000)
 Metaspace       used 18828K, capacity 19978K, committed 20224K, reserved 1067008K
  class space    used 2562K, capacity 2807K, committed 2816K, reserved 1048576K
}

