# JRE version: Java(TM) SE Runtime Environment (8.0_102-b14) (build 1.8.0_102-b14)
# Java VM: Java HotSpot(TM) 64-Bit Server VM (25.102-b14 mixed mode windows-amd64 compressed oops)
Heap:
 PSYoungGen      total 108032K, used 37851K [0x00000000e0600000, 0x00000000ef200000, 0x0000000100000000)
  eden space 67584K, 56% used [0x00000000e0600000,0x00000000e2af6c50,0x00000000e4800000)
  from space 40448K, 0% used [0x00000000e4800000,0x00000000e4800000,0x00000000e6f80000)
  to   space 71168K, 0% used [0x00000000eac80000,0x00000000eac80000,0x00000000ef200000)
 ParOldGen       total 307200K, used 180196K [0x00000000a1200000, 0x00000000b3e00000, 0x00000000e0600000)
  object space 307200K, 58% used [0x00000000a1200000,0x00000000ac1f91d0,0x00000000b3e00000)
 Metaspace       used 17787K, capacity 18968K, committed 19200K, reserved 1064960K
  class space    used 2557K, capacity 2812K, committed 2816K, reserved 1048576K
GC Heap History (10 events):
Event: 2.705 GC heap before
{Heap before GC invocations=6 (full 1):
 PSYoungGen      total 53248K, used 47131K [0x00000000e0600000, 0x00000000e3e00000, 0x0000000100000000)
  eden space 49152K, 95% used [0x00000000e0600000,0x00000000e3406f60,0x00000000e3600000)
  from space 4096K, 0% used [0x00000000e3a00000,0x00000000e3a00000,0x00000000e3e00000)
  to   space 4096K, 0% used [0x00000000e3600000,0x00000000e3600000,0x00000000e3a00000)
 ParOldGen       total 118784K, used 55402K [0x00000000a1200000, 0x00000000a8600000, 0x00000000e0600000)
  object space 118784K, 46% used [0x00000000a1200000,0x00000000a481a9d0,0x00000000a8600000)
 Metaspace       used 12725K, capacity 13344K, committed 13568K, reserved 1060864K
  class space    used 1773K, capacity 1928K, committed 2048K, reserved 1048576K
Event: 2.724 GC heap after
Heap after GC invocations=6 (full 1):
 PSYoungGen      total 53248K, used 4017K [0x00000000e0600000, 0x00000000e9200000, 0x0000000100000000)
  eden space 49152K, 0% used [0x00000000e0600000,0x00000000e0600000,0x00000000e3600000)
  from space 4096K, 98% used [0x00000000e3600000,0x00000000e39ec5d0,0x00000000e3a00000)
  to   space 32768K, 0% used [0x00000000e7200000,0x00000000e7200000,0x00000000e9200000)
 ParOldGen       total 118784K, used 90716K [0x00000000a1200000, 0x00000000a8600000, 0x00000000e0600000)
  object space 118784K, 76% used [0x00000000a1200000,0x00000000a6a97040,0x00000000a8600000)
 Metaspace       used 12725K, capacity 13344K, committed 13568K, reserved 1060864K
  class space    used 1773K, capacity 1928K, committed 2048K, reserved 1048576K
}
Event: 2.724 GC heap before
{Heap before GC invocations=7 (full 2):
 PSYoungGen      total 53248K, used 4017K [0x00000000e0600000, 0x00000000e9200000, 0x0000000100000000)
  eden space 49152K, 0% used [0x00000000e0600000,0x00000000e0600000,0x00000000e3600000)
  from space 4096K, 98% used [0x00000000e3600000,0x00000000e39ec5d0,0x00000000e3a00000)
  to   space 32768K, 0% used [0x00000000e7200000,0x00000000e7200000,0x00000000e9200000)
 ParOldGen       total 118784K, used 90716K [0x00000000a1200000, 0x00000000a8600000, 0x00000000e0600000)
  object space 118784K, 76% used [0x00000000a1200000,0x00000000a6a97040,0x00000000a8600000)
 Metaspace       used 12725K, capacity 13344K, committed 13568K, reserved 1060864K
  class space    used 1773K, capacity 1928K, committed 2048K, reserved 1048576K
Event: 2.764 GC heap after
Heap after GC invocations=7 (full 2):
 PSYoungGen      total 53248K, used 0K [0x00000000e0600000, 0x00000000e9200000, 0x0000000100000000)
  eden space 49152K, 0% used [0x00000000e0600000,0x00000000e0600000,0x00000000e3600000)
  from space 4096K, 0% used [0x00000000e3600000,0x00000000e3600000,0x00000000e3a00000)
  to   space 32768K, 0% used [0x00000000e7200000,0x00000000e7200000,0x00000000e9200000)
 ParOldGen       total 189440K, used 92123K [0x00000000a1200000, 0x00000000acb00000, 0x00000000e0600000)
  object space 189440K, 48% used [0x00000000a1200000,0x00000000a6bf6e40,0x00000000acb00000)
 Metaspace       used 12725K, capacity 13344K, committed 13568K, reserved 1060864K
  class space    used 1773K, capacity 1928K, committed 2048K, reserved 1048576K
}
Event: 3.154 GC heap before
{Heap before GC invocations=8 (full 2):
 PSYoungGen      total 53248K, used 49152K [0x00000000e0600000, 0x00000000e9200000, 0x0000000100000000)
  eden space 49152K, 100% used [0x00000000e0600000,0x00000000e3600000,0x00000000e3600000)
  from space 4096K, 0% used [0x00000000e3600000,0x00000000e3600000,0x00000000e3a00000)
  to   space 32768K, 0% used [0x00000000e7200000,0x00000000e7200000,0x00000000e9200000)
 ParOldGen       total 189440K, used 92123K [0x00000000a1200000, 0x00000000acb00000, 0x00000000e0600000)
  object space 189440K, 48% used [0x00000000a1200000,0x00000000a6bf6e40,0x00000000acb00000)
 Metaspace       used 12745K, capacity 13348K, committed 13568K, reserved 1060864K
  class space    used 1774K, capacity 1928K, committed 2048K, reserved 1048576K
Event: 3.169 GC heap after
Heap after GC invocations=8 (full 2):
 PSYoungGen      total 100352K, used 32615K [0x00000000e0600000, 0x00000000e9700000, 0x0000000100000000)
  eden space 67584K, 0% used [0x00000000e0600000,0x00000000e0600000,0x00000000e4800000)
  from space 32768K, 99% used [0x00000000e7200000,0x00000000e91d9fd0,0x00000000e9200000)
  to   space 40448K, 0% used [0x00000000e4800000,0x00000000e4800000,0x00000000e6f80000)
 ParOldGen       total 189440K, used 98770K [0x00000000a1200000, 0x00000000acb00000, 0x00000000e0600000)
  object space 189440K, 52% used [0x00000000a1200000,0x00000000a7274840,0x00000000acb00000)
 Metaspace       used 12745K, capacity 13348K, committed 13568K, reserved 1060864K
  class space    used 1774K, capacity 1928K, committed 2048K, reserved 1048576K
}
Event: 3.547 GC heap before
{Heap before GC invocations=9 (full 2):
 PSYoungGen      total 100352K, used 100199K [0x00000000e0600000, 0x00000000e9700000, 0x0000000100000000)
  eden space 67584K, 100% used [0x00000000e0600000,0x00000000e4800000,0x00000000e4800000)
  from space 32768K, 99% used [0x00000000e7200000,0x00000000e91d9fd0,0x00000000e9200000)
  to   space 40448K, 0% used [0x00000000e4800000,0x00000000e4800000,0x00000000e6f80000)
 ParOldGen       total 189440K, used 98770K [0x00000000a1200000, 0x00000000acb00000, 0x00000000e0600000)
  object space 189440K, 52% used [0x00000000a1200000,0x00000000a7274840,0x00000000acb00000)
 Metaspace       used 12765K, capacity 13360K, committed 13568K, reserved 1060864K
  class space    used 1775K, capacity 1930K, committed 2048K, reserved 1048576K
Event: 3.589 GC heap after
Heap after GC invocations=9 (full 2):
 PSYoungGen      total 108032K, used 40417K [0x00000000e0600000, 0x00000000ef200000, 0x0000000100000000)
  eden space 67584K, 0% used [0x00000000e0600000,0x00000000e0600000,0x00000000e4800000)
  from space 40448K, 99% used [0x00000000e4800000,0x00000000e6f78698,0x00000000e6f80000)
  to   space 71168K, 0% used [0x00000000eac80000,0x00000000eac80000,0x00000000ef200000)
 ParOldGen       total 189440K, used 143339K [0x00000000a1200000, 0x00000000acb00000, 0x00000000e0600000)
  object space 189440K, 75% used [0x00000000a1200000,0x00000000a9dfae60,0x00000000acb00000)
 Metaspace       used 12765K, capacity 13360K, committed 13568K, reserved 1060864K
  class space    used 1775K, capacity 1930K, committed 2048K, reserved 1048576K
}
Event: 3.589 GC heap before
{Heap before GC invocations=10 (full 3):
 PSYoungGen      total 108032K, used 40417K [0x00000000e0600000, 0x00000000ef200000, 0x0000000100000000)
  eden space 67584K, 0% used [0x00000000e0600000,0x00000000e0600000,0x00000000e4800000)
  from space 40448K, 99% used [0x00000000e4800000,0x00000000e6f78698,0x00000000e6f80000)
  to   space 71168K, 0% used [0x00000000eac80000,0x00000000eac80000,0x00000000ef200000)
 ParOldGen       total 189440K, used 143339K [0x00000000a1200000, 0x00000000acb00000, 0x00000000e0600000)
  object space 189440K, 75% used [0x00000000a1200000,0x00000000a9dfae60,0x00000000acb00000)
 Metaspace       used 12765K, capacity 13360K, committed 13568K, reserved 1060864K
  class space    used 1775K, capacity 1930K, committed 2048K, reserved 1048576K
Event: 3.655 GC heap after
Heap after GC invocations=10 (full 3):
 PSYoungGen      total 108032K, used 0K [0x00000000e0600000, 0x00000000ef200000, 0x0000000100000000)
  eden space 67584K, 0% used [0x00000000e0600000,0x00000000e0600000,0x00000000e4800000)
  from space 40448K, 0% used [0x00000000e4800000,0x00000000e4800000,0x00000000e6f80000)
  to   space 71168K, 0% used [0x00000000eac80000,0x00000000eac80000,0x00000000ef200000)
 ParOldGen       total 307200K, used 180196K [0x00000000a1200000, 0x00000000b3e00000, 0x00000000e0600000)
  object space 307200K, 58% used [0x00000000a1200000,0x00000000ac1f91d0,0x00000000b3e00000)
 Metaspace       used 12765K, capacity 13360K, committed 13568K, reserved 1060864K
  class space    used 1775K, capacity 1930K, committed 2048K, reserved 1048576K
}

