# JRE version: Java(TM) SE Runtime Environment (8.0_201-b09) (build 1.8.0_201-b09)
# Java VM: Java HotSpot(TM) 64-Bit Server VM (25.201-b09 mixed mode windows-amd64 compressed oops)
Heap:
 PSYoungGen      total 141824K, used 60090K [0x000000076af80000, 0x000000077d680000, 0x00000007c0000000)
  eden space 131072K, 37% used [0x000000076af80000,0x000000076dfb1988,0x0000000772f80000)
  from space 10752K, 99% used [0x0000000772f80000,0x00000007739fd140,0x0000000773a00000)
  to   space 71680K, 0% used [0x0000000779080000,0x0000000779080000,0x000000077d680000)
 ParOldGen       total 281600K, used 181294K [0x00000006c0e00000, 0x00000006d2100000, 0x000000076af80000)
  object space 281600K, 64% used [0x00000006c0e00000,0x00000006cbf0b8b8,0x00000006d2100000)
 Metaspace       used 18788K, capacity 19962K, committed 20096K, reserved 1067008K
  class space    used 2636K, capacity 2891K, committed 2944K, reserved 1048576K
GC Heap History (10 events):
Event: 1.488 GC heap before
{Heap before GC invocations=2 (full 0):
 PSYoungGen      total 76288K, used 74594K [0x000000076af80000, 0x0000000770480000, 0x00000007c0000000)
  eden space 65536K, 97% used [0x000000076af80000,0x000000076eddb280,0x000000076ef80000)
  from space 10752K, 99% used [0x000000076ef80000,0x000000076f9fd688,0x000000076fa00000)
  to   space 10752K, 0% used [0x000000076fa00000,0x000000076fa00000,0x0000000770480000)
 ParOldGen       total 175104K, used 17904K [0x00000006c0e00000, 0x00000006cb900000, 0x000000076af80000)
  object space 175104K, 10% used [0x00000006c0e00000,0x00000006c1f7c220,0x00000006cb900000)
 Metaspace       used 12801K, capacity 13398K, committed 13568K, reserved 1060864K
  class space    used 1783K, capacity 1925K, committed 2048K, reserved 1048576K
Event: 1.509 GC heap after
Heap after GC invocations=2 (full 0):
 PSYoungGen      total 76288K, used 10745K [0x000000076af80000, 0x0000000774480000, 0x00000007c0000000)
  eden space 65536K, 0% used [0x000000076af80000,0x000000076af80000,0x000000076ef80000)
  from space 10752K, 99% used [0x000000076fa00000,0x000000077047e6c0,0x0000000770480000)
  to   space 10752K, 0% used [0x000000076ef80000,0x000000076ef80000,0x000000076fa00000)
 ParOldGen       total 175104K, used 64344K [0x00000006c0e00000, 0x00000006cb900000, 0x000000076af80000)
  object space 175104K, 36% used [0x00000006c0e00000,0x00000006c4cd63d0,0x00000006cb900000)
 Metaspace       used 12801K, capacity 13398K, committed 13568K, reserved 1060864K
  class space    used 1783K, capacity 1925K, committed 2048K, reserved 1048576K
}
Event: 1.701 GC heap before
{Heap before GC invocations=3 (full 0):
 PSYoungGen      total 76288K, used 76281K [0x000000076af80000, 0x0000000774480000, 0x00000007c0000000)
  eden space 65536K, 100% used [0x000000076af80000,0x000000076ef80000,0x000000076ef80000)
  from space 10752K, 99% used [0x000000076fa00000,0x000000077047e6c0,0x0000000770480000)
  to   space 10752K, 0% used [0x000000076ef80000,0x000000076ef80000,0x000000076fa00000)
 ParOldGen       total 175104K, used 64344K [0x00000006c0e00000, 0x00000006cb900000, 0x000000076af80000)
  object space 175104K, 36% used [0x00000006c0e00000,0x00000006c4cd63d0,0x00000006cb900000)
 Metaspace       used 12820K, capacity 13398K, committed 13568K, reserved 1060864K
  class space    used 1783K, capacity 1925K, committed 2048K, reserved 1048576K
Event: 1.715 GC heap after
Heap after GC invocations=3 (full 0):
 PSYoungGen      total 76288K, used 10734K [0x000000076af80000, 0x0000000774480000, 0x00000007c0000000)
  eden space 65536K, 0% used [0x000000076af80000,0x000000076af80000,0x000000076ef80000)
  from space 10752K, 99% used [0x000000076ef80000,0x000000076f9fb8f0,0x000000076fa00000)
  to   space 10752K, 0% used [0x0000000773a00000,0x0000000773a00000,0x0000000774480000)
 ParOldGen       total 175104K, used 113718K [0x00000006c0e00000, 0x00000006cb900000, 0x000000076af80000)
  object space 175104K, 64% used [0x00000006c0e00000,0x00000006c7d0dac8,0x00000006cb900000)
 Metaspace       used 12820K, capacity 13398K, committed 13568K, reserved 1060864K
  class space    used 1783K, capacity 1925K, committed 2048K, reserved 1048576K
}
Event: 1.715 GC heap before
{Heap before GC invocations=4 (full 1):
 PSYoungGen      total 76288K, used 10734K [0x000000076af80000, 0x0000000774480000, 0x00000007c0000000)
  eden space 65536K, 0% used [0x000000076af80000,0x000000076af80000,0x000000076ef80000)
  from space 10752K, 99% used [0x000000076ef80000,0x000000076f9fb8f0,0x000000076fa00000)
  to   space 10752K, 0% used [0x0000000773a00000,0x0000000773a00000,0x0000000774480000)
 ParOldGen       total 175104K, used 113718K [0x00000006c0e00000, 0x00000006cb900000, 0x000000076af80000)
  object space 175104K, 64% used [0x00000006c0e00000,0x00000006c7d0dac8,0x00000006cb900000)
 Metaspace       used 12820K, capacity 13398K, committed 13568K, reserved 1060864K
  class space    used 1783K, capacity 1925K, committed 2048K, reserved 1048576K
Event: 1.765 GC heap after
Heap after GC invocations=4 (full 1):
 PSYoungGen      total 76288K, used 0K [0x000000076af80000, 0x0000000774480000, 0x00000007c0000000)
  eden space 65536K, 0% used [0x000000076af80000,0x000000076af80000,0x000000076ef80000)
  from space 10752K, 0% used [0x000000076ef80000,0x000000076ef80000,0x000000076fa00000)
  to   space 10752K, 0% used [0x0000000773a00000,0x0000000773a00000,0x0000000774480000)
 ParOldGen       total 281600K, used 124183K [0x00000006c0e00000, 0x00000006d2100000, 0x000000076af80000)
  object space 281600K, 44% used [0x00000006c0e00000,0x00000006c8745e38,0x00000006d2100000)
 Metaspace       used 12820K, capacity 13398K, committed 13568K, reserved 1060864K
  class space    used 1783K, capacity 1925K, committed 2048K, reserved 1048576K
}
Event: 2.043 GC heap before
{Heap before GC invocations=5 (full 1):
 PSYoungGen      total 76288K, used 65199K [0x000000076af80000, 0x0000000774480000, 0x00000007c0000000)
  eden space 65536K, 99% used [0x000000076af80000,0x000000076ef2be78,0x000000076ef80000)
  from space 10752K, 0% used [0x000000076ef80000,0x000000076ef80000,0x000000076fa00000)
  to   space 10752K, 0% used [0x0000000773a00000,0x0000000773a00000,0x0000000774480000)
 ParOldGen       total 281600K, used 124183K [0x00000006c0e00000, 0x00000006d2100000, 0x000000076af80000)
  object space 281600K, 44% used [0x00000006c0e00000,0x00000006c8745e38,0x00000006d2100000)
 Metaspace       used 12833K, capacity 13410K, committed 13568K, reserved 1060864K
  class space    used 1784K, capacity 1927K, committed 2048K, reserved 1048576K
Event: 2.060 GC heap after
Heap after GC invocations=5 (full 1):
 PSYoungGen      total 115200K, used 10731K [0x000000076af80000, 0x0000000774480000, 0x00000007c0000000)
  eden space 104448K, 0% used [0x000000076af80000,0x000000076af80000,0x0000000771580000)
  from space 10752K, 99% used [0x0000000773a00000,0x000000077447ac58,0x0000000774480000)
  to   space 10752K, 0% used [0x0000000772f80000,0x0000000772f80000,0x0000000773a00000)
 ParOldGen       total 281600K, used 164322K [0x00000006c0e00000, 0x00000006d2100000, 0x000000076af80000)
  object space 281600K, 58% used [0x00000006c0e00000,0x00000006cae78bf0,0x00000006d2100000)
 Metaspace       used 12833K, capacity 13410K, committed 13568K, reserved 1060864K
  class space    used 1784K, capacity 1927K, committed 2048K, reserved 1048576K
}
Event: 139.088 GC heap before
{Heap before GC invocations=6 (full 1):
 PSYoungGen      total 115200K, used 115179K [0x000000076af80000, 0x0000000774480000, 0x00000007c0000000)
  eden space 104448K, 100% used [0x000000076af80000,0x0000000771580000,0x0000000771580000)
  from space 10752K, 99% used [0x0000000773a00000,0x000000077447ac58,0x0000000774480000)
  to   space 10752K, 0% used [0x0000000772f80000,0x0000000772f80000,0x0000000773a00000)
 ParOldGen       total 281600K, used 164322K [0x00000006c0e00000, 0x00000006d2100000, 0x000000076af80000)
  object space 281600K, 58% used [0x00000006c0e00000,0x00000006cae78bf0,0x00000006d2100000)
 Metaspace       used 18624K, capacity 19826K, committed 20096K, reserved 1067008K
  class space    used 2621K, capacity 2879K, committed 2944K, reserved 1048576K
Event: 139.111 GC heap after
Heap after GC invocations=6 (full 1):
 PSYoungGen      total 141824K, used 10740K [0x000000076af80000, 0x000000077d680000, 0x00000007c0000000)
  eden space 131072K, 0% used [0x000000076af80000,0x000000076af80000,0x0000000772f80000)
  from space 10752K, 99% used [0x0000000772f80000,0x00000007739fd140,0x0000000773a00000)
  to   space 71680K, 0% used [0x0000000779080000,0x0000000779080000,0x000000077d680000)
 ParOldGen       total 281600K, used 181294K [0x00000006c0e00000, 0x00000006d2100000, 0x000000076af80000)
  object space 281600K, 64% used [0x00000006c0e00000,0x00000006cbf0b8b8,0x00000006d2100000)
 Metaspace       used 18624K, capacity 19826K, committed 20096K, reserved 1067008K
  class space    used 2621K, capacity 2879K, committed 2944K, reserved 1048576K
}

