# JRE version: Java(TM) SE Runtime Environment (8.0_102-b14) (build 1.8.0_102-b14)
# Java VM: Java HotSpot(TM) 64-Bit Server VM (25.102-b14 mixed mode windows-amd64 compressed oops)
Heap:
 PSYoungGen      total 107520K, used 49783K [0x00000000e0600000, 0x00000000eed00000, 0x0000000100000000)
  eden space 67072K, 74% used [0x00000000e0600000,0x00000000e369df38,0x00000000e4780000)
  from space 40448K, 0% used [0x00000000e4780000,0x00000000e4780000,0x00000000e6f00000)
  to   space 71168K, 0% used [0x00000000ea780000,0x00000000ea780000,0x00000000eed00000)
 ParOldGen       total 313344K, used 179769K [0x00000000a1200000, 0x00000000b4400000, 0x00000000e0600000)
  object space 313344K, 57% used [0x00000000a1200000,0x00000000ac18e568,0x00000000b4400000)
 Metaspace       used 17908K, capacity 19070K, committed 19328K, reserved 1064960K
  class space    used 2575K, capacity 2847K, committed 2944K, reserved 1048576K
GC Heap History (10 events):
Event: 2.370 GC heap before
{Heap before GC invocations=6 (full 1):
 PSYoungGen      total 53248K, used 47095K [0x00000000e0600000, 0x00000000e3e00000, 0x0000000100000000)
  eden space 49152K, 95% used [0x00000000e0600000,0x00000000e33fdef8,0x00000000e3600000)
  from space 4096K, 0% used [0x00000000e3a00000,0x00000000e3a00000,0x00000000e3e00000)
  to   space 4096K, 0% used [0x00000000e3600000,0x00000000e3600000,0x00000000e3a00000)
 ParOldGen       total 119808K, used 55402K [0x00000000a1200000, 0x00000000a8700000, 0x00000000e0600000)
  object space 119808K, 46% used [0x00000000a1200000,0x00000000a481ab78,0x00000000a8700000)
 Metaspace       used 12716K, capacity 13344K, committed 13568K, reserved 1060864K
  class space    used 1781K, capacity 1928K, committed 2048K, reserved 1048576K
Event: 2.385 GC heap after
Heap after GC invocations=6 (full 1):
 PSYoungGen      total 53248K, used 4017K [0x00000000e0600000, 0x00000000e9000000, 0x0000000100000000)
  eden space 49152K, 0% used [0x00000000e0600000,0x00000000e0600000,0x00000000e3600000)
  from space 4096K, 98% used [0x00000000e3600000,0x00000000e39ec5d0,0x00000000e3a00000)
  to   space 32768K, 0% used [0x00000000e7000000,0x00000000e7000000,0x00000000e9000000)
 ParOldGen       total 119808K, used 90708K [0x00000000a1200000, 0x00000000a8700000, 0x00000000e0600000)
  object space 119808K, 75% used [0x00000000a1200000,0x00000000a6a951e8,0x00000000a8700000)
 Metaspace       used 12716K, capacity 13344K, committed 13568K, reserved 1060864K
  class space    used 1781K, capacity 1928K, committed 2048K, reserved 1048576K
}
Event: 2.385 GC heap before
{Heap before GC invocations=7 (full 2):
 PSYoungGen      total 53248K, used 4017K [0x00000000e0600000, 0x00000000e9000000, 0x0000000100000000)
  eden space 49152K, 0% used [0x00000000e0600000,0x00000000e0600000,0x00000000e3600000)
  from space 4096K, 98% used [0x00000000e3600000,0x00000000e39ec5d0,0x00000000e3a00000)
  to   space 32768K, 0% used [0x00000000e7000000,0x00000000e7000000,0x00000000e9000000)
 ParOldGen       total 119808K, used 90708K [0x00000000a1200000, 0x00000000a8700000, 0x00000000e0600000)
  object space 119808K, 75% used [0x00000000a1200000,0x00000000a6a951e8,0x00000000a8700000)
 Metaspace       used 12716K, capacity 13344K, committed 13568K, reserved 1060864K
  class space    used 1781K, capacity 1928K, committed 2048K, reserved 1048576K
Event: 2.422 GC heap after
Heap after GC invocations=7 (full 2):
 PSYoungGen      total 53248K, used 0K [0x00000000e0600000, 0x00000000e9000000, 0x0000000100000000)
  eden space 49152K, 0% used [0x00000000e0600000,0x00000000e0600000,0x00000000e3600000)
  from space 4096K, 0% used [0x00000000e3600000,0x00000000e3600000,0x00000000e3a00000)
  to   space 32768K, 0% used [0x00000000e7000000,0x00000000e7000000,0x00000000e9000000)
 ParOldGen       total 192512K, used 92124K [0x00000000a1200000, 0x00000000ace00000, 0x00000000e0600000)
  object space 192512K, 47% used [0x00000000a1200000,0x00000000a6bf7060,0x00000000ace00000)
 Metaspace       used 12716K, capacity 13344K, committed 13568K, reserved 1060864K
  class space    used 1781K, capacity 1928K, committed 2048K, reserved 1048576K
}
Event: 2.632 GC heap before
{Heap before GC invocations=8 (full 2):
 PSYoungGen      total 53248K, used 49152K [0x00000000e0600000, 0x00000000e9000000, 0x0000000100000000)
  eden space 49152K, 100% used [0x00000000e0600000,0x00000000e3600000,0x00000000e3600000)
  from space 4096K, 0% used [0x00000000e3600000,0x00000000e3600000,0x00000000e3a00000)
  to   space 32768K, 0% used [0x00000000e7000000,0x00000000e7000000,0x00000000e9000000)
 ParOldGen       total 192512K, used 92124K [0x00000000a1200000, 0x00000000ace00000, 0x00000000e0600000)
  object space 192512K, 47% used [0x00000000a1200000,0x00000000a6bf7060,0x00000000ace00000)
 Metaspace       used 12736K, capacity 13348K, committed 13568K, reserved 1060864K
  class space    used 1781K, capacity 1928K, committed 2048K, reserved 1048576K
Event: 2.643 GC heap after
Heap after GC invocations=8 (full 2):
 PSYoungGen      total 99840K, used 32720K [0x00000000e0600000, 0x00000000e9680000, 0x0000000100000000)
  eden space 67072K, 0% used [0x00000000e0600000,0x00000000e0600000,0x00000000e4780000)
  from space 32768K, 99% used [0x00000000e7000000,0x00000000e8ff4108,0x00000000e9000000)
  to   space 40448K, 0% used [0x00000000e4780000,0x00000000e4780000,0x00000000e6f00000)
 ParOldGen       total 192512K, used 98770K [0x00000000a1200000, 0x00000000ace00000, 0x00000000e0600000)
  object space 192512K, 51% used [0x00000000a1200000,0x00000000a7274a60,0x00000000ace00000)
 Metaspace       used 12736K, capacity 13348K, committed 13568K, reserved 1060864K
  class space    used 1781K, capacity 1928K, committed 2048K, reserved 1048576K
}
Event: 2.981 GC heap before
{Heap before GC invocations=9 (full 2):
 PSYoungGen      total 99840K, used 99769K [0x00000000e0600000, 0x00000000e9680000, 0x0000000100000000)
  eden space 67072K, 99% used [0x00000000e0600000,0x00000000e477a6e8,0x00000000e4780000)
  from space 32768K, 99% used [0x00000000e7000000,0x00000000e8ff4108,0x00000000e9000000)
  to   space 40448K, 0% used [0x00000000e4780000,0x00000000e4780000,0x00000000e6f00000)
 ParOldGen       total 192512K, used 98770K [0x00000000a1200000, 0x00000000ace00000, 0x00000000e0600000)
  object space 192512K, 51% used [0x00000000a1200000,0x00000000a7274a60,0x00000000ace00000)
 Metaspace       used 12772K, capacity 13360K, committed 13568K, reserved 1060864K
  class space    used 1783K, capacity 1930K, committed 2048K, reserved 1048576K
Event: 3.005 GC heap after
Heap after GC invocations=9 (full 2):
 PSYoungGen      total 107520K, used 40441K [0x00000000e0600000, 0x00000000eed00000, 0x0000000100000000)
  eden space 67072K, 0% used [0x00000000e0600000,0x00000000e0600000,0x00000000e4780000)
  from space 40448K, 99% used [0x00000000e4780000,0x00000000e6efe7d0,0x00000000e6f00000)
  to   space 71168K, 0% used [0x00000000ea780000,0x00000000ea780000,0x00000000eed00000)
 ParOldGen       total 192512K, used 142881K [0x00000000a1200000, 0x00000000ace00000, 0x00000000e0600000)
  object space 192512K, 74% used [0x00000000a1200000,0x00000000a9d88480,0x00000000ace00000)
 Metaspace       used 12772K, capacity 13360K, committed 13568K, reserved 1060864K
  class space    used 1783K, capacity 1930K, committed 2048K, reserved 1048576K
}
Event: 3.006 GC heap before
{Heap before GC invocations=10 (full 3):
 PSYoungGen      total 107520K, used 40441K [0x00000000e0600000, 0x00000000eed00000, 0x0000000100000000)
  eden space 67072K, 0% used [0x00000000e0600000,0x00000000e0600000,0x00000000e4780000)
  from space 40448K, 99% used [0x00000000e4780000,0x00000000e6efe7d0,0x00000000e6f00000)
  to   space 71168K, 0% used [0x00000000ea780000,0x00000000ea780000,0x00000000eed00000)
 ParOldGen       total 192512K, used 142881K [0x00000000a1200000, 0x00000000ace00000, 0x00000000e0600000)
  object space 192512K, 74% used [0x00000000a1200000,0x00000000a9d88480,0x00000000ace00000)
 Metaspace       used 12772K, capacity 13360K, committed 13568K, reserved 1060864K
  class space    used 1783K, capacity 1930K, committed 2048K, reserved 1048576K
Event: 3.060 GC heap after
Heap after GC invocations=10 (full 3):
 PSYoungGen      total 107520K, used 0K [0x00000000e0600000, 0x00000000eed00000, 0x0000000100000000)
  eden space 67072K, 0% used [0x00000000e0600000,0x00000000e0600000,0x00000000e4780000)
  from space 40448K, 0% used [0x00000000e4780000,0x00000000e4780000,0x00000000e6f00000)
  to   space 71168K, 0% used [0x00000000ea780000,0x00000000ea780000,0x00000000eed00000)
 ParOldGen       total 313344K, used 179769K [0x00000000a1200000, 0x00000000b4400000, 0x00000000e0600000)
  object space 313344K, 57% used [0x00000000a1200000,0x00000000ac18e568,0x00000000b4400000)
 Metaspace       used 12772K, capacity 13360K, committed 13568K, reserved 1060864K
  class space    used 1783K, capacity 1930K, committed 2048K, reserved 1048576K
}

