# JRE version: Java(TM) SE Runtime Environment (8.0_102-b14) (build 1.8.0_102-b14)
# Java VM: Java HotSpot(TM) 64-Bit Server VM (25.102-b14 mixed mode windows-amd64 compressed oops)
Heap:
 PSYoungGen      total 109056K, used 94768K [0x00000000e0600000, 0x00000000ec580000, 0x0000000100000000)
  eden space 65024K, 78% used [0x00000000e0600000,0x00000000e37b0058,0x00000000e4580000)
  from space 44032K, 99% used [0x00000000e4580000,0x00000000e705c2a0,0x00000000e7080000)
  to   space 53248K, 0% used [0x00000000e9180000,0x00000000e9180000,0x00000000ec580000)
 ParOldGen       total 193024K, used 137784K [0x00000000a1200000, 0x00000000ace80000, 0x00000000e0600000)
  object space 193024K, 71% used [0x00000000a1200000,0x00000000a988e1f0,0x00000000ace80000)
 Metaspace       used 17976K, capacity 19170K, committed 19200K, reserved 1064960K
  class space    used 2563K, capacity 2815K, committed 2816K, reserved 1048576K
GC Heap History (10 events):
Event: 2.101 GC heap before
{Heap before GC invocations=5 (full 1):
 PSYoungGen      total 53248K, used 4077K [0x00000000e0600000, 0x00000000e3e00000, 0x0000000100000000)
  eden space 49152K, 0% used [0x00000000e0600000,0x00000000e0600000,0x00000000e3600000)
  from space 4096K, 99% used [0x00000000e3a00000,0x00000000e3dfb408,0x00000000e3e00000)
  to   space 4096K, 0% used [0x00000000e3600000,0x00000000e3600000,0x00000000e3a00000)
 ParOldGen       total 65536K, used 50898K [0x00000000a1200000, 0x00000000a5200000, 0x00000000e0600000)
  object space 65536K, 77% used [0x00000000a1200000,0x00000000a43b4a28,0x00000000a5200000)
 Metaspace       used 12658K, capacity 13252K, committed 13440K, reserved 1060864K
  class space    used 1766K, capacity 1917K, committed 1920K, reserved 1048576K
Event: 2.153 GC heap after
Heap after GC invocations=5 (full 1):
 PSYoungGen      total 53248K, used 0K [0x00000000e0600000, 0x00000000e3e00000, 0x0000000100000000)
  eden space 49152K, 0% used [0x00000000e0600000,0x00000000e0600000,0x00000000e3600000)
  from space 4096K, 0% used [0x00000000e3a00000,0x00000000e3a00000,0x00000000e3e00000)
  to   space 4096K, 0% used [0x00000000e3600000,0x00000000e3600000,0x00000000e3a00000)
 ParOldGen       total 118272K, used 54862K [0x00000000a1200000, 0x00000000a8580000, 0x00000000e0600000)
  object space 118272K, 46% used [0x00000000a1200000,0x00000000a4793960,0x00000000a8580000)
 Metaspace       used 12658K, capacity 13252K, committed 13440K, reserved 1060864K
  class space    used 1766K, capacity 1917K, committed 1920K, reserved 1048576K
}
Event: 2.431 GC heap before
{Heap before GC invocations=6 (full 1):
 PSYoungGen      total 53248K, used 47642K [0x00000000e0600000, 0x00000000e3e00000, 0x0000000100000000)
  eden space 49152K, 96% used [0x00000000e0600000,0x00000000e3486968,0x00000000e3600000)
  from space 4096K, 0% used [0x00000000e3a00000,0x00000000e3a00000,0x00000000e3e00000)
  to   space 4096K, 0% used [0x00000000e3600000,0x00000000e3600000,0x00000000e3a00000)
 ParOldGen       total 118272K, used 54862K [0x00000000a1200000, 0x00000000a8580000, 0x00000000e0600000)
  object space 118272K, 46% used [0x00000000a1200000,0x00000000a4793960,0x00000000a8580000)
 Metaspace       used 12712K, capacity 13344K, committed 13568K, reserved 1060864K
  class space    used 1774K, capacity 1928K, committed 2048K, reserved 1048576K
Event: 2.446 GC heap after
Heap after GC invocations=6 (full 1):
 PSYoungGen      total 53248K, used 4017K [0x00000000e0600000, 0x00000000e9180000, 0x0000000100000000)
  eden space 49152K, 0% used [0x00000000e0600000,0x00000000e0600000,0x00000000e3600000)
  from space 4096K, 98% used [0x00000000e3600000,0x00000000e39ec5d0,0x00000000e3a00000)
  to   space 32768K, 0% used [0x00000000e7180000,0x00000000e7180000,0x00000000e9180000)
 ParOldGen       total 118272K, used 90703K [0x00000000a1200000, 0x00000000a8580000, 0x00000000e0600000)
  object space 118272K, 76% used [0x00000000a1200000,0x00000000a6a93d50,0x00000000a8580000)
 Metaspace       used 12712K, capacity 13344K, committed 13568K, reserved 1060864K
  class space    used 1774K, capacity 1928K, committed 2048K, reserved 1048576K
}
Event: 2.446 GC heap before
{Heap before GC invocations=7 (full 2):
 PSYoungGen      total 53248K, used 4017K [0x00000000e0600000, 0x00000000e9180000, 0x0000000100000000)
  eden space 49152K, 0% used [0x00000000e0600000,0x00000000e0600000,0x00000000e3600000)
  from space 4096K, 98% used [0x00000000e3600000,0x00000000e39ec5d0,0x00000000e3a00000)
  to   space 32768K, 0% used [0x00000000e7180000,0x00000000e7180000,0x00000000e9180000)
 ParOldGen       total 118272K, used 90703K [0x00000000a1200000, 0x00000000a8580000, 0x00000000e0600000)
  object space 118272K, 76% used [0x00000000a1200000,0x00000000a6a93d50,0x00000000a8580000)
 Metaspace       used 12712K, capacity 13344K, committed 13568K, reserved 1060864K
  class space    used 1774K, capacity 1928K, committed 2048K, reserved 1048576K
Event: 2.484 GC heap after
Heap after GC invocations=7 (full 2):
 PSYoungGen      total 53248K, used 0K [0x00000000e0600000, 0x00000000e9180000, 0x0000000100000000)
  eden space 49152K, 0% used [0x00000000e0600000,0x00000000e0600000,0x00000000e3600000)
  from space 4096K, 0% used [0x00000000e3600000,0x00000000e3600000,0x00000000e3a00000)
  to   space 32768K, 0% used [0x00000000e7180000,0x00000000e7180000,0x00000000e9180000)
 ParOldGen       total 193024K, used 92124K [0x00000000a1200000, 0x00000000ace80000, 0x00000000e0600000)
  object space 193024K, 47% used [0x00000000a1200000,0x00000000a6bf7380,0x00000000ace80000)
 Metaspace       used 12712K, capacity 13344K, committed 13568K, reserved 1060864K
  class space    used 1774K, capacity 1928K, committed 2048K, reserved 1048576K
}
Event: 2.778 GC heap before
{Heap before GC invocations=8 (full 2):
 PSYoungGen      total 53248K, used 49152K [0x00000000e0600000, 0x00000000e9180000, 0x0000000100000000)
  eden space 49152K, 100% used [0x00000000e0600000,0x00000000e3600000,0x00000000e3600000)
  from space 4096K, 0% used [0x00000000e3600000,0x00000000e3600000,0x00000000e3a00000)
  to   space 32768K, 0% used [0x00000000e7180000,0x00000000e7180000,0x00000000e9180000)
 ParOldGen       total 193024K, used 92124K [0x00000000a1200000, 0x00000000ace80000, 0x00000000e0600000)
  object space 193024K, 47% used [0x00000000a1200000,0x00000000a6bf7380,0x00000000ace80000)
 Metaspace       used 12732K, capacity 13348K, committed 13568K, reserved 1060864K
  class space    used 1774K, capacity 1928K, committed 2048K, reserved 1048576K
Event: 2.789 GC heap after
Heap after GC invocations=8 (full 2):
 PSYoungGen      total 97792K, used 32736K [0x00000000e0600000, 0x00000000e9b80000, 0x0000000100000000)
  eden space 65024K, 0% used [0x00000000e0600000,0x00000000e0600000,0x00000000e4580000)
  from space 32768K, 99% used [0x00000000e7180000,0x00000000e9178118,0x00000000e9180000)
  to   space 44032K, 0% used [0x00000000e4580000,0x00000000e4580000,0x00000000e7080000)
 ParOldGen       total 193024K, used 98779K [0x00000000a1200000, 0x00000000ace80000, 0x00000000e0600000)
  object space 193024K, 51% used [0x00000000a1200000,0x00000000a7276d80,0x00000000ace80000)
 Metaspace       used 12732K, capacity 13348K, committed 13568K, reserved 1060864K
  class space    used 1774K, capacity 1928K, committed 2048K, reserved 1048576K
}
Event: 3.130 GC heap before
{Heap before GC invocations=9 (full 2):
 PSYoungGen      total 97792K, used 97760K [0x00000000e0600000, 0x00000000e9b80000, 0x0000000100000000)
  eden space 65024K, 100% used [0x00000000e0600000,0x00000000e4580000,0x00000000e4580000)
  from space 32768K, 99% used [0x00000000e7180000,0x00000000e9178118,0x00000000e9180000)
  to   space 44032K, 0% used [0x00000000e4580000,0x00000000e4580000,0x00000000e7080000)
 ParOldGen       total 193024K, used 98779K [0x00000000a1200000, 0x00000000ace80000, 0x00000000e0600000)
  object space 193024K, 51% used [0x00000000a1200000,0x00000000a7276d80,0x00000000ace80000)
 Metaspace       used 12772K, capacity 13360K, committed 13568K, reserved 1060864K
  class space    used 1775K, capacity 1930K, committed 2048K, reserved 1048576K
Event: 3.155 GC heap after
Heap after GC invocations=9 (full 2):
 PSYoungGen      total 109056K, used 43888K [0x00000000e0600000, 0x00000000ec580000, 0x0000000100000000)
  eden space 65024K, 0% used [0x00000000e0600000,0x00000000e0600000,0x00000000e4580000)
  from space 44032K, 99% used [0x00000000e4580000,0x00000000e705c2a0,0x00000000e7080000)
  to   space 53248K, 0% used [0x00000000e9180000,0x00000000e9180000,0x00000000ec580000)
 ParOldGen       total 193024K, used 137784K [0x00000000a1200000, 0x00000000ace80000, 0x00000000e0600000)
  object space 193024K, 71% used [0x00000000a1200000,0x00000000a988e1f0,0x00000000ace80000)
 Metaspace       used 12772K, capacity 13360K, committed 13568K, reserved 1060864K
  class space    used 1775K, capacity 1930K, committed 2048K, reserved 1048576K
}

