# JRE version: Java(TM) SE Runtime Environment (8.0_102-b14) (build 1.8.0_102-b14)
# Java VM: Java HotSpot(TM) 64-Bit Server VM (25.102-b14 mixed mode windows-amd64 compressed oops)
Heap:
 PSYoungGen      total 119808K, used 58788K [0x00000000e0600000, 0x00000000efb80000, 0x0000000100000000)
  eden space 79360K, 62% used [0x00000000e0600000,0x00000000e363ba40,0x00000000e5380000)
  from space 40448K, 23% used [0x00000000e5380000,0x00000000e5cad900,0x00000000e7b00000)
  to   space 72192K, 0% used [0x00000000eb500000,0x00000000eb500000,0x00000000efb80000)
 ParOldGen       total 282112K, used 173103K [0x00000000a1200000, 0x00000000b2580000, 0x00000000e0600000)
  object space 282112K, 61% used [0x00000000a1200000,0x00000000abb0bc58,0x00000000b2580000)
 Metaspace       used 18394K, capacity 19664K, committed 19840K, reserved 1067008K
  class space    used 2632K, capacity 2896K, committed 2944K, reserved 1048576K
GC Heap History (10 events):
Event: 14.031 GC heap before
{Heap before GC invocations=6 (full 1):
 PSYoungGen      total 53248K, used 47114K [0x00000000e0600000, 0x00000000e3e00000, 0x0000000100000000)
  eden space 49152K, 95% used [0x00000000e0600000,0x00000000e3402b18,0x00000000e3600000)
  from space 4096K, 0% used [0x00000000e3a00000,0x00000000e3a00000,0x00000000e3e00000)
  to   space 4096K, 0% used [0x00000000e3600000,0x00000000e3600000,0x00000000e3a00000)
 ParOldGen       total 110592K, used 55401K [0x00000000a1200000, 0x00000000a7e00000, 0x00000000e0600000)
  object space 110592K, 50% used [0x00000000a1200000,0x00000000a481a778,0x00000000a7e00000)
 Metaspace       used 12710K, capacity 13344K, committed 13568K, reserved 1060864K
  class space    used 1777K, capacity 1928K, committed 2048K, reserved 1048576K
Event: 14.055 GC heap after
Heap after GC invocations=6 (full 1):
 PSYoungGen      total 53248K, used 4017K [0x00000000e0600000, 0x00000000ea280000, 0x0000000100000000)
  eden space 49152K, 0% used [0x00000000e0600000,0x00000000e0600000,0x00000000e3600000)
  from space 4096K, 98% used [0x00000000e3600000,0x00000000e39ec5d0,0x00000000e3a00000)
  to   space 32768K, 0% used [0x00000000e8280000,0x00000000e8280000,0x00000000ea280000)
 ParOldGen       total 110592K, used 90707K [0x00000000a1200000, 0x00000000a7e00000, 0x00000000e0600000)
  object space 110592K, 82% used [0x00000000a1200000,0x00000000a6a94de8,0x00000000a7e00000)
 Metaspace       used 12710K, capacity 13344K, committed 13568K, reserved 1060864K
  class space    used 1777K, capacity 1928K, committed 2048K, reserved 1048576K
}
Event: 14.055 GC heap before
{Heap before GC invocations=7 (full 2):
 PSYoungGen      total 53248K, used 4017K [0x00000000e0600000, 0x00000000ea280000, 0x0000000100000000)
  eden space 49152K, 0% used [0x00000000e0600000,0x00000000e0600000,0x00000000e3600000)
  from space 4096K, 98% used [0x00000000e3600000,0x00000000e39ec5d0,0x00000000e3a00000)
  to   space 32768K, 0% used [0x00000000e8280000,0x00000000e8280000,0x00000000ea280000)
 ParOldGen       total 110592K, used 90707K [0x00000000a1200000, 0x00000000a7e00000, 0x00000000e0600000)
  object space 110592K, 82% used [0x00000000a1200000,0x00000000a6a94de8,0x00000000a7e00000)
 Metaspace       used 12710K, capacity 13344K, committed 13568K, reserved 1060864K
  class space    used 1777K, capacity 1928K, committed 2048K, reserved 1048576K
Event: 14.095 GC heap after
Heap after GC invocations=7 (full 2):
 PSYoungGen      total 53248K, used 0K [0x00000000e0600000, 0x00000000ea280000, 0x0000000100000000)
  eden space 49152K, 0% used [0x00000000e0600000,0x00000000e0600000,0x00000000e3600000)
  from space 4096K, 0% used [0x00000000e3600000,0x00000000e3600000,0x00000000e3a00000)
  to   space 32768K, 0% used [0x00000000e8280000,0x00000000e8280000,0x00000000ea280000)
 ParOldGen       total 175104K, used 92123K [0x00000000a1200000, 0x00000000abd00000, 0x00000000e0600000)
  object space 175104K, 52% used [0x00000000a1200000,0x00000000a6bf6c30,0x00000000abd00000)
 Metaspace       used 12710K, capacity 13344K, committed 13568K, reserved 1060864K
  class space    used 1777K, capacity 1928K, committed 2048K, reserved 1048576K
}
Event: 14.499 GC heap before
{Heap before GC invocations=8 (full 2):
 PSYoungGen      total 53248K, used 49152K [0x00000000e0600000, 0x00000000ea280000, 0x0000000100000000)
  eden space 49152K, 100% used [0x00000000e0600000,0x00000000e3600000,0x00000000e3600000)
  from space 4096K, 0% used [0x00000000e3600000,0x00000000e3600000,0x00000000e3a00000)
  to   space 32768K, 0% used [0x00000000e8280000,0x00000000e8280000,0x00000000ea280000)
 ParOldGen       total 175104K, used 92123K [0x00000000a1200000, 0x00000000abd00000, 0x00000000e0600000)
  object space 175104K, 52% used [0x00000000a1200000,0x00000000a6bf6c30,0x00000000abd00000)
 Metaspace       used 12730K, capacity 13348K, committed 13568K, reserved 1060864K
  class space    used 1777K, capacity 1928K, committed 2048K, reserved 1048576K
Event: 14.522 GC heap after
Heap after GC invocations=8 (full 2):
 PSYoungGen      total 103936K, used 32752K [0x00000000e0600000, 0x00000000ea280000, 0x0000000100000000)
  eden space 71168K, 0% used [0x00000000e0600000,0x00000000e0600000,0x00000000e4b80000)
  from space 32768K, 99% used [0x00000000e8280000,0x00000000ea27c108,0x00000000ea280000)
  to   space 40448K, 0% used [0x00000000e5380000,0x00000000e5380000,0x00000000e7b00000)
 ParOldGen       total 175104K, used 98769K [0x00000000a1200000, 0x00000000abd00000, 0x00000000e0600000)
  object space 175104K, 56% used [0x00000000a1200000,0x00000000a7274630,0x00000000abd00000)
 Metaspace       used 12730K, capacity 13348K, committed 13568K, reserved 1060864K
  class space    used 1777K, capacity 1928K, committed 2048K, reserved 1048576K
}
Event: 14.959 GC heap before
{Heap before GC invocations=9 (full 2):
 PSYoungGen      total 103936K, used 103920K [0x00000000e0600000, 0x00000000ea280000, 0x0000000100000000)
  eden space 71168K, 100% used [0x00000000e0600000,0x00000000e4b80000,0x00000000e4b80000)
  from space 32768K, 99% used [0x00000000e8280000,0x00000000ea27c108,0x00000000ea280000)
  to   space 40448K, 0% used [0x00000000e5380000,0x00000000e5380000,0x00000000e7b00000)
 ParOldGen       total 175104K, used 98769K [0x00000000a1200000, 0x00000000abd00000, 0x00000000e0600000)
  object space 175104K, 56% used [0x00000000a1200000,0x00000000a7274630,0x00000000abd00000)
 Metaspace       used 12768K, capacity 13360K, committed 13568K, reserved 1060864K
  class space    used 1778K, capacity 1930K, committed 2048K, reserved 1048576K
Event: 15.005 GC heap after
Heap after GC invocations=9 (full 2):
 PSYoungGen      total 119808K, used 40421K [0x00000000e0600000, 0x00000000efb80000, 0x0000000100000000)
  eden space 79360K, 0% used [0x00000000e0600000,0x00000000e0600000,0x00000000e5380000)
  from space 40448K, 99% used [0x00000000e5380000,0x00000000e7af9520,0x00000000e7b00000)
  to   space 72192K, 0% used [0x00000000eb500000,0x00000000eb500000,0x00000000efb80000)
 ParOldGen       total 175104K, used 145631K [0x00000000a1200000, 0x00000000abd00000, 0x00000000e0600000)
  object space 175104K, 83% used [0x00000000a1200000,0x00000000aa037e00,0x00000000abd00000)
 Metaspace       used 12768K, capacity 13360K, committed 13568K, reserved 1060864K
  class space    used 1778K, capacity 1930K, committed 2048K, reserved 1048576K
}
Event: 15.005 GC heap before
{Heap before GC invocations=10 (full 3):
 PSYoungGen      total 119808K, used 40421K [0x00000000e0600000, 0x00000000efb80000, 0x0000000100000000)
  eden space 79360K, 0% used [0x00000000e0600000,0x00000000e0600000,0x00000000e5380000)
  from space 40448K, 99% used [0x00000000e5380000,0x00000000e7af9520,0x00000000e7b00000)
  to   space 72192K, 0% used [0x00000000eb500000,0x00000000eb500000,0x00000000efb80000)
 ParOldGen       total 175104K, used 145631K [0x00000000a1200000, 0x00000000abd00000, 0x00000000e0600000)
  object space 175104K, 83% used [0x00000000a1200000,0x00000000aa037e00,0x00000000abd00000)
 Metaspace       used 12768K, capacity 13360K, committed 13568K, reserved 1060864K
  class space    used 1778K, capacity 1930K, committed 2048K, reserved 1048576K
Event: 15.087 GC heap after
Heap after GC invocations=10 (full 3):
 PSYoungGen      total 119808K, used 9398K [0x00000000e0600000, 0x00000000efb80000, 0x0000000100000000)
  eden space 79360K, 0% used [0x00000000e0600000,0x00000000e0600000,0x00000000e5380000)
  from space 40448K, 23% used [0x00000000e5380000,0x00000000e5cad900,0x00000000e7b00000)
  to   space 72192K, 0% used [0x00000000eb500000,0x00000000eb500000,0x00000000efb80000)
 ParOldGen       total 282112K, used 173103K [0x00000000a1200000, 0x00000000b2580000, 0x00000000e0600000)
  object space 282112K, 61% used [0x00000000a1200000,0x00000000abb0bc58,0x00000000b2580000)
 Metaspace       used 12768K, capacity 13360K, committed 13568K, reserved 1060864K
  class space    used 1778K, capacity 1930K, committed 2048K, reserved 1048576K
}

