# JRE version: Java(TM) SE Runtime Environment (8.0_102-b14) (build 1.8.0_102-b14)
# Java VM: Java HotSpot(TM) 64-Bit Server VM (25.102-b14 mixed mode windows-amd64 compressed oops)
Heap:
 PSYoungGen      total 100352K, used 84930K [0x00000000e0600000, 0x00000000ee280000, 0x0000000100000000)
  eden space 64512K, 76% used [0x00000000e0600000,0x00000000e35f3680,0x00000000e4500000)
  from space 35840K, 99% used [0x00000000e4500000,0x00000000e67fd490,0x00000000e6800000)
  to   space 65024K, 0% used [0x00000000ea300000,0x00000000ea300000,0x00000000ee280000)
 ParOldGen       total 193536K, used 144737K [0x00000000a1200000, 0x00000000acf00000, 0x00000000e0600000)
  object space 193536K, 74% used [0x00000000a1200000,0x00000000a9f58768,0x00000000acf00000)
 Metaspace       used 18117K, capacity 19352K, committed 19584K, reserved 1067008K
  class space    used 2619K, capacity 2884K, committed 2944K, reserved 1048576K
GC Heap History (10 events):
Event: 2.715 GC heap before
{Heap before GC invocations=5 (full 1):
 PSYoungGen      total 53248K, used 4071K [0x00000000e0600000, 0x00000000e3e00000, 0x0000000100000000)
  eden space 49152K, 0% used [0x00000000e0600000,0x00000000e0600000,0x00000000e3600000)
  from space 4096K, 99% used [0x00000000e3a00000,0x00000000e3df9cc0,0x00000000e3e00000)
  to   space 4096K, 0% used [0x00000000e3600000,0x00000000e3600000,0x00000000e3a00000)
 ParOldGen       total 65536K, used 51425K [0x00000000a1200000, 0x00000000a5200000, 0x00000000e0600000)
  object space 65536K, 78% used [0x00000000a1200000,0x00000000a44386a0,0x00000000a5200000)
 Metaspace       used 12654K, capacity 13252K, committed 13440K, reserved 1060864K
  class space    used 1765K, capacity 1917K, committed 1920K, reserved 1048576K
Event: 2.818 GC heap after
Heap after GC invocations=5 (full 1):
 PSYoungGen      total 53248K, used 0K [0x00000000e0600000, 0x00000000e3e00000, 0x0000000100000000)
  eden space 49152K, 0% used [0x00000000e0600000,0x00000000e0600000,0x00000000e3600000)
  from space 4096K, 0% used [0x00000000e3a00000,0x00000000e3a00000,0x00000000e3e00000)
  to   space 4096K, 0% used [0x00000000e3600000,0x00000000e3600000,0x00000000e3a00000)
 ParOldGen       total 120832K, used 55409K [0x00000000a1200000, 0x00000000a8800000, 0x00000000e0600000)
  object space 120832K, 45% used [0x00000000a1200000,0x00000000a481c590,0x00000000a8800000)
 Metaspace       used 12654K, capacity 13252K, committed 13440K, reserved 1060864K
  class space    used 1765K, capacity 1917K, committed 1920K, reserved 1048576K
}
Event: 3.437 GC heap before
{Heap before GC invocations=6 (full 1):
 PSYoungGen      total 53248K, used 47115K [0x00000000e0600000, 0x00000000e3e00000, 0x0000000100000000)
  eden space 49152K, 95% used [0x00000000e0600000,0x00000000e3402fb0,0x00000000e3600000)
  from space 4096K, 0% used [0x00000000e3a00000,0x00000000e3a00000,0x00000000e3e00000)
  to   space 4096K, 0% used [0x00000000e3600000,0x00000000e3600000,0x00000000e3a00000)
 ParOldGen       total 120832K, used 55409K [0x00000000a1200000, 0x00000000a8800000, 0x00000000e0600000)
  object space 120832K, 45% used [0x00000000a1200000,0x00000000a481c590,0x00000000a8800000)
 Metaspace       used 12697K, capacity 13350K, committed 13568K, reserved 1060864K
  class space    used 1773K, capacity 1929K, committed 2048K, reserved 1048576K
Event: 3.455 GC heap after
Heap after GC invocations=6 (full 1):
 PSYoungGen      total 53248K, used 4049K [0x00000000e0600000, 0x00000000e8400000, 0x0000000100000000)
  eden space 49152K, 0% used [0x00000000e0600000,0x00000000e0600000,0x00000000e3600000)
  from space 4096K, 98% used [0x00000000e3600000,0x00000000e39f45d0,0x00000000e3a00000)
  to   space 28672K, 0% used [0x00000000e6800000,0x00000000e6800000,0x00000000e8400000)
 ParOldGen       total 120832K, used 90715K [0x00000000a1200000, 0x00000000a8800000, 0x00000000e0600000)
  object space 120832K, 75% used [0x00000000a1200000,0x00000000a6a96c00,0x00000000a8800000)
 Metaspace       used 12697K, capacity 13350K, committed 13568K, reserved 1060864K
  class space    used 1773K, capacity 1929K, committed 2048K, reserved 1048576K
}
Event: 3.455 GC heap before
{Heap before GC invocations=7 (full 2):
 PSYoungGen      total 53248K, used 4049K [0x00000000e0600000, 0x00000000e8400000, 0x0000000100000000)
  eden space 49152K, 0% used [0x00000000e0600000,0x00000000e0600000,0x00000000e3600000)
  from space 4096K, 98% used [0x00000000e3600000,0x00000000e39f45d0,0x00000000e3a00000)
  to   space 28672K, 0% used [0x00000000e6800000,0x00000000e6800000,0x00000000e8400000)
 ParOldGen       total 120832K, used 90715K [0x00000000a1200000, 0x00000000a8800000, 0x00000000e0600000)
  object space 120832K, 75% used [0x00000000a1200000,0x00000000a6a96c00,0x00000000a8800000)
 Metaspace       used 12697K, capacity 13350K, committed 13568K, reserved 1060864K
  class space    used 1773K, capacity 1929K, committed 2048K, reserved 1048576K
Event: 3.498 GC heap after
Heap after GC invocations=7 (full 2):
 PSYoungGen      total 53248K, used 0K [0x00000000e0600000, 0x00000000e8400000, 0x0000000100000000)
  eden space 49152K, 0% used [0x00000000e0600000,0x00000000e0600000,0x00000000e3600000)
  from space 4096K, 0% used [0x00000000e3600000,0x00000000e3600000,0x00000000e3a00000)
  to   space 28672K, 0% used [0x00000000e6800000,0x00000000e6800000,0x00000000e8400000)
 ParOldGen       total 193536K, used 92134K [0x00000000a1200000, 0x00000000acf00000, 0x00000000e0600000)
  object space 193536K, 47% used [0x00000000a1200000,0x00000000a6bf9a40,0x00000000acf00000)
 Metaspace       used 12697K, capacity 13350K, committed 13568K, reserved 1060864K
  class space    used 1773K, capacity 1929K, committed 2048K, reserved 1048576K
}
Event: 3.925 GC heap before
{Heap before GC invocations=8 (full 2):
 PSYoungGen      total 53248K, used 48953K [0x00000000e0600000, 0x00000000e8400000, 0x0000000100000000)
  eden space 49152K, 99% used [0x00000000e0600000,0x00000000e35ce4a0,0x00000000e3600000)
  from space 4096K, 0% used [0x00000000e3600000,0x00000000e3600000,0x00000000e3a00000)
  to   space 28672K, 0% used [0x00000000e6800000,0x00000000e6800000,0x00000000e8400000)
 ParOldGen       total 193536K, used 92134K [0x00000000a1200000, 0x00000000acf00000, 0x00000000e0600000)
  object space 193536K, 47% used [0x00000000a1200000,0x00000000a6bf9a40,0x00000000acf00000)
 Metaspace       used 12720K, capacity 13354K, committed 13568K, reserved 1060864K
  class space    used 1774K, capacity 1929K, committed 2048K, reserved 1048576K
Event: 3.944 GC heap after
Heap after GC invocations=8 (full 2):
 PSYoungGen      total 93184K, used 28576K [0x00000000e0600000, 0x00000000e8f00000, 0x0000000100000000)
  eden space 64512K, 0% used [0x00000000e0600000,0x00000000e0600000,0x00000000e4500000)
  from space 28672K, 99% used [0x00000000e6800000,0x00000000e83e8298,0x00000000e8400000)
  to   space 35840K, 0% used [0x00000000e4500000,0x00000000e4500000,0x00000000e6800000)
 ParOldGen       total 193536K, used 102507K [0x00000000a1200000, 0x00000000acf00000, 0x00000000e0600000)
  object space 193536K, 52% used [0x00000000a1200000,0x00000000a761ae18,0x00000000acf00000)
 Metaspace       used 12720K, capacity 13354K, committed 13568K, reserved 1060864K
  class space    used 1774K, capacity 1929K, committed 2048K, reserved 1048576K
}
Event: 4.376 GC heap before
{Heap before GC invocations=9 (full 2):
 PSYoungGen      total 93184K, used 93075K [0x00000000e0600000, 0x00000000e8f00000, 0x0000000100000000)
  eden space 64512K, 99% used [0x00000000e0600000,0x00000000e44fcd08,0x00000000e4500000)
  from space 28672K, 99% used [0x00000000e6800000,0x00000000e83e8298,0x00000000e8400000)
  to   space 35840K, 0% used [0x00000000e4500000,0x00000000e4500000,0x00000000e6800000)
 ParOldGen       total 193536K, used 102507K [0x00000000a1200000, 0x00000000acf00000, 0x00000000e0600000)
  object space 193536K, 52% used [0x00000000a1200000,0x00000000a761ae18,0x00000000acf00000)
 Metaspace       used 12759K, capacity 13366K, committed 13568K, reserved 1060864K
  class space    used 1775K, capacity 1931K, committed 2048K, reserved 1048576K
Event: 4.416 GC heap after
Heap after GC invocations=9 (full 2):
 PSYoungGen      total 100352K, used 35829K [0x00000000e0600000, 0x00000000ee280000, 0x0000000100000000)
  eden space 64512K, 0% used [0x00000000e0600000,0x00000000e0600000,0x00000000e4500000)
  from space 35840K, 99% used [0x00000000e4500000,0x00000000e67fd490,0x00000000e6800000)
  to   space 65024K, 0% used [0x00000000ea300000,0x00000000ea300000,0x00000000ee280000)
 ParOldGen       total 193536K, used 144737K [0x00000000a1200000, 0x00000000acf00000, 0x00000000e0600000)
  object space 193536K, 74% used [0x00000000a1200000,0x00000000a9f58768,0x00000000acf00000)
 Metaspace       used 12759K, capacity 13366K, committed 13568K, reserved 1060864K
  class space    used 1775K, capacity 1931K, committed 2048K, reserved 1048576K
}

