# JRE version: Java(TM) SE Runtime Environment (8.0_102-b14) (build 1.8.0_102-b14)
# Java VM: Java HotSpot(TM) 64-Bit Server VM (25.102-b14 mixed mode windows-amd64 compressed oops)
Heap:
 PSYoungGen      total 160768K, used 114172K [0x00000000e0600000, 0x00000000ef400000, 0x0000000100000000)
  eden space 98304K, 74% used [0x00000000e0600000,0x00000000e4d72808,0x00000000e6600000)
  from space 62464K, 65% used [0x00000000eb700000,0x00000000edf0ca20,0x00000000ef400000)
  to   space 72704K, 0% used [0x00000000e6600000,0x00000000e6600000,0x00000000ead00000)
 ParOldGen       total 305664K, used 182851K [0x00000000a1200000, 0x00000000b3c80000, 0x00000000e0600000)
  object space 305664K, 59% used [0x00000000a1200000,0x00000000ac490ed8,0x00000000b3c80000)
 Metaspace       used 18633K, capacity 19916K, committed 20096K, reserved 1067008K
  class space    used 2639K, capacity 2896K, committed 2944K, reserved 1048576K
GC Heap History (10 events):
Event: 2.743 GC heap before
{Heap before GC invocations=7 (full 2):
 PSYoungGen      total 53248K, used 4049K [0x00000000e0600000, 0x00000000e9280000, 0x0000000100000000)
  eden space 49152K, 0% used [0x00000000e0600000,0x00000000e0600000,0x00000000e3600000)
  from space 4096K, 98% used [0x00000000e3600000,0x00000000e39f45d0,0x00000000e3a00000)
  to   space 32768K, 0% used [0x00000000e7280000,0x00000000e7280000,0x00000000e9280000)
 ParOldGen       total 117248K, used 90703K [0x00000000a1200000, 0x00000000a8480000, 0x00000000e0600000)
  object space 117248K, 77% used [0x00000000a1200000,0x00000000a6a93ea8,0x00000000a8480000)
 Metaspace       used 12717K, capacity 13344K, committed 13568K, reserved 1060864K
  class space    used 1777K, capacity 1928K, committed 2048K, reserved 1048576K
Event: 2.762 GC heap after
Heap after GC invocations=7 (full 2):
 PSYoungGen      total 53248K, used 0K [0x00000000e0600000, 0x00000000e9280000, 0x0000000100000000)
  eden space 49152K, 0% used [0x00000000e0600000,0x00000000e0600000,0x00000000e3600000)
  from space 4096K, 0% used [0x00000000e3600000,0x00000000e3600000,0x00000000e3a00000)
  to   space 32768K, 0% used [0x00000000e7280000,0x00000000e7280000,0x00000000e9280000)
 ParOldGen       total 185856K, used 92181K [0x00000000a1200000, 0x00000000ac780000, 0x00000000e0600000)
  object space 185856K, 49% used [0x00000000a1200000,0x00000000a6c05478,0x00000000ac780000)
 Metaspace       used 12717K, capacity 13344K, committed 13568K, reserved 1060864K
  class space    used 1777K, capacity 1928K, committed 2048K, reserved 1048576K
}
Event: 2.981 GC heap before
{Heap before GC invocations=8 (full 2):
 PSYoungGen      total 53248K, used 49152K [0x00000000e0600000, 0x00000000e9280000, 0x0000000100000000)
  eden space 49152K, 100% used [0x00000000e0600000,0x00000000e3600000,0x00000000e3600000)
  from space 4096K, 0% used [0x00000000e3600000,0x00000000e3600000,0x00000000e3a00000)
  to   space 32768K, 0% used [0x00000000e7280000,0x00000000e7280000,0x00000000e9280000)
 ParOldGen       total 185856K, used 92181K [0x00000000a1200000, 0x00000000ac780000, 0x00000000e0600000)
  object space 185856K, 49% used [0x00000000a1200000,0x00000000a6c05478,0x00000000ac780000)
 Metaspace       used 12737K, capacity 13348K, committed 13568K, reserved 1060864K
  class space    used 1777K, capacity 1928K, committed 2048K, reserved 1048576K
Event: 2.992 GC heap after
Heap after GC invocations=8 (full 2):
 PSYoungGen      total 103936K, used 32736K [0x00000000e0600000, 0x00000000e9c00000, 0x0000000100000000)
  eden space 71168K, 0% used [0x00000000e0600000,0x00000000e0600000,0x00000000e4b80000)
  from space 32768K, 99% used [0x00000000e7280000,0x00000000e9278118,0x00000000e9280000)
  to   space 39936K, 0% used [0x00000000e4b80000,0x00000000e4b80000,0x00000000e7280000)
 ParOldGen       total 185856K, used 98827K [0x00000000a1200000, 0x00000000ac780000, 0x00000000e0600000)
  object space 185856K, 53% used [0x00000000a1200000,0x00000000a7282e78,0x00000000ac780000)
 Metaspace       used 12737K, capacity 13348K, committed 13568K, reserved 1060864K
  class space    used 1777K, capacity 1928K, committed 2048K, reserved 1048576K
}
Event: 3.368 GC heap before
{Heap before GC invocations=9 (full 2):
 PSYoungGen      total 103936K, used 103904K [0x00000000e0600000, 0x00000000e9c00000, 0x0000000100000000)
  eden space 71168K, 100% used [0x00000000e0600000,0x00000000e4b80000,0x00000000e4b80000)
  from space 32768K, 99% used [0x00000000e7280000,0x00000000e9278118,0x00000000e9280000)
  to   space 39936K, 0% used [0x00000000e4b80000,0x00000000e4b80000,0x00000000e7280000)
 ParOldGen       total 185856K, used 98827K [0x00000000a1200000, 0x00000000ac780000, 0x00000000e0600000)
  object space 185856K, 53% used [0x00000000a1200000,0x00000000a7282e78,0x00000000ac780000)
 Metaspace       used 12776K, capacity 13360K, committed 13568K, reserved 1060864K
  class space    used 1778K, capacity 1930K, committed 2048K, reserved 1048576K
Event: 3.394 GC heap after
Heap after GC invocations=9 (full 2):
 PSYoungGen      total 111104K, used 39929K [0x00000000e0600000, 0x00000000efd80000, 0x0000000100000000)
  eden space 71168K, 0% used [0x00000000e0600000,0x00000000e0600000,0x00000000e4b80000)
  from space 39936K, 99% used [0x00000000e4b80000,0x00000000e727e590,0x00000000e7280000)
  to   space 72192K, 0% used [0x00000000eb700000,0x00000000eb700000,0x00000000efd80000)
 ParOldGen       total 185856K, used 146105K [0x00000000a1200000, 0x00000000ac780000, 0x00000000e0600000)
  object space 185856K, 78% used [0x00000000a1200000,0x00000000aa0ae6a0,0x00000000ac780000)
 Metaspace       used 12776K, capacity 13360K, committed 13568K, reserved 1060864K
  class space    used 1778K, capacity 1930K, committed 2048K, reserved 1048576K
}
Event: 3.395 GC heap before
{Heap before GC invocations=10 (full 3):
 PSYoungGen      total 111104K, used 39929K [0x00000000e0600000, 0x00000000efd80000, 0x0000000100000000)
  eden space 71168K, 0% used [0x00000000e0600000,0x00000000e0600000,0x00000000e4b80000)
  from space 39936K, 99% used [0x00000000e4b80000,0x00000000e727e590,0x00000000e7280000)
  to   space 72192K, 0% used [0x00000000eb700000,0x00000000eb700000,0x00000000efd80000)
 ParOldGen       total 185856K, used 146105K [0x00000000a1200000, 0x00000000ac780000, 0x00000000e0600000)
  object space 185856K, 78% used [0x00000000a1200000,0x00000000aa0ae6a0,0x00000000ac780000)
 Metaspace       used 12776K, capacity 13360K, committed 13568K, reserved 1060864K
  class space    used 1778K, capacity 1930K, committed 2048K, reserved 1048576K
Event: 3.457 GC heap after
Heap after GC invocations=10 (full 3):
 PSYoungGen      total 111104K, used 0K [0x00000000e0600000, 0x00000000efd80000, 0x0000000100000000)
  eden space 71168K, 0% used [0x00000000e0600000,0x00000000e0600000,0x00000000e4b80000)
  from space 39936K, 0% used [0x00000000e4b80000,0x00000000e4b80000,0x00000000e7280000)
  to   space 72192K, 0% used [0x00000000eb700000,0x00000000eb700000,0x00000000efd80000)
 ParOldGen       total 305664K, used 182843K [0x00000000a1200000, 0x00000000b3c80000, 0x00000000e0600000)
  object space 305664K, 59% used [0x00000000a1200000,0x00000000ac48eed8,0x00000000b3c80000)
 Metaspace       used 12776K, capacity 13360K, committed 13568K, reserved 1060864K
  class space    used 1778K, capacity 1930K, committed 2048K, reserved 1048576K
}
Event: 12.858 GC heap before
{Heap before GC invocations=11 (full 3):
 PSYoungGen      total 111104K, used 69910K [0x00000000e0600000, 0x00000000efd80000, 0x0000000100000000)
  eden space 71168K, 98% used [0x00000000e0600000,0x00000000e4a45a00,0x00000000e4b80000)
  from space 39936K, 0% used [0x00000000e4b80000,0x00000000e4b80000,0x00000000e7280000)
  to   space 72192K, 0% used [0x00000000eb700000,0x00000000eb700000,0x00000000efd80000)
 ParOldGen       total 305664K, used 182843K [0x00000000a1200000, 0x00000000b3c80000, 0x00000000e0600000)
  object space 305664K, 59% used [0x00000000a1200000,0x00000000ac48eed8,0x00000000b3c80000)
 Metaspace       used 18182K, capacity 19396K, committed 19584K, reserved 1067008K
  class space    used 2623K, capacity 2884K, committed 2944K, reserved 1048576K
Event: 12.875 GC heap after
Heap after GC invocations=11 (full 3):
 PSYoungGen      total 160768K, used 41010K [0x00000000e0600000, 0x00000000ef400000, 0x0000000100000000)
  eden space 98304K, 0% used [0x00000000e0600000,0x00000000e0600000,0x00000000e6600000)
  from space 62464K, 65% used [0x00000000eb700000,0x00000000edf0ca20,0x00000000ef400000)
  to   space 72704K, 0% used [0x00000000e6600000,0x00000000e6600000,0x00000000ead00000)
 ParOldGen       total 305664K, used 182851K [0x00000000a1200000, 0x00000000b3c80000, 0x00000000e0600000)
  object space 305664K, 59% used [0x00000000a1200000,0x00000000ac490ed8,0x00000000b3c80000)
 Metaspace       used 18182K, capacity 19396K, committed 19584K, reserved 1067008K
  class space    used 2623K, capacity 2884K, committed 2944K, reserved 1048576K
}

