# JRE version: Java(TM) SE Runtime Environment (8.0_102-b14) (build 1.8.0_102-b14)
# Java VM: Java HotSpot(TM) 64-Bit Server VM (25.102-b14 mixed mode windows-amd64 compressed oops)
Heap:
 PSYoungGen      total 109568K, used 64570K [0x00000000e0600000, 0x00000000ef480000, 0x0000000100000000)
  eden space 69120K, 93% used [0x00000000e0600000,0x00000000e450ebf8,0x00000000e4980000)
  from space 40448K, 0% used [0x00000000e4980000,0x00000000e4980000,0x00000000e7100000)
  to   space 71680K, 0% used [0x00000000eae80000,0x00000000eae80000,0x00000000ef480000)
 ParOldGen       total 307200K, used 181135K [0x00000000a1200000, 0x00000000b3e00000, 0x00000000e0600000)
  object space 307200K, 58% used [0x00000000a1200000,0x00000000ac2e3c98,0x00000000b3e00000)
 Metaspace       used 18158K, capacity 19348K, committed 19456K, reserved 1067008K
  class space    used 2559K, capacity 2806K, committed 2816K, reserved 1048576K
GC Heap History (10 events):
Event: 2.744 GC heap before
{Heap before GC invocations=6 (full 1):
 PSYoungGen      total 53248K, used 47086K [0x00000000e0600000, 0x00000000e3e00000, 0x0000000100000000)
  eden space 49152K, 95% used [0x00000000e0600000,0x00000000e33fb850,0x00000000e3600000)
  from space 4096K, 0% used [0x00000000e3a00000,0x00000000e3a00000,0x00000000e3e00000)
  to   space 4096K, 0% used [0x00000000e3600000,0x00000000e3600000,0x00000000e3a00000)
 ParOldGen       total 117248K, used 55402K [0x00000000a1200000, 0x00000000a8480000, 0x00000000e0600000)
  object space 117248K, 47% used [0x00000000a1200000,0x00000000a481a890,0x00000000a8480000)
 Metaspace       used 12714K, capacity 13344K, committed 13568K, reserved 1060864K
  class space    used 1774K, capacity 1928K, committed 2048K, reserved 1048576K
Event: 2.762 GC heap after
Heap after GC invocations=6 (full 1):
 PSYoungGen      total 53248K, used 4017K [0x00000000e0600000, 0x00000000e9700000, 0x0000000100000000)
  eden space 49152K, 0% used [0x00000000e0600000,0x00000000e0600000,0x00000000e3600000)
  from space 4096K, 98% used [0x00000000e3600000,0x00000000e39ec5d0,0x00000000e3a00000)
  to   space 32768K, 0% used [0x00000000e7700000,0x00000000e7700000,0x00000000e9700000)
 ParOldGen       total 117248K, used 90715K [0x00000000a1200000, 0x00000000a8480000, 0x00000000e0600000)
  object space 117248K, 77% used [0x00000000a1200000,0x00000000a6a96f00,0x00000000a8480000)
 Metaspace       used 12714K, capacity 13344K, committed 13568K, reserved 1060864K
  class space    used 1774K, capacity 1928K, committed 2048K, reserved 1048576K
}
Event: 2.762 GC heap before
{Heap before GC invocations=7 (full 2):
 PSYoungGen      total 53248K, used 4017K [0x00000000e0600000, 0x00000000e9700000, 0x0000000100000000)
  eden space 49152K, 0% used [0x00000000e0600000,0x00000000e0600000,0x00000000e3600000)
  from space 4096K, 98% used [0x00000000e3600000,0x00000000e39ec5d0,0x00000000e3a00000)
  to   space 32768K, 0% used [0x00000000e7700000,0x00000000e7700000,0x00000000e9700000)
 ParOldGen       total 117248K, used 90715K [0x00000000a1200000, 0x00000000a8480000, 0x00000000e0600000)
  object space 117248K, 77% used [0x00000000a1200000,0x00000000a6a96f00,0x00000000a8480000)
 Metaspace       used 12714K, capacity 13344K, committed 13568K, reserved 1060864K
  class space    used 1774K, capacity 1928K, committed 2048K, reserved 1048576K
Event: 2.795 GC heap after
Heap after GC invocations=7 (full 2):
 PSYoungGen      total 53248K, used 0K [0x00000000e0600000, 0x00000000e9700000, 0x0000000100000000)
  eden space 49152K, 0% used [0x00000000e0600000,0x00000000e0600000,0x00000000e3600000)
  from space 4096K, 0% used [0x00000000e3600000,0x00000000e3600000,0x00000000e3a00000)
  to   space 32768K, 0% used [0x00000000e7700000,0x00000000e7700000,0x00000000e9700000)
 ParOldGen       total 187392K, used 92123K [0x00000000a1200000, 0x00000000ac900000, 0x00000000e0600000)
  object space 187392K, 49% used [0x00000000a1200000,0x00000000a6bf6d48,0x00000000ac900000)
 Metaspace       used 12714K, capacity 13344K, committed 13568K, reserved 1060864K
  class space    used 1774K, capacity 1928K, committed 2048K, reserved 1048576K
}
Event: 3.020 GC heap before
{Heap before GC invocations=8 (full 2):
 PSYoungGen      total 53248K, used 49152K [0x00000000e0600000, 0x00000000e9700000, 0x0000000100000000)
  eden space 49152K, 100% used [0x00000000e0600000,0x00000000e3600000,0x00000000e3600000)
  from space 4096K, 0% used [0x00000000e3600000,0x00000000e3600000,0x00000000e3a00000)
  to   space 32768K, 0% used [0x00000000e7700000,0x00000000e7700000,0x00000000e9700000)
 ParOldGen       total 187392K, used 92123K [0x00000000a1200000, 0x00000000ac900000, 0x00000000e0600000)
  object space 187392K, 49% used [0x00000000a1200000,0x00000000a6bf6d48,0x00000000ac900000)
 Metaspace       used 12735K, capacity 13348K, committed 13568K, reserved 1060864K
  class space    used 1774K, capacity 1928K, committed 2048K, reserved 1048576K
Event: 3.039 GC heap after
Heap after GC invocations=8 (full 2):
 PSYoungGen      total 101888K, used 32752K [0x00000000e0600000, 0x00000000e9880000, 0x0000000100000000)
  eden space 69120K, 0% used [0x00000000e0600000,0x00000000e0600000,0x00000000e4980000)
  from space 32768K, 99% used [0x00000000e7700000,0x00000000e96fc108,0x00000000e9700000)
  to   space 40448K, 0% used [0x00000000e4980000,0x00000000e4980000,0x00000000e7100000)
 ParOldGen       total 187392K, used 98769K [0x00000000a1200000, 0x00000000ac900000, 0x00000000e0600000)
  object space 187392K, 52% used [0x00000000a1200000,0x00000000a7274748,0x00000000ac900000)
 Metaspace       used 12735K, capacity 13348K, committed 13568K, reserved 1060864K
  class space    used 1774K, capacity 1928K, committed 2048K, reserved 1048576K
}
Event: 3.430 GC heap before
{Heap before GC invocations=9 (full 2):
 PSYoungGen      total 101888K, used 101872K [0x00000000e0600000, 0x00000000e9880000, 0x0000000100000000)
  eden space 69120K, 100% used [0x00000000e0600000,0x00000000e4980000,0x00000000e4980000)
  from space 32768K, 99% used [0x00000000e7700000,0x00000000e96fc108,0x00000000e9700000)
  to   space 40448K, 0% used [0x00000000e4980000,0x00000000e4980000,0x00000000e7100000)
 ParOldGen       total 187392K, used 98769K [0x00000000a1200000, 0x00000000ac900000, 0x00000000e0600000)
  object space 187392K, 52% used [0x00000000a1200000,0x00000000a7274748,0x00000000ac900000)
 Metaspace       used 12771K, capacity 13360K, committed 13568K, reserved 1060864K
  class space    used 1775K, capacity 1930K, committed 2048K, reserved 1048576K
Event: 3.475 GC heap after
Heap after GC invocations=9 (full 2):
 PSYoungGen      total 109568K, used 40441K [0x00000000e0600000, 0x00000000ef480000, 0x0000000100000000)
  eden space 69120K, 0% used [0x00000000e0600000,0x00000000e0600000,0x00000000e4980000)
  from space 40448K, 99% used [0x00000000e4980000,0x00000000e70fe7d0,0x00000000e7100000)
  to   space 71680K, 0% used [0x00000000eae80000,0x00000000eae80000,0x00000000ef480000)
 ParOldGen       total 187392K, used 144269K [0x00000000a1200000, 0x00000000ac900000, 0x00000000e0600000)
  object space 187392K, 76% used [0x00000000a1200000,0x00000000a9ee36e8,0x00000000ac900000)
 Metaspace       used 12771K, capacity 13360K, committed 13568K, reserved 1060864K
  class space    used 1775K, capacity 1930K, committed 2048K, reserved 1048576K
}
Event: 3.475 GC heap before
{Heap before GC invocations=10 (full 3):
 PSYoungGen      total 109568K, used 40441K [0x00000000e0600000, 0x00000000ef480000, 0x0000000100000000)
  eden space 69120K, 0% used [0x00000000e0600000,0x00000000e0600000,0x00000000e4980000)
  from space 40448K, 99% used [0x00000000e4980000,0x00000000e70fe7d0,0x00000000e7100000)
  to   space 71680K, 0% used [0x00000000eae80000,0x00000000eae80000,0x00000000ef480000)
 ParOldGen       total 187392K, used 144269K [0x00000000a1200000, 0x00000000ac900000, 0x00000000e0600000)
  object space 187392K, 76% used [0x00000000a1200000,0x00000000a9ee36e8,0x00000000ac900000)
 Metaspace       used 12771K, capacity 13360K, committed 13568K, reserved 1060864K
  class space    used 1775K, capacity 1930K, committed 2048K, reserved 1048576K
Event: 3.569 GC heap after
Heap after GC invocations=10 (full 3):
 PSYoungGen      total 109568K, used 0K [0x00000000e0600000, 0x00000000ef480000, 0x0000000100000000)
  eden space 69120K, 0% used [0x00000000e0600000,0x00000000e0600000,0x00000000e4980000)
  from space 40448K, 0% used [0x00000000e4980000,0x00000000e4980000,0x00000000e7100000)
  to   space 71680K, 0% used [0x00000000eae80000,0x00000000eae80000,0x00000000ef480000)
 ParOldGen       total 307200K, used 181135K [0x00000000a1200000, 0x00000000b3e00000, 0x00000000e0600000)
  object space 307200K, 58% used [0x00000000a1200000,0x00000000ac2e3c98,0x00000000b3e00000)
 Metaspace       used 12771K, capacity 13360K, committed 13568K, reserved 1060864K
  class space    used 1775K, capacity 1930K, committed 2048K, reserved 1048576K
}

