# JRE version: Java(TM) SE Runtime Environment (8.0_102-b14) (build 1.8.0_102-b14)
# Java VM: Java HotSpot(TM) 64-Bit Server VM (25.102-b14 mixed mode windows-amd64 compressed oops)
Heap:
 PSYoungGen      total 138240K, used 73224K [0x00000000e0600000, 0x00000000ef780000, 0x0000000100000000)
  eden space 69120K, 7% used [0x00000000e0600000,0x00000000e0b5c800,0x00000000e4980000)
  from space 69120K, 97% used [0x00000000e9980000,0x00000000edba5a80,0x00000000edd00000)
  to   space 81920K, 0% used [0x00000000e4980000,0x00000000e4980000,0x00000000e9980000)
 ParOldGen       total 192512K, used 142988K [0x00000000a1200000, 0x00000000ace00000, 0x00000000e0600000)
  object space 192512K, 74% used [0x00000000a1200000,0x00000000a9da3028,0x00000000ace00000)
 Metaspace       used 18393K, capacity 19610K, committed 19840K, reserved 1067008K
  class space    used 2626K, capacity 2885K, committed 2944K, reserved 1048576K
GC Heap History (10 events):
Event: 2.628 GC heap before
{Heap before GC invocations=6 (full 1):
 PSYoungGen      total 53248K, used 47098K [0x00000000e0600000, 0x00000000e3e00000, 0x0000000100000000)
  eden space 49152K, 95% used [0x00000000e0600000,0x00000000e33fe970,0x00000000e3600000)
  from space 4096K, 0% used [0x00000000e3a00000,0x00000000e3a00000,0x00000000e3e00000)
  to   space 4096K, 0% used [0x00000000e3600000,0x00000000e3600000,0x00000000e3a00000)
 ParOldGen       total 118272K, used 55402K [0x00000000a1200000, 0x00000000a8580000, 0x00000000e0600000)
  object space 118272K, 46% used [0x00000000a1200000,0x00000000a481aa08,0x00000000a8580000)
 Metaspace       used 12707K, capacity 13334K, committed 13568K, reserved 1060864K
  class space    used 1777K, capacity 1929K, committed 2048K, reserved 1048576K
Event: 2.654 GC heap after
Heap after GC invocations=6 (full 1):
 PSYoungGen      total 53248K, used 4017K [0x00000000e0600000, 0x00000000e9580000, 0x0000000100000000)
  eden space 49152K, 0% used [0x00000000e0600000,0x00000000e0600000,0x00000000e3600000)
  from space 4096K, 98% used [0x00000000e3600000,0x00000000e39ec5d0,0x00000000e3a00000)
  to   space 32768K, 0% used [0x00000000e7580000,0x00000000e7580000,0x00000000e9580000)
 ParOldGen       total 118272K, used 90716K [0x00000000a1200000, 0x00000000a8580000, 0x00000000e0600000)
  object space 118272K, 76% used [0x00000000a1200000,0x00000000a6a97078,0x00000000a8580000)
 Metaspace       used 12707K, capacity 13334K, committed 13568K, reserved 1060864K
  class space    used 1777K, capacity 1929K, committed 2048K, reserved 1048576K
}
Event: 2.654 GC heap before
{Heap before GC invocations=7 (full 2):
 PSYoungGen      total 53248K, used 4017K [0x00000000e0600000, 0x00000000e9580000, 0x0000000100000000)
  eden space 49152K, 0% used [0x00000000e0600000,0x00000000e0600000,0x00000000e3600000)
  from space 4096K, 98% used [0x00000000e3600000,0x00000000e39ec5d0,0x00000000e3a00000)
  to   space 32768K, 0% used [0x00000000e7580000,0x00000000e7580000,0x00000000e9580000)
 ParOldGen       total 118272K, used 90716K [0x00000000a1200000, 0x00000000a8580000, 0x00000000e0600000)
  object space 118272K, 76% used [0x00000000a1200000,0x00000000a6a97078,0x00000000a8580000)
 Metaspace       used 12707K, capacity 13334K, committed 13568K, reserved 1060864K
  class space    used 1777K, capacity 1929K, committed 2048K, reserved 1048576K
Event: 2.738 GC heap after
Heap after GC invocations=7 (full 2):
 PSYoungGen      total 53248K, used 0K [0x00000000e0600000, 0x00000000e9580000, 0x0000000100000000)
  eden space 49152K, 0% used [0x00000000e0600000,0x00000000e0600000,0x00000000e3600000)
  from space 4096K, 0% used [0x00000000e3600000,0x00000000e3600000,0x00000000e3a00000)
  to   space 32768K, 0% used [0x00000000e7580000,0x00000000e7580000,0x00000000e9580000)
 ParOldGen       total 192512K, used 92127K [0x00000000a1200000, 0x00000000ace00000, 0x00000000e0600000)
  object space 192512K, 47% used [0x00000000a1200000,0x00000000a6bf7e60,0x00000000ace00000)
 Metaspace       used 12707K, capacity 13334K, committed 13568K, reserved 1060864K
  class space    used 1777K, capacity 1929K, committed 2048K, reserved 1048576K
}
Event: 3.286 GC heap before
{Heap before GC invocations=8 (full 2):
 PSYoungGen      total 53248K, used 48800K [0x00000000e0600000, 0x00000000e9580000, 0x0000000100000000)
  eden space 49152K, 99% used [0x00000000e0600000,0x00000000e35a8118,0x00000000e3600000)
  from space 4096K, 0% used [0x00000000e3600000,0x00000000e3600000,0x00000000e3a00000)
  to   space 32768K, 0% used [0x00000000e7580000,0x00000000e7580000,0x00000000e9580000)
 ParOldGen       total 192512K, used 92127K [0x00000000a1200000, 0x00000000ace00000, 0x00000000e0600000)
  object space 192512K, 47% used [0x00000000a1200000,0x00000000a6bf7e60,0x00000000ace00000)
 Metaspace       used 12729K, capacity 13338K, committed 13568K, reserved 1060864K
  class space    used 1777K, capacity 1929K, committed 2048K, reserved 1048576K
Event: 3.306 GC heap after
Heap after GC invocations=8 (full 2):
 PSYoungGen      total 94720K, used 32716K [0x00000000e0600000, 0x00000000e9580000, 0x0000000100000000)
  eden space 61952K, 0% used [0x00000000e0600000,0x00000000e0600000,0x00000000e4280000)
  from space 32768K, 99% used [0x00000000e7580000,0x00000000e9573088,0x00000000e9580000)
  to   space 40448K, 0% used [0x00000000e4680000,0x00000000e4680000,0x00000000e6e00000)
 ParOldGen       total 192512K, used 98329K [0x00000000a1200000, 0x00000000ace00000, 0x00000000e0600000)
  object space 192512K, 51% used [0x00000000a1200000,0x00000000a7206448,0x00000000ace00000)
 Metaspace       used 12729K, capacity 13338K, committed 13568K, reserved 1060864K
  class space    used 1777K, capacity 1929K, committed 2048K, reserved 1048576K
}
Event: 3.672 GC heap before
{Heap before GC invocations=9 (full 2):
 PSYoungGen      total 94720K, used 94540K [0x00000000e0600000, 0x00000000e9580000, 0x0000000100000000)
  eden space 61952K, 99% used [0x00000000e0600000,0x00000000e4260120,0x00000000e4280000)
  from space 32768K, 99% used [0x00000000e7580000,0x00000000e9573088,0x00000000e9580000)
  to   space 40448K, 0% used [0x00000000e4680000,0x00000000e4680000,0x00000000e6e00000)
 ParOldGen       total 192512K, used 98329K [0x00000000a1200000, 0x00000000ace00000, 0x00000000e0600000)
  object space 192512K, 51% used [0x00000000a1200000,0x00000000a7206448,0x00000000ace00000)
 Metaspace       used 12769K, capacity 13350K, committed 13568K, reserved 1060864K
  class space    used 1778K, capacity 1931K, committed 2048K, reserved 1048576K
Event: 3.711 GC heap after
Heap after GC invocations=9 (full 2):
 PSYoungGen      total 106496K, used 40445K [0x00000000e0600000, 0x00000000edd00000, 0x0000000100000000)
  eden space 66048K, 0% used [0x00000000e0600000,0x00000000e0600000,0x00000000e4680000)
  from space 40448K, 99% used [0x00000000e4680000,0x00000000e6dff550,0x00000000e6e00000)
  to   space 69120K, 0% used [0x00000000e9980000,0x00000000e9980000,0x00000000edd00000)
 ParOldGen       total 192512K, used 138399K [0x00000000a1200000, 0x00000000ace00000, 0x00000000e0600000)
  object space 192512K, 71% used [0x00000000a1200000,0x00000000a9927fe8,0x00000000ace00000)
 Metaspace       used 12769K, capacity 13350K, committed 13568K, reserved 1060864K
  class space    used 1778K, capacity 1931K, committed 2048K, reserved 1048576K
}
Event: 40.767 GC heap before
{Heap before GC invocations=10 (full 2):
 PSYoungGen      total 106496K, used 106080K [0x00000000e0600000, 0x00000000edd00000, 0x0000000100000000)
  eden space 66048K, 99% used [0x00000000e0600000,0x00000000e4618cf8,0x00000000e4680000)
  from space 40448K, 99% used [0x00000000e4680000,0x00000000e6dff550,0x00000000e6e00000)
  to   space 69120K, 0% used [0x00000000e9980000,0x00000000e9980000,0x00000000edd00000)
 ParOldGen       total 192512K, used 138399K [0x00000000a1200000, 0x00000000ace00000, 0x00000000e0600000)
  object space 192512K, 71% used [0x00000000a1200000,0x00000000a9927fe8,0x00000000ace00000)
 Metaspace       used 18327K, capacity 19598K, committed 19840K, reserved 1067008K
  class space    used 2622K, capacity 2883K, committed 2944K, reserved 1048576K
Event: 40.795 GC heap after
Heap after GC invocations=10 (full 2):
 PSYoungGen      total 138240K, used 67734K [0x00000000e0600000, 0x00000000ef780000, 0x0000000100000000)
  eden space 69120K, 0% used [0x00000000e0600000,0x00000000e0600000,0x00000000e4980000)
  from space 69120K, 97% used [0x00000000e9980000,0x00000000edba5a80,0x00000000edd00000)
  to   space 81920K, 0% used [0x00000000e4980000,0x00000000e4980000,0x00000000e9980000)
 ParOldGen       total 192512K, used 142988K [0x00000000a1200000, 0x00000000ace00000, 0x00000000e0600000)
  object space 192512K, 74% used [0x00000000a1200000,0x00000000a9da3028,0x00000000ace00000)
 Metaspace       used 18327K, capacity 19598K, committed 19840K, reserved 1067008K
  class space    used 2622K, capacity 2883K, committed 2944K, reserved 1048576K
}

