# JRE version: Java(TM) SE Runtime Environment (8.0_102-b14) (build 1.8.0_102-b14)
# Java VM: Java HotSpot(TM) 64-Bit Server VM (25.102-b14 mixed mode windows-amd64 compressed oops)
Heap:
 PSYoungGen      total 112128K, used 41773K [0x00000000e0600000, 0x00000000ec200000, 0x0000000100000000)
  eden space 71680K, 58% used [0x00000000e0600000,0x00000000e2ecb678,0x00000000e4c00000)
  from space 40448K, 0% used [0x00000000e4c00000,0x00000000e4c00000,0x00000000e7380000)
  to   space 48640K, 0% used [0x00000000e9280000,0x00000000e9280000,0x00000000ec200000)
 ParOldGen       total 301568K, used 179428K [0x00000000a1200000, 0x00000000b3880000, 0x00000000e0600000)
  object space 301568K, 59% used [0x00000000a1200000,0x00000000ac1390a8,0x00000000b3880000)
 Metaspace       used 17958K, capacity 19114K, committed 19328K, reserved 1064960K
  class space    used 2569K, capacity 2817K, committed 2944K, reserved 1048576K
GC Heap History (10 events):
Event: 5.384 GC heap before
{Heap before GC invocations=6 (full 1):
 PSYoungGen      total 53248K, used 47131K [0x00000000e0600000, 0x00000000e3e00000, 0x0000000100000000)
  eden space 49152K, 95% used [0x00000000e0600000,0x00000000e3406d78,0x00000000e3600000)
  from space 4096K, 0% used [0x00000000e3a00000,0x00000000e3a00000,0x00000000e3e00000)
  to   space 4096K, 0% used [0x00000000e3600000,0x00000000e3600000,0x00000000e3a00000)
 ParOldGen       total 114688K, used 55402K [0x00000000a1200000, 0x00000000a8200000, 0x00000000e0600000)
  object space 114688K, 48% used [0x00000000a1200000,0x00000000a481aa78,0x00000000a8200000)
 Metaspace       used 12682K, capacity 13280K, committed 13568K, reserved 1060864K
  class space    used 1776K, capacity 1928K, committed 2048K, reserved 1048576K
Event: 5.396 GC heap after
Heap after GC invocations=6 (full 1):
 PSYoungGen      total 53248K, used 4017K [0x00000000e0600000, 0x00000000e9b00000, 0x0000000100000000)
  eden space 49152K, 0% used [0x00000000e0600000,0x00000000e0600000,0x00000000e3600000)
  from space 4096K, 98% used [0x00000000e3600000,0x00000000e39ec5d0,0x00000000e3a00000)
  to   space 32768K, 0% used [0x00000000e7b00000,0x00000000e7b00000,0x00000000e9b00000)
 ParOldGen       total 114688K, used 90716K [0x00000000a1200000, 0x00000000a8200000, 0x00000000e0600000)
  object space 114688K, 79% used [0x00000000a1200000,0x00000000a6a970e8,0x00000000a8200000)
 Metaspace       used 12682K, capacity 13280K, committed 13568K, reserved 1060864K
  class space    used 1776K, capacity 1928K, committed 2048K, reserved 1048576K
}
Event: 5.396 GC heap before
{Heap before GC invocations=7 (full 2):
 PSYoungGen      total 53248K, used 4017K [0x00000000e0600000, 0x00000000e9b00000, 0x0000000100000000)
  eden space 49152K, 0% used [0x00000000e0600000,0x00000000e0600000,0x00000000e3600000)
  from space 4096K, 98% used [0x00000000e3600000,0x00000000e39ec5d0,0x00000000e3a00000)
  to   space 32768K, 0% used [0x00000000e7b00000,0x00000000e7b00000,0x00000000e9b00000)
 ParOldGen       total 114688K, used 90716K [0x00000000a1200000, 0x00000000a8200000, 0x00000000e0600000)
  object space 114688K, 79% used [0x00000000a1200000,0x00000000a6a970e8,0x00000000a8200000)
 Metaspace       used 12682K, capacity 13280K, committed 13568K, reserved 1060864K
  class space    used 1776K, capacity 1928K, committed 2048K, reserved 1048576K
Event: 5.426 GC heap after
Heap after GC invocations=7 (full 2):
 PSYoungGen      total 53248K, used 0K [0x00000000e0600000, 0x00000000e9b00000, 0x0000000100000000)
  eden space 49152K, 0% used [0x00000000e0600000,0x00000000e0600000,0x00000000e3600000)
  from space 4096K, 0% used [0x00000000e3600000,0x00000000e3600000,0x00000000e3a00000)
  to   space 32768K, 0% used [0x00000000e7b00000,0x00000000e7b00000,0x00000000e9b00000)
 ParOldGen       total 184320K, used 92123K [0x00000000a1200000, 0x00000000ac600000, 0x00000000e0600000)
  object space 184320K, 49% used [0x00000000a1200000,0x00000000a6bf6f30,0x00000000ac600000)
 Metaspace       used 12682K, capacity 13280K, committed 13568K, reserved 1060864K
  class space    used 1776K, capacity 1928K, committed 2048K, reserved 1048576K
}
Event: 5.636 GC heap before
{Heap before GC invocations=8 (full 2):
 PSYoungGen      total 53248K, used 49152K [0x00000000e0600000, 0x00000000e9b00000, 0x0000000100000000)
  eden space 49152K, 100% used [0x00000000e0600000,0x00000000e3600000,0x00000000e3600000)
  from space 4096K, 0% used [0x00000000e3600000,0x00000000e3600000,0x00000000e3a00000)
  to   space 32768K, 0% used [0x00000000e7b00000,0x00000000e7b00000,0x00000000e9b00000)
 ParOldGen       total 184320K, used 92123K [0x00000000a1200000, 0x00000000ac600000, 0x00000000e0600000)
  object space 184320K, 49% used [0x00000000a1200000,0x00000000a6bf6f30,0x00000000ac600000)
 Metaspace       used 12696K, capacity 13284K, committed 13568K, reserved 1060864K
  class space    used 1776K, capacity 1928K, committed 2048K, reserved 1048576K
Event: 5.647 GC heap after
Heap after GC invocations=8 (full 2):
 PSYoungGen      total 99328K, used 32615K [0x00000000e0600000, 0x00000000e9b00000, 0x0000000100000000)
  eden space 66560K, 0% used [0x00000000e0600000,0x00000000e0600000,0x00000000e4700000)
  from space 32768K, 99% used [0x00000000e7b00000,0x00000000e9ad9fd0,0x00000000e9b00000)
  to   space 40448K, 0% used [0x00000000e4c00000,0x00000000e4c00000,0x00000000e7380000)
 ParOldGen       total 184320K, used 98770K [0x00000000a1200000, 0x00000000ac600000, 0x00000000e0600000)
  object space 184320K, 53% used [0x00000000a1200000,0x00000000a7274930,0x00000000ac600000)
 Metaspace       used 12696K, capacity 13284K, committed 13568K, reserved 1060864K
  class space    used 1776K, capacity 1928K, committed 2048K, reserved 1048576K
}
Event: 5.977 GC heap before
{Heap before GC invocations=9 (full 2):
 PSYoungGen      total 99328K, used 99175K [0x00000000e0600000, 0x00000000e9b00000, 0x0000000100000000)
  eden space 66560K, 100% used [0x00000000e0600000,0x00000000e4700000,0x00000000e4700000)
  from space 32768K, 99% used [0x00000000e7b00000,0x00000000e9ad9fd0,0x00000000e9b00000)
  to   space 40448K, 0% used [0x00000000e4c00000,0x00000000e4c00000,0x00000000e7380000)
 ParOldGen       total 184320K, used 98770K [0x00000000a1200000, 0x00000000ac600000, 0x00000000e0600000)
  object space 184320K, 53% used [0x00000000a1200000,0x00000000a7274930,0x00000000ac600000)
 Metaspace       used 12733K, capacity 13296K, committed 13568K, reserved 1060864K
  class space    used 1777K, capacity 1930K, committed 2048K, reserved 1048576K
Event: 6.011 GC heap after
Heap after GC invocations=9 (full 2):
 PSYoungGen      total 112128K, used 40416K [0x00000000e0600000, 0x00000000ec200000, 0x0000000100000000)
  eden space 71680K, 0% used [0x00000000e0600000,0x00000000e0600000,0x00000000e4c00000)
  from space 40448K, 99% used [0x00000000e4c00000,0x00000000e73780e0,0x00000000e7380000)
  to   space 48640K, 0% used [0x00000000e9280000,0x00000000e9280000,0x00000000ec200000)
 ParOldGen       total 184320K, used 142613K [0x00000000a1200000, 0x00000000ac600000, 0x00000000e0600000)
  object space 184320K, 77% used [0x00000000a1200000,0x00000000a9d454e0,0x00000000ac600000)
 Metaspace       used 12733K, capacity 13296K, committed 13568K, reserved 1060864K
  class space    used 1777K, capacity 1930K, committed 2048K, reserved 1048576K
}
Event: 6.011 GC heap before
{Heap before GC invocations=10 (full 3):
 PSYoungGen      total 112128K, used 40416K [0x00000000e0600000, 0x00000000ec200000, 0x0000000100000000)
  eden space 71680K, 0% used [0x00000000e0600000,0x00000000e0600000,0x00000000e4c00000)
  from space 40448K, 99% used [0x00000000e4c00000,0x00000000e73780e0,0x00000000e7380000)
  to   space 48640K, 0% used [0x00000000e9280000,0x00000000e9280000,0x00000000ec200000)
 ParOldGen       total 184320K, used 142613K [0x00000000a1200000, 0x00000000ac600000, 0x00000000e0600000)
  object space 184320K, 77% used [0x00000000a1200000,0x00000000a9d454e0,0x00000000ac600000)
 Metaspace       used 12733K, capacity 13296K, committed 13568K, reserved 1060864K
  class space    used 1777K, capacity 1930K, committed 2048K, reserved 1048576K
Event: 6.081 GC heap after
Heap after GC invocations=10 (full 3):
 PSYoungGen      total 112128K, used 0K [0x00000000e0600000, 0x00000000ec200000, 0x0000000100000000)
  eden space 71680K, 0% used [0x00000000e0600000,0x00000000e0600000,0x00000000e4c00000)
  from space 40448K, 0% used [0x00000000e4c00000,0x00000000e4c00000,0x00000000e7380000)
  to   space 48640K, 0% used [0x00000000e9280000,0x00000000e9280000,0x00000000ec200000)
 ParOldGen       total 301568K, used 179428K [0x00000000a1200000, 0x00000000b3880000, 0x00000000e0600000)
  object space 301568K, 59% used [0x00000000a1200000,0x00000000ac1390a8,0x00000000b3880000)
 Metaspace       used 12733K, capacity 13296K, committed 13568K, reserved 1060864K
  class space    used 1777K, capacity 1930K, committed 2048K, reserved 1048576K
}

