# JRE version: Java(TM) SE Runtime Environment (8.0_102-b14) (build 1.8.0_102-b14)
# Java VM: Java HotSpot(TM) 64-Bit Server VM (25.102-b14 mixed mode windows-amd64 compressed oops)
Heap:
 PSYoungGen      total 108544K, used 43381K [0x00000000e0600000, 0x00000000eba00000, 0x0000000100000000)
  eden space 67584K, 64% used [0x00000000e0600000,0x00000000e305d490,0x00000000e4800000)
  from space 40960K, 0% used [0x00000000e4800000,0x00000000e4800000,0x00000000e7000000)
  to   space 49664K, 0% used [0x00000000e8980000,0x00000000e8980000,0x00000000eba00000)
 ParOldGen       total 306176K, used 177720K [0x00000000a1200000, 0x00000000b3d00000, 0x00000000e0600000)
  object space 306176K, 58% used [0x00000000a1200000,0x00000000abf8e3a8,0x00000000b3d00000)
 Metaspace       used 18075K, capacity 19272K, committed 19584K, reserved 1067008K
  class space    used 2572K, capacity 2848K, committed 2944K, reserved 1048576K
GC Heap History (10 events):
Event: 2.492 GC heap before
{Heap before GC invocations=6 (full 1):
 PSYoungGen      total 53248K, used 47106K [0x00000000e0600000, 0x00000000e3e00000, 0x0000000100000000)
  eden space 49152K, 95% used [0x00000000e0600000,0x00000000e3400ba0,0x00000000e3600000)
  from space 4096K, 0% used [0x00000000e3a00000,0x00000000e3a00000,0x00000000e3e00000)
  to   space 4096K, 0% used [0x00000000e3600000,0x00000000e3600000,0x00000000e3a00000)
 ParOldGen       total 117248K, used 55417K [0x00000000a1200000, 0x00000000a8480000, 0x00000000e0600000)
  object space 117248K, 47% used [0x00000000a1200000,0x00000000a481e5e0,0x00000000a8480000)
 Metaspace       used 12722K, capacity 13348K, committed 13568K, reserved 1060864K
  class space    used 1777K, capacity 1928K, committed 2048K, reserved 1048576K
Event: 2.519 GC heap after
Heap after GC invocations=6 (full 1):
 PSYoungGen      total 53248K, used 4017K [0x00000000e0600000, 0x00000000e9800000, 0x0000000100000000)
  eden space 49152K, 0% used [0x00000000e0600000,0x00000000e0600000,0x00000000e3600000)
  from space 4096K, 98% used [0x00000000e3600000,0x00000000e39ec5d0,0x00000000e3a00000)
  to   space 33280K, 0% used [0x00000000e7780000,0x00000000e7780000,0x00000000e9800000)
 ParOldGen       total 117248K, used 88256K [0x00000000a1200000, 0x00000000a8480000, 0x00000000e0600000)
  object space 117248K, 75% used [0x00000000a1200000,0x00000000a6830040,0x00000000a8480000)
 Metaspace       used 12722K, capacity 13348K, committed 13568K, reserved 1060864K
  class space    used 1777K, capacity 1928K, committed 2048K, reserved 1048576K
}
Event: 2.519 GC heap before
{Heap before GC invocations=7 (full 2):
 PSYoungGen      total 53248K, used 4017K [0x00000000e0600000, 0x00000000e9800000, 0x0000000100000000)
  eden space 49152K, 0% used [0x00000000e0600000,0x00000000e0600000,0x00000000e3600000)
  from space 4096K, 98% used [0x00000000e3600000,0x00000000e39ec5d0,0x00000000e3a00000)
  to   space 33280K, 0% used [0x00000000e7780000,0x00000000e7780000,0x00000000e9800000)
 ParOldGen       total 117248K, used 88256K [0x00000000a1200000, 0x00000000a8480000, 0x00000000e0600000)
  object space 117248K, 75% used [0x00000000a1200000,0x00000000a6830040,0x00000000a8480000)
 Metaspace       used 12722K, capacity 13348K, committed 13568K, reserved 1060864K
  class space    used 1777K, capacity 1928K, committed 2048K, reserved 1048576K
Event: 2.594 GC heap after
Heap after GC invocations=7 (full 2):
 PSYoungGen      total 53248K, used 0K [0x00000000e0600000, 0x00000000e9800000, 0x0000000100000000)
  eden space 49152K, 0% used [0x00000000e0600000,0x00000000e0600000,0x00000000e3600000)
  from space 4096K, 0% used [0x00000000e3600000,0x00000000e3600000,0x00000000e3a00000)
  to   space 33280K, 0% used [0x00000000e7780000,0x00000000e7780000,0x00000000e9800000)
 ParOldGen       total 187904K, used 92124K [0x00000000a1200000, 0x00000000ac980000, 0x00000000e0600000)
  object space 187904K, 49% used [0x00000000a1200000,0x00000000a6bf7110,0x00000000ac980000)
 Metaspace       used 12722K, capacity 13348K, committed 13568K, reserved 1060864K
  class space    used 1777K, capacity 1928K, committed 2048K, reserved 1048576K
}
Event: 2.887 GC heap before
{Heap before GC invocations=8 (full 2):
 PSYoungGen      total 53248K, used 49152K [0x00000000e0600000, 0x00000000e9800000, 0x0000000100000000)
  eden space 49152K, 100% used [0x00000000e0600000,0x00000000e3600000,0x00000000e3600000)
  from space 4096K, 0% used [0x00000000e3600000,0x00000000e3600000,0x00000000e3a00000)
  to   space 33280K, 0% used [0x00000000e7780000,0x00000000e7780000,0x00000000e9800000)
 ParOldGen       total 187904K, used 92124K [0x00000000a1200000, 0x00000000ac980000, 0x00000000e0600000)
  object space 187904K, 49% used [0x00000000a1200000,0x00000000a6bf7110,0x00000000ac980000)
 Metaspace       used 12743K, capacity 13348K, committed 13568K, reserved 1060864K
  class space    used 1777K, capacity 1928K, committed 2048K, reserved 1048576K
Event: 2.900 GC heap after
Heap after GC invocations=8 (full 2):
 PSYoungGen      total 97280K, used 33197K [0x00000000e0600000, 0x00000000e9800000, 0x0000000100000000)
  eden space 64000K, 0% used [0x00000000e0600000,0x00000000e0600000,0x00000000e4480000)
  from space 33280K, 99% used [0x00000000e7780000,0x00000000e97eb520,0x00000000e9800000)
  to   space 40960K, 0% used [0x00000000e4800000,0x00000000e4800000,0x00000000e7000000)
 ParOldGen       total 187904K, used 98325K [0x00000000a1200000, 0x00000000ac980000, 0x00000000e0600000)
  object space 187904K, 52% used [0x00000000a1200000,0x00000000a72056f8,0x00000000ac980000)
 Metaspace       used 12743K, capacity 13348K, committed 13568K, reserved 1060864K
  class space    used 1777K, capacity 1928K, committed 2048K, reserved 1048576K
}
Event: 3.317 GC heap before
{Heap before GC invocations=9 (full 2):
 PSYoungGen      total 97280K, used 97197K [0x00000000e0600000, 0x00000000e9800000, 0x0000000100000000)
  eden space 64000K, 100% used [0x00000000e0600000,0x00000000e4480000,0x00000000e4480000)
  from space 33280K, 99% used [0x00000000e7780000,0x00000000e97eb520,0x00000000e9800000)
  to   space 40960K, 0% used [0x00000000e4800000,0x00000000e4800000,0x00000000e7000000)
 ParOldGen       total 187904K, used 98325K [0x00000000a1200000, 0x00000000ac980000, 0x00000000e0600000)
  object space 187904K, 52% used [0x00000000a1200000,0x00000000a72056f8,0x00000000ac980000)
 Metaspace       used 12779K, capacity 13360K, committed 13568K, reserved 1060864K
  class space    used 1778K, capacity 1930K, committed 2048K, reserved 1048576K
Event: 3.345 GC heap after
Heap after GC invocations=9 (full 2):
 PSYoungGen      total 108544K, used 40818K [0x00000000e0600000, 0x00000000eba00000, 0x0000000100000000)
  eden space 67584K, 0% used [0x00000000e0600000,0x00000000e0600000,0x00000000e4800000)
  from space 40960K, 99% used [0x00000000e4800000,0x00000000e6fdcab0,0x00000000e7000000)
  to   space 49664K, 0% used [0x00000000e8980000,0x00000000e8980000,0x00000000eba00000)
 ParOldGen       total 187904K, used 140504K [0x00000000a1200000, 0x00000000ac980000, 0x00000000e0600000)
  object space 187904K, 74% used [0x00000000a1200000,0x00000000a9b36210,0x00000000ac980000)
 Metaspace       used 12779K, capacity 13360K, committed 13568K, reserved 1060864K
  class space    used 1778K, capacity 1930K, committed 2048K, reserved 1048576K
}
Event: 3.345 GC heap before
{Heap before GC invocations=10 (full 3):
 PSYoungGen      total 108544K, used 40818K [0x00000000e0600000, 0x00000000eba00000, 0x0000000100000000)
  eden space 67584K, 0% used [0x00000000e0600000,0x00000000e0600000,0x00000000e4800000)
  from space 40960K, 99% used [0x00000000e4800000,0x00000000e6fdcab0,0x00000000e7000000)
  to   space 49664K, 0% used [0x00000000e8980000,0x00000000e8980000,0x00000000eba00000)
 ParOldGen       total 187904K, used 140504K [0x00000000a1200000, 0x00000000ac980000, 0x00000000e0600000)
  object space 187904K, 74% used [0x00000000a1200000,0x00000000a9b36210,0x00000000ac980000)
 Metaspace       used 12779K, capacity 13360K, committed 13568K, reserved 1060864K
  class space    used 1778K, capacity 1930K, committed 2048K, reserved 1048576K
Event: 3.406 GC heap after
Heap after GC invocations=10 (full 3):
 PSYoungGen      total 108544K, used 0K [0x00000000e0600000, 0x00000000eba00000, 0x0000000100000000)
  eden space 67584K, 0% used [0x00000000e0600000,0x00000000e0600000,0x00000000e4800000)
  from space 40960K, 0% used [0x00000000e4800000,0x00000000e4800000,0x00000000e7000000)
  to   space 49664K, 0% used [0x00000000e8980000,0x00000000e8980000,0x00000000eba00000)
 ParOldGen       total 306176K, used 177720K [0x00000000a1200000, 0x00000000b3d00000, 0x00000000e0600000)
  object space 306176K, 58% used [0x00000000a1200000,0x00000000abf8e3a8,0x00000000b3d00000)
 Metaspace       used 12779K, capacity 13360K, committed 13568K, reserved 1060864K
  class space    used 1778K, capacity 1930K, committed 2048K, reserved 1048576K
}

