# JRE version: Java(TM) SE Runtime Environment (8.0_102-b14) (build 1.8.0_102-b14)
# Java VM: Java HotSpot(TM) 64-Bit Server VM (25.102-b14 mixed mode windows-amd64 compressed oops)
Heap:
 PSYoungGen      total 105472K, used 52095K [0x00000000e0600000, 0x00000000ebc00000, 0x0000000100000000)
  eden space 65536K, 79% used [0x00000000e0600000,0x00000000e38dfc40,0x00000000e4600000)
  from space 39936K, 0% used [0x00000000e4600000,0x00000000e4600000,0x00000000e6d00000)
  to   space 48640K, 0% used [0x00000000e8c80000,0x00000000e8c80000,0x00000000ebc00000)
 ParOldGen       total 309248K, used 178745K [0x00000000a1200000, 0x00000000b4000000, 0x00000000e0600000)
  object space 309248K, 57% used [0x00000000a1200000,0x00000000ac08e530,0x00000000b4000000)
 Metaspace       used 18021K, capacity 19176K, committed 19200K, reserved 1064960K
  class space    used 2563K, capacity 2816K, committed 2816K, reserved 1048576K
GC Heap History (10 events):
Event: 2.460 GC heap before
{Heap before GC invocations=6 (full 1):
 PSYoungGen      total 53248K, used 47645K [0x00000000e0600000, 0x00000000e3e00000, 0x0000000100000000)
  eden space 49152K, 96% used [0x00000000e0600000,0x00000000e34874a0,0x00000000e3600000)
  from space 4096K, 0% used [0x00000000e3a00000,0x00000000e3a00000,0x00000000e3e00000)
  to   space 4096K, 0% used [0x00000000e3600000,0x00000000e3600000,0x00000000e3a00000)
 ParOldGen       total 116736K, used 54863K [0x00000000a1200000, 0x00000000a8400000, 0x00000000e0600000)
  object space 116736K, 46% used [0x00000000a1200000,0x00000000a4793d00,0x00000000a8400000)
 Metaspace       used 12706K, capacity 13344K, committed 13568K, reserved 1060864K
  class space    used 1770K, capacity 1928K, committed 2048K, reserved 1048576K
Event: 2.475 GC heap after
Heap after GC invocations=6 (full 1):
 PSYoungGen      total 53248K, used 4049K [0x00000000e0600000, 0x00000000e9400000, 0x0000000100000000)
  eden space 49152K, 0% used [0x00000000e0600000,0x00000000e0600000,0x00000000e3600000)
  from space 4096K, 98% used [0x00000000e3600000,0x00000000e39f45d0,0x00000000e3a00000)
  to   space 32768K, 0% used [0x00000000e7400000,0x00000000e7400000,0x00000000e9400000)
 ParOldGen       total 116736K, used 90704K [0x00000000a1200000, 0x00000000a8400000, 0x00000000e0600000)
  object space 116736K, 77% used [0x00000000a1200000,0x00000000a6a940f0,0x00000000a8400000)
 Metaspace       used 12706K, capacity 13344K, committed 13568K, reserved 1060864K
  class space    used 1770K, capacity 1928K, committed 2048K, reserved 1048576K
}
Event: 2.476 GC heap before
{Heap before GC invocations=7 (full 2):
 PSYoungGen      total 53248K, used 4049K [0x00000000e0600000, 0x00000000e9400000, 0x0000000100000000)
  eden space 49152K, 0% used [0x00000000e0600000,0x00000000e0600000,0x00000000e3600000)
  from space 4096K, 98% used [0x00000000e3600000,0x00000000e39f45d0,0x00000000e3a00000)
  to   space 32768K, 0% used [0x00000000e7400000,0x00000000e7400000,0x00000000e9400000)
 ParOldGen       total 116736K, used 90704K [0x00000000a1200000, 0x00000000a8400000, 0x00000000e0600000)
  object space 116736K, 77% used [0x00000000a1200000,0x00000000a6a940f0,0x00000000a8400000)
 Metaspace       used 12706K, capacity 13344K, committed 13568K, reserved 1060864K
  class space    used 1770K, capacity 1928K, committed 2048K, reserved 1048576K
Event: 2.518 GC heap after
Heap after GC invocations=7 (full 2):
 PSYoungGen      total 53248K, used 0K [0x00000000e0600000, 0x00000000e9400000, 0x0000000100000000)
  eden space 49152K, 0% used [0x00000000e0600000,0x00000000e0600000,0x00000000e3600000)
  from space 4096K, 0% used [0x00000000e3600000,0x00000000e3600000,0x00000000e3a00000)
  to   space 32768K, 0% used [0x00000000e7400000,0x00000000e7400000,0x00000000e9400000)
 ParOldGen       total 190464K, used 92125K [0x00000000a1200000, 0x00000000acc00000, 0x00000000e0600000)
  object space 190464K, 48% used [0x00000000a1200000,0x00000000a6bf77e8,0x00000000acc00000)
 Metaspace       used 12706K, capacity 13344K, committed 13568K, reserved 1060864K
  class space    used 1770K, capacity 1928K, committed 2048K, reserved 1048576K
}
Event: 2.781 GC heap before
{Heap before GC invocations=8 (full 2):
 PSYoungGen      total 53248K, used 49152K [0x00000000e0600000, 0x00000000e9400000, 0x0000000100000000)
  eden space 49152K, 100% used [0x00000000e0600000,0x00000000e3600000,0x00000000e3600000)
  from space 4096K, 0% used [0x00000000e3600000,0x00000000e3600000,0x00000000e3a00000)
  to   space 32768K, 0% used [0x00000000e7400000,0x00000000e7400000,0x00000000e9400000)
 ParOldGen       total 190464K, used 92125K [0x00000000a1200000, 0x00000000acc00000, 0x00000000e0600000)
  object space 190464K, 48% used [0x00000000a1200000,0x00000000a6bf77e8,0x00000000acc00000)
 Metaspace       used 12728K, capacity 13348K, committed 13568K, reserved 1060864K
  class space    used 1771K, capacity 1928K, committed 2048K, reserved 1048576K
Event: 2.793 GC heap after
Heap after GC invocations=8 (full 2):
 PSYoungGen      total 98304K, used 32724K [0x00000000e0600000, 0x00000000e9400000, 0x0000000100000000)
  eden space 65536K, 0% used [0x00000000e0600000,0x00000000e0600000,0x00000000e4600000)
  from space 32768K, 99% used [0x00000000e7400000,0x00000000e93f5188,0x00000000e9400000)
  to   space 39936K, 0% used [0x00000000e4600000,0x00000000e4600000,0x00000000e6d00000)
 ParOldGen       total 190464K, used 98800K [0x00000000a1200000, 0x00000000acc00000, 0x00000000e0600000)
  object space 190464K, 51% used [0x00000000a1200000,0x00000000a727c168,0x00000000acc00000)
 Metaspace       used 12728K, capacity 13348K, committed 13568K, reserved 1060864K
  class space    used 1771K, capacity 1928K, committed 2048K, reserved 1048576K
}
Event: 3.126 GC heap before
{Heap before GC invocations=9 (full 2):
 PSYoungGen      total 98304K, used 98249K [0x00000000e0600000, 0x00000000e9400000, 0x0000000100000000)
  eden space 65536K, 99% used [0x00000000e0600000,0x00000000e45fd610,0x00000000e4600000)
  from space 32768K, 99% used [0x00000000e7400000,0x00000000e93f5188,0x00000000e9400000)
  to   space 39936K, 0% used [0x00000000e4600000,0x00000000e4600000,0x00000000e6d00000)
 ParOldGen       total 190464K, used 98800K [0x00000000a1200000, 0x00000000acc00000, 0x00000000e0600000)
  object space 190464K, 51% used [0x00000000a1200000,0x00000000a727c168,0x00000000acc00000)
 Metaspace       used 12761K, capacity 13360K, committed 13568K, reserved 1060864K
  class space    used 1772K, capacity 1930K, committed 2048K, reserved 1048576K
Event: 3.149 GC heap after
Heap after GC invocations=9 (full 2):
 PSYoungGen      total 105472K, used 39908K [0x00000000e0600000, 0x00000000ebc00000, 0x0000000100000000)
  eden space 65536K, 0% used [0x00000000e0600000,0x00000000e0600000,0x00000000e4600000)
  from space 39936K, 99% used [0x00000000e4600000,0x00000000e6cf9380,0x00000000e6d00000)
  to   space 48640K, 0% used [0x00000000e8c80000,0x00000000e8c80000,0x00000000ebc00000)
 ParOldGen       total 190464K, used 142440K [0x00000000a1200000, 0x00000000acc00000, 0x00000000e0600000)
  object space 190464K, 74% used [0x00000000a1200000,0x00000000a9d1a038,0x00000000acc00000)
 Metaspace       used 12761K, capacity 13360K, committed 13568K, reserved 1060864K
  class space    used 1772K, capacity 1930K, committed 2048K, reserved 1048576K
}
Event: 3.149 GC heap before
{Heap before GC invocations=10 (full 3):
 PSYoungGen      total 105472K, used 39908K [0x00000000e0600000, 0x00000000ebc00000, 0x0000000100000000)
  eden space 65536K, 0% used [0x00000000e0600000,0x00000000e0600000,0x00000000e4600000)
  from space 39936K, 99% used [0x00000000e4600000,0x00000000e6cf9380,0x00000000e6d00000)
  to   space 48640K, 0% used [0x00000000e8c80000,0x00000000e8c80000,0x00000000ebc00000)
 ParOldGen       total 190464K, used 142440K [0x00000000a1200000, 0x00000000acc00000, 0x00000000e0600000)
  object space 190464K, 74% used [0x00000000a1200000,0x00000000a9d1a038,0x00000000acc00000)
 Metaspace       used 12761K, capacity 13360K, committed 13568K, reserved 1060864K
  class space    used 1772K, capacity 1930K, committed 2048K, reserved 1048576K
Event: 3.207 GC heap after
Heap after GC invocations=10 (full 3):
 PSYoungGen      total 105472K, used 0K [0x00000000e0600000, 0x00000000ebc00000, 0x0000000100000000)
  eden space 65536K, 0% used [0x00000000e0600000,0x00000000e0600000,0x00000000e4600000)
  from space 39936K, 0% used [0x00000000e4600000,0x00000000e4600000,0x00000000e6d00000)
  to   space 48640K, 0% used [0x00000000e8c80000,0x00000000e8c80000,0x00000000ebc00000)
 ParOldGen       total 309248K, used 178745K [0x00000000a1200000, 0x00000000b4000000, 0x00000000e0600000)
  object space 309248K, 57% used [0x00000000a1200000,0x00000000ac08e530,0x00000000b4000000)
 Metaspace       used 12761K, capacity 13360K, committed 13568K, reserved 1060864K
  class space    used 1772K, capacity 1930K, committed 2048K, reserved 1048576K
}

