# JRE version: Java(TM) SE Runtime Environment (8.0_102-b14) (build 1.8.0_102-b14)
# Java VM: Java HotSpot(TM) 64-Bit Server VM (25.102-b14 mixed mode windows-amd64 compressed oops)
Heap:
 PSYoungGen      total 125952K, used 14799K [0x00000000e0600000, 0x00000000ec600000, 0x0000000100000000)
  eden space 77824K, 19% used [0x00000000e0600000,0x00000000e1473c00,0x00000000e5200000)
  from space 48128K, 0% used [0x00000000e8900000,0x00000000e8900000,0x00000000eb800000)
  to   space 56320K, 0% used [0x00000000e5200000,0x00000000e5200000,0x00000000e8900000)
 ParOldGen       total 323072K, used 190913K [0x00000000a1200000, 0x00000000b4d80000, 0x00000000e0600000)
  object space 323072K, 59% used [0x00000000a1200000,0x00000000acc704a0,0x00000000b4d80000)
 Metaspace       used 18055K, capacity 19212K, committed 19456K, reserved 1067008K
  class space    used 2562K, capacity 2806K, committed 2816K, reserved 1048576K
GC Heap History (10 events):
Event: 3.406 GC heap before
{Heap before GC invocations=7 (full 2):
 PSYoungGen      total 53248K, used 4017K [0x00000000e0600000, 0x00000000e9400000, 0x0000000100000000)
  eden space 49152K, 0% used [0x00000000e0600000,0x00000000e0600000,0x00000000e3600000)
  from space 4096K, 98% used [0x00000000e3600000,0x00000000e39ec5d0,0x00000000e3a00000)
  to   space 32768K, 0% used [0x00000000e7400000,0x00000000e7400000,0x00000000e9400000)
 ParOldGen       total 118272K, used 88219K [0x00000000a1200000, 0x00000000a8580000, 0x00000000e0600000)
  object space 118272K, 74% used [0x00000000a1200000,0x00000000a6826fc8,0x00000000a8580000)
 Metaspace       used 12691K, capacity 13280K, committed 13568K, reserved 1060864K
  class space    used 1772K, capacity 1928K, committed 2048K, reserved 1048576K
Event: 3.455 GC heap after
Heap after GC invocations=7 (full 2):
 PSYoungGen      total 53248K, used 0K [0x00000000e0600000, 0x00000000e9400000, 0x0000000100000000)
  eden space 49152K, 0% used [0x00000000e0600000,0x00000000e0600000,0x00000000e3600000)
  from space 4096K, 0% used [0x00000000e3600000,0x00000000e3600000,0x00000000e3a00000)
  to   space 32768K, 0% used [0x00000000e7400000,0x00000000e7400000,0x00000000e9400000)
 ParOldGen       total 192000K, used 92124K [0x00000000a1200000, 0x00000000acd80000, 0x00000000e0600000)
  object space 192000K, 47% used [0x00000000a1200000,0x00000000a6bf7280,0x00000000acd80000)
 Metaspace       used 12691K, capacity 13280K, committed 13568K, reserved 1060864K
  class space    used 1772K, capacity 1928K, committed 2048K, reserved 1048576K
}
Event: 3.764 GC heap before
{Heap before GC invocations=8 (full 2):
 PSYoungGen      total 53248K, used 49152K [0x00000000e0600000, 0x00000000e9400000, 0x0000000100000000)
  eden space 49152K, 100% used [0x00000000e0600000,0x00000000e3600000,0x00000000e3600000)
  from space 4096K, 0% used [0x00000000e3600000,0x00000000e3600000,0x00000000e3a00000)
  to   space 32768K, 0% used [0x00000000e7400000,0x00000000e7400000,0x00000000e9400000)
 ParOldGen       total 192000K, used 92124K [0x00000000a1200000, 0x00000000acd80000, 0x00000000e0600000)
  object space 192000K, 47% used [0x00000000a1200000,0x00000000a6bf7280,0x00000000acd80000)
 Metaspace       used 12712K, capacity 13348K, committed 13568K, reserved 1060864K
  class space    used 1773K, capacity 1928K, committed 2048K, reserved 1048576K
Event: 3.776 GC heap after
Heap after GC invocations=8 (full 2):
 PSYoungGen      total 96768K, used 32720K [0x00000000e0600000, 0x00000000e9400000, 0x0000000100000000)
  eden space 64000K, 0% used [0x00000000e0600000,0x00000000e0600000,0x00000000e4480000)
  from space 32768K, 99% used [0x00000000e7400000,0x00000000e93f4108,0x00000000e9400000)
  to   space 39936K, 0% used [0x00000000e4600000,0x00000000e4600000,0x00000000e6d00000)
 ParOldGen       total 192000K, used 98771K [0x00000000a1200000, 0x00000000acd80000, 0x00000000e0600000)
  object space 192000K, 51% used [0x00000000a1200000,0x00000000a7274c80,0x00000000acd80000)
 Metaspace       used 12712K, capacity 13348K, committed 13568K, reserved 1060864K
  class space    used 1773K, capacity 1928K, committed 2048K, reserved 1048576K
}
Event: 4.134 GC heap before
{Heap before GC invocations=9 (full 2):
 PSYoungGen      total 96768K, used 96720K [0x00000000e0600000, 0x00000000e9400000, 0x0000000100000000)
  eden space 64000K, 100% used [0x00000000e0600000,0x00000000e4480000,0x00000000e4480000)
  from space 32768K, 99% used [0x00000000e7400000,0x00000000e93f4108,0x00000000e9400000)
  to   space 39936K, 0% used [0x00000000e4600000,0x00000000e4600000,0x00000000e6d00000)
 ParOldGen       total 192000K, used 98771K [0x00000000a1200000, 0x00000000acd80000, 0x00000000e0600000)
  object space 192000K, 51% used [0x00000000a1200000,0x00000000a7274c80,0x00000000acd80000)
 Metaspace       used 12756K, capacity 13360K, committed 13568K, reserved 1060864K
  class space    used 1774K, capacity 1930K, committed 2048K, reserved 1048576K
Event: 4.157 GC heap after
Heap after GC invocations=9 (full 2):
 PSYoungGen      total 105472K, used 39823K [0x00000000e0600000, 0x00000000eb800000, 0x0000000100000000)
  eden space 65536K, 0% used [0x00000000e0600000,0x00000000e0600000,0x00000000e4600000)
  from space 39936K, 99% used [0x00000000e4600000,0x00000000e6ce3d10,0x00000000e6d00000)
  to   space 48128K, 0% used [0x00000000e8900000,0x00000000e8900000,0x00000000eb800000)
 ParOldGen       total 192000K, used 141158K [0x00000000a1200000, 0x00000000acd80000, 0x00000000e0600000)
  object space 192000K, 73% used [0x00000000a1200000,0x00000000a9bd9bc0,0x00000000acd80000)
 Metaspace       used 12756K, capacity 13360K, committed 13568K, reserved 1060864K
  class space    used 1774K, capacity 1930K, committed 2048K, reserved 1048576K
}
Event: 527.245 GC heap before
{Heap before GC invocations=10 (full 2):
 PSYoungGen      total 105472K, used 105359K [0x00000000e0600000, 0x00000000eb800000, 0x0000000100000000)
  eden space 65536K, 100% used [0x00000000e0600000,0x00000000e4600000,0x00000000e4600000)
  from space 39936K, 99% used [0x00000000e4600000,0x00000000e6ce3d10,0x00000000e6d00000)
  to   space 48128K, 0% used [0x00000000e8900000,0x00000000e8900000,0x00000000eb800000)
 ParOldGen       total 192000K, used 141158K [0x00000000a1200000, 0x00000000acd80000, 0x00000000e0600000)
  object space 192000K, 73% used [0x00000000a1200000,0x00000000a9bd9bc0,0x00000000acd80000)
 Metaspace       used 17950K, capacity 19106K, committed 19200K, reserved 1064960K
  class space    used 2555K, capacity 2799K, committed 2816K, reserved 1048576K
Event: 527.320 GC heap after
Heap after GC invocations=10 (full 2):
 PSYoungGen      total 125952K, used 46020K [0x00000000e0600000, 0x00000000ec600000, 0x0000000100000000)
  eden space 77824K, 0% used [0x00000000e0600000,0x00000000e0600000,0x00000000e5200000)
  from space 48128K, 95% used [0x00000000e8900000,0x00000000eb5f1150,0x00000000eb800000)
  to   space 56320K, 0% used [0x00000000e5200000,0x00000000e5200000,0x00000000e8900000)
 ParOldGen       total 192000K, used 148591K [0x00000000a1200000, 0x00000000acd80000, 0x00000000e0600000)
  object space 192000K, 77% used [0x00000000a1200000,0x00000000aa31bff0,0x00000000acd80000)
 Metaspace       used 17950K, capacity 19106K, committed 19200K, reserved 1064960K
  class space    used 2555K, capacity 2799K, committed 2816K, reserved 1048576K
}
Event: 527.320 GC heap before
{Heap before GC invocations=11 (full 3):
 PSYoungGen      total 125952K, used 46020K [0x00000000e0600000, 0x00000000ec600000, 0x0000000100000000)
  eden space 77824K, 0% used [0x00000000e0600000,0x00000000e0600000,0x00000000e5200000)
  from space 48128K, 95% used [0x00000000e8900000,0x00000000eb5f1150,0x00000000eb800000)
  to   space 56320K, 0% used [0x00000000e5200000,0x00000000e5200000,0x00000000e8900000)
 ParOldGen       total 192000K, used 148591K [0x00000000a1200000, 0x00000000acd80000, 0x00000000e0600000)
  object space 192000K, 77% used [0x00000000a1200000,0x00000000aa31bff0,0x00000000acd80000)
 Metaspace       used 17950K, capacity 19106K, committed 19200K, reserved 1064960K
  class space    used 2555K, capacity 2799K, committed 2816K, reserved 1048576K
Event: 527.989 GC heap after
Heap after GC invocations=11 (full 3):
 PSYoungGen      total 125952K, used 0K [0x00000000e0600000, 0x00000000ec600000, 0x0000000100000000)
  eden space 77824K, 0% used [0x00000000e0600000,0x00000000e0600000,0x00000000e5200000)
  from space 48128K, 0% used [0x00000000e8900000,0x00000000e8900000,0x00000000eb800000)
  to   space 56320K, 0% used [0x00000000e5200000,0x00000000e5200000,0x00000000e8900000)
 ParOldGen       total 323072K, used 190913K [0x00000000a1200000, 0x00000000b4d80000, 0x00000000e0600000)
  object space 323072K, 59% used [0x00000000a1200000,0x00000000acc704a0,0x00000000b4d80000)
 Metaspace       used 17950K, capacity 19106K, committed 19200K, reserved 1064960K
  class space    used 2555K, capacity 2799K, committed 2816K, reserved 1048576K
}

