# JRE version: Java(TM) SE Runtime Environment (8.0_102-b14) (build 1.8.0_102-b14)
# Java VM: Java HotSpot(TM) 64-Bit Server VM (25.102-b14 mixed mode windows-amd64 compressed oops)
Heap:
 PSYoungGen      total 117760K, used 42863K [0x00000000e0600000, 0x00000000ee180000, 0x0000000100000000)
  eden space 68608K, 36% used [0x00000000e0600000,0x00000000e1e825c0,0x00000000e4900000)
  from space 49152K, 36% used [0x00000000e8d00000,0x00000000e9e599e8,0x00000000ebd00000)
  to   space 69632K, 0% used [0x00000000e4900000,0x00000000e4900000,0x00000000e8d00000)
 ParOldGen       total 328192K, used 194058K [0x00000000a1200000, 0x00000000b5280000, 0x00000000e0600000)
  object space 328192K, 59% used [0x00000000a1200000,0x00000000acf82b00,0x00000000b5280000)
 Metaspace       used 18793K, capacity 20090K, committed 20352K, reserved 1067008K
  class space    used 2647K, capacity 2905K, committed 2944K, reserved 1048576K
GC Heap History (10 events):
Event: 3.258 GC heap before
{Heap before GC invocations=7 (full 2):
 PSYoungGen      total 53248K, used 3985K [0x00000000e0600000, 0x00000000e9500000, 0x0000000100000000)
  eden space 49152K, 0% used [0x00000000e0600000,0x00000000e0600000,0x00000000e3600000)
  from space 4096K, 97% used [0x00000000e3600000,0x00000000e39e45d0,0x00000000e3a00000)
  to   space 33280K, 0% used [0x00000000e7480000,0x00000000e7480000,0x00000000e9500000)
 ParOldGen       total 120320K, used 90722K [0x00000000a1200000, 0x00000000a8780000, 0x00000000e0600000)
  object space 120320K, 75% used [0x00000000a1200000,0x00000000a6a988d0,0x00000000a8780000)
 Metaspace       used 12720K, capacity 13344K, committed 13568K, reserved 1060864K
  class space    used 1774K, capacity 1928K, committed 2048K, reserved 1048576K
Event: 3.320 GC heap after
Heap after GC invocations=7 (full 2):
 PSYoungGen      total 53248K, used 0K [0x00000000e0600000, 0x00000000e9500000, 0x0000000100000000)
  eden space 49152K, 0% used [0x00000000e0600000,0x00000000e0600000,0x00000000e3600000)
  from space 4096K, 0% used [0x00000000e3600000,0x00000000e3600000,0x00000000e3a00000)
  to   space 33280K, 0% used [0x00000000e7480000,0x00000000e7480000,0x00000000e9500000)
 ParOldGen       total 194560K, used 92123K [0x00000000a1200000, 0x00000000ad000000, 0x00000000e0600000)
  object space 194560K, 47% used [0x00000000a1200000,0x00000000a6bf6f00,0x00000000ad000000)
 Metaspace       used 12720K, capacity 13344K, committed 13568K, reserved 1060864K
  class space    used 1774K, capacity 1928K, committed 2048K, reserved 1048576K
}
Event: 3.660 GC heap before
{Heap before GC invocations=8 (full 2):
 PSYoungGen      total 53248K, used 49152K [0x00000000e0600000, 0x00000000e9500000, 0x0000000100000000)
  eden space 49152K, 100% used [0x00000000e0600000,0x00000000e3600000,0x00000000e3600000)
  from space 4096K, 0% used [0x00000000e3600000,0x00000000e3600000,0x00000000e3a00000)
  to   space 33280K, 0% used [0x00000000e7480000,0x00000000e7480000,0x00000000e9500000)
 ParOldGen       total 194560K, used 92123K [0x00000000a1200000, 0x00000000ad000000, 0x00000000e0600000)
  object space 194560K, 47% used [0x00000000a1200000,0x00000000a6bf6f00,0x00000000ad000000)
 Metaspace       used 12741K, capacity 13348K, committed 13568K, reserved 1060864K
  class space    used 1774K, capacity 1928K, committed 2048K, reserved 1048576K
Event: 3.676 GC heap after
Heap after GC invocations=8 (full 2):
 PSYoungGen      total 97792K, used 33197K [0x00000000e0600000, 0x00000000e9500000, 0x0000000100000000)
  eden space 64512K, 0% used [0x00000000e0600000,0x00000000e0600000,0x00000000e4500000)
  from space 33280K, 99% used [0x00000000e7480000,0x00000000e94eb520,0x00000000e9500000)
  to   space 40960K, 0% used [0x00000000e4500000,0x00000000e4500000,0x00000000e6d00000)
 ParOldGen       total 194560K, used 98325K [0x00000000a1200000, 0x00000000ad000000, 0x00000000e0600000)
  object space 194560K, 50% used [0x00000000a1200000,0x00000000a72054e8,0x00000000ad000000)
 Metaspace       used 12741K, capacity 13348K, committed 13568K, reserved 1060864K
  class space    used 1774K, capacity 1928K, committed 2048K, reserved 1048576K
}
Event: 4.046 GC heap before
{Heap before GC invocations=9 (full 2):
 PSYoungGen      total 97792K, used 97709K [0x00000000e0600000, 0x00000000e9500000, 0x0000000100000000)
  eden space 64512K, 100% used [0x00000000e0600000,0x00000000e4500000,0x00000000e4500000)
  from space 33280K, 99% used [0x00000000e7480000,0x00000000e94eb520,0x00000000e9500000)
  to   space 40960K, 0% used [0x00000000e4500000,0x00000000e4500000,0x00000000e6d00000)
 ParOldGen       total 194560K, used 98325K [0x00000000a1200000, 0x00000000ad000000, 0x00000000e0600000)
  object space 194560K, 50% used [0x00000000a1200000,0x00000000a72054e8,0x00000000ad000000)
 Metaspace       used 12779K, capacity 13424K, committed 13568K, reserved 1060864K
  class space    used 1775K, capacity 1930K, committed 2048K, reserved 1048576K
Event: 4.084 GC heap after
Heap after GC invocations=9 (full 2):
 PSYoungGen      total 105472K, used 40761K [0x00000000e0600000, 0x00000000ebd00000, 0x0000000100000000)
  eden space 64512K, 0% used [0x00000000e0600000,0x00000000e0600000,0x00000000e4500000)
  from space 40960K, 99% used [0x00000000e4500000,0x00000000e6cce6c0,0x00000000e6d00000)
  to   space 49152K, 0% used [0x00000000e8d00000,0x00000000e8d00000,0x00000000ebd00000)
 ParOldGen       total 194560K, used 140902K [0x00000000a1200000, 0x00000000ad000000, 0x00000000e0600000)
  object space 194560K, 72% used [0x00000000a1200000,0x00000000a9b99950,0x00000000ad000000)
 Metaspace       used 12779K, capacity 13424K, committed 13568K, reserved 1060864K
  class space    used 1775K, capacity 1930K, committed 2048K, reserved 1048576K
}
Event: 17.910 GC heap before
{Heap before GC invocations=10 (full 2):
 PSYoungGen      total 105472K, used 105273K [0x00000000e0600000, 0x00000000ebd00000, 0x0000000100000000)
  eden space 64512K, 100% used [0x00000000e0600000,0x00000000e4500000,0x00000000e4500000)
  from space 40960K, 99% used [0x00000000e4500000,0x00000000e6cce6c0,0x00000000e6d00000)
  to   space 49152K, 0% used [0x00000000e8d00000,0x00000000e8d00000,0x00000000ebd00000)
 ParOldGen       total 194560K, used 140902K [0x00000000a1200000, 0x00000000ad000000, 0x00000000e0600000)
  object space 194560K, 72% used [0x00000000a1200000,0x00000000a9b99950,0x00000000ad000000)
 Metaspace       used 18263K, capacity 19458K, committed 19584K, reserved 1067008K
  class space    used 2621K, capacity 2885K, committed 2944K, reserved 1048576K
Event: 17.944 GC heap after
Heap after GC invocations=10 (full 2):
 PSYoungGen      total 117760K, used 49131K [0x00000000e0600000, 0x00000000ee180000, 0x0000000100000000)
  eden space 68608K, 0% used [0x00000000e0600000,0x00000000e0600000,0x00000000e4900000)
  from space 49152K, 99% used [0x00000000e8d00000,0x00000000ebcfaf80,0x00000000ebd00000)
  to   space 69632K, 0% used [0x00000000e4900000,0x00000000e4900000,0x00000000e8d00000)
 ParOldGen       total 194560K, used 166407K [0x00000000a1200000, 0x00000000ad000000, 0x00000000e0600000)
  object space 194560K, 85% used [0x00000000a1200000,0x00000000ab481dc0,0x00000000ad000000)
 Metaspace       used 18263K, capacity 19458K, committed 19584K, reserved 1067008K
  class space    used 2621K, capacity 2885K, committed 2944K, reserved 1048576K
}
Event: 17.944 GC heap before
{Heap before GC invocations=11 (full 3):
 PSYoungGen      total 117760K, used 49131K [0x00000000e0600000, 0x00000000ee180000, 0x0000000100000000)
  eden space 68608K, 0% used [0x00000000e0600000,0x00000000e0600000,0x00000000e4900000)
  from space 49152K, 99% used [0x00000000e8d00000,0x00000000ebcfaf80,0x00000000ebd00000)
  to   space 69632K, 0% used [0x00000000e4900000,0x00000000e4900000,0x00000000e8d00000)
 ParOldGen       total 194560K, used 166407K [0x00000000a1200000, 0x00000000ad000000, 0x00000000e0600000)
  object space 194560K, 85% used [0x00000000a1200000,0x00000000ab481dc0,0x00000000ad000000)
 Metaspace       used 18263K, capacity 19458K, committed 19584K, reserved 1067008K
  class space    used 2621K, capacity 2885K, committed 2944K, reserved 1048576K
Event: 18.034 GC heap after
Heap after GC invocations=11 (full 3):
 PSYoungGen      total 117760K, used 17766K [0x00000000e0600000, 0x00000000ee180000, 0x0000000100000000)
  eden space 68608K, 0% used [0x00000000e0600000,0x00000000e0600000,0x00000000e4900000)
  from space 49152K, 36% used [0x00000000e8d00000,0x00000000e9e599e8,0x00000000ebd00000)
  to   space 69632K, 0% used [0x00000000e4900000,0x00000000e4900000,0x00000000e8d00000)
 ParOldGen       total 328192K, used 194058K [0x00000000a1200000, 0x00000000b5280000, 0x00000000e0600000)
  object space 328192K, 59% used [0x00000000a1200000,0x00000000acf82b00,0x00000000b5280000)
 Metaspace       used 18263K, capacity 19458K, committed 19584K, reserved 1067008K
  class space    used 2621K, capacity 2885K, committed 2944K, reserved 1048576K
}

