# JRE version: Java(TM) SE Runtime Environment (8.0_201-b09) (build 1.8.0_201-b09)
# Java VM: Java HotSpot(TM) 64-Bit Server VM (25.201-b09 mixed mode windows-amd64 compressed oops)
Heap:
 PSYoungGen      total 141824K, used 54490K [0x000000076af80000, 0x000000077c480000, 0x00000007c0000000)
  eden space 131072K, 41% used [0x000000076af80000,0x000000076e4b68c8,0x0000000772f80000)
  from space 10752K, 0% used [0x0000000772f80000,0x0000000772f80000,0x0000000773a00000)
  to   space 10752K, 0% used [0x000000077ba00000,0x000000077ba00000,0x000000077c480000)
 ParOldGen       total 385024K, used 174703K [0x00000006c0e00000, 0x00000006d8600000, 0x000000076af80000)
  object space 385024K, 45% used [0x00000006c0e00000,0x00000006cb89be68,0x00000006d8600000)
 Metaspace       used 17941K, capacity 19142K, committed 19328K, reserved 1064960K
  class space    used 2566K, capacity 2833K, committed 2944K, reserved 1048576K
GC Heap History (8 events):
Event: 1.130 GC heap before
{Heap before GC invocations=1 (full 0):
 PSYoungGen      total 76288K, used 65536K [0x000000076af80000, 0x0000000770480000, 0x00000007c0000000)
  eden space 65536K, 100% used [0x000000076af80000,0x000000076ef80000,0x000000076ef80000)
  from space 10752K, 0% used [0x000000076fa00000,0x000000076fa00000,0x0000000770480000)
  to   space 10752K, 0% used [0x000000076ef80000,0x000000076ef80000,0x000000076fa00000)
 ParOldGen       total 175104K, used 0K [0x00000006c0e00000, 0x00000006cb900000, 0x000000076af80000)
  object space 175104K, 0% used [0x00000006c0e00000,0x00000006c0e00000,0x00000006cb900000)
 Metaspace       used 11181K, capacity 11698K, committed 12032K, reserved 1058816K
  class space    used 1554K, capacity 1690K, committed 1792K, reserved 1048576K
Event: 1.144 GC heap after
Heap after GC invocations=1 (full 0):
 PSYoungGen      total 76288K, used 10741K [0x000000076af80000, 0x0000000774480000, 0x00000007c0000000)
  eden space 65536K, 0% used [0x000000076af80000,0x000000076af80000,0x000000076ef80000)
  from space 10752K, 99% used [0x000000076ef80000,0x000000076f9fd688,0x000000076fa00000)
  to   space 10752K, 0% used [0x0000000773a00000,0x0000000773a00000,0x0000000774480000)
 ParOldGen       total 175104K, used 17165K [0x00000006c0e00000, 0x00000006cb900000, 0x000000076af80000)
  object space 175104K, 9% used [0x00000006c0e00000,0x00000006c1ec3608,0x00000006cb900000)
 Metaspace       used 11181K, capacity 11698K, committed 12032K, reserved 1058816K
  class space    used 1554K, capacity 1690K, committed 1792K, reserved 1048576K
}
Event: 1.937 GC heap before
{Heap before GC invocations=2 (full 0):
 PSYoungGen      total 76288K, used 74810K [0x000000076af80000, 0x0000000774480000, 0x00000007c0000000)
  eden space 65536K, 97% used [0x000000076af80000,0x000000076ee11270,0x000000076ef80000)
  from space 10752K, 99% used [0x000000076ef80000,0x000000076f9fd688,0x000000076fa00000)
  to   space 10752K, 0% used [0x0000000773a00000,0x0000000773a00000,0x0000000774480000)
 ParOldGen       total 175104K, used 17165K [0x00000006c0e00000, 0x00000006cb900000, 0x000000076af80000)
  object space 175104K, 9% used [0x00000006c0e00000,0x00000006c1ec3608,0x00000006cb900000)
 Metaspace       used 12821K, capacity 13398K, committed 13568K, reserved 1060864K
  class space    used 1777K, capacity 1925K, committed 2048K, reserved 1048576K
Event: 1.966 GC heap after
Heap after GC invocations=2 (full 0):
 PSYoungGen      total 141824K, used 10725K [0x000000076af80000, 0x0000000774480000, 0x00000007c0000000)
  eden space 131072K, 0% used [0x000000076af80000,0x000000076af80000,0x0000000772f80000)
  from space 10752K, 99% used [0x0000000773a00000,0x0000000774479720,0x0000000774480000)
  to   space 10752K, 0% used [0x0000000772f80000,0x0000000772f80000,0x0000000773a00000)
 ParOldGen       total 175104K, used 64321K [0x00000006c0e00000, 0x00000006cb900000, 0x000000076af80000)
  object space 175104K, 36% used [0x00000006c0e00000,0x00000006c4cd0748,0x00000006cb900000)
 Metaspace       used 12821K, capacity 13398K, committed 13568K, reserved 1060864K
  class space    used 1777K, capacity 1925K, committed 2048K, reserved 1048576K
}
Event: 2.665 GC heap before
{Heap before GC invocations=3 (full 0):
 PSYoungGen      total 141824K, used 141797K [0x000000076af80000, 0x0000000774480000, 0x00000007c0000000)
  eden space 131072K, 100% used [0x000000076af80000,0x0000000772f80000,0x0000000772f80000)
  from space 10752K, 99% used [0x0000000773a00000,0x0000000774479720,0x0000000774480000)
  to   space 10752K, 0% used [0x0000000772f80000,0x0000000772f80000,0x0000000773a00000)
 ParOldGen       total 175104K, used 64321K [0x00000006c0e00000, 0x00000006cb900000, 0x000000076af80000)
  object space 175104K, 36% used [0x00000006c0e00000,0x00000006c4cd0748,0x00000006cb900000)
 Metaspace       used 12868K, capacity 13474K, committed 13824K, reserved 1060864K
  class space    used 1779K, capacity 1927K, committed 2048K, reserved 1048576K
Event: 2.699 GC heap after
Heap after GC invocations=3 (full 0):
 PSYoungGen      total 141824K, used 10740K [0x000000076af80000, 0x000000077c480000, 0x00000007c0000000)
  eden space 131072K, 0% used [0x000000076af80000,0x000000076af80000,0x0000000772f80000)
  from space 10752K, 99% used [0x0000000772f80000,0x00000007739fd2c0,0x0000000773a00000)
  to   space 10752K, 0% used [0x000000077ba00000,0x000000077ba00000,0x000000077c480000)
 ParOldGen       total 175104K, used 164183K [0x00000006c0e00000, 0x00000006cb900000, 0x000000076af80000)
  object space 175104K, 93% used [0x00000006c0e00000,0x00000006cae55eb0,0x00000006cb900000)
 Metaspace       used 12868K, capacity 13474K, committed 13824K, reserved 1060864K
  class space    used 1779K, capacity 1927K, committed 2048K, reserved 1048576K
}
Event: 2.699 GC heap before
{Heap before GC invocations=4 (full 1):
 PSYoungGen      total 141824K, used 10740K [0x000000076af80000, 0x000000077c480000, 0x00000007c0000000)
  eden space 131072K, 0% used [0x000000076af80000,0x000000076af80000,0x0000000772f80000)
  from space 10752K, 99% used [0x0000000772f80000,0x00000007739fd2c0,0x0000000773a00000)
  to   space 10752K, 0% used [0x000000077ba00000,0x000000077ba00000,0x000000077c480000)
 ParOldGen       total 175104K, used 164183K [0x00000006c0e00000, 0x00000006cb900000, 0x000000076af80000)
  object space 175104K, 93% used [0x00000006c0e00000,0x00000006cae55eb0,0x00000006cb900000)
 Metaspace       used 12868K, capacity 13474K, committed 13824K, reserved 1060864K
  class space    used 1779K, capacity 1927K, committed 2048K, reserved 1048576K
Event: 2.770 GC heap after
Heap after GC invocations=4 (full 1):
 PSYoungGen      total 141824K, used 0K [0x000000076af80000, 0x000000077c480000, 0x00000007c0000000)
  eden space 131072K, 0% used [0x000000076af80000,0x000000076af80000,0x0000000772f80000)
  from space 10752K, 0% used [0x0000000772f80000,0x0000000772f80000,0x0000000773a00000)
  to   space 10752K, 0% used [0x000000077ba00000,0x000000077ba00000,0x000000077c480000)
 ParOldGen       total 385024K, used 174703K [0x00000006c0e00000, 0x00000006d8600000, 0x000000076af80000)
  object space 385024K, 45% used [0x00000006c0e00000,0x00000006cb89be68,0x00000006d8600000)
 Metaspace       used 12868K, capacity 13474K, committed 13824K, reserved 1060864K
  class space    used 1779K, capacity 1927K, committed 2048K, reserved 1048576K
}

