# JRE version: Java(TM) SE Runtime Environment (8.0_102-b14) (build 1.8.0_102-b14)
# Java VM: Java HotSpot(TM) 64-Bit Server VM (25.102-b14 mixed mode windows-amd64 compressed oops)
Heap:
 PSYoungGen      total 126464K, used 81824K [0x00000000e0600000, 0x00000000ed000000, 0x0000000100000000)
  eden space 76800K, 41% used [0x00000000e0600000,0x00000000e256e700,0x00000000e5100000)
  from space 49664K, 99% used [0x00000000e8d00000,0x00000000ebd79a50,0x00000000ebd80000)
  to   space 61440K, 0% used [0x00000000e5100000,0x00000000e5100000,0x00000000e8d00000)
 ParOldGen       total 198144K, used 144937K [0x00000000a1200000, 0x00000000ad380000, 0x00000000e0600000)
  object space 198144K, 73% used [0x00000000a1200000,0x00000000a9f8a418,0x00000000ad380000)
 Metaspace       used 17893K, capacity 19042K, committed 19200K, reserved 1064960K
  class space    used 2562K, capacity 2815K, committed 2816K, reserved 1048576K
GC Heap History (10 events):
Event: 1.902 GC heap before
{Heap before GC invocations=6 (full 1):
 PSYoungGen      total 53248K, used 46711K [0x00000000e0600000, 0x00000000e3e00000, 0x0000000100000000)
  eden space 49152K, 95% used [0x00000000e0600000,0x00000000e339de70,0x00000000e3600000)
  from space 4096K, 0% used [0x00000000e3a00000,0x00000000e3a00000,0x00000000e3e00000)
  to   space 4096K, 0% used [0x00000000e3600000,0x00000000e3600000,0x00000000e3a00000)
 ParOldGen       total 123904K, used 55671K [0x00000000a1200000, 0x00000000a8b00000, 0x00000000e0600000)
  object space 123904K, 44% used [0x00000000a1200000,0x00000000a485ddb0,0x00000000a8b00000)
 Metaspace       used 12703K, capacity 13344K, committed 13568K, reserved 1060864K
  class space    used 1771K, capacity 1928K, committed 2048K, reserved 1048576K
Event: 1.927 GC heap after
Heap after GC invocations=6 (full 1):
 PSYoungGen      total 53248K, used 4017K [0x00000000e0600000, 0x00000000e8a80000, 0x0000000100000000)
  eden space 49152K, 0% used [0x00000000e0600000,0x00000000e0600000,0x00000000e3600000)
  from space 4096K, 98% used [0x00000000e3600000,0x00000000e39ec5d0,0x00000000e3a00000)
  to   space 33280K, 0% used [0x00000000e6a00000,0x00000000e6a00000,0x00000000e8a80000)
 ParOldGen       total 123904K, used 90721K [0x00000000a1200000, 0x00000000a8b00000, 0x00000000e0600000)
  object space 123904K, 73% used [0x00000000a1200000,0x00000000a6a98560,0x00000000a8b00000)
 Metaspace       used 12703K, capacity 13344K, committed 13568K, reserved 1060864K
  class space    used 1771K, capacity 1928K, committed 2048K, reserved 1048576K
}
Event: 1.927 GC heap before
{Heap before GC invocations=7 (full 2):
 PSYoungGen      total 53248K, used 4017K [0x00000000e0600000, 0x00000000e8a80000, 0x0000000100000000)
  eden space 49152K, 0% used [0x00000000e0600000,0x00000000e0600000,0x00000000e3600000)
  from space 4096K, 98% used [0x00000000e3600000,0x00000000e39ec5d0,0x00000000e3a00000)
  to   space 33280K, 0% used [0x00000000e6a00000,0x00000000e6a00000,0x00000000e8a80000)
 ParOldGen       total 123904K, used 90721K [0x00000000a1200000, 0x00000000a8b00000, 0x00000000e0600000)
  object space 123904K, 73% used [0x00000000a1200000,0x00000000a6a98560,0x00000000a8b00000)
 Metaspace       used 12703K, capacity 13344K, committed 13568K, reserved 1060864K
  class space    used 1771K, capacity 1928K, committed 2048K, reserved 1048576K
Event: 1.967 GC heap after
Heap after GC invocations=7 (full 2):
 PSYoungGen      total 53248K, used 0K [0x00000000e0600000, 0x00000000e8a80000, 0x0000000100000000)
  eden space 49152K, 0% used [0x00000000e0600000,0x00000000e0600000,0x00000000e3600000)
  from space 4096K, 0% used [0x00000000e3600000,0x00000000e3600000,0x00000000e3a00000)
  to   space 33280K, 0% used [0x00000000e6a00000,0x00000000e6a00000,0x00000000e8a80000)
 ParOldGen       total 198144K, used 92122K [0x00000000a1200000, 0x00000000ad380000, 0x00000000e0600000)
  object space 198144K, 46% used [0x00000000a1200000,0x00000000a6bf6a28,0x00000000ad380000)
 Metaspace       used 12703K, capacity 13344K, committed 13568K, reserved 1060864K
  class space    used 1771K, capacity 1928K, committed 2048K, reserved 1048576K
}
Event: 2.269 GC heap before
{Heap before GC invocations=8 (full 2):
 PSYoungGen      total 53248K, used 49152K [0x00000000e0600000, 0x00000000e8a80000, 0x0000000100000000)
  eden space 49152K, 100% used [0x00000000e0600000,0x00000000e3600000,0x00000000e3600000)
  from space 4096K, 0% used [0x00000000e3600000,0x00000000e3600000,0x00000000e3a00000)
  to   space 33280K, 0% used [0x00000000e6a00000,0x00000000e6a00000,0x00000000e8a80000)
 ParOldGen       total 198144K, used 92122K [0x00000000a1200000, 0x00000000ad380000, 0x00000000e0600000)
  object space 198144K, 46% used [0x00000000a1200000,0x00000000a6bf6a28,0x00000000ad380000)
 Metaspace       used 12723K, capacity 13348K, committed 13568K, reserved 1060864K
  class space    used 1772K, capacity 1928K, committed 2048K, reserved 1048576K
Event: 2.287 GC heap after
Heap after GC invocations=8 (full 2):
 PSYoungGen      total 94720K, used 33165K [0x00000000e0600000, 0x00000000e9700000, 0x0000000100000000)
  eden space 61440K, 0% used [0x00000000e0600000,0x00000000e0600000,0x00000000e4200000)
  from space 33280K, 99% used [0x00000000e6a00000,0x00000000e8a63520,0x00000000e8a80000)
  to   space 40960K, 0% used [0x00000000e4200000,0x00000000e4200000,0x00000000e6a00000)
 ParOldGen       total 198144K, used 98324K [0x00000000a1200000, 0x00000000ad380000, 0x00000000e0600000)
  object space 198144K, 49% used [0x00000000a1200000,0x00000000a7205010,0x00000000ad380000)
 Metaspace       used 12723K, capacity 13348K, committed 13568K, reserved 1060864K
  class space    used 1772K, capacity 1928K, committed 2048K, reserved 1048576K
}
Event: 2.652 GC heap before
{Heap before GC invocations=9 (full 2):
 PSYoungGen      total 94720K, used 94605K [0x00000000e0600000, 0x00000000e9700000, 0x0000000100000000)
  eden space 61440K, 100% used [0x00000000e0600000,0x00000000e4200000,0x00000000e4200000)
  from space 33280K, 99% used [0x00000000e6a00000,0x00000000e8a63520,0x00000000e8a80000)
  to   space 40960K, 0% used [0x00000000e4200000,0x00000000e4200000,0x00000000e6a00000)
 ParOldGen       total 198144K, used 98324K [0x00000000a1200000, 0x00000000ad380000, 0x00000000e0600000)
  object space 198144K, 49% used [0x00000000a1200000,0x00000000a7205010,0x00000000ad380000)
 Metaspace       used 12761K, capacity 13360K, committed 13568K, reserved 1060864K
  class space    used 1773K, capacity 1930K, committed 2048K, reserved 1048576K
Event: 2.709 GC heap after
Heap after GC invocations=9 (full 2):
 PSYoungGen      total 102400K, used 40741K [0x00000000e0600000, 0x00000000ebd80000, 0x0000000100000000)
  eden space 61440K, 0% used [0x00000000e0600000,0x00000000e0600000,0x00000000e4200000)
  from space 40960K, 99% used [0x00000000e4200000,0x00000000e69c9410,0x00000000e6a00000)
  to   space 49664K, 0% used [0x00000000e8d00000,0x00000000e8d00000,0x00000000ebd80000)
 ParOldGen       total 198144K, used 138532K [0x00000000a1200000, 0x00000000ad380000, 0x00000000e0600000)
  object space 198144K, 69% used [0x00000000a1200000,0x00000000a9949188,0x00000000ad380000)
 Metaspace       used 12761K, capacity 13360K, committed 13568K, reserved 1060864K
  class space    used 1773K, capacity 1930K, committed 2048K, reserved 1048576K
}
Event: 400.828 GC heap before
{Heap before GC invocations=10 (full 2):
 PSYoungGen      total 102400K, used 102181K [0x00000000e0600000, 0x00000000ebd80000, 0x0000000100000000)
  eden space 61440K, 100% used [0x00000000e0600000,0x00000000e4200000,0x00000000e4200000)
  from space 40960K, 99% used [0x00000000e4200000,0x00000000e69c9410,0x00000000e6a00000)
  to   space 49664K, 0% used [0x00000000e8d00000,0x00000000e8d00000,0x00000000ebd80000)
 ParOldGen       total 198144K, used 138532K [0x00000000a1200000, 0x00000000ad380000, 0x00000000e0600000)
  object space 198144K, 69% used [0x00000000a1200000,0x00000000a9949188,0x00000000ad380000)
 Metaspace       used 17850K, capacity 19006K, committed 19200K, reserved 1064960K
  class space    used 2556K, capacity 2809K, committed 2816K, reserved 1048576K
Event: 400.907 GC heap after
Heap after GC invocations=10 (full 2):
 PSYoungGen      total 126464K, used 49638K [0x00000000e0600000, 0x00000000ed000000, 0x0000000100000000)
  eden space 76800K, 0% used [0x00000000e0600000,0x00000000e0600000,0x00000000e5100000)
  from space 49664K, 99% used [0x00000000e8d00000,0x00000000ebd79a50,0x00000000ebd80000)
  to   space 61440K, 0% used [0x00000000e5100000,0x00000000e5100000,0x00000000e8d00000)
 ParOldGen       total 198144K, used 144937K [0x00000000a1200000, 0x00000000ad380000, 0x00000000e0600000)
  object space 198144K, 73% used [0x00000000a1200000,0x00000000a9f8a418,0x00000000ad380000)
 Metaspace       used 17850K, capacity 19006K, committed 19200K, reserved 1064960K
  class space    used 2556K, capacity 2809K, committed 2816K, reserved 1048576K
}

