# JRE version: Java(TM) SE Runtime Environment (8.0_102-b14) (build 1.8.0_102-b14)
# Java VM: Java HotSpot(TM) 64-Bit Server VM (25.102-b14 mixed mode windows-amd64 compressed oops)
Heap:
 PSYoungGen      total 105472K, used 85045K [0x00000000e0600000, 0x00000000eea00000, 0x0000000100000000)
  eden space 65536K, 68% used [0x00000000e0600000,0x00000000e3211230,0x00000000e4600000)
  from space 39936K, 99% used [0x00000000e4600000,0x00000000e6cfc560,0x00000000e6d00000)
  to   space 70144K, 0% used [0x00000000ea580000,0x00000000ea580000,0x00000000eea00000)
 ParOldGen       total 192512K, used 142369K [0x00000000a1200000, 0x00000000ace00000, 0x00000000e0600000)
  object space 192512K, 73% used [0x00000000a1200000,0x00000000a9d087b0,0x00000000ace00000)
 Metaspace       used 18195K, capacity 19396K, committed 19584K, reserved 1067008K
  class space    used 2573K, capacity 2820K, committed 2944K, reserved 1048576K
GC Heap History (10 events):
Event: 3.325 GC heap before
{Heap before GC invocations=5 (full 1):
 PSYoungGen      total 53248K, used 4092K [0x00000000e0600000, 0x00000000e3e00000, 0x0000000100000000)
  eden space 49152K, 0% used [0x00000000e0600000,0x00000000e0600000,0x00000000e3600000)
  from space 4096K, 99% used [0x00000000e3a00000,0x00000000e3dff3f8,0x00000000e3e00000)
  to   space 4096K, 0% used [0x00000000e3600000,0x00000000e3600000,0x00000000e3a00000)
 ParOldGen       total 65536K, used 50894K [0x00000000a1200000, 0x00000000a5200000, 0x00000000e0600000)
  object space 65536K, 77% used [0x00000000a1200000,0x00000000a43b3a38,0x00000000a5200000)
 Metaspace       used 12663K, capacity 13252K, committed 13440K, reserved 1060864K
  class space    used 1765K, capacity 1917K, committed 1920K, reserved 1048576K
Event: 3.405 GC heap after
Heap after GC invocations=5 (full 1):
 PSYoungGen      total 53248K, used 0K [0x00000000e0600000, 0x00000000e3e00000, 0x0000000100000000)
  eden space 49152K, 0% used [0x00000000e0600000,0x00000000e0600000,0x00000000e3600000)
  from space 4096K, 0% used [0x00000000e3a00000,0x00000000e3a00000,0x00000000e3e00000)
  to   space 4096K, 0% used [0x00000000e3600000,0x00000000e3600000,0x00000000e3a00000)
 ParOldGen       total 118272K, used 54861K [0x00000000a1200000, 0x00000000a8580000, 0x00000000e0600000)
  object space 118272K, 46% used [0x00000000a1200000,0x00000000a47936f0,0x00000000a8580000)
 Metaspace       used 12663K, capacity 13252K, committed 13440K, reserved 1060864K
  class space    used 1765K, capacity 1917K, committed 1920K, reserved 1048576K
}
Event: 3.797 GC heap before
{Heap before GC invocations=6 (full 1):
 PSYoungGen      total 53248K, used 47669K [0x00000000e0600000, 0x00000000e3e00000, 0x0000000100000000)
  eden space 49152K, 96% used [0x00000000e0600000,0x00000000e348d510,0x00000000e3600000)
  from space 4096K, 0% used [0x00000000e3a00000,0x00000000e3a00000,0x00000000e3e00000)
  to   space 4096K, 0% used [0x00000000e3600000,0x00000000e3600000,0x00000000e3a00000)
 ParOldGen       total 118272K, used 54861K [0x00000000a1200000, 0x00000000a8580000, 0x00000000e0600000)
  object space 118272K, 46% used [0x00000000a1200000,0x00000000a47936f0,0x00000000a8580000)
 Metaspace       used 12712K, capacity 13344K, committed 13568K, reserved 1060864K
  class space    used 1772K, capacity 1928K, committed 2048K, reserved 1048576K
Event: 3.817 GC heap after
Heap after GC invocations=6 (full 1):
 PSYoungGen      total 53248K, used 4017K [0x00000000e0600000, 0x00000000e9180000, 0x0000000100000000)
  eden space 49152K, 0% used [0x00000000e0600000,0x00000000e0600000,0x00000000e3600000)
  from space 4096K, 98% used [0x00000000e3600000,0x00000000e39ec5d0,0x00000000e3a00000)
  to   space 32768K, 0% used [0x00000000e7180000,0x00000000e7180000,0x00000000e9180000)
 ParOldGen       total 118272K, used 90702K [0x00000000a1200000, 0x00000000a8580000, 0x00000000e0600000)
  object space 118272K, 76% used [0x00000000a1200000,0x00000000a6a93ae0,0x00000000a8580000)
 Metaspace       used 12712K, capacity 13344K, committed 13568K, reserved 1060864K
  class space    used 1772K, capacity 1928K, committed 2048K, reserved 1048576K
}
Event: 3.817 GC heap before
{Heap before GC invocations=7 (full 2):
 PSYoungGen      total 53248K, used 4017K [0x00000000e0600000, 0x00000000e9180000, 0x0000000100000000)
  eden space 49152K, 0% used [0x00000000e0600000,0x00000000e0600000,0x00000000e3600000)
  from space 4096K, 98% used [0x00000000e3600000,0x00000000e39ec5d0,0x00000000e3a00000)
  to   space 32768K, 0% used [0x00000000e7180000,0x00000000e7180000,0x00000000e9180000)
 ParOldGen       total 118272K, used 90702K [0x00000000a1200000, 0x00000000a8580000, 0x00000000e0600000)
  object space 118272K, 76% used [0x00000000a1200000,0x00000000a6a93ae0,0x00000000a8580000)
 Metaspace       used 12712K, capacity 13344K, committed 13568K, reserved 1060864K
  class space    used 1772K, capacity 1928K, committed 2048K, reserved 1048576K
Event: 3.863 GC heap after
Heap after GC invocations=7 (full 2):
 PSYoungGen      total 53248K, used 0K [0x00000000e0600000, 0x00000000e9180000, 0x0000000100000000)
  eden space 49152K, 0% used [0x00000000e0600000,0x00000000e0600000,0x00000000e3600000)
  from space 4096K, 0% used [0x00000000e3600000,0x00000000e3600000,0x00000000e3a00000)
  to   space 32768K, 0% used [0x00000000e7180000,0x00000000e7180000,0x00000000e9180000)
 ParOldGen       total 192512K, used 92124K [0x00000000a1200000, 0x00000000ace00000, 0x00000000e0600000)
  object space 192512K, 47% used [0x00000000a1200000,0x00000000a6bf7140,0x00000000ace00000)
 Metaspace       used 12712K, capacity 13344K, committed 13568K, reserved 1060864K
  class space    used 1772K, capacity 1928K, committed 2048K, reserved 1048576K
}
Event: 4.262 GC heap before
{Heap before GC invocations=8 (full 2):
 PSYoungGen      total 53248K, used 49152K [0x00000000e0600000, 0x00000000e9180000, 0x0000000100000000)
  eden space 49152K, 100% used [0x00000000e0600000,0x00000000e3600000,0x00000000e3600000)
  from space 4096K, 0% used [0x00000000e3600000,0x00000000e3600000,0x00000000e3a00000)
  to   space 32768K, 0% used [0x00000000e7180000,0x00000000e7180000,0x00000000e9180000)
 ParOldGen       total 192512K, used 92124K [0x00000000a1200000, 0x00000000ace00000, 0x00000000e0600000)
  object space 192512K, 47% used [0x00000000a1200000,0x00000000a6bf7140,0x00000000ace00000)
 Metaspace       used 12735K, capacity 13348K, committed 13568K, reserved 1060864K
  class space    used 1773K, capacity 1928K, committed 2048K, reserved 1048576K
Event: 4.274 GC heap after
Heap after GC invocations=8 (full 2):
 PSYoungGen      total 98304K, used 32736K [0x00000000e0600000, 0x00000000e9400000, 0x0000000100000000)
  eden space 65536K, 0% used [0x00000000e0600000,0x00000000e0600000,0x00000000e4600000)
  from space 32768K, 99% used [0x00000000e7180000,0x00000000e9178118,0x00000000e9180000)
  to   space 39936K, 0% used [0x00000000e4600000,0x00000000e4600000,0x00000000e6d00000)
 ParOldGen       total 192512K, used 98770K [0x00000000a1200000, 0x00000000ace00000, 0x00000000e0600000)
  object space 192512K, 51% used [0x00000000a1200000,0x00000000a7274b40,0x00000000ace00000)
 Metaspace       used 12735K, capacity 13348K, committed 13568K, reserved 1060864K
  class space    used 1773K, capacity 1928K, committed 2048K, reserved 1048576K
}
Event: 4.968 GC heap before
{Heap before GC invocations=9 (full 2):
 PSYoungGen      total 98304K, used 98255K [0x00000000e0600000, 0x00000000e9400000, 0x0000000100000000)
  eden space 65536K, 99% used [0x00000000e0600000,0x00000000e45fbe10,0x00000000e4600000)
  from space 32768K, 99% used [0x00000000e7180000,0x00000000e9178118,0x00000000e9180000)
  to   space 39936K, 0% used [0x00000000e4600000,0x00000000e4600000,0x00000000e6d00000)
 ParOldGen       total 192512K, used 98770K [0x00000000a1200000, 0x00000000ace00000, 0x00000000e0600000)
  object space 192512K, 51% used [0x00000000a1200000,0x00000000a7274b40,0x00000000ace00000)
 Metaspace       used 12755K, capacity 13360K, committed 13568K, reserved 1060864K
  class space    used 1774K, capacity 1930K, committed 2048K, reserved 1048576K
Event: 5.034 GC heap after
Heap after GC invocations=9 (full 2):
 PSYoungGen      total 105472K, used 39921K [0x00000000e0600000, 0x00000000eea00000, 0x0000000100000000)
  eden space 65536K, 0% used [0x00000000e0600000,0x00000000e0600000,0x00000000e4600000)
  from space 39936K, 99% used [0x00000000e4600000,0x00000000e6cfc560,0x00000000e6d00000)
  to   space 70144K, 0% used [0x00000000ea580000,0x00000000ea580000,0x00000000eea00000)
 ParOldGen       total 192512K, used 142369K [0x00000000a1200000, 0x00000000ace00000, 0x00000000e0600000)
  object space 192512K, 73% used [0x00000000a1200000,0x00000000a9d087b0,0x00000000ace00000)
 Metaspace       used 12755K, capacity 13360K, committed 13568K, reserved 1060864K
  class space    used 1774K, capacity 1930K, committed 2048K, reserved 1048576K
}

