# JRE version: Java(TM) SE Runtime Environment (8.0_102-b14) (build 1.8.0_102-b14)
# Java VM: Java HotSpot(TM) 64-Bit Server VM (25.102-b14 mixed mode windows-amd64 compressed oops)
Heap:
 PSYoungGen      total 107520K, used 36527K [0x00000000e0600000, 0x00000000ec280000, 0x0000000100000000)
  eden space 66560K, 54% used [0x00000000e0600000,0x00000000e29abfc0,0x00000000e4700000)
  from space 40960K, 0% used [0x00000000e4700000,0x00000000e4700000,0x00000000e6f00000)
  to   space 49664K, 0% used [0x00000000e9200000,0x00000000e9200000,0x00000000ec280000)
 ParOldGen       total 309248K, used 180793K [0x00000000a1200000, 0x00000000b4000000, 0x00000000e0600000)
  object space 309248K, 58% used [0x00000000a1200000,0x00000000ac28e5f0,0x00000000b4000000)
 Metaspace       used 17807K, capacity 18968K, committed 19200K, reserved 1064960K
  class space    used 2559K, capacity 2812K, committed 2816K, reserved 1048576K
GC Heap History (10 events):
Event: 2.501 GC heap before
{Heap before GC invocations=6 (full 1):
 PSYoungGen      total 53248K, used 49004K [0x00000000e0600000, 0x00000000e3e00000, 0x0000000100000000)
  eden space 49152K, 99% used [0x00000000e0600000,0x00000000e35db3c8,0x00000000e3600000)
  from space 4096K, 0% used [0x00000000e3a00000,0x00000000e3a00000,0x00000000e3e00000)
  to   space 4096K, 0% used [0x00000000e3600000,0x00000000e3600000,0x00000000e3a00000)
 ParOldGen       total 118784K, used 55940K [0x00000000a1200000, 0x00000000a8600000, 0x00000000e0600000)
  object space 118784K, 47% used [0x00000000a1200000,0x00000000a48a11e0,0x00000000a8600000)
 Metaspace       used 12697K, capacity 13280K, committed 13568K, reserved 1060864K
  class space    used 1775K, capacity 1928K, committed 2048K, reserved 1048576K
Event: 2.525 GC heap after
Heap after GC invocations=6 (full 1):
 PSYoungGen      total 53248K, used 3951K [0x00000000e0600000, 0x00000000e9580000, 0x0000000100000000)
  eden space 49152K, 0% used [0x00000000e0600000,0x00000000e0600000,0x00000000e3600000)
  from space 4096K, 96% used [0x00000000e3600000,0x00000000e39dbc10,0x00000000e3a00000)
  to   space 33280K, 0% used [0x00000000e7500000,0x00000000e7500000,0x00000000e9580000)
 ParOldGen       total 118784K, used 90182K [0x00000000a1200000, 0x00000000a8600000, 0x00000000e0600000)
  object space 118784K, 75% used [0x00000000a1200000,0x00000000a6a11b80,0x00000000a8600000)
 Metaspace       used 12697K, capacity 13280K, committed 13568K, reserved 1060864K
  class space    used 1775K, capacity 1928K, committed 2048K, reserved 1048576K
}
Event: 2.525 GC heap before
{Heap before GC invocations=7 (full 2):
 PSYoungGen      total 53248K, used 3951K [0x00000000e0600000, 0x00000000e9580000, 0x0000000100000000)
  eden space 49152K, 0% used [0x00000000e0600000,0x00000000e0600000,0x00000000e3600000)
  from space 4096K, 96% used [0x00000000e3600000,0x00000000e39dbc10,0x00000000e3a00000)
  to   space 33280K, 0% used [0x00000000e7500000,0x00000000e7500000,0x00000000e9580000)
 ParOldGen       total 118784K, used 90182K [0x00000000a1200000, 0x00000000a8600000, 0x00000000e0600000)
  object space 118784K, 75% used [0x00000000a1200000,0x00000000a6a11b80,0x00000000a8600000)
 Metaspace       used 12697K, capacity 13280K, committed 13568K, reserved 1060864K
  class space    used 1775K, capacity 1928K, committed 2048K, reserved 1048576K
Event: 2.572 GC heap after
Heap after GC invocations=7 (full 2):
 PSYoungGen      total 53248K, used 0K [0x00000000e0600000, 0x00000000e9580000, 0x0000000100000000)
  eden space 49152K, 0% used [0x00000000e0600000,0x00000000e0600000,0x00000000e3600000)
  from space 4096K, 0% used [0x00000000e3600000,0x00000000e3600000,0x00000000e3a00000)
  to   space 33280K, 0% used [0x00000000e7500000,0x00000000e7500000,0x00000000e9580000)
 ParOldGen       total 191488K, used 93986K [0x00000000a1200000, 0x00000000acd00000, 0x00000000e0600000)
  object space 191488K, 49% used [0x00000000a1200000,0x00000000a6dc8aa0,0x00000000acd00000)
 Metaspace       used 12697K, capacity 13280K, committed 13568K, reserved 1060864K
  class space    used 1775K, capacity 1928K, committed 2048K, reserved 1048576K
}
Event: 2.849 GC heap before
{Heap before GC invocations=8 (full 2):
 PSYoungGen      total 53248K, used 49152K [0x00000000e0600000, 0x00000000e9580000, 0x0000000100000000)
  eden space 49152K, 100% used [0x00000000e0600000,0x00000000e3600000,0x00000000e3600000)
  from space 4096K, 0% used [0x00000000e3600000,0x00000000e3600000,0x00000000e3a00000)
  to   space 33280K, 0% used [0x00000000e7500000,0x00000000e7500000,0x00000000e9580000)
 ParOldGen       total 191488K, used 93986K [0x00000000a1200000, 0x00000000acd00000, 0x00000000e0600000)
  object space 191488K, 49% used [0x00000000a1200000,0x00000000a6dc8aa0,0x00000000acd00000)
 Metaspace       used 12719K, capacity 13348K, committed 13568K, reserved 1060864K
  class space    used 1776K, capacity 1928K, committed 2048K, reserved 1048576K
Event: 2.865 GC heap after
Heap after GC invocations=8 (full 2):
 PSYoungGen      total 99840K, used 33197K [0x00000000e0600000, 0x00000000e9700000, 0x0000000100000000)
  eden space 66560K, 0% used [0x00000000e0600000,0x00000000e0600000,0x00000000e4700000)
  from space 33280K, 99% used [0x00000000e7500000,0x00000000e956b520,0x00000000e9580000)
  to   space 40960K, 0% used [0x00000000e4700000,0x00000000e4700000,0x00000000e6f00000)
 ParOldGen       total 191488K, used 99381K [0x00000000a1200000, 0x00000000acd00000, 0x00000000e0600000)
  object space 191488K, 51% used [0x00000000a1200000,0x00000000a730d6d8,0x00000000acd00000)
 Metaspace       used 12719K, capacity 13348K, committed 13568K, reserved 1060864K
  class space    used 1776K, capacity 1928K, committed 2048K, reserved 1048576K
}
Event: 3.198 GC heap before
{Heap before GC invocations=9 (full 2):
 PSYoungGen      total 99840K, used 99503K [0x00000000e0600000, 0x00000000e9700000, 0x0000000100000000)
  eden space 66560K, 99% used [0x00000000e0600000,0x00000000e46c0aa0,0x00000000e4700000)
  from space 33280K, 99% used [0x00000000e7500000,0x00000000e956b520,0x00000000e9580000)
  to   space 40960K, 0% used [0x00000000e4700000,0x00000000e4700000,0x00000000e6f00000)
 ParOldGen       total 191488K, used 99381K [0x00000000a1200000, 0x00000000acd00000, 0x00000000e0600000)
  object space 191488K, 51% used [0x00000000a1200000,0x00000000a730d6d8,0x00000000acd00000)
 Metaspace       used 12764K, capacity 13360K, committed 13568K, reserved 1060864K
  class space    used 1777K, capacity 1930K, committed 2048K, reserved 1048576K
Event: 3.234 GC heap after
Heap after GC invocations=9 (full 2):
 PSYoungGen      total 107520K, used 40786K [0x00000000e0600000, 0x00000000ec280000, 0x0000000100000000)
  eden space 66560K, 0% used [0x00000000e0600000,0x00000000e0600000,0x00000000e4700000)
  from space 40960K, 99% used [0x00000000e4700000,0x00000000e6ed4ab0,0x00000000e6f00000)
  to   space 49664K, 0% used [0x00000000e9200000,0x00000000e9200000,0x00000000ec280000)
 ParOldGen       total 191488K, used 142546K [0x00000000a1200000, 0x00000000acd00000, 0x00000000e0600000)
  object space 191488K, 74% used [0x00000000a1200000,0x00000000a9d34b58,0x00000000acd00000)
 Metaspace       used 12764K, capacity 13360K, committed 13568K, reserved 1060864K
  class space    used 1777K, capacity 1930K, committed 2048K, reserved 1048576K
}
Event: 3.234 GC heap before
{Heap before GC invocations=10 (full 3):
 PSYoungGen      total 107520K, used 40786K [0x00000000e0600000, 0x00000000ec280000, 0x0000000100000000)
  eden space 66560K, 0% used [0x00000000e0600000,0x00000000e0600000,0x00000000e4700000)
  from space 40960K, 99% used [0x00000000e4700000,0x00000000e6ed4ab0,0x00000000e6f00000)
  to   space 49664K, 0% used [0x00000000e9200000,0x00000000e9200000,0x00000000ec280000)
 ParOldGen       total 191488K, used 142546K [0x00000000a1200000, 0x00000000acd00000, 0x00000000e0600000)
  object space 191488K, 74% used [0x00000000a1200000,0x00000000a9d34b58,0x00000000acd00000)
 Metaspace       used 12764K, capacity 13360K, committed 13568K, reserved 1060864K
  class space    used 1777K, capacity 1930K, committed 2048K, reserved 1048576K
Event: 3.297 GC heap after
Heap after GC invocations=10 (full 3):
 PSYoungGen      total 107520K, used 0K [0x00000000e0600000, 0x00000000ec280000, 0x0000000100000000)
  eden space 66560K, 0% used [0x00000000e0600000,0x00000000e0600000,0x00000000e4700000)
  from space 40960K, 0% used [0x00000000e4700000,0x00000000e4700000,0x00000000e6f00000)
  to   space 49664K, 0% used [0x00000000e9200000,0x00000000e9200000,0x00000000ec280000)
 ParOldGen       total 309248K, used 180793K [0x00000000a1200000, 0x00000000b4000000, 0x00000000e0600000)
  object space 309248K, 58% used [0x00000000a1200000,0x00000000ac28e5f0,0x00000000b4000000)
 Metaspace       used 12764K, capacity 13360K, committed 13568K, reserved 1060864K
  class space    used 1777K, capacity 1930K, committed 2048K, reserved 1048576K
}

