# JRE version: Java(TM) SE Runtime Environment (8.0_102-b14) (build 1.8.0_102-b14)
# Java VM: Java HotSpot(TM) 64-Bit Server VM (25.102-b14 mixed mode windows-amd64 compressed oops)
Heap:
 PSYoungGen      total 111104K, used 67071K [0x00000000e0600000, 0x00000000ec480000, 0x0000000100000000)
  eden space 71168K, 94% used [0x00000000e0600000,0x00000000e477feb0,0x00000000e4b80000)
  from space 39936K, 0% used [0x00000000e4b80000,0x00000000e4b80000,0x00000000e7280000)
  to   space 48128K, 0% used [0x00000000e9580000,0x00000000e9580000,0x00000000ec480000)
 ParOldGen       total 303104K, used 181476K [0x00000000a1200000, 0x00000000b3a00000, 0x00000000e0600000)
  object space 303104K, 59% used [0x00000000a1200000,0x00000000ac339328,0x00000000b3a00000)
 Metaspace       used 18165K, capacity 19360K, committed 19456K, reserved 1067008K
  class space    used 2566K, capacity 2816K, committed 2816K, reserved 1048576K
GC Heap History (10 events):
Event: 4.368 GC heap before
{Heap before GC invocations=6 (full 1):
 PSYoungGen      total 53248K, used 47671K [0x00000000e0600000, 0x00000000e3e00000, 0x0000000100000000)
  eden space 49152K, 96% used [0x00000000e0600000,0x00000000e348dca8,0x00000000e3600000)
  from space 4096K, 0% used [0x00000000e3a00000,0x00000000e3a00000,0x00000000e3e00000)
  to   space 4096K, 0% used [0x00000000e3600000,0x00000000e3600000,0x00000000e3a00000)
 ParOldGen       total 114176K, used 54861K [0x00000000a1200000, 0x00000000a8180000, 0x00000000e0600000)
  object space 114176K, 48% used [0x00000000a1200000,0x00000000a4793788,0x00000000a8180000)
 Metaspace       used 12703K, capacity 13328K, committed 13568K, reserved 1060864K
  class space    used 1777K, capacity 1928K, committed 2048K, reserved 1048576K
Event: 4.384 GC heap after
Heap after GC invocations=6 (full 1):
 PSYoungGen      total 53248K, used 4049K [0x00000000e0600000, 0x00000000e9a00000, 0x0000000100000000)
  eden space 49152K, 0% used [0x00000000e0600000,0x00000000e0600000,0x00000000e3600000)
  from space 4096K, 98% used [0x00000000e3600000,0x00000000e39f45d0,0x00000000e3a00000)
  to   space 32768K, 0% used [0x00000000e7a00000,0x00000000e7a00000,0x00000000e9a00000)
 ParOldGen       total 114176K, used 90702K [0x00000000a1200000, 0x00000000a8180000, 0x00000000e0600000)
  object space 114176K, 79% used [0x00000000a1200000,0x00000000a6a93b78,0x00000000a8180000)
 Metaspace       used 12703K, capacity 13328K, committed 13568K, reserved 1060864K
  class space    used 1777K, capacity 1928K, committed 2048K, reserved 1048576K
}
Event: 4.384 GC heap before
{Heap before GC invocations=7 (full 2):
 PSYoungGen      total 53248K, used 4049K [0x00000000e0600000, 0x00000000e9a00000, 0x0000000100000000)
  eden space 49152K, 0% used [0x00000000e0600000,0x00000000e0600000,0x00000000e3600000)
  from space 4096K, 98% used [0x00000000e3600000,0x00000000e39f45d0,0x00000000e3a00000)
  to   space 32768K, 0% used [0x00000000e7a00000,0x00000000e7a00000,0x00000000e9a00000)
 ParOldGen       total 114176K, used 90702K [0x00000000a1200000, 0x00000000a8180000, 0x00000000e0600000)
  object space 114176K, 79% used [0x00000000a1200000,0x00000000a6a93b78,0x00000000a8180000)
 Metaspace       used 12703K, capacity 13328K, committed 13568K, reserved 1060864K
  class space    used 1777K, capacity 1928K, committed 2048K, reserved 1048576K
Event: 4.422 GC heap after
Heap after GC invocations=7 (full 2):
 PSYoungGen      total 53248K, used 0K [0x00000000e0600000, 0x00000000e9a00000, 0x0000000100000000)
  eden space 49152K, 0% used [0x00000000e0600000,0x00000000e0600000,0x00000000e3600000)
  from space 4096K, 0% used [0x00000000e3600000,0x00000000e3600000,0x00000000e3a00000)
  to   space 32768K, 0% used [0x00000000e7a00000,0x00000000e7a00000,0x00000000e9a00000)
 ParOldGen       total 185344K, used 92124K [0x00000000a1200000, 0x00000000ac700000, 0x00000000e0600000)
  object space 185344K, 49% used [0x00000000a1200000,0x00000000a6bf7298,0x00000000ac700000)
 Metaspace       used 12703K, capacity 13328K, committed 13568K, reserved 1060864K
  class space    used 1777K, capacity 1928K, committed 2048K, reserved 1048576K
}
Event: 4.833 GC heap before
{Heap before GC invocations=8 (full 2):
 PSYoungGen      total 53248K, used 49152K [0x00000000e0600000, 0x00000000e9a00000, 0x0000000100000000)
  eden space 49152K, 100% used [0x00000000e0600000,0x00000000e3600000,0x00000000e3600000)
  from space 4096K, 0% used [0x00000000e3600000,0x00000000e3600000,0x00000000e3a00000)
  to   space 32768K, 0% used [0x00000000e7a00000,0x00000000e7a00000,0x00000000e9a00000)
 ParOldGen       total 185344K, used 92124K [0x00000000a1200000, 0x00000000ac700000, 0x00000000e0600000)
  object space 185344K, 49% used [0x00000000a1200000,0x00000000a6bf7298,0x00000000ac700000)
 Metaspace       used 12724K, capacity 13332K, committed 13568K, reserved 1060864K
  class space    used 1777K, capacity 1928K, committed 2048K, reserved 1048576K
Event: 4.876 GC heap after
Heap after GC invocations=8 (full 2):
 PSYoungGen      total 101888K, used 31909K [0x00000000e0600000, 0x00000000e9980000, 0x0000000100000000)
  eden space 69632K, 0% used [0x00000000e0600000,0x00000000e0600000,0x00000000e4a00000)
  from space 32256K, 98% used [0x00000000e7a00000,0x00000000e99296d8,0x00000000e9980000)
  to   space 39936K, 0% used [0x00000000e4b80000,0x00000000e4b80000,0x00000000e7280000)
 ParOldGen       total 185344K, used 99549K [0x00000000a1200000, 0x00000000ac700000, 0x00000000e0600000)
  object space 185344K, 53% used [0x00000000a1200000,0x00000000a73376c8,0x00000000ac700000)
 Metaspace       used 12724K, capacity 13332K, committed 13568K, reserved 1060864K
  class space    used 1777K, capacity 1928K, committed 2048K, reserved 1048576K
}
Event: 5.316 GC heap before
{Heap before GC invocations=9 (full 2):
 PSYoungGen      total 101888K, used 101541K [0x00000000e0600000, 0x00000000e9980000, 0x0000000100000000)
  eden space 69632K, 100% used [0x00000000e0600000,0x00000000e4a00000,0x00000000e4a00000)
  from space 32256K, 98% used [0x00000000e7a00000,0x00000000e99296d8,0x00000000e9980000)
  to   space 39936K, 0% used [0x00000000e4b80000,0x00000000e4b80000,0x00000000e7280000)
 ParOldGen       total 185344K, used 99549K [0x00000000a1200000, 0x00000000ac700000, 0x00000000e0600000)
  object space 185344K, 53% used [0x00000000a1200000,0x00000000a73376c8,0x00000000ac700000)
 Metaspace       used 12765K, capacity 13344K, committed 13568K, reserved 1060864K
  class space    used 1778K, capacity 1930K, committed 2048K, reserved 1048576K
Event: 5.340 GC heap after
Heap after GC invocations=9 (full 2):
 PSYoungGen      total 111104K, used 39903K [0x00000000e0600000, 0x00000000ec480000, 0x0000000100000000)
  eden space 71168K, 0% used [0x00000000e0600000,0x00000000e0600000,0x00000000e4b80000)
  from space 39936K, 99% used [0x00000000e4b80000,0x00000000e7277ea0,0x00000000e7280000)
  to   space 48128K, 0% used [0x00000000e9580000,0x00000000e9580000,0x00000000ec480000)
 ParOldGen       total 185344K, used 144757K [0x00000000a1200000, 0x00000000ac700000, 0x00000000e0600000)
  object space 185344K, 78% used [0x00000000a1200000,0x00000000a9f5d630,0x00000000ac700000)
 Metaspace       used 12765K, capacity 13344K, committed 13568K, reserved 1060864K
  class space    used 1778K, capacity 1930K, committed 2048K, reserved 1048576K
}
Event: 5.340 GC heap before
{Heap before GC invocations=10 (full 3):
 PSYoungGen      total 111104K, used 39903K [0x00000000e0600000, 0x00000000ec480000, 0x0000000100000000)
  eden space 71168K, 0% used [0x00000000e0600000,0x00000000e0600000,0x00000000e4b80000)
  from space 39936K, 99% used [0x00000000e4b80000,0x00000000e7277ea0,0x00000000e7280000)
  to   space 48128K, 0% used [0x00000000e9580000,0x00000000e9580000,0x00000000ec480000)
 ParOldGen       total 185344K, used 144757K [0x00000000a1200000, 0x00000000ac700000, 0x00000000e0600000)
  object space 185344K, 78% used [0x00000000a1200000,0x00000000a9f5d630,0x00000000ac700000)
 Metaspace       used 12765K, capacity 13344K, committed 13568K, reserved 1060864K
  class space    used 1778K, capacity 1930K, committed 2048K, reserved 1048576K
Event: 5.397 GC heap after
Heap after GC invocations=10 (full 3):
 PSYoungGen      total 111104K, used 0K [0x00000000e0600000, 0x00000000ec480000, 0x0000000100000000)
  eden space 71168K, 0% used [0x00000000e0600000,0x00000000e0600000,0x00000000e4b80000)
  from space 39936K, 0% used [0x00000000e4b80000,0x00000000e4b80000,0x00000000e7280000)
  to   space 48128K, 0% used [0x00000000e9580000,0x00000000e9580000,0x00000000ec480000)
 ParOldGen       total 303104K, used 181476K [0x00000000a1200000, 0x00000000b3a00000, 0x00000000e0600000)
  object space 303104K, 59% used [0x00000000a1200000,0x00000000ac339328,0x00000000b3a00000)
 Metaspace       used 12765K, capacity 13344K, committed 13568K, reserved 1060864K
  class space    used 1778K, capacity 1930K, committed 2048K, reserved 1048576K
}

