# JRE version: Java(TM) SE Runtime Environment (8.0_102-b14) (build 1.8.0_102-b14)
# Java VM: Java HotSpot(TM) 64-Bit Server VM (25.102-b14 mixed mode windows-amd64 compressed oops)
Heap:
 PSYoungGen      total 107520K, used 36975K [0x00000000e0600000, 0x00000000ec300000, 0x0000000100000000)
  eden space 67072K, 55% used [0x00000000e0600000,0x00000000e2a1be90,0x00000000e4780000)
  from space 40448K, 0% used [0x00000000e4780000,0x00000000e4780000,0x00000000e6f00000)
  to   space 48640K, 0% used [0x00000000e9380000,0x00000000e9380000,0x00000000ec300000)
 ParOldGen       total 308736K, used 179768K [0x00000000a1200000, 0x00000000b3f80000, 0x00000000e0600000)
  object space 308736K, 58% used [0x00000000a1200000,0x00000000ac18e3f8,0x00000000b3f80000)
 Metaspace       used 17752K, capacity 18940K, committed 19200K, reserved 1064960K
  class space    used 2553K, capacity 2802K, committed 2816K, reserved 1048576K
GC Heap History (10 events):
Event: 2.713 GC heap before
{Heap before GC invocations=6 (full 1):
 PSYoungGen      total 53248K, used 47091K [0x00000000e0600000, 0x00000000e3e00000, 0x0000000100000000)
  eden space 49152K, 95% used [0x00000000e0600000,0x00000000e33fce08,0x00000000e3600000)
  from space 4096K, 0% used [0x00000000e3a00000,0x00000000e3a00000,0x00000000e3e00000)
  to   space 4096K, 0% used [0x00000000e3600000,0x00000000e3600000,0x00000000e3a00000)
 ParOldGen       total 119296K, used 55402K [0x00000000a1200000, 0x00000000a8680000, 0x00000000e0600000)
  object space 119296K, 46% used [0x00000000a1200000,0x00000000a481a8f8,0x00000000a8680000)
 Metaspace       used 12706K, capacity 13348K, committed 13568K, reserved 1060864K
  class space    used 1773K, capacity 1928K, committed 2048K, reserved 1048576K
Event: 2.734 GC heap after
Heap after GC invocations=6 (full 1):
 PSYoungGen      total 53248K, used 4017K [0x00000000e0600000, 0x00000000e9280000, 0x0000000100000000)
  eden space 49152K, 0% used [0x00000000e0600000,0x00000000e0600000,0x00000000e3600000)
  from space 4096K, 98% used [0x00000000e3600000,0x00000000e39ec5d0,0x00000000e3a00000)
  to   space 32768K, 0% used [0x00000000e7280000,0x00000000e7280000,0x00000000e9280000)
 ParOldGen       total 119296K, used 90715K [0x00000000a1200000, 0x00000000a8680000, 0x00000000e0600000)
  object space 119296K, 76% used [0x00000000a1200000,0x00000000a6a96f68,0x00000000a8680000)
 Metaspace       used 12706K, capacity 13348K, committed 13568K, reserved 1060864K
  class space    used 1773K, capacity 1928K, committed 2048K, reserved 1048576K
}
Event: 2.734 GC heap before
{Heap before GC invocations=7 (full 2):
 PSYoungGen      total 53248K, used 4017K [0x00000000e0600000, 0x00000000e9280000, 0x0000000100000000)
  eden space 49152K, 0% used [0x00000000e0600000,0x00000000e0600000,0x00000000e3600000)
  from space 4096K, 98% used [0x00000000e3600000,0x00000000e39ec5d0,0x00000000e3a00000)
  to   space 32768K, 0% used [0x00000000e7280000,0x00000000e7280000,0x00000000e9280000)
 ParOldGen       total 119296K, used 90715K [0x00000000a1200000, 0x00000000a8680000, 0x00000000e0600000)
  object space 119296K, 76% used [0x00000000a1200000,0x00000000a6a96f68,0x00000000a8680000)
 Metaspace       used 12706K, capacity 13348K, committed 13568K, reserved 1060864K
  class space    used 1773K, capacity 1928K, committed 2048K, reserved 1048576K
Event: 2.772 GC heap after
Heap after GC invocations=7 (full 2):
 PSYoungGen      total 53248K, used 0K [0x00000000e0600000, 0x00000000e9280000, 0x0000000100000000)
  eden space 49152K, 0% used [0x00000000e0600000,0x00000000e0600000,0x00000000e3600000)
  from space 4096K, 0% used [0x00000000e3600000,0x00000000e3600000,0x00000000e3a00000)
  to   space 32768K, 0% used [0x00000000e7280000,0x00000000e7280000,0x00000000e9280000)
 ParOldGen       total 190976K, used 92123K [0x00000000a1200000, 0x00000000acc80000, 0x00000000e0600000)
  object space 190976K, 48% used [0x00000000a1200000,0x00000000a6bf6dd0,0x00000000acc80000)
 Metaspace       used 12706K, capacity 13348K, committed 13568K, reserved 1060864K
  class space    used 1773K, capacity 1928K, committed 2048K, reserved 1048576K
}
Event: 3.105 GC heap before
{Heap before GC invocations=8 (full 2):
 PSYoungGen      total 53248K, used 49152K [0x00000000e0600000, 0x00000000e9280000, 0x0000000100000000)
  eden space 49152K, 100% used [0x00000000e0600000,0x00000000e3600000,0x00000000e3600000)
  from space 4096K, 0% used [0x00000000e3600000,0x00000000e3600000,0x00000000e3a00000)
  to   space 32768K, 0% used [0x00000000e7280000,0x00000000e7280000,0x00000000e9280000)
 ParOldGen       total 190976K, used 92123K [0x00000000a1200000, 0x00000000acc80000, 0x00000000e0600000)
  object space 190976K, 48% used [0x00000000a1200000,0x00000000a6bf6dd0,0x00000000acc80000)
 Metaspace       used 12725K, capacity 13348K, committed 13568K, reserved 1060864K
  class space    used 1773K, capacity 1928K, committed 2048K, reserved 1048576K
Event: 3.121 GC heap after
Heap after GC invocations=8 (full 2):
 PSYoungGen      total 99840K, used 32748K [0x00000000e0600000, 0x00000000e9680000, 0x0000000100000000)
  eden space 67072K, 0% used [0x00000000e0600000,0x00000000e0600000,0x00000000e4780000)
  from space 32768K, 99% used [0x00000000e7280000,0x00000000e927b088,0x00000000e9280000)
  to   space 40448K, 0% used [0x00000000e4780000,0x00000000e4780000,0x00000000e6f00000)
 ParOldGen       total 190976K, used 98742K [0x00000000a1200000, 0x00000000acc80000, 0x00000000e0600000)
  object space 190976K, 51% used [0x00000000a1200000,0x00000000a726d850,0x00000000acc80000)
 Metaspace       used 12725K, capacity 13348K, committed 13568K, reserved 1060864K
  class space    used 1773K, capacity 1928K, committed 2048K, reserved 1048576K
}
Event: 3.474 GC heap before
{Heap before GC invocations=9 (full 2):
 PSYoungGen      total 99840K, used 99820K [0x00000000e0600000, 0x00000000e9680000, 0x0000000100000000)
  eden space 67072K, 100% used [0x00000000e0600000,0x00000000e4780000,0x00000000e4780000)
  from space 32768K, 99% used [0x00000000e7280000,0x00000000e927b088,0x00000000e9280000)
  to   space 40448K, 0% used [0x00000000e4780000,0x00000000e4780000,0x00000000e6f00000)
 ParOldGen       total 190976K, used 98742K [0x00000000a1200000, 0x00000000acc80000, 0x00000000e0600000)
  object space 190976K, 51% used [0x00000000a1200000,0x00000000a726d850,0x00000000acc80000)
 Metaspace       used 12762K, capacity 13360K, committed 13568K, reserved 1060864K
  class space    used 1774K, capacity 1930K, committed 2048K, reserved 1048576K
Event: 3.511 GC heap after
Heap after GC invocations=9 (full 2):
 PSYoungGen      total 107520K, used 40249K [0x00000000e0600000, 0x00000000ec300000, 0x0000000100000000)
  eden space 67072K, 0% used [0x00000000e0600000,0x00000000e0600000,0x00000000e4780000)
  from space 40448K, 99% used [0x00000000e4780000,0x00000000e6ece480,0x00000000e6f00000)
  to   space 48640K, 0% used [0x00000000e9380000,0x00000000e9380000,0x00000000ec300000)
 ParOldGen       total 190976K, used 143121K [0x00000000a1200000, 0x00000000acc80000, 0x00000000e0600000)
  object space 190976K, 74% used [0x00000000a1200000,0x00000000a9dc4540,0x00000000acc80000)
 Metaspace       used 12762K, capacity 13360K, committed 13568K, reserved 1060864K
  class space    used 1774K, capacity 1930K, committed 2048K, reserved 1048576K
}
Event: 3.511 GC heap before
{Heap before GC invocations=10 (full 3):
 PSYoungGen      total 107520K, used 40249K [0x00000000e0600000, 0x00000000ec300000, 0x0000000100000000)
  eden space 67072K, 0% used [0x00000000e0600000,0x00000000e0600000,0x00000000e4780000)
  from space 40448K, 99% used [0x00000000e4780000,0x00000000e6ece480,0x00000000e6f00000)
  to   space 48640K, 0% used [0x00000000e9380000,0x00000000e9380000,0x00000000ec300000)
 ParOldGen       total 190976K, used 143121K [0x00000000a1200000, 0x00000000acc80000, 0x00000000e0600000)
  object space 190976K, 74% used [0x00000000a1200000,0x00000000a9dc4540,0x00000000acc80000)
 Metaspace       used 12762K, capacity 13360K, committed 13568K, reserved 1060864K
  class space    used 1774K, capacity 1930K, committed 2048K, reserved 1048576K
Event: 3.564 GC heap after
Heap after GC invocations=10 (full 3):
 PSYoungGen      total 107520K, used 0K [0x00000000e0600000, 0x00000000ec300000, 0x0000000100000000)
  eden space 67072K, 0% used [0x00000000e0600000,0x00000000e0600000,0x00000000e4780000)
  from space 40448K, 0% used [0x00000000e4780000,0x00000000e4780000,0x00000000e6f00000)
  to   space 48640K, 0% used [0x00000000e9380000,0x00000000e9380000,0x00000000ec300000)
 ParOldGen       total 308736K, used 179768K [0x00000000a1200000, 0x00000000b3f80000, 0x00000000e0600000)
  object space 308736K, 58% used [0x00000000a1200000,0x00000000ac18e3f8,0x00000000b3f80000)
 Metaspace       used 12762K, capacity 13360K, committed 13568K, reserved 1060864K
  class space    used 1774K, capacity 1930K, committed 2048K, reserved 1048576K
}

