# JRE version: Java(TM) SE Runtime Environment (8.0_102-b14) (build 1.8.0_102-b14)
# Java VM: Java HotSpot(TM) 64-Bit Server VM (25.102-b14 mixed mode windows-amd64 compressed oops)
Heap:
 PSYoungGen      total 161792K, used 68999K [0x00000000e0600000, 0x00000000efb80000, 0x0000000100000000)
  eden space 101888K, 24% used [0x00000000e0600000,0x00000000e1eaae08,0x00000000e6980000)
  from space 59904K, 73% used [0x00000000ec100000,0x00000000eebb6e08,0x00000000efb80000)
  to   space 74752K, 0% used [0x00000000e6980000,0x00000000e6980000,0x00000000eb280000)
 ParOldGen       total 292864K, used 177932K [0x00000000a1200000, 0x00000000b3000000, 0x00000000e0600000)
  object space 292864K, 60% used [0x00000000a1200000,0x00000000abfc33e8,0x00000000b3000000)
 Metaspace       used 18686K, capacity 19914K, committed 20096K, reserved 1067008K
  class space    used 2633K, capacity 2895K, committed 2944K, reserved 1048576K
GC Heap History (10 events):
Event: 3.183 GC heap before
{Heap before GC invocations=7 (full 2):
 PSYoungGen      total 53248K, used 4017K [0x00000000e0600000, 0x00000000e9980000, 0x0000000100000000)
  eden space 49152K, 0% used [0x00000000e0600000,0x00000000e0600000,0x00000000e3600000)
  from space 4096K, 98% used [0x00000000e3600000,0x00000000e39ec5d0,0x00000000e3a00000)
  to   space 32768K, 0% used [0x00000000e7980000,0x00000000e7980000,0x00000000e9980000)
 ParOldGen       total 114688K, used 90716K [0x00000000a1200000, 0x00000000a8200000, 0x00000000e0600000)
  object space 114688K, 79% used [0x00000000a1200000,0x00000000a6a970d0,0x00000000a8200000)
 Metaspace       used 12699K, capacity 13348K, committed 13568K, reserved 1060864K
  class space    used 1772K, capacity 1928K, committed 2048K, reserved 1048576K
Event: 3.226 GC heap after
Heap after GC invocations=7 (full 2):
 PSYoungGen      total 53248K, used 0K [0x00000000e0600000, 0x00000000e9980000, 0x0000000100000000)
  eden space 49152K, 0% used [0x00000000e0600000,0x00000000e0600000,0x00000000e3600000)
  from space 4096K, 0% used [0x00000000e3600000,0x00000000e3600000,0x00000000e3a00000)
  to   space 32768K, 0% used [0x00000000e7980000,0x00000000e7980000,0x00000000e9980000)
 ParOldGen       total 179712K, used 92124K [0x00000000a1200000, 0x00000000ac180000, 0x00000000e0600000)
  object space 179712K, 51% used [0x00000000a1200000,0x00000000a6bf70f8,0x00000000ac180000)
 Metaspace       used 12699K, capacity 13348K, committed 13568K, reserved 1060864K
  class space    used 1772K, capacity 1928K, committed 2048K, reserved 1048576K
}
Event: 3.601 GC heap before
{Heap before GC invocations=8 (full 2):
 PSYoungGen      total 53248K, used 49152K [0x00000000e0600000, 0x00000000e9980000, 0x0000000100000000)
  eden space 49152K, 100% used [0x00000000e0600000,0x00000000e3600000,0x00000000e3600000)
  from space 4096K, 0% used [0x00000000e3600000,0x00000000e3600000,0x00000000e3a00000)
  to   space 32768K, 0% used [0x00000000e7980000,0x00000000e7980000,0x00000000e9980000)
 ParOldGen       total 179712K, used 92124K [0x00000000a1200000, 0x00000000ac180000, 0x00000000e0600000)
  object space 179712K, 51% used [0x00000000a1200000,0x00000000a6bf70f8,0x00000000ac180000)
 Metaspace       used 12718K, capacity 13348K, committed 13568K, reserved 1060864K
  class space    used 1773K, capacity 1928K, committed 2048K, reserved 1048576K
Event: 3.619 GC heap after
Heap after GC invocations=8 (full 2):
 PSYoungGen      total 105472K, used 32647K [0x00000000e0600000, 0x00000000e9c00000, 0x0000000100000000)
  eden space 72704K, 0% used [0x00000000e0600000,0x00000000e0600000,0x00000000e4d00000)
  from space 32768K, 99% used [0x00000000e7980000,0x00000000e9961fd0,0x00000000e9980000)
  to   space 40448K, 0% used [0x00000000e4d00000,0x00000000e4d00000,0x00000000e7480000)
 ParOldGen       total 179712K, used 98770K [0x00000000a1200000, 0x00000000ac180000, 0x00000000e0600000)
  object space 179712K, 54% used [0x00000000a1200000,0x00000000a7274af8,0x00000000ac180000)
 Metaspace       used 12718K, capacity 13348K, committed 13568K, reserved 1060864K
  class space    used 1773K, capacity 1928K, committed 2048K, reserved 1048576K
}
Event: 3.990 GC heap before
{Heap before GC invocations=9 (full 2):
 PSYoungGen      total 105472K, used 105351K [0x00000000e0600000, 0x00000000e9c00000, 0x0000000100000000)
  eden space 72704K, 100% used [0x00000000e0600000,0x00000000e4d00000,0x00000000e4d00000)
  from space 32768K, 99% used [0x00000000e7980000,0x00000000e9961fd0,0x00000000e9980000)
  to   space 40448K, 0% used [0x00000000e4d00000,0x00000000e4d00000,0x00000000e7480000)
 ParOldGen       total 179712K, used 98770K [0x00000000a1200000, 0x00000000ac180000, 0x00000000e0600000)
  object space 179712K, 54% used [0x00000000a1200000,0x00000000a7274af8,0x00000000ac180000)
 Metaspace       used 12761K, capacity 13360K, committed 13568K, reserved 1060864K
  class space    used 1774K, capacity 1930K, committed 2048K, reserved 1048576K
Event: 4.115 GC heap after
Heap after GC invocations=9 (full 2):
 PSYoungGen      total 113152K, used 40441K [0x00000000e0600000, 0x00000000f0800000, 0x0000000100000000)
  eden space 72704K, 0% used [0x00000000e0600000,0x00000000e0600000,0x00000000e4d00000)
  from space 40448K, 99% used [0x00000000e4d00000,0x00000000e747e7d0,0x00000000e7480000)
  to   space 72704K, 0% used [0x00000000ec100000,0x00000000ec100000,0x00000000f0800000)
 ParOldGen       total 179712K, used 146234K [0x00000000a1200000, 0x00000000ac180000, 0x00000000e0600000)
  object space 179712K, 81% used [0x00000000a1200000,0x00000000aa0ceba0,0x00000000ac180000)
 Metaspace       used 12761K, capacity 13360K, committed 13568K, reserved 1060864K
  class space    used 1774K, capacity 1930K, committed 2048K, reserved 1048576K
}
Event: 4.115 GC heap before
{Heap before GC invocations=10 (full 3):
 PSYoungGen      total 113152K, used 40441K [0x00000000e0600000, 0x00000000f0800000, 0x0000000100000000)
  eden space 72704K, 0% used [0x00000000e0600000,0x00000000e0600000,0x00000000e4d00000)
  from space 40448K, 99% used [0x00000000e4d00000,0x00000000e747e7d0,0x00000000e7480000)
  to   space 72704K, 0% used [0x00000000ec100000,0x00000000ec100000,0x00000000f0800000)
 ParOldGen       total 179712K, used 146234K [0x00000000a1200000, 0x00000000ac180000, 0x00000000e0600000)
  object space 179712K, 81% used [0x00000000a1200000,0x00000000aa0ceba0,0x00000000ac180000)
 Metaspace       used 12761K, capacity 13360K, committed 13568K, reserved 1060864K
  class space    used 1774K, capacity 1930K, committed 2048K, reserved 1048576K
Event: 4.377 GC heap after
Heap after GC invocations=10 (full 3):
 PSYoungGen      total 113152K, used 5601K [0x00000000e0600000, 0x00000000f0800000, 0x0000000100000000)
  eden space 72704K, 0% used [0x00000000e0600000,0x00000000e0600000,0x00000000e4d00000)
  from space 40448K, 13% used [0x00000000e4d00000,0x00000000e5278738,0x00000000e7480000)
  to   space 72704K, 0% used [0x00000000ec100000,0x00000000ec100000,0x00000000f0800000)
 ParOldGen       total 292864K, used 177924K [0x00000000a1200000, 0x00000000b3000000, 0x00000000e0600000)
  object space 292864K, 60% used [0x00000000a1200000,0x00000000abfc13e8,0x00000000b3000000)
 Metaspace       used 12761K, capacity 13360K, committed 13568K, reserved 1060864K
  class space    used 1774K, capacity 1930K, committed 2048K, reserved 1048576K
}
Event: 38.730 GC heap before
{Heap before GC invocations=11 (full 3):
 PSYoungGen      total 113152K, used 76626K [0x00000000e0600000, 0x00000000f0800000, 0x0000000100000000)
  eden space 72704K, 97% used [0x00000000e0600000,0x00000000e4b5c298,0x00000000e4d00000)
  from space 40448K, 13% used [0x00000000e4d00000,0x00000000e5278738,0x00000000e7480000)
  to   space 72704K, 0% used [0x00000000ec100000,0x00000000ec100000,0x00000000f0800000)
 ParOldGen       total 292864K, used 177924K [0x00000000a1200000, 0x00000000b3000000, 0x00000000e0600000)
  object space 292864K, 60% used [0x00000000a1200000,0x00000000abfc13e8,0x00000000b3000000)
 Metaspace       used 18590K, capacity 19810K, committed 20096K, reserved 1067008K
  class space    used 2625K, capacity 2889K, committed 2944K, reserved 1048576K
Event: 38.821 GC heap after
Heap after GC invocations=11 (full 3):
 PSYoungGen      total 161792K, used 43739K [0x00000000e0600000, 0x00000000efb80000, 0x0000000100000000)
  eden space 101888K, 0% used [0x00000000e0600000,0x00000000e0600000,0x00000000e6980000)
  from space 59904K, 73% used [0x00000000ec100000,0x00000000eebb6e08,0x00000000efb80000)
  to   space 74752K, 0% used [0x00000000e6980000,0x00000000e6980000,0x00000000eb280000)
 ParOldGen       total 292864K, used 177932K [0x00000000a1200000, 0x00000000b3000000, 0x00000000e0600000)
  object space 292864K, 60% used [0x00000000a1200000,0x00000000abfc33e8,0x00000000b3000000)
 Metaspace       used 18590K, capacity 19810K, committed 20096K, reserved 1067008K
  class space    used 2625K, capacity 2889K, committed 2944K, reserved 1048576K
}

