# JRE version: Java(TM) SE Runtime Environment (8.0_102-b14) (build 1.8.0_102-b14)
# Java VM: Java HotSpot(TM) 64-Bit Server VM (25.102-b14 mixed mode windows-amd64 compressed oops)
Heap:
 PSYoungGen      total 102400K, used 82563K [0x00000000e0600000, 0x00000000f0f00000, 0x0000000100000000)
  eden space 98304K, 83% used [0x00000000e0600000,0x00000000e56a0e10,0x00000000e6600000)
  from space 4096K, 0% used [0x00000000e6600000,0x00000000e6600000,0x00000000e6a00000)
  to   space 75776K, 0% used [0x00000000ec500000,0x00000000ec500000,0x00000000f0f00000)
 ParOldGen       total 306176K, used 158020K [0x00000000a1200000, 0x00000000b3d00000, 0x00000000e0600000)
  object space 306176K, 51% used [0x00000000a1200000,0x00000000aac512f8,0x00000000b3d00000)
 Metaspace       used 18198K, capacity 19430K, committed 19584K, reserved 1067008K
  class space    used 2576K, capacity 2855K, committed 2944K, reserved 1048576K
GC Heap History (10 events):
Event: 2.977 GC heap before
{Heap before GC invocations=4 (full 1):
 PSYoungGen      total 53248K, used 4089K [0x00000000e0600000, 0x00000000e6e00000, 0x0000000100000000)
  eden space 49152K, 0% used [0x00000000e0600000,0x00000000e0600000,0x00000000e3600000)
  from space 4096K, 99% used [0x00000000e3600000,0x00000000e39fe5c0,0x00000000e3a00000)
  to   space 4096K, 0% used [0x00000000e6a00000,0x00000000e6a00000,0x00000000e6e00000)
 ParOldGen       total 65536K, used 50863K [0x00000000a1200000, 0x00000000a5200000, 0x00000000e0600000)
  object space 65536K, 77% used [0x00000000a1200000,0x00000000a43abc68,0x00000000a5200000)
 Metaspace       used 12653K, capacity 13252K, committed 13440K, reserved 1060864K
  class space    used 1766K, capacity 1917K, committed 1920K, reserved 1048576K
Event: 3.031 GC heap after
Heap after GC invocations=4 (full 1):
 PSYoungGen      total 53248K, used 0K [0x00000000e0600000, 0x00000000e6e00000, 0x0000000100000000)
  eden space 49152K, 0% used [0x00000000e0600000,0x00000000e0600000,0x00000000e3600000)
  from space 4096K, 0% used [0x00000000e3600000,0x00000000e3600000,0x00000000e3a00000)
  to   space 4096K, 0% used [0x00000000e6a00000,0x00000000e6a00000,0x00000000e6e00000)
 ParOldGen       total 131584K, used 54862K [0x00000000a1200000, 0x00000000a9280000, 0x00000000e0600000)
  object space 131584K, 41% used [0x00000000a1200000,0x00000000a4793a70,0x00000000a9280000)
 Metaspace       used 12653K, capacity 13252K, committed 13440K, reserved 1060864K
  class space    used 1766K, capacity 1917K, committed 1920K, reserved 1048576K
}
Event: 3.233 GC heap before
{Heap before GC invocations=5 (full 1):
 PSYoungGen      total 53248K, used 47555K [0x00000000e0600000, 0x00000000e6e00000, 0x0000000100000000)
  eden space 49152K, 96% used [0x00000000e0600000,0x00000000e3470dc8,0x00000000e3600000)
  from space 4096K, 0% used [0x00000000e3600000,0x00000000e3600000,0x00000000e3a00000)
  to   space 4096K, 0% used [0x00000000e6a00000,0x00000000e6a00000,0x00000000e6e00000)
 ParOldGen       total 131584K, used 54862K [0x00000000a1200000, 0x00000000a9280000, 0x00000000e0600000)
  object space 131584K, 41% used [0x00000000a1200000,0x00000000a4793a70,0x00000000a9280000)
 Metaspace       used 12705K, capacity 13344K, committed 13568K, reserved 1060864K
  class space    used 1774K, capacity 1928K, committed 2048K, reserved 1048576K
Event: 3.269 GC heap after
Heap after GC invocations=5 (full 1):
 PSYoungGen      total 90112K, used 3985K [0x00000000e0600000, 0x00000000e6e00000, 0x0000000100000000)
  eden space 86016K, 0% used [0x00000000e0600000,0x00000000e0600000,0x00000000e5a00000)
  from space 4096K, 97% used [0x00000000e6a00000,0x00000000e6de45d0,0x00000000e6e00000)
  to   space 4096K, 0% used [0x00000000e6600000,0x00000000e6600000,0x00000000e6a00000)
 ParOldGen       total 131584K, used 88220K [0x00000000a1200000, 0x00000000a9280000, 0x00000000e0600000)
  object space 131584K, 67% used [0x00000000a1200000,0x00000000a6827250,0x00000000a9280000)
 Metaspace       used 12705K, capacity 13344K, committed 13568K, reserved 1060864K
  class space    used 1774K, capacity 1928K, committed 2048K, reserved 1048576K
}
Event: 3.269 GC heap before
{Heap before GC invocations=6 (full 2):
 PSYoungGen      total 90112K, used 3985K [0x00000000e0600000, 0x00000000e6e00000, 0x0000000100000000)
  eden space 86016K, 0% used [0x00000000e0600000,0x00000000e0600000,0x00000000e5a00000)
  from space 4096K, 97% used [0x00000000e6a00000,0x00000000e6de45d0,0x00000000e6e00000)
  to   space 4096K, 0% used [0x00000000e6600000,0x00000000e6600000,0x00000000e6a00000)
 ParOldGen       total 131584K, used 88220K [0x00000000a1200000, 0x00000000a9280000, 0x00000000e0600000)
  object space 131584K, 67% used [0x00000000a1200000,0x00000000a6827250,0x00000000a9280000)
 Metaspace       used 12705K, capacity 13344K, committed 13568K, reserved 1060864K
  class space    used 1774K, capacity 1928K, committed 2048K, reserved 1048576K
Event: 3.311 GC heap after
Heap after GC invocations=6 (full 2):
 PSYoungGen      total 90112K, used 0K [0x00000000e0600000, 0x00000000e6e00000, 0x0000000100000000)
  eden space 86016K, 0% used [0x00000000e0600000,0x00000000e0600000,0x00000000e5a00000)
  from space 4096K, 0% used [0x00000000e6a00000,0x00000000e6a00000,0x00000000e6e00000)
  to   space 4096K, 0% used [0x00000000e6600000,0x00000000e6600000,0x00000000e6a00000)
 ParOldGen       total 196608K, used 92124K [0x00000000a1200000, 0x00000000ad200000, 0x00000000e0600000)
  object space 196608K, 46% used [0x00000000a1200000,0x00000000a6bf73a0,0x00000000ad200000)
 Metaspace       used 12705K, capacity 13344K, committed 13568K, reserved 1060864K
  class space    used 1774K, capacity 1928K, committed 2048K, reserved 1048576K
}
Event: 4.344 GC heap before
{Heap before GC invocations=7 (full 2):
 PSYoungGen      total 90112K, used 86016K [0x00000000e0600000, 0x00000000e6e00000, 0x0000000100000000)
  eden space 86016K, 100% used [0x00000000e0600000,0x00000000e5a00000,0x00000000e5a00000)
  from space 4096K, 0% used [0x00000000e6a00000,0x00000000e6a00000,0x00000000e6e00000)
  to   space 4096K, 0% used [0x00000000e6600000,0x00000000e6600000,0x00000000e6a00000)
 ParOldGen       total 196608K, used 92124K [0x00000000a1200000, 0x00000000ad200000, 0x00000000e0600000)
  object space 196608K, 46% used [0x00000000a1200000,0x00000000a6bf73a0,0x00000000ad200000)
 Metaspace       used 12758K, capacity 13360K, committed 13568K, reserved 1060864K
  class space    used 1775K, capacity 1930K, committed 2048K, reserved 1048576K
Event: 4.404 GC heap after
Heap after GC invocations=7 (full 2):
 PSYoungGen      total 102400K, used 4072K [0x00000000e0600000, 0x00000000f0f00000, 0x0000000100000000)
  eden space 98304K, 0% used [0x00000000e0600000,0x00000000e0600000,0x00000000e6600000)
  from space 4096K, 99% used [0x00000000e6600000,0x00000000e69fa058,0x00000000e6a00000)
  to   space 75776K, 0% used [0x00000000ec500000,0x00000000ec500000,0x00000000f0f00000)
 ParOldGen       total 196608K, used 157082K [0x00000000a1200000, 0x00000000ad200000, 0x00000000e0600000)
  object space 196608K, 79% used [0x00000000a1200000,0x00000000aab66808,0x00000000ad200000)
 Metaspace       used 12758K, capacity 13360K, committed 13568K, reserved 1060864K
  class space    used 1775K, capacity 1930K, committed 2048K, reserved 1048576K
}
Event: 4.405 GC heap before
{Heap before GC invocations=8 (full 3):
 PSYoungGen      total 102400K, used 4072K [0x00000000e0600000, 0x00000000f0f00000, 0x0000000100000000)
  eden space 98304K, 0% used [0x00000000e0600000,0x00000000e0600000,0x00000000e6600000)
  from space 4096K, 99% used [0x00000000e6600000,0x00000000e69fa058,0x00000000e6a00000)
  to   space 75776K, 0% used [0x00000000ec500000,0x00000000ec500000,0x00000000f0f00000)
 ParOldGen       total 196608K, used 157082K [0x00000000a1200000, 0x00000000ad200000, 0x00000000e0600000)
  object space 196608K, 79% used [0x00000000a1200000,0x00000000aab66808,0x00000000ad200000)
 Metaspace       used 12758K, capacity 13360K, committed 13568K, reserved 1060864K
  class space    used 1775K, capacity 1930K, committed 2048K, reserved 1048576K
Event: 4.457 GC heap after
Heap after GC invocations=8 (full 3):
 PSYoungGen      total 102400K, used 0K [0x00000000e0600000, 0x00000000f0f00000, 0x0000000100000000)
  eden space 98304K, 0% used [0x00000000e0600000,0x00000000e0600000,0x00000000e6600000)
  from space 4096K, 0% used [0x00000000e6600000,0x00000000e6600000,0x00000000e6a00000)
  to   space 75776K, 0% used [0x00000000ec500000,0x00000000ec500000,0x00000000f0f00000)
 ParOldGen       total 306176K, used 158020K [0x00000000a1200000, 0x00000000b3d00000, 0x00000000e0600000)
  object space 306176K, 51% used [0x00000000a1200000,0x00000000aac512f8,0x00000000b3d00000)
 Metaspace       used 12758K, capacity 13360K, committed 13568K, reserved 1060864K
  class space    used 1775K, capacity 1930K, committed 2048K, reserved 1048576K
}

