# JRE version: Java(TM) SE Runtime Environment (8.0_102-b14) (build 1.8.0_102-b14)
# Java VM: Java HotSpot(TM) 64-Bit Server VM (25.102-b14 mixed mode windows-amd64 compressed oops)
Heap:
 PSYoungGen      total 107008K, used 91314K [0x00000000e0600000, 0x00000000eec80000, 0x0000000100000000)
  eden space 67072K, 76% used [0x00000000e0600000,0x00000000e382e290,0x00000000e4780000)
  from space 39936K, 99% used [0x00000000e4780000,0x00000000e6e7e590,0x00000000e6e80000)
  to   space 70144K, 0% used [0x00000000ea800000,0x00000000ea800000,0x00000000eec80000)
 ParOldGen       total 193536K, used 142984K [0x00000000a1200000, 0x00000000acf00000, 0x00000000e0600000)
  object space 193536K, 73% used [0x00000000a1200000,0x00000000a9da2378,0x00000000acf00000)
 Metaspace       used 18080K, capacity 19236K, committed 19456K, reserved 1067008K
  class space    used 2569K, capacity 2816K, committed 2816K, reserved 1048576K
GC Heap History (10 events):
Event: 2.077 GC heap before
{Heap before GC invocations=5 (full 1):
 PSYoungGen      total 53248K, used 4065K [0x00000000e0600000, 0x00000000e3e00000, 0x0000000100000000)
  eden space 49152K, 0% used [0x00000000e0600000,0x00000000e0600000,0x00000000e3600000)
  from space 4096K, 99% used [0x00000000e3a00000,0x00000000e3df8710,0x00000000e3e00000)
  to   space 4096K, 0% used [0x00000000e3600000,0x00000000e3600000,0x00000000e3a00000)
 ParOldGen       total 65536K, used 50941K [0x00000000a1200000, 0x00000000a5200000, 0x00000000e0600000)
  object space 65536K, 77% used [0x00000000a1200000,0x00000000a43bf710,0x00000000a5200000)
 Metaspace       used 12642K, capacity 13188K, committed 13440K, reserved 1060864K
  class space    used 1766K, capacity 1917K, committed 1920K, reserved 1048576K
Event: 2.147 GC heap after
Heap after GC invocations=5 (full 1):
 PSYoungGen      total 53248K, used 0K [0x00000000e0600000, 0x00000000e3e00000, 0x0000000100000000)
  eden space 49152K, 0% used [0x00000000e0600000,0x00000000e0600000,0x00000000e3600000)
  from space 4096K, 0% used [0x00000000e3a00000,0x00000000e3a00000,0x00000000e3e00000)
  to   space 4096K, 0% used [0x00000000e3600000,0x00000000e3600000,0x00000000e3a00000)
 ParOldGen       total 119296K, used 54861K [0x00000000a1200000, 0x00000000a8680000, 0x00000000e0600000)
  object space 119296K, 45% used [0x00000000a1200000,0x00000000a4793770,0x00000000a8680000)
 Metaspace       used 12642K, capacity 13188K, committed 13440K, reserved 1060864K
  class space    used 1766K, capacity 1917K, committed 1920K, reserved 1048576K
}
Event: 2.476 GC heap before
{Heap before GC invocations=6 (full 1):
 PSYoungGen      total 53248K, used 47663K [0x00000000e0600000, 0x00000000e3e00000, 0x0000000100000000)
  eden space 49152K, 96% used [0x00000000e0600000,0x00000000e348bfe8,0x00000000e3600000)
  from space 4096K, 0% used [0x00000000e3a00000,0x00000000e3a00000,0x00000000e3e00000)
  to   space 4096K, 0% used [0x00000000e3600000,0x00000000e3600000,0x00000000e3a00000)
 ParOldGen       total 119296K, used 54861K [0x00000000a1200000, 0x00000000a8680000, 0x00000000e0600000)
  object space 119296K, 45% used [0x00000000a1200000,0x00000000a4793770,0x00000000a8680000)
 Metaspace       used 12699K, capacity 13348K, committed 13568K, reserved 1060864K
  class space    used 1774K, capacity 1928K, committed 2048K, reserved 1048576K
Event: 2.496 GC heap after
Heap after GC invocations=6 (full 1):
 PSYoungGen      total 53248K, used 4017K [0x00000000e0600000, 0x00000000e8f80000, 0x0000000100000000)
  eden space 49152K, 0% used [0x00000000e0600000,0x00000000e0600000,0x00000000e3600000)
  from space 4096K, 98% used [0x00000000e3600000,0x00000000e39ec5d0,0x00000000e3a00000)
  to   space 32768K, 0% used [0x00000000e6f80000,0x00000000e6f80000,0x00000000e8f80000)
 ParOldGen       total 119296K, used 90702K [0x00000000a1200000, 0x00000000a8680000, 0x00000000e0600000)
  object space 119296K, 76% used [0x00000000a1200000,0x00000000a6a93b60,0x00000000a8680000)
 Metaspace       used 12699K, capacity 13348K, committed 13568K, reserved 1060864K
  class space    used 1774K, capacity 1928K, committed 2048K, reserved 1048576K
}
Event: 2.496 GC heap before
{Heap before GC invocations=7 (full 2):
 PSYoungGen      total 53248K, used 4017K [0x00000000e0600000, 0x00000000e8f80000, 0x0000000100000000)
  eden space 49152K, 0% used [0x00000000e0600000,0x00000000e0600000,0x00000000e3600000)
  from space 4096K, 98% used [0x00000000e3600000,0x00000000e39ec5d0,0x00000000e3a00000)
  to   space 32768K, 0% used [0x00000000e6f80000,0x00000000e6f80000,0x00000000e8f80000)
 ParOldGen       total 119296K, used 90702K [0x00000000a1200000, 0x00000000a8680000, 0x00000000e0600000)
  object space 119296K, 76% used [0x00000000a1200000,0x00000000a6a93b60,0x00000000a8680000)
 Metaspace       used 12699K, capacity 13348K, committed 13568K, reserved 1060864K
  class space    used 1774K, capacity 1928K, committed 2048K, reserved 1048576K
Event: 2.536 GC heap after
Heap after GC invocations=7 (full 2):
 PSYoungGen      total 53248K, used 0K [0x00000000e0600000, 0x00000000e8f80000, 0x0000000100000000)
  eden space 49152K, 0% used [0x00000000e0600000,0x00000000e0600000,0x00000000e3600000)
  from space 4096K, 0% used [0x00000000e3600000,0x00000000e3600000,0x00000000e3a00000)
  to   space 32768K, 0% used [0x00000000e6f80000,0x00000000e6f80000,0x00000000e8f80000)
 ParOldGen       total 193536K, used 92124K [0x00000000a1200000, 0x00000000acf00000, 0x00000000e0600000)
  object space 193536K, 47% used [0x00000000a1200000,0x00000000a6bf71b0,0x00000000acf00000)
 Metaspace       used 12699K, capacity 13348K, committed 13568K, reserved 1060864K
  class space    used 1774K, capacity 1928K, committed 2048K, reserved 1048576K
}
Event: 3.006 GC heap before
{Heap before GC invocations=8 (full 2):
 PSYoungGen      total 53248K, used 49152K [0x00000000e0600000, 0x00000000e8f80000, 0x0000000100000000)
  eden space 49152K, 100% used [0x00000000e0600000,0x00000000e3600000,0x00000000e3600000)
  from space 4096K, 0% used [0x00000000e3600000,0x00000000e3600000,0x00000000e3a00000)
  to   space 32768K, 0% used [0x00000000e6f80000,0x00000000e6f80000,0x00000000e8f80000)
 ParOldGen       total 193536K, used 92124K [0x00000000a1200000, 0x00000000acf00000, 0x00000000e0600000)
  object space 193536K, 47% used [0x00000000a1200000,0x00000000a6bf71b0,0x00000000acf00000)
 Metaspace       used 12717K, capacity 13348K, committed 13568K, reserved 1060864K
  class space    used 1774K, capacity 1928K, committed 2048K, reserved 1048576K
Event: 3.027 GC heap after
Heap after GC invocations=8 (full 2):
 PSYoungGen      total 99840K, used 31957K [0x00000000e0600000, 0x00000000e9580000, 0x0000000100000000)
  eden space 67072K, 0% used [0x00000000e0600000,0x00000000e0600000,0x00000000e4780000)
  from space 32768K, 97% used [0x00000000e6f80000,0x00000000e8eb56e8,0x00000000e8f80000)
  to   space 39936K, 0% used [0x00000000e4780000,0x00000000e4780000,0x00000000e6e80000)
 ParOldGen       total 193536K, used 99549K [0x00000000a1200000, 0x00000000acf00000, 0x00000000e0600000)
  object space 193536K, 51% used [0x00000000a1200000,0x00000000a73375e0,0x00000000acf00000)
 Metaspace       used 12717K, capacity 13348K, committed 13568K, reserved 1060864K
  class space    used 1774K, capacity 1928K, committed 2048K, reserved 1048576K
}
Event: 3.448 GC heap before
{Heap before GC invocations=9 (full 2):
 PSYoungGen      total 99840K, used 99029K [0x00000000e0600000, 0x00000000e9580000, 0x0000000100000000)
  eden space 67072K, 100% used [0x00000000e0600000,0x00000000e4780000,0x00000000e4780000)
  from space 32768K, 97% used [0x00000000e6f80000,0x00000000e8eb56e8,0x00000000e8f80000)
  to   space 39936K, 0% used [0x00000000e4780000,0x00000000e4780000,0x00000000e6e80000)
 ParOldGen       total 193536K, used 99549K [0x00000000a1200000, 0x00000000acf00000, 0x00000000e0600000)
  object space 193536K, 51% used [0x00000000a1200000,0x00000000a73375e0,0x00000000acf00000)
 Metaspace       used 12742K, capacity 13360K, committed 13568K, reserved 1060864K
  class space    used 1775K, capacity 1930K, committed 2048K, reserved 1048576K
Event: 3.488 GC heap after
Heap after GC invocations=9 (full 2):
 PSYoungGen      total 107008K, used 39929K [0x00000000e0600000, 0x00000000eec80000, 0x0000000100000000)
  eden space 67072K, 0% used [0x00000000e0600000,0x00000000e0600000,0x00000000e4780000)
  from space 39936K, 99% used [0x00000000e4780000,0x00000000e6e7e590,0x00000000e6e80000)
  to   space 70144K, 0% used [0x00000000ea800000,0x00000000ea800000,0x00000000eec80000)
 ParOldGen       total 193536K, used 142984K [0x00000000a1200000, 0x00000000acf00000, 0x00000000e0600000)
  object space 193536K, 73% used [0x00000000a1200000,0x00000000a9da2378,0x00000000acf00000)
 Metaspace       used 12742K, capacity 13360K, committed 13568K, reserved 1060864K
  class space    used 1775K, capacity 1930K, committed 2048K, reserved 1048576K
}

