# JRE version: Java(TM) SE Runtime Environment (8.0_102-b14) (build 1.8.0_102-b14)
# Java VM: Java HotSpot(TM) 64-Bit Server VM (25.102-b14 mixed mode windows-amd64 compressed oops)
Heap:
 PSYoungGen      total 113152K, used 45021K [0x00000000e0600000, 0x00000000ee800000, 0x0000000100000000)
  eden space 72192K, 62% used [0x00000000e0600000,0x00000000e31f7788,0x00000000e4c80000)
  from space 40960K, 0% used [0x00000000e4c80000,0x00000000e4c80000,0x00000000e7480000)
  to   space 70656K, 0% used [0x00000000ea300000,0x00000000ea300000,0x00000000ee800000)
 ParOldGen       total 300544K, used 178403K [0x00000000a1200000, 0x00000000b3780000, 0x00000000e0600000)
  object space 300544K, 59% used [0x00000000a1200000,0x00000000ac038eb0,0x00000000b3780000)
 Metaspace       used 17952K, capacity 19112K, committed 19200K, reserved 1064960K
  class space    used 2569K, capacity 2816K, committed 2816K, reserved 1048576K
GC Heap History (10 events):
Event: 3.377 GC heap before
{Heap before GC invocations=6 (full 1):
 PSYoungGen      total 53248K, used 47086K [0x00000000e0600000, 0x00000000e3e00000, 0x0000000100000000)
  eden space 49152K, 95% used [0x00000000e0600000,0x00000000e33fb8b0,0x00000000e3600000)
  from space 4096K, 0% used [0x00000000e3a00000,0x00000000e3a00000,0x00000000e3e00000)
  to   space 4096K, 0% used [0x00000000e3600000,0x00000000e3600000,0x00000000e3a00000)
 ParOldGen       total 114176K, used 55422K [0x00000000a1200000, 0x00000000a8180000, 0x00000000e0600000)
  object space 114176K, 48% used [0x00000000a1200000,0x00000000a481f918,0x00000000a8180000)
 Metaspace       used 12705K, capacity 13348K, committed 13568K, reserved 1060864K
  class space    used 1770K, capacity 1928K, committed 2048K, reserved 1048576K
Event: 3.393 GC heap after
Heap after GC invocations=6 (full 1):
 PSYoungGen      total 53248K, used 4017K [0x00000000e0600000, 0x00000000e9c80000, 0x0000000100000000)
  eden space 49152K, 0% used [0x00000000e0600000,0x00000000e0600000,0x00000000e3600000)
  from space 4096K, 98% used [0x00000000e3600000,0x00000000e39ec5d0,0x00000000e3a00000)
  to   space 33280K, 0% used [0x00000000e7c00000,0x00000000e7c00000,0x00000000e9c80000)
 ParOldGen       total 114176K, used 90735K [0x00000000a1200000, 0x00000000a8180000, 0x00000000e0600000)
  object space 114176K, 79% used [0x00000000a1200000,0x00000000a6a9bf88,0x00000000a8180000)
 Metaspace       used 12705K, capacity 13348K, committed 13568K, reserved 1060864K
  class space    used 1770K, capacity 1928K, committed 2048K, reserved 1048576K
}
Event: 3.393 GC heap before
{Heap before GC invocations=7 (full 2):
 PSYoungGen      total 53248K, used 4017K [0x00000000e0600000, 0x00000000e9c80000, 0x0000000100000000)
  eden space 49152K, 0% used [0x00000000e0600000,0x00000000e0600000,0x00000000e3600000)
  from space 4096K, 98% used [0x00000000e3600000,0x00000000e39ec5d0,0x00000000e3a00000)
  to   space 33280K, 0% used [0x00000000e7c00000,0x00000000e7c00000,0x00000000e9c80000)
 ParOldGen       total 114176K, used 90735K [0x00000000a1200000, 0x00000000a8180000, 0x00000000e0600000)
  object space 114176K, 79% used [0x00000000a1200000,0x00000000a6a9bf88,0x00000000a8180000)
 Metaspace       used 12705K, capacity 13348K, committed 13568K, reserved 1060864K
  class space    used 1770K, capacity 1928K, committed 2048K, reserved 1048576K
Event: 3.435 GC heap after
Heap after GC invocations=7 (full 2):
 PSYoungGen      total 53248K, used 0K [0x00000000e0600000, 0x00000000e9c80000, 0x0000000100000000)
  eden space 49152K, 0% used [0x00000000e0600000,0x00000000e0600000,0x00000000e3600000)
  from space 4096K, 0% used [0x00000000e3600000,0x00000000e3600000,0x00000000e3a00000)
  to   space 33280K, 0% used [0x00000000e7c00000,0x00000000e7c00000,0x00000000e9c80000)
 ParOldGen       total 184320K, used 92143K [0x00000000a1200000, 0x00000000ac600000, 0x00000000e0600000)
  object space 184320K, 49% used [0x00000000a1200000,0x00000000a6bfbd88,0x00000000ac600000)
 Metaspace       used 12705K, capacity 13348K, committed 13568K, reserved 1060864K
  class space    used 1770K, capacity 1928K, committed 2048K, reserved 1048576K
}
Event: 3.732 GC heap before
{Heap before GC invocations=8 (full 2):
 PSYoungGen      total 53248K, used 49152K [0x00000000e0600000, 0x00000000e9c80000, 0x0000000100000000)
  eden space 49152K, 100% used [0x00000000e0600000,0x00000000e3600000,0x00000000e3600000)
  from space 4096K, 0% used [0x00000000e3600000,0x00000000e3600000,0x00000000e3a00000)
  to   space 33280K, 0% used [0x00000000e7c00000,0x00000000e7c00000,0x00000000e9c80000)
 ParOldGen       total 184320K, used 92143K [0x00000000a1200000, 0x00000000ac600000, 0x00000000e0600000)
  object space 184320K, 49% used [0x00000000a1200000,0x00000000a6bfbd88,0x00000000ac600000)
 Metaspace       used 12725K, capacity 13348K, committed 13568K, reserved 1060864K
  class space    used 1771K, capacity 1928K, committed 2048K, reserved 1048576K
Event: 3.743 GC heap after
Heap after GC invocations=8 (full 2):
 PSYoungGen      total 98816K, used 33137K [0x00000000e0600000, 0x00000000e9c80000, 0x0000000100000000)
  eden space 65536K, 0% used [0x00000000e0600000,0x00000000e0600000,0x00000000e4600000)
  from space 33280K, 99% used [0x00000000e7c00000,0x00000000e9c5c5a0,0x00000000e9c80000)
  to   space 40960K, 0% used [0x00000000e4c80000,0x00000000e4c80000,0x00000000e7480000)
 ParOldGen       total 184320K, used 98372K [0x00000000a1200000, 0x00000000ac600000, 0x00000000e0600000)
  object space 184320K, 53% used [0x00000000a1200000,0x00000000a72112f0,0x00000000ac600000)
 Metaspace       used 12725K, capacity 13348K, committed 13568K, reserved 1060864K
  class space    used 1771K, capacity 1928K, committed 2048K, reserved 1048576K
}
Event: 4.095 GC heap before
{Heap before GC invocations=9 (full 2):
 PSYoungGen      total 98816K, used 98443K [0x00000000e0600000, 0x00000000e9c80000, 0x0000000100000000)
  eden space 65536K, 99% used [0x00000000e0600000,0x00000000e45c6660,0x00000000e4600000)
  from space 33280K, 99% used [0x00000000e7c00000,0x00000000e9c5c5a0,0x00000000e9c80000)
  to   space 40960K, 0% used [0x00000000e4c80000,0x00000000e4c80000,0x00000000e7480000)
 ParOldGen       total 184320K, used 98372K [0x00000000a1200000, 0x00000000ac600000, 0x00000000e0600000)
  object space 184320K, 53% used [0x00000000a1200000,0x00000000a72112f0,0x00000000ac600000)
 Metaspace       used 12766K, capacity 13360K, committed 13568K, reserved 1060864K
  class space    used 1772K, capacity 1930K, committed 2048K, reserved 1048576K
Event: 4.121 GC heap after
Heap after GC invocations=9 (full 2):
 PSYoungGen      total 113152K, used 40957K [0x00000000e0600000, 0x00000000ee800000, 0x0000000100000000)
  eden space 72192K, 0% used [0x00000000e0600000,0x00000000e0600000,0x00000000e4c80000)
  from space 40960K, 99% used [0x00000000e4c80000,0x00000000e747f500,0x00000000e7480000)
  to   space 70656K, 0% used [0x00000000ea300000,0x00000000ea300000,0x00000000ee800000)
 ParOldGen       total 184320K, used 141043K [0x00000000a1200000, 0x00000000ac600000, 0x00000000e0600000)
  object space 184320K, 76% used [0x00000000a1200000,0x00000000a9bbcef8,0x00000000ac600000)
 Metaspace       used 12766K, capacity 13360K, committed 13568K, reserved 1060864K
  class space    used 1772K, capacity 1930K, committed 2048K, reserved 1048576K
}
Event: 4.121 GC heap before
{Heap before GC invocations=10 (full 3):
 PSYoungGen      total 113152K, used 40957K [0x00000000e0600000, 0x00000000ee800000, 0x0000000100000000)
  eden space 72192K, 0% used [0x00000000e0600000,0x00000000e0600000,0x00000000e4c80000)
  from space 40960K, 99% used [0x00000000e4c80000,0x00000000e747f500,0x00000000e7480000)
  to   space 70656K, 0% used [0x00000000ea300000,0x00000000ea300000,0x00000000ee800000)
 ParOldGen       total 184320K, used 141043K [0x00000000a1200000, 0x00000000ac600000, 0x00000000e0600000)
  object space 184320K, 76% used [0x00000000a1200000,0x00000000a9bbcef8,0x00000000ac600000)
 Metaspace       used 12766K, capacity 13360K, committed 13568K, reserved 1060864K
  class space    used 1772K, capacity 1930K, committed 2048K, reserved 1048576K
Event: 4.189 GC heap after
Heap after GC invocations=10 (full 3):
 PSYoungGen      total 113152K, used 0K [0x00000000e0600000, 0x00000000ee800000, 0x0000000100000000)
  eden space 72192K, 0% used [0x00000000e0600000,0x00000000e0600000,0x00000000e4c80000)
  from space 40960K, 0% used [0x00000000e4c80000,0x00000000e4c80000,0x00000000e7480000)
  to   space 70656K, 0% used [0x00000000ea300000,0x00000000ea300000,0x00000000ee800000)
 ParOldGen       total 300544K, used 178403K [0x00000000a1200000, 0x00000000b3780000, 0x00000000e0600000)
  object space 300544K, 59% used [0x00000000a1200000,0x00000000ac038eb0,0x00000000b3780000)
 Metaspace       used 12766K, capacity 13360K, committed 13568K, reserved 1060864K
  class space    used 1772K, capacity 1930K, committed 2048K, reserved 1048576K
}

