# JRE version: Java(TM) SE Runtime Environment (8.0_102-b14) (build 1.8.0_102-b14)
# Java VM: Java HotSpot(TM) 64-Bit Server VM (25.102-b14 mixed mode windows-amd64 compressed oops)
Heap:
 PSYoungGen      total 150528K, used 58360K [0x00000000e0600000, 0x00000000eed00000, 0x0000000100000000)
  eden space 80384K, 6% used [0x00000000e0600000,0x00000000e0accd08,0x00000000e5480000)
  from space 70144K, 76% used [0x00000000e9f80000,0x00000000ed3b1580,0x00000000ee400000)
  to   space 76800K, 0% used [0x00000000e5480000,0x00000000e5480000,0x00000000e9f80000)
 ParOldGen       total 191488K, used 140780K [0x00000000a1200000, 0x00000000acd00000, 0x00000000e0600000)
  object space 191488K, 73% used [0x00000000a1200000,0x00000000a9b7b228,0x00000000acd00000)
 Metaspace       used 18248K, capacity 19436K, committed 19456K, reserved 1067008K
  class space    used 2569K, capacity 2816K, committed 2816K, reserved 1048576K
GC Heap History (10 events):
Event: 2.424 GC heap before
{Heap before GC invocations=6 (full 1):
 PSYoungGen      total 53248K, used 47118K [0x00000000e0600000, 0x00000000e3e00000, 0x0000000100000000)
  eden space 49152K, 95% used [0x00000000e0600000,0x00000000e3403b98,0x00000000e3600000)
  from space 4096K, 0% used [0x00000000e3a00000,0x00000000e3a00000,0x00000000e3e00000)
  to   space 4096K, 0% used [0x00000000e3600000,0x00000000e3600000,0x00000000e3a00000)
 ParOldGen       total 118272K, used 55401K [0x00000000a1200000, 0x00000000a8580000, 0x00000000e0600000)
  object space 118272K, 46% used [0x00000000a1200000,0x00000000a481a5a8,0x00000000a8580000)
 Metaspace       used 12707K, capacity 13344K, committed 13568K, reserved 1060864K
  class space    used 1771K, capacity 1928K, committed 2048K, reserved 1048576K
Event: 2.440 GC heap after
Heap after GC invocations=6 (full 1):
 PSYoungGen      total 53248K, used 4017K [0x00000000e0600000, 0x00000000e9380000, 0x0000000100000000)
  eden space 49152K, 0% used [0x00000000e0600000,0x00000000e0600000,0x00000000e3600000)
  from space 4096K, 98% used [0x00000000e3600000,0x00000000e39ec5d0,0x00000000e3a00000)
  to   space 32768K, 0% used [0x00000000e7380000,0x00000000e7380000,0x00000000e9380000)
 ParOldGen       total 118272K, used 90715K [0x00000000a1200000, 0x00000000a8580000, 0x00000000e0600000)
  object space 118272K, 76% used [0x00000000a1200000,0x00000000a6a96c18,0x00000000a8580000)
 Metaspace       used 12707K, capacity 13344K, committed 13568K, reserved 1060864K
  class space    used 1771K, capacity 1928K, committed 2048K, reserved 1048576K
}
Event: 2.440 GC heap before
{Heap before GC invocations=7 (full 2):
 PSYoungGen      total 53248K, used 4017K [0x00000000e0600000, 0x00000000e9380000, 0x0000000100000000)
  eden space 49152K, 0% used [0x00000000e0600000,0x00000000e0600000,0x00000000e3600000)
  from space 4096K, 98% used [0x00000000e3600000,0x00000000e39ec5d0,0x00000000e3a00000)
  to   space 32768K, 0% used [0x00000000e7380000,0x00000000e7380000,0x00000000e9380000)
 ParOldGen       total 118272K, used 90715K [0x00000000a1200000, 0x00000000a8580000, 0x00000000e0600000)
  object space 118272K, 76% used [0x00000000a1200000,0x00000000a6a96c18,0x00000000a8580000)
 Metaspace       used 12707K, capacity 13344K, committed 13568K, reserved 1060864K
  class space    used 1771K, capacity 1928K, committed 2048K, reserved 1048576K
Event: 2.483 GC heap after
Heap after GC invocations=7 (full 2):
 PSYoungGen      total 53248K, used 0K [0x00000000e0600000, 0x00000000e9380000, 0x0000000100000000)
  eden space 49152K, 0% used [0x00000000e0600000,0x00000000e0600000,0x00000000e3600000)
  from space 4096K, 0% used [0x00000000e3600000,0x00000000e3600000,0x00000000e3a00000)
  to   space 32768K, 0% used [0x00000000e7380000,0x00000000e7380000,0x00000000e9380000)
 ParOldGen       total 191488K, used 92123K [0x00000000a1200000, 0x00000000acd00000, 0x00000000e0600000)
  object space 191488K, 48% used [0x00000000a1200000,0x00000000a6bf6d80,0x00000000acd00000)
 Metaspace       used 12707K, capacity 13344K, committed 13568K, reserved 1060864K
  class space    used 1771K, capacity 1928K, committed 2048K, reserved 1048576K
}
Event: 2.750 GC heap before
{Heap before GC invocations=8 (full 2):
 PSYoungGen      total 53248K, used 49152K [0x00000000e0600000, 0x00000000e9380000, 0x0000000100000000)
  eden space 49152K, 100% used [0x00000000e0600000,0x00000000e3600000,0x00000000e3600000)
  from space 4096K, 0% used [0x00000000e3600000,0x00000000e3600000,0x00000000e3a00000)
  to   space 32768K, 0% used [0x00000000e7380000,0x00000000e7380000,0x00000000e9380000)
 ParOldGen       total 191488K, used 92123K [0x00000000a1200000, 0x00000000acd00000, 0x00000000e0600000)
  object space 191488K, 48% used [0x00000000a1200000,0x00000000a6bf6d80,0x00000000acd00000)
 Metaspace       used 12727K, capacity 13348K, committed 13568K, reserved 1060864K
  class space    used 1771K, capacity 1928K, committed 2048K, reserved 1048576K
Event: 2.761 GC heap after
Heap after GC invocations=8 (full 2):
 PSYoungGen      total 97280K, used 32720K [0x00000000e0600000, 0x00000000e9400000, 0x0000000100000000)
  eden space 64512K, 0% used [0x00000000e0600000,0x00000000e0600000,0x00000000e4500000)
  from space 32768K, 99% used [0x00000000e7380000,0x00000000e9374108,0x00000000e9380000)
  to   space 40448K, 0% used [0x00000000e4500000,0x00000000e4500000,0x00000000e6c80000)
 ParOldGen       total 191488K, used 98769K [0x00000000a1200000, 0x00000000acd00000, 0x00000000e0600000)
  object space 191488K, 51% used [0x00000000a1200000,0x00000000a7274780,0x00000000acd00000)
 Metaspace       used 12727K, capacity 13348K, committed 13568K, reserved 1060864K
  class space    used 1771K, capacity 1928K, committed 2048K, reserved 1048576K
}
Event: 3.095 GC heap before
{Heap before GC invocations=9 (full 2):
 PSYoungGen      total 97280K, used 97232K [0x00000000e0600000, 0x00000000e9400000, 0x0000000100000000)
  eden space 64512K, 100% used [0x00000000e0600000,0x00000000e4500000,0x00000000e4500000)
  from space 32768K, 99% used [0x00000000e7380000,0x00000000e9374108,0x00000000e9380000)
  to   space 40448K, 0% used [0x00000000e4500000,0x00000000e4500000,0x00000000e6c80000)
 ParOldGen       total 191488K, used 98769K [0x00000000a1200000, 0x00000000acd00000, 0x00000000e0600000)
  object space 191488K, 51% used [0x00000000a1200000,0x00000000a7274780,0x00000000acd00000)
 Metaspace       used 12746K, capacity 13360K, committed 13568K, reserved 1060864K
  class space    used 1772K, capacity 1930K, committed 2048K, reserved 1048576K
Event: 3.118 GC heap after
Heap after GC invocations=9 (full 2):
 PSYoungGen      total 104960K, used 40441K [0x00000000e0600000, 0x00000000ee400000, 0x0000000100000000)
  eden space 64512K, 0% used [0x00000000e0600000,0x00000000e0600000,0x00000000e4500000)
  from space 40448K, 99% used [0x00000000e4500000,0x00000000e6c7e7d0,0x00000000e6c80000)
  to   space 70144K, 0% used [0x00000000e9f80000,0x00000000e9f80000,0x00000000ee400000)
 ParOldGen       total 191488K, used 140780K [0x00000000a1200000, 0x00000000acd00000, 0x00000000e0600000)
  object space 191488K, 73% used [0x00000000a1200000,0x00000000a9b7b228,0x00000000acd00000)
 Metaspace       used 12746K, capacity 13360K, committed 13568K, reserved 1060864K
  class space    used 1772K, capacity 1930K, committed 2048K, reserved 1048576K
}
Event: 325.633 GC heap before
{Heap before GC invocations=10 (full 2):
 PSYoungGen      total 104960K, used 104953K [0x00000000e0600000, 0x00000000ee400000, 0x0000000100000000)
  eden space 64512K, 100% used [0x00000000e0600000,0x00000000e4500000,0x00000000e4500000)
  from space 40448K, 99% used [0x00000000e4500000,0x00000000e6c7e7d0,0x00000000e6c80000)
  to   space 70144K, 0% used [0x00000000e9f80000,0x00000000e9f80000,0x00000000ee400000)
 ParOldGen       total 191488K, used 140780K [0x00000000a1200000, 0x00000000acd00000, 0x00000000e0600000)
  object space 191488K, 73% used [0x00000000a1200000,0x00000000a9b7b228,0x00000000acd00000)
 Metaspace       used 18218K, capacity 19360K, committed 19456K, reserved 1067008K
  class space    used 2564K, capacity 2814K, committed 2816K, reserved 1048576K
Event: 325.662 GC heap after
Heap after GC invocations=10 (full 2):
 PSYoungGen      total 150528K, used 53445K [0x00000000e0600000, 0x00000000eed00000, 0x0000000100000000)
  eden space 80384K, 0% used [0x00000000e0600000,0x00000000e0600000,0x00000000e5480000)
  from space 70144K, 76% used [0x00000000e9f80000,0x00000000ed3b1580,0x00000000ee400000)
  to   space 76800K, 0% used [0x00000000e5480000,0x00000000e5480000,0x00000000e9f80000)
 ParOldGen       total 191488K, used 140780K [0x00000000a1200000, 0x00000000acd00000, 0x00000000e0600000)
  object space 191488K, 73% used [0x00000000a1200000,0x00000000a9b7b228,0x00000000acd00000)
 Metaspace       used 18218K, capacity 19360K, committed 19456K, reserved 1067008K
  class space    used 2564K, capacity 2814K, committed 2816K, reserved 1048576K
}

