# JRE version: Java(TM) SE Runtime Environment (8.0_102-b14) (build 1.8.0_102-b14)
# Java VM: Java HotSpot(TM) 64-Bit Server VM (25.102-b14 mixed mode windows-amd64 compressed oops)
Heap:
 PSYoungGen      total 111104K, used 39223K [0x00000000e0600000, 0x00000000ecb80000, 0x0000000100000000)
  eden space 70656K, 55% used [0x00000000e0600000,0x00000000e2c4dff8,0x00000000e4b00000)
  from space 40448K, 0% used [0x00000000e4b00000,0x00000000e4b00000,0x00000000e7280000)
  to   space 48640K, 0% used [0x00000000e9c00000,0x00000000e9c00000,0x00000000ecb80000)
 ParOldGen       total 302080K, used 181819K [0x00000000a1200000, 0x00000000b3900000, 0x00000000e0600000)
  object space 302080K, 60% used [0x00000000a1200000,0x00000000ac38ec30,0x00000000b3900000)
 Metaspace       used 18110K, capacity 19268K, committed 19584K, reserved 1067008K
  class space    used 2574K, capacity 2848K, committed 2944K, reserved 1048576K
GC Heap History (10 events):
Event: 2.543 GC heap before
{Heap before GC invocations=6 (full 1):
 PSYoungGen      total 53248K, used 47131K [0x00000000e0600000, 0x00000000e3e00000, 0x0000000100000000)
  eden space 49152K, 95% used [0x00000000e0600000,0x00000000e3406e98,0x00000000e3600000)
  from space 4096K, 0% used [0x00000000e3a00000,0x00000000e3a00000,0x00000000e3e00000)
  to   space 4096K, 0% used [0x00000000e3600000,0x00000000e3600000,0x00000000e3a00000)
 ParOldGen       total 117248K, used 55402K [0x00000000a1200000, 0x00000000a8480000, 0x00000000e0600000)
  object space 117248K, 47% used [0x00000000a1200000,0x00000000a481aa60,0x00000000a8480000)
 Metaspace       used 12728K, capacity 13344K, committed 13568K, reserved 1060864K
  class space    used 1779K, capacity 1928K, committed 2048K, reserved 1048576K
Event: 2.582 GC heap after
Heap after GC invocations=6 (full 1):
 PSYoungGen      total 53248K, used 4042K [0x00000000e0600000, 0x00000000e9780000, 0x0000000100000000)
  eden space 49152K, 0% used [0x00000000e0600000,0x00000000e0600000,0x00000000e3600000)
  from space 4096K, 98% used [0x00000000e3600000,0x00000000e39f2940,0x00000000e3a00000)
  to   space 32768K, 0% used [0x00000000e7780000,0x00000000e7780000,0x00000000e9780000)
 ParOldGen       total 117248K, used 88248K [0x00000000a1200000, 0x00000000a8480000, 0x00000000e0600000)
  object space 117248K, 75% used [0x00000000a1200000,0x00000000a682e150,0x00000000a8480000)
 Metaspace       used 12728K, capacity 13344K, committed 13568K, reserved 1060864K
  class space    used 1779K, capacity 1928K, committed 2048K, reserved 1048576K
}
Event: 2.582 GC heap before
{Heap before GC invocations=7 (full 2):
 PSYoungGen      total 53248K, used 4042K [0x00000000e0600000, 0x00000000e9780000, 0x0000000100000000)
  eden space 49152K, 0% used [0x00000000e0600000,0x00000000e0600000,0x00000000e3600000)
  from space 4096K, 98% used [0x00000000e3600000,0x00000000e39f2940,0x00000000e3a00000)
  to   space 32768K, 0% used [0x00000000e7780000,0x00000000e7780000,0x00000000e9780000)
 ParOldGen       total 117248K, used 88248K [0x00000000a1200000, 0x00000000a8480000, 0x00000000e0600000)
  object space 117248K, 75% used [0x00000000a1200000,0x00000000a682e150,0x00000000a8480000)
 Metaspace       used 12728K, capacity 13344K, committed 13568K, reserved 1060864K
  class space    used 1779K, capacity 1928K, committed 2048K, reserved 1048576K
Event: 2.629 GC heap after
Heap after GC invocations=7 (full 2):
 PSYoungGen      total 53248K, used 0K [0x00000000e0600000, 0x00000000e9780000, 0x0000000100000000)
  eden space 49152K, 0% used [0x00000000e0600000,0x00000000e0600000,0x00000000e3600000)
  from space 4096K, 0% used [0x00000000e3600000,0x00000000e3600000,0x00000000e3a00000)
  to   space 32768K, 0% used [0x00000000e7780000,0x00000000e7780000,0x00000000e9780000)
 ParOldGen       total 183808K, used 92124K [0x00000000a1200000, 0x00000000ac580000, 0x00000000e0600000)
  object space 183808K, 50% used [0x00000000a1200000,0x00000000a6bf7080,0x00000000ac580000)
 Metaspace       used 12728K, capacity 13344K, committed 13568K, reserved 1060864K
  class space    used 1779K, capacity 1928K, committed 2048K, reserved 1048576K
}
Event: 2.855 GC heap before
{Heap before GC invocations=8 (full 2):
 PSYoungGen      total 53248K, used 49152K [0x00000000e0600000, 0x00000000e9780000, 0x0000000100000000)
  eden space 49152K, 100% used [0x00000000e0600000,0x00000000e3600000,0x00000000e3600000)
  from space 4096K, 0% used [0x00000000e3600000,0x00000000e3600000,0x00000000e3a00000)
  to   space 32768K, 0% used [0x00000000e7780000,0x00000000e7780000,0x00000000e9780000)
 ParOldGen       total 183808K, used 92124K [0x00000000a1200000, 0x00000000ac580000, 0x00000000e0600000)
  object space 183808K, 50% used [0x00000000a1200000,0x00000000a6bf7080,0x00000000ac580000)
 Metaspace       used 12748K, capacity 13348K, committed 13568K, reserved 1060864K
  class space    used 1779K, capacity 1928K, committed 2048K, reserved 1048576K
Event: 2.871 GC heap after
Heap after GC invocations=8 (full 2):
 PSYoungGen      total 103424K, used 32675K [0x00000000e0600000, 0x00000000e9a00000, 0x0000000100000000)
  eden space 70656K, 0% used [0x00000000e0600000,0x00000000e0600000,0x00000000e4b00000)
  from space 32768K, 99% used [0x00000000e7780000,0x00000000e9768f50,0x00000000e9780000)
  to   space 40448K, 0% used [0x00000000e4b00000,0x00000000e4b00000,0x00000000e7280000)
 ParOldGen       total 183808K, used 98742K [0x00000000a1200000, 0x00000000ac580000, 0x00000000e0600000)
  object space 183808K, 53% used [0x00000000a1200000,0x00000000a726db00,0x00000000ac580000)
 Metaspace       used 12748K, capacity 13348K, committed 13568K, reserved 1060864K
  class space    used 1779K, capacity 1928K, committed 2048K, reserved 1048576K
}
Event: 3.240 GC heap before
{Heap before GC invocations=9 (full 2):
 PSYoungGen      total 103424K, used 103039K [0x00000000e0600000, 0x00000000e9a00000, 0x0000000100000000)
  eden space 70656K, 99% used [0x00000000e0600000,0x00000000e4ab6e20,0x00000000e4b00000)
  from space 32768K, 99% used [0x00000000e7780000,0x00000000e9768f50,0x00000000e9780000)
  to   space 40448K, 0% used [0x00000000e4b00000,0x00000000e4b00000,0x00000000e7280000)
 ParOldGen       total 183808K, used 98742K [0x00000000a1200000, 0x00000000ac580000, 0x00000000e0600000)
  object space 183808K, 53% used [0x00000000a1200000,0x00000000a726db00,0x00000000ac580000)
 Metaspace       used 12782K, capacity 13360K, committed 13568K, reserved 1060864K
  class space    used 1780K, capacity 1930K, committed 2048K, reserved 1048576K
Event: 3.283 GC heap after
Heap after GC invocations=9 (full 2):
 PSYoungGen      total 111104K, used 40368K [0x00000000e0600000, 0x00000000ecb80000, 0x0000000100000000)
  eden space 70656K, 0% used [0x00000000e0600000,0x00000000e0600000,0x00000000e4b00000)
  from space 40448K, 99% used [0x00000000e4b00000,0x00000000e726c3c0,0x00000000e7280000)
  to   space 48640K, 0% used [0x00000000e9c00000,0x00000000e9c00000,0x00000000ecb80000)
 ParOldGen       total 183808K, used 144633K [0x00000000a1200000, 0x00000000ac580000, 0x00000000e0600000)
  object space 183808K, 78% used [0x00000000a1200000,0x00000000a9f3e458,0x00000000ac580000)
 Metaspace       used 12782K, capacity 13360K, committed 13568K, reserved 1060864K
  class space    used 1780K, capacity 1930K, committed 2048K, reserved 1048576K
}
Event: 3.283 GC heap before
{Heap before GC invocations=10 (full 3):
 PSYoungGen      total 111104K, used 40368K [0x00000000e0600000, 0x00000000ecb80000, 0x0000000100000000)
  eden space 70656K, 0% used [0x00000000e0600000,0x00000000e0600000,0x00000000e4b00000)
  from space 40448K, 99% used [0x00000000e4b00000,0x00000000e726c3c0,0x00000000e7280000)
  to   space 48640K, 0% used [0x00000000e9c00000,0x00000000e9c00000,0x00000000ecb80000)
 ParOldGen       total 183808K, used 144633K [0x00000000a1200000, 0x00000000ac580000, 0x00000000e0600000)
  object space 183808K, 78% used [0x00000000a1200000,0x00000000a9f3e458,0x00000000ac580000)
 Metaspace       used 12782K, capacity 13360K, committed 13568K, reserved 1060864K
  class space    used 1780K, capacity 1930K, committed 2048K, reserved 1048576K
Event: 3.341 GC heap after
Heap after GC invocations=10 (full 3):
 PSYoungGen      total 111104K, used 0K [0x00000000e0600000, 0x00000000ecb80000, 0x0000000100000000)
  eden space 70656K, 0% used [0x00000000e0600000,0x00000000e0600000,0x00000000e4b00000)
  from space 40448K, 0% used [0x00000000e4b00000,0x00000000e4b00000,0x00000000e7280000)
  to   space 48640K, 0% used [0x00000000e9c00000,0x00000000e9c00000,0x00000000ecb80000)
 ParOldGen       total 302080K, used 181819K [0x00000000a1200000, 0x00000000b3900000, 0x00000000e0600000)
  object space 302080K, 60% used [0x00000000a1200000,0x00000000ac38ec30,0x00000000b3900000)
 Metaspace       used 12782K, capacity 13360K, committed 13568K, reserved 1060864K
  class space    used 1780K, capacity 1930K, committed 2048K, reserved 1048576K
}

