# JRE version: Java(TM) SE Runtime Environment (8.0_102-b14) (build 1.8.0_102-b14)
# Java VM: Java HotSpot(TM) 64-Bit Server VM (25.102-b14 mixed mode windows-amd64 compressed oops)
Heap:
 PSYoungGen      total 159232K, used 75945K [0x00000000e0600000, 0x00000000f3400000, 0x0000000100000000)
  eden space 78336K, 20% used [0x00000000e0600000,0x00000000e156f948,0x00000000e5280000)
  from space 80896K, 74% used [0x00000000e5280000,0x00000000e8d3abb0,0x00000000ea180000)
  to   space 109056K, 0% used [0x00000000ec980000,0x00000000ec980000,0x00000000f3400000)
 ParOldGen       total 331264K, used 192021K [0x00000000a1200000, 0x00000000b5580000, 0x00000000e0600000)
  object space 331264K, 57% used [0x00000000a1200000,0x00000000acd856a0,0x00000000b5580000)
 Metaspace       used 19064K, capacity 20312K, committed 20608K, reserved 1067008K
  class space    used 2644K, capacity 2898K, committed 2944K, reserved 1048576K
GC Heap History (10 events):
Event: 3.498 GC heap before
{Heap before GC invocations=8 (full 2):
 PSYoungGen      total 53248K, used 49152K [0x00000000e0600000, 0x00000000e9180000, 0x0000000100000000)
  eden space 49152K, 100% used [0x00000000e0600000,0x00000000e3600000,0x00000000e3600000)
  from space 4096K, 0% used [0x00000000e3600000,0x00000000e3600000,0x00000000e3a00000)
  to   space 32768K, 0% used [0x00000000e7180000,0x00000000e7180000,0x00000000e9180000)
 ParOldGen       total 194048K, used 92123K [0x00000000a1200000, 0x00000000acf80000, 0x00000000e0600000)
  object space 194048K, 47% used [0x00000000a1200000,0x00000000a6bf6c60,0x00000000acf80000)
 Metaspace       used 12734K, capacity 13348K, committed 13568K, reserved 1060864K
  class space    used 1772K, capacity 1928K, committed 2048K, reserved 1048576K
Event: 3.510 GC heap after
Heap after GC invocations=8 (full 2):
 PSYoungGen      total 97792K, used 32752K [0x00000000e0600000, 0x00000000e9480000, 0x0000000100000000)
  eden space 65024K, 0% used [0x00000000e0600000,0x00000000e0600000,0x00000000e4580000)
  from space 32768K, 99% used [0x00000000e7180000,0x00000000e917c108,0x00000000e9180000)
  to   space 40448K, 0% used [0x00000000e4580000,0x00000000e4580000,0x00000000e6d00000)
 ParOldGen       total 194048K, used 98769K [0x00000000a1200000, 0x00000000acf80000, 0x00000000e0600000)
  object space 194048K, 50% used [0x00000000a1200000,0x00000000a7274660,0x00000000acf80000)
 Metaspace       used 12734K, capacity 13348K, committed 13568K, reserved 1060864K
  class space    used 1772K, capacity 1928K, committed 2048K, reserved 1048576K
}
Event: 3.900 GC heap before
{Heap before GC invocations=9 (full 2):
 PSYoungGen      total 97792K, used 97776K [0x00000000e0600000, 0x00000000e9480000, 0x0000000100000000)
  eden space 65024K, 100% used [0x00000000e0600000,0x00000000e4580000,0x00000000e4580000)
  from space 32768K, 99% used [0x00000000e7180000,0x00000000e917c108,0x00000000e9180000)
  to   space 40448K, 0% used [0x00000000e4580000,0x00000000e4580000,0x00000000e6d00000)
 ParOldGen       total 194048K, used 98769K [0x00000000a1200000, 0x00000000acf80000, 0x00000000e0600000)
  object space 194048K, 50% used [0x00000000a1200000,0x00000000a7274660,0x00000000acf80000)
 Metaspace       used 12755K, capacity 13360K, committed 13568K, reserved 1060864K
  class space    used 1773K, capacity 1930K, committed 2048K, reserved 1048576K
Event: 3.926 GC heap after
Heap after GC invocations=9 (full 2):
 PSYoungGen      total 105472K, used 40441K [0x00000000e0600000, 0x00000000ee600000, 0x0000000100000000)
  eden space 65024K, 0% used [0x00000000e0600000,0x00000000e0600000,0x00000000e4580000)
  from space 40448K, 99% used [0x00000000e4580000,0x00000000e6cfe7d0,0x00000000e6d00000)
  to   space 70144K, 0% used [0x00000000ea180000,0x00000000ea180000,0x00000000ee600000)
 ParOldGen       total 194048K, used 141173K [0x00000000a1200000, 0x00000000acf80000, 0x00000000e0600000)
  object space 194048K, 72% used [0x00000000a1200000,0x00000000a9bdd5a0,0x00000000acf80000)
 Metaspace       used 12755K, capacity 13360K, committed 13568K, reserved 1060864K
  class space    used 1773K, capacity 1930K, committed 2048K, reserved 1048576K
}
Event: 65.485 GC heap before
{Heap before GC invocations=10 (full 2):
 PSYoungGen      total 105472K, used 104235K [0x00000000e0600000, 0x00000000ee600000, 0x0000000100000000)
  eden space 65024K, 98% used [0x00000000e0600000,0x00000000e444c7c0,0x00000000e4580000)
  from space 40448K, 99% used [0x00000000e4580000,0x00000000e6cfe7d0,0x00000000e6d00000)
  to   space 70144K, 0% used [0x00000000ea180000,0x00000000ea180000,0x00000000ee600000)
 ParOldGen       total 194048K, used 141173K [0x00000000a1200000, 0x00000000acf80000, 0x00000000e0600000)
  object space 194048K, 72% used [0x00000000a1200000,0x00000000a9bdd5a0,0x00000000acf80000)
 Metaspace       used 18667K, capacity 19902K, committed 20096K, reserved 1067008K
  class space    used 2630K, capacity 2893K, committed 2944K, reserved 1048576K
Event: 65.519 GC heap after
Heap after GC invocations=10 (full 2):
 PSYoungGen      total 148480K, used 62616K [0x00000000e0600000, 0x00000000ef700000, 0x0000000100000000)
  eden space 78336K, 0% used [0x00000000e0600000,0x00000000e0600000,0x00000000e5280000)
  from space 70144K, 89% used [0x00000000ea180000,0x00000000edea6080,0x00000000ee600000)
  to   space 80896K, 0% used [0x00000000e5280000,0x00000000e5280000,0x00000000ea180000)
 ParOldGen       total 194048K, used 141181K [0x00000000a1200000, 0x00000000acf80000, 0x00000000e0600000)
  object space 194048K, 72% used [0x00000000a1200000,0x00000000a9bdf5a0,0x00000000acf80000)
 Metaspace       used 18667K, capacity 19902K, committed 20096K, reserved 1067008K
  class space    used 2630K, capacity 2893K, committed 2944K, reserved 1048576K
}
Event: 70.797 GC heap before
{Heap before GC invocations=11 (full 2):
 PSYoungGen      total 148480K, used 140771K [0x00000000e0600000, 0x00000000ef700000, 0x0000000100000000)
  eden space 78336K, 99% used [0x00000000e0600000,0x00000000e5252f50,0x00000000e5280000)
  from space 70144K, 89% used [0x00000000ea180000,0x00000000edea6080,0x00000000ee600000)
  to   space 80896K, 0% used [0x00000000e5280000,0x00000000e5280000,0x00000000ea180000)
 ParOldGen       total 194048K, used 141181K [0x00000000a1200000, 0x00000000acf80000, 0x00000000e0600000)
  object space 194048K, 72% used [0x00000000a1200000,0x00000000a9bdf5a0,0x00000000acf80000)
 Metaspace       used 18911K, capacity 20158K, committed 20352K, reserved 1067008K
  class space    used 2638K, capacity 2893K, committed 2944K, reserved 1048576K
Event: 70.845 GC heap after
Heap after GC invocations=11 (full 2):
 PSYoungGen      total 159232K, used 80870K [0x00000000e0600000, 0x00000000f3400000, 0x0000000100000000)
  eden space 78336K, 0% used [0x00000000e0600000,0x00000000e0600000,0x00000000e5280000)
  from space 80896K, 99% used [0x00000000e5280000,0x00000000ea179a30,0x00000000ea180000)
  to   space 109056K, 0% used [0x00000000ec980000,0x00000000ec980000,0x00000000f3400000)
 ParOldGen       total 194048K, used 174969K [0x00000000a1200000, 0x00000000acf80000, 0x00000000e0600000)
  object space 194048K, 90% used [0x00000000a1200000,0x00000000abcde790,0x00000000acf80000)
 Metaspace       used 18911K, capacity 20158K, committed 20352K, reserved 1067008K
  class space    used 2638K, capacity 2893K, committed 2944K, reserved 1048576K
}
Event: 70.845 GC heap before
{Heap before GC invocations=12 (full 3):
 PSYoungGen      total 159232K, used 80870K [0x00000000e0600000, 0x00000000f3400000, 0x0000000100000000)
  eden space 78336K, 0% used [0x00000000e0600000,0x00000000e0600000,0x00000000e5280000)
  from space 80896K, 99% used [0x00000000e5280000,0x00000000ea179a30,0x00000000ea180000)
  to   space 109056K, 0% used [0x00000000ec980000,0x00000000ec980000,0x00000000f3400000)
 ParOldGen       total 194048K, used 174969K [0x00000000a1200000, 0x00000000acf80000, 0x00000000e0600000)
  object space 194048K, 90% used [0x00000000a1200000,0x00000000abcde790,0x00000000acf80000)
 Metaspace       used 18911K, capacity 20158K, committed 20352K, reserved 1067008K
  class space    used 2638K, capacity 2893K, committed 2944K, reserved 1048576K
Event: 70.982 GC heap after
Heap after GC invocations=12 (full 3):
 PSYoungGen      total 159232K, used 60138K [0x00000000e0600000, 0x00000000f3400000, 0x0000000100000000)
  eden space 78336K, 0% used [0x00000000e0600000,0x00000000e0600000,0x00000000e5280000)
  from space 80896K, 74% used [0x00000000e5280000,0x00000000e8d3abb0,0x00000000ea180000)
  to   space 109056K, 0% used [0x00000000ec980000,0x00000000ec980000,0x00000000f3400000)
 ParOldGen       total 331264K, used 192021K [0x00000000a1200000, 0x00000000b5580000, 0x00000000e0600000)
  object space 331264K, 57% used [0x00000000a1200000,0x00000000acd856a0,0x00000000b5580000)
 Metaspace       used 18911K, capacity 20158K, committed 20352K, reserved 1067008K
  class space    used 2638K, capacity 2893K, committed 2944K, reserved 1048576K
}

