# JRE version: Java(TM) SE Runtime Environment (8.0_102-b14) (build 1.8.0_102-b14)
# Java VM: Java HotSpot(TM) 64-Bit Server VM (25.102-b14 mixed mode windows-amd64 compressed oops)
Heap:
 PSYoungGen      total 104448K, used 60356K [0x00000000e0600000, 0x00000000ebc80000, 0x0000000100000000)
  eden space 68096K, 88% used [0x00000000e0600000,0x00000000e40f13d8,0x00000000e4880000)
  from space 36352K, 0% used [0x00000000e4880000,0x00000000e4880000,0x00000000e6c00000)
  to   space 44544K, 0% used [0x00000000e9100000,0x00000000e9100000,0x00000000ebc80000)
 ParOldGen       total 303104K, used 182276K [0x00000000a1200000, 0x00000000b3a00000, 0x00000000e0600000)
  object space 303104K, 60% used [0x00000000a1200000,0x00000000ac401238,0x00000000b3a00000)
 Metaspace       used 18418K, capacity 19686K, committed 19840K, reserved 1067008K
  class space    used 2624K, capacity 2885K, committed 2944K, reserved 1048576K
GC Heap History (10 events):
Event: 3.027 GC heap before
{Heap before GC invocations=6 (full 1):
 PSYoungGen      total 53248K, used 49018K [0x00000000e0600000, 0x00000000e3e00000, 0x0000000100000000)
  eden space 49152K, 99% used [0x00000000e0600000,0x00000000e35de8c0,0x00000000e3600000)
  from space 4096K, 0% used [0x00000000e3a00000,0x00000000e3a00000,0x00000000e3e00000)
  to   space 4096K, 0% used [0x00000000e3600000,0x00000000e3600000,0x00000000e3a00000)
 ParOldGen       total 116736K, used 55940K [0x00000000a1200000, 0x00000000a8400000, 0x00000000e0600000)
  object space 116736K, 47% used [0x00000000a1200000,0x00000000a48a12f0,0x00000000a8400000)
 Metaspace       used 12714K, capacity 13350K, committed 13568K, reserved 1060864K
  class space    used 1772K, capacity 1929K, committed 2048K, reserved 1048576K
Event: 3.046 GC heap after
Heap after GC invocations=6 (full 1):
 PSYoungGen      total 53248K, used 3951K [0x00000000e0600000, 0x00000000e8e80000, 0x0000000100000000)
  eden space 49152K, 0% used [0x00000000e0600000,0x00000000e0600000,0x00000000e3600000)
  from space 4096K, 96% used [0x00000000e3600000,0x00000000e39dbc10,0x00000000e3a00000)
  to   space 28672K, 0% used [0x00000000e7280000,0x00000000e7280000,0x00000000e8e80000)
 ParOldGen       total 116736K, used 90183K [0x00000000a1200000, 0x00000000a8400000, 0x00000000e0600000)
  object space 116736K, 77% used [0x00000000a1200000,0x00000000a6a11c90,0x00000000a8400000)
 Metaspace       used 12714K, capacity 13350K, committed 13568K, reserved 1060864K
  class space    used 1772K, capacity 1929K, committed 2048K, reserved 1048576K
}
Event: 3.046 GC heap before
{Heap before GC invocations=7 (full 2):
 PSYoungGen      total 53248K, used 3951K [0x00000000e0600000, 0x00000000e8e80000, 0x0000000100000000)
  eden space 49152K, 0% used [0x00000000e0600000,0x00000000e0600000,0x00000000e3600000)
  from space 4096K, 96% used [0x00000000e3600000,0x00000000e39dbc10,0x00000000e3a00000)
  to   space 28672K, 0% used [0x00000000e7280000,0x00000000e7280000,0x00000000e8e80000)
 ParOldGen       total 116736K, used 90183K [0x00000000a1200000, 0x00000000a8400000, 0x00000000e0600000)
  object space 116736K, 77% used [0x00000000a1200000,0x00000000a6a11c90,0x00000000a8400000)
 Metaspace       used 12714K, capacity 13350K, committed 13568K, reserved 1060864K
  class space    used 1772K, capacity 1929K, committed 2048K, reserved 1048576K
Event: 3.091 GC heap after
Heap after GC invocations=7 (full 2):
 PSYoungGen      total 53248K, used 0K [0x00000000e0600000, 0x00000000e8e80000, 0x0000000100000000)
  eden space 49152K, 0% used [0x00000000e0600000,0x00000000e0600000,0x00000000e3600000)
  from space 4096K, 0% used [0x00000000e3600000,0x00000000e3600000,0x00000000e3a00000)
  to   space 28672K, 0% used [0x00000000e7280000,0x00000000e7280000,0x00000000e8e80000)
 ParOldGen       total 186368K, used 93990K [0x00000000a1200000, 0x00000000ac800000, 0x00000000e0600000)
  object space 186368K, 50% used [0x00000000a1200000,0x00000000a6dc9b50,0x00000000ac800000)
 Metaspace       used 12714K, capacity 13350K, committed 13568K, reserved 1060864K
  class space    used 1772K, capacity 1929K, committed 2048K, reserved 1048576K
}
Event: 3.468 GC heap before
{Heap before GC invocations=8 (full 2):
 PSYoungGen      total 53248K, used 49152K [0x00000000e0600000, 0x00000000e8e80000, 0x0000000100000000)
  eden space 49152K, 100% used [0x00000000e0600000,0x00000000e3600000,0x00000000e3600000)
  from space 4096K, 0% used [0x00000000e3600000,0x00000000e3600000,0x00000000e3a00000)
  to   space 28672K, 0% used [0x00000000e7280000,0x00000000e7280000,0x00000000e8e80000)
 ParOldGen       total 186368K, used 93990K [0x00000000a1200000, 0x00000000ac800000, 0x00000000e0600000)
  object space 186368K, 50% used [0x00000000a1200000,0x00000000a6dc9b50,0x00000000ac800000)
 Metaspace       used 12734K, capacity 13354K, committed 13568K, reserved 1060864K
  class space    used 1773K, capacity 1929K, committed 2048K, reserved 1048576K
Event: 3.484 GC heap after
Heap after GC invocations=8 (full 2):
 PSYoungGen      total 96768K, used 28604K [0x00000000e0600000, 0x00000000e8f80000, 0x0000000100000000)
  eden space 68096K, 0% used [0x00000000e0600000,0x00000000e0600000,0x00000000e4880000)
  from space 28672K, 99% used [0x00000000e7280000,0x00000000e8e6f218,0x00000000e8e80000)
  to   space 36352K, 0% used [0x00000000e4880000,0x00000000e4880000,0x00000000e6c00000)
 ParOldGen       total 186368K, used 103946K [0x00000000a1200000, 0x00000000ac800000, 0x00000000e0600000)
  object space 186368K, 55% used [0x00000000a1200000,0x00000000a7782a90,0x00000000ac800000)
 Metaspace       used 12734K, capacity 13354K, committed 13568K, reserved 1060864K
  class space    used 1773K, capacity 1929K, committed 2048K, reserved 1048576K
}
Event: 4.014 GC heap before
{Heap before GC invocations=9 (full 2):
 PSYoungGen      total 96768K, used 96700K [0x00000000e0600000, 0x00000000e8f80000, 0x0000000100000000)
  eden space 68096K, 100% used [0x00000000e0600000,0x00000000e4880000,0x00000000e4880000)
  from space 28672K, 99% used [0x00000000e7280000,0x00000000e8e6f218,0x00000000e8e80000)
  to   space 36352K, 0% used [0x00000000e4880000,0x00000000e4880000,0x00000000e6c00000)
 ParOldGen       total 186368K, used 103946K [0x00000000a1200000, 0x00000000ac800000, 0x00000000e0600000)
  object space 186368K, 55% used [0x00000000a1200000,0x00000000a7782a90,0x00000000ac800000)
 Metaspace       used 12782K, capacity 13430K, committed 13568K, reserved 1060864K
  class space    used 1774K, capacity 1931K, committed 2048K, reserved 1048576K
Event: 4.059 GC heap after
Heap after GC invocations=9 (full 2):
 PSYoungGen      total 104448K, used 36282K [0x00000000e0600000, 0x00000000ebc80000, 0x0000000100000000)
  eden space 68096K, 0% used [0x00000000e0600000,0x00000000e0600000,0x00000000e4880000)
  from space 36352K, 99% used [0x00000000e4880000,0x00000000e6bee8f8,0x00000000e6c00000)
  to   space 44544K, 0% used [0x00000000e9100000,0x00000000e9100000,0x00000000ebc80000)
 ParOldGen       total 186368K, used 148586K [0x00000000a1200000, 0x00000000ac800000, 0x00000000e0600000)
  object space 186368K, 79% used [0x00000000a1200000,0x00000000aa31a8b8,0x00000000ac800000)
 Metaspace       used 12782K, capacity 13430K, committed 13568K, reserved 1060864K
  class space    used 1774K, capacity 1931K, committed 2048K, reserved 1048576K
}
Event: 4.059 GC heap before
{Heap before GC invocations=10 (full 3):
 PSYoungGen      total 104448K, used 36282K [0x00000000e0600000, 0x00000000ebc80000, 0x0000000100000000)
  eden space 68096K, 0% used [0x00000000e0600000,0x00000000e0600000,0x00000000e4880000)
  from space 36352K, 99% used [0x00000000e4880000,0x00000000e6bee8f8,0x00000000e6c00000)
  to   space 44544K, 0% used [0x00000000e9100000,0x00000000e9100000,0x00000000ebc80000)
 ParOldGen       total 186368K, used 148586K [0x00000000a1200000, 0x00000000ac800000, 0x00000000e0600000)
  object space 186368K, 79% used [0x00000000a1200000,0x00000000aa31a8b8,0x00000000ac800000)
 Metaspace       used 12782K, capacity 13430K, committed 13568K, reserved 1060864K
  class space    used 1774K, capacity 1931K, committed 2048K, reserved 1048576K
Event: 4.153 GC heap after
Heap after GC invocations=10 (full 3):
 PSYoungGen      total 104448K, used 0K [0x00000000e0600000, 0x00000000ebc80000, 0x0000000100000000)
  eden space 68096K, 0% used [0x00000000e0600000,0x00000000e0600000,0x00000000e4880000)
  from space 36352K, 0% used [0x00000000e4880000,0x00000000e4880000,0x00000000e6c00000)
  to   space 44544K, 0% used [0x00000000e9100000,0x00000000e9100000,0x00000000ebc80000)
 ParOldGen       total 303104K, used 182276K [0x00000000a1200000, 0x00000000b3a00000, 0x00000000e0600000)
  object space 303104K, 60% used [0x00000000a1200000,0x00000000ac401238,0x00000000b3a00000)
 Metaspace       used 12782K, capacity 13430K, committed 13568K, reserved 1060864K
  class space    used 1774K, capacity 1931K, committed 2048K, reserved 1048576K
}

