# JRE version: Java(TM) SE Runtime Environment (8.0_201-b09) (build 1.8.0_201-b09)
# Java VM: Java HotSpot(TM) 64-Bit Server VM (25.201-b09 mixed mode windows-amd64 compressed oops)
Heap:
 PSYoungGen      total 141824K, used 54595K [0x000000076af80000, 0x000000077d780000, 0x00000007c0000000)
  eden space 131072K, 33% used [0x000000076af80000,0x000000076da52f70,0x0000000772f80000)
  from space 10752K, 99% used [0x0000000772f80000,0x00000007739fde48,0x0000000773a00000)
  to   space 75264K, 0% used [0x0000000778e00000,0x0000000778e00000,0x000000077d780000)
 ParOldGen       total 284160K, used 183098K [0x00000006c0e00000, 0x00000006d2380000, 0x000000076af80000)
  object space 284160K, 64% used [0x00000006c0e00000,0x00000006cc0ceb70,0x00000006d2380000)
 Metaspace       used 18535K, capacity 19742K, committed 20096K, reserved 1067008K
  class space    used 2572K, capacity 2839K, committed 2944K, reserved 1048576K
GC Heap History (10 events):
Event: 1.627 GC heap before
{Heap before GC invocations=2 (full 0):
 PSYoungGen      total 76288K, used 75403K [0x000000076af80000, 0x0000000770480000, 0x00000007c0000000)
  eden space 65536K, 98% used [0x000000076af80000,0x000000076eea8238,0x000000076ef80000)
  from space 10752K, 99% used [0x000000076ef80000,0x000000076f9fabc8,0x000000076fa00000)
  to   space 10752K, 0% used [0x000000076fa00000,0x000000076fa00000,0x0000000770480000)
 ParOldGen       total 175104K, used 17147K [0x00000006c0e00000, 0x00000006cb900000, 0x000000076af80000)
  object space 175104K, 9% used [0x00000006c0e00000,0x00000006c1ebecc0,0x00000006cb900000)
 Metaspace       used 12796K, capacity 13398K, committed 13568K, reserved 1060864K
  class space    used 1778K, capacity 1925K, committed 2048K, reserved 1048576K
Event: 1.643 GC heap after
Heap after GC invocations=2 (full 0):
 PSYoungGen      total 76288K, used 10740K [0x000000076af80000, 0x0000000774480000, 0x00000007c0000000)
  eden space 65536K, 0% used [0x000000076af80000,0x000000076af80000,0x000000076ef80000)
  from space 10752K, 99% used [0x000000076fa00000,0x000000077047d130,0x0000000770480000)
  to   space 10752K, 0% used [0x000000076ef80000,0x000000076ef80000,0x000000076fa00000)
 ParOldGen       total 175104K, used 64326K [0x00000006c0e00000, 0x00000006cb900000, 0x000000076af80000)
  object space 175104K, 36% used [0x00000006c0e00000,0x00000006c4cd1930,0x00000006cb900000)
 Metaspace       used 12796K, capacity 13398K, committed 13568K, reserved 1060864K
  class space    used 1778K, capacity 1925K, committed 2048K, reserved 1048576K
}
Event: 1.830 GC heap before
{Heap before GC invocations=3 (full 0):
 PSYoungGen      total 76288K, used 76276K [0x000000076af80000, 0x0000000774480000, 0x00000007c0000000)
  eden space 65536K, 100% used [0x000000076af80000,0x000000076ef80000,0x000000076ef80000)
  from space 10752K, 99% used [0x000000076fa00000,0x000000077047d130,0x0000000770480000)
  to   space 10752K, 0% used [0x000000076ef80000,0x000000076ef80000,0x000000076fa00000)
 ParOldGen       total 175104K, used 64326K [0x00000006c0e00000, 0x00000006cb900000, 0x000000076af80000)
  object space 175104K, 36% used [0x00000006c0e00000,0x00000006c4cd1930,0x00000006cb900000)
 Metaspace       used 12816K, capacity 13398K, committed 13568K, reserved 1060864K
  class space    used 1778K, capacity 1925K, committed 2048K, reserved 1048576K
Event: 1.841 GC heap after
Heap after GC invocations=3 (full 0):
 PSYoungGen      total 76288K, used 10739K [0x000000076af80000, 0x0000000774480000, 0x00000007c0000000)
  eden space 65536K, 0% used [0x000000076af80000,0x000000076af80000,0x000000076ef80000)
  from space 10752K, 99% used [0x000000076ef80000,0x000000076f9fce40,0x000000076fa00000)
  to   space 10752K, 0% used [0x0000000773a00000,0x0000000773a00000,0x0000000774480000)
 ParOldGen       total 175104K, used 113721K [0x00000006c0e00000, 0x00000006cb900000, 0x000000076af80000)
  object space 175104K, 64% used [0x00000006c0e00000,0x00000006c7d0e588,0x00000006cb900000)
 Metaspace       used 12816K, capacity 13398K, committed 13568K, reserved 1060864K
  class space    used 1778K, capacity 1925K, committed 2048K, reserved 1048576K
}
Event: 1.841 GC heap before
{Heap before GC invocations=4 (full 1):
 PSYoungGen      total 76288K, used 10739K [0x000000076af80000, 0x0000000774480000, 0x00000007c0000000)
  eden space 65536K, 0% used [0x000000076af80000,0x000000076af80000,0x000000076ef80000)
  from space 10752K, 99% used [0x000000076ef80000,0x000000076f9fce40,0x000000076fa00000)
  to   space 10752K, 0% used [0x0000000773a00000,0x0000000773a00000,0x0000000774480000)
 ParOldGen       total 175104K, used 113721K [0x00000006c0e00000, 0x00000006cb900000, 0x000000076af80000)
  object space 175104K, 64% used [0x00000006c0e00000,0x00000006c7d0e588,0x00000006cb900000)
 Metaspace       used 12816K, capacity 13398K, committed 13568K, reserved 1060864K
  class space    used 1778K, capacity 1925K, committed 2048K, reserved 1048576K
Event: 1.886 GC heap after
Heap after GC invocations=4 (full 1):
 PSYoungGen      total 76288K, used 0K [0x000000076af80000, 0x0000000774480000, 0x00000007c0000000)
  eden space 65536K, 0% used [0x000000076af80000,0x000000076af80000,0x000000076ef80000)
  from space 10752K, 0% used [0x000000076ef80000,0x000000076ef80000,0x000000076fa00000)
  to   space 10752K, 0% used [0x0000000773a00000,0x0000000773a00000,0x0000000774480000)
 ParOldGen       total 284160K, used 124182K [0x00000006c0e00000, 0x00000006d2380000, 0x000000076af80000)
  object space 284160K, 43% used [0x00000006c0e00000,0x00000006c8745928,0x00000006d2380000)
 Metaspace       used 12816K, capacity 13398K, committed 13568K, reserved 1060864K
  class space    used 1778K, capacity 1925K, committed 2048K, reserved 1048576K
}
Event: 2.163 GC heap before
{Heap before GC invocations=5 (full 1):
 PSYoungGen      total 76288K, used 65212K [0x000000076af80000, 0x0000000774480000, 0x00000007c0000000)
  eden space 65536K, 99% used [0x000000076af80000,0x000000076ef2f3c8,0x000000076ef80000)
  from space 10752K, 0% used [0x000000076ef80000,0x000000076ef80000,0x000000076fa00000)
  to   space 10752K, 0% used [0x0000000773a00000,0x0000000773a00000,0x0000000774480000)
 ParOldGen       total 284160K, used 124182K [0x00000006c0e00000, 0x00000006d2380000, 0x000000076af80000)
  object space 284160K, 43% used [0x00000006c0e00000,0x00000006c8745928,0x00000006d2380000)
 Metaspace       used 12824K, capacity 13410K, committed 13568K, reserved 1060864K
  class space    used 1779K, capacity 1927K, committed 2048K, reserved 1048576K
Event: 2.174 GC heap after
Heap after GC invocations=5 (full 1):
 PSYoungGen      total 113152K, used 10553K [0x000000076af80000, 0x0000000774480000, 0x00000007c0000000)
  eden space 102400K, 0% used [0x000000076af80000,0x000000076af80000,0x0000000771380000)
  from space 10752K, 98% used [0x0000000773a00000,0x000000077444e530,0x0000000774480000)
  to   space 10752K, 0% used [0x0000000772f80000,0x0000000772f80000,0x0000000773a00000)
 ParOldGen       total 284160K, used 164547K [0x00000006c0e00000, 0x00000006d2380000, 0x000000076af80000)
  object space 284160K, 57% used [0x00000006c0e00000,0x00000006caeb0e08,0x00000006d2380000)
 Metaspace       used 12824K, capacity 13410K, committed 13568K, reserved 1060864K
  class space    used 1779K, capacity 1927K, committed 2048K, reserved 1048576K
}
Event: 196.784 GC heap before
{Heap before GC invocations=6 (full 1):
 PSYoungGen      total 113152K, used 112953K [0x000000076af80000, 0x0000000774480000, 0x00000007c0000000)
  eden space 102400K, 100% used [0x000000076af80000,0x0000000771380000,0x0000000771380000)
  from space 10752K, 98% used [0x0000000773a00000,0x000000077444e530,0x0000000774480000)
  to   space 10752K, 0% used [0x0000000772f80000,0x0000000772f80000,0x0000000773a00000)
 ParOldGen       total 284160K, used 164547K [0x00000006c0e00000, 0x00000006d2380000, 0x000000076af80000)
  object space 284160K, 57% used [0x00000006c0e00000,0x00000006caeb0e08,0x00000006d2380000)
 Metaspace       used 18362K, capacity 19484K, committed 19840K, reserved 1067008K
  class space    used 2561K, capacity 2828K, committed 2944K, reserved 1048576K
Event: 196.794 GC heap after
Heap after GC invocations=6 (full 1):
 PSYoungGen      total 141824K, used 10743K [0x000000076af80000, 0x000000077d780000, 0x00000007c0000000)
  eden space 131072K, 0% used [0x000000076af80000,0x000000076af80000,0x0000000772f80000)
  from space 10752K, 99% used [0x0000000772f80000,0x00000007739fde48,0x0000000773a00000)
  to   space 75264K, 0% used [0x0000000778e00000,0x0000000778e00000,0x000000077d780000)
 ParOldGen       total 284160K, used 183098K [0x00000006c0e00000, 0x00000006d2380000, 0x000000076af80000)
  object space 284160K, 64% used [0x00000006c0e00000,0x00000006cc0ceb70,0x00000006d2380000)
 Metaspace       used 18362K, capacity 19484K, committed 19840K, reserved 1067008K
  class space    used 2561K, capacity 2828K, committed 2944K, reserved 1048576K
}

