# JRE version: Java(TM) SE Runtime Environment (8.0_201-b09) (build 1.8.0_201-b09)
# Java VM: Java HotSpot(TM) 64-Bit Server VM (25.201-b09 mixed mode windows-amd64 compressed oops)
Heap:
 PSYoungGen      total 208896K, used 34173K [0x000000076af80000, 0x000000077c480000, 0x00000007c0000000)
  eden space 198144K, 11% used [0x000000076af80000,0x000000076c664c48,0x0000000777100000)
  from space 10752K, 99% used [0x000000077ba00000,0x000000077c47aad0,0x000000077c480000)
  to   space 10752K, 0% used [0x000000077af80000,0x000000077af80000,0x000000077ba00000)
 ParOldGen       total 382464K, used 236994K [0x00000006c0e00000, 0x00000006d8380000, 0x000000076af80000)
  object space 382464K, 61% used [0x00000006c0e00000,0x00000006cf570890,0x00000006d8380000)
 Metaspace       used 19037K, capacity 20302K, committed 20352K, reserved 1067008K
  class space    used 2647K, capacity 2923K, committed 2944K, reserved 1048576K
GC Heap History (10 events):
Event: 1.218 GC heap before
{Heap before GC invocations=1 (full 0):
 PSYoungGen      total 76288K, used 65536K [0x000000076af80000, 0x0000000770480000, 0x00000007c0000000)
  eden space 65536K, 100% used [0x000000076af80000,0x000000076ef80000,0x000000076ef80000)
  from space 10752K, 0% used [0x000000076fa00000,0x000000076fa00000,0x0000000770480000)
  to   space 10752K, 0% used [0x000000076ef80000,0x000000076ef80000,0x000000076fa00000)
 ParOldGen       total 175104K, used 0K [0x00000006c0e00000, 0x00000006cb900000, 0x000000076af80000)
  object space 175104K, 0% used [0x00000006c0e00000,0x00000006c0e00000,0x00000006cb900000)
 Metaspace       used 11177K, capacity 11690K, committed 12032K, reserved 1058816K
  class space    used 1552K, capacity 1690K, committed 1792K, reserved 1048576K
Event: 1.232 GC heap after
Heap after GC invocations=1 (full 0):
 PSYoungGen      total 76288K, used 10517K [0x000000076af80000, 0x0000000774480000, 0x00000007c0000000)
  eden space 65536K, 0% used [0x000000076af80000,0x000000076af80000,0x000000076ef80000)
  from space 10752K, 97% used [0x000000076ef80000,0x000000076f9c5668,0x000000076fa00000)
  to   space 10752K, 0% used [0x0000000773a00000,0x0000000773a00000,0x0000000774480000)
 ParOldGen       total 175104K, used 17424K [0x00000006c0e00000, 0x00000006cb900000, 0x000000076af80000)
  object space 175104K, 9% used [0x00000006c0e00000,0x00000006c1f04220,0x00000006cb900000)
 Metaspace       used 11177K, capacity 11690K, committed 12032K, reserved 1058816K
  class space    used 1552K, capacity 1690K, committed 1792K, reserved 1048576K
}
Event: 1.929 GC heap before
{Heap before GC invocations=2 (full 0):
 PSYoungGen      total 76288K, used 74534K [0x000000076af80000, 0x0000000774480000, 0x00000007c0000000)
  eden space 65536K, 97% used [0x000000076af80000,0x000000076ee043e0,0x000000076ef80000)
  from space 10752K, 97% used [0x000000076ef80000,0x000000076f9c5668,0x000000076fa00000)
  to   space 10752K, 0% used [0x0000000773a00000,0x0000000773a00000,0x0000000774480000)
 ParOldGen       total 175104K, used 17424K [0x00000006c0e00000, 0x00000006cb900000, 0x000000076af80000)
  object space 175104K, 9% used [0x00000006c0e00000,0x00000006c1f04220,0x00000006cb900000)
 Metaspace       used 12801K, capacity 13394K, committed 13568K, reserved 1060864K
  class space    used 1775K, capacity 1925K, committed 2048K, reserved 1048576K
Event: 1.950 GC heap after
Heap after GC invocations=2 (full 0):
 PSYoungGen      total 141824K, used 10740K [0x000000076af80000, 0x0000000774480000, 0x00000007c0000000)
  eden space 131072K, 0% used [0x000000076af80000,0x000000076af80000,0x0000000772f80000)
  from space 10752K, 99% used [0x0000000773a00000,0x000000077447d330,0x0000000774480000)
  to   space 10752K, 0% used [0x0000000772f80000,0x0000000772f80000,0x0000000773a00000)
 ParOldGen       total 175104K, used 64245K [0x00000006c0e00000, 0x00000006cb900000, 0x000000076af80000)
  object space 175104K, 36% used [0x00000006c0e00000,0x00000006c4cbd740,0x00000006cb900000)
 Metaspace       used 12801K, capacity 13394K, committed 13568K, reserved 1060864K
  class space    used 1775K, capacity 1925K, committed 2048K, reserved 1048576K
}
Event: 2.484 GC heap before
{Heap before GC invocations=3 (full 0):
 PSYoungGen      total 141824K, used 141812K [0x000000076af80000, 0x0000000774480000, 0x00000007c0000000)
  eden space 131072K, 100% used [0x000000076af80000,0x0000000772f80000,0x0000000772f80000)
  from space 10752K, 99% used [0x0000000773a00000,0x000000077447d330,0x0000000774480000)
  to   space 10752K, 0% used [0x0000000772f80000,0x0000000772f80000,0x0000000773a00000)
 ParOldGen       total 175104K, used 64245K [0x00000006c0e00000, 0x00000006cb900000, 0x000000076af80000)
  object space 175104K, 36% used [0x00000006c0e00000,0x00000006c4cbd740,0x00000006cb900000)
 Metaspace       used 12846K, capacity 13474K, committed 13824K, reserved 1060864K
  class space    used 1777K, capacity 1927K, committed 2048K, reserved 1048576K
Event: 2.515 GC heap after
Heap after GC invocations=3 (full 0):
 PSYoungGen      total 141824K, used 10740K [0x000000076af80000, 0x000000077c480000, 0x00000007c0000000)
  eden space 131072K, 0% used [0x000000076af80000,0x000000076af80000,0x0000000772f80000)
  from space 10752K, 99% used [0x0000000772f80000,0x00000007739fd2c0,0x0000000773a00000)
  to   space 10752K, 0% used [0x000000077ba00000,0x000000077ba00000,0x000000077c480000)
 ParOldGen       total 175104K, used 164095K [0x00000006c0e00000, 0x00000006cb900000, 0x000000076af80000)
  object space 175104K, 93% used [0x00000006c0e00000,0x00000006cae3feb0,0x00000006cb900000)
 Metaspace       used 12846K, capacity 13474K, committed 13824K, reserved 1060864K
  class space    used 1777K, capacity 1927K, committed 2048K, reserved 1048576K
}
Event: 2.515 GC heap before
{Heap before GC invocations=4 (full 1):
 PSYoungGen      total 141824K, used 10740K [0x000000076af80000, 0x000000077c480000, 0x00000007c0000000)
  eden space 131072K, 0% used [0x000000076af80000,0x000000076af80000,0x0000000772f80000)
  from space 10752K, 99% used [0x0000000772f80000,0x00000007739fd2c0,0x0000000773a00000)
  to   space 10752K, 0% used [0x000000077ba00000,0x000000077ba00000,0x000000077c480000)
 ParOldGen       total 175104K, used 164095K [0x00000006c0e00000, 0x00000006cb900000, 0x000000076af80000)
  object space 175104K, 93% used [0x00000006c0e00000,0x00000006cae3feb0,0x00000006cb900000)
 Metaspace       used 12846K, capacity 13474K, committed 13824K, reserved 1060864K
  class space    used 1777K, capacity 1927K, committed 2048K, reserved 1048576K
Event: 2.574 GC heap after
Heap after GC invocations=4 (full 1):
 PSYoungGen      total 141824K, used 0K [0x000000076af80000, 0x000000077c480000, 0x00000007c0000000)
  eden space 131072K, 0% used [0x000000076af80000,0x000000076af80000,0x0000000772f80000)
  from space 10752K, 0% used [0x0000000772f80000,0x0000000772f80000,0x0000000773a00000)
  to   space 10752K, 0% used [0x000000077ba00000,0x000000077ba00000,0x000000077c480000)
 ParOldGen       total 382464K, used 174701K [0x00000006c0e00000, 0x00000006d8380000, 0x000000076af80000)
  object space 382464K, 45% used [0x00000006c0e00000,0x00000006cb89b620,0x00000006d8380000)
 Metaspace       used 12846K, capacity 13474K, committed 13824K, reserved 1060864K
  class space    used 1777K, capacity 1927K, committed 2048K, reserved 1048576K
}
Event: 44.201 GC heap before
{Heap before GC invocations=5 (full 1):
 PSYoungGen      total 141824K, used 131072K [0x000000076af80000, 0x000000077c480000, 0x00000007c0000000)
  eden space 131072K, 100% used [0x000000076af80000,0x0000000772f80000,0x0000000772f80000)
  from space 10752K, 0% used [0x0000000772f80000,0x0000000772f80000,0x0000000773a00000)
  to   space 10752K, 0% used [0x000000077ba00000,0x000000077ba00000,0x000000077c480000)
 ParOldGen       total 382464K, used 174701K [0x00000006c0e00000, 0x00000006d8380000, 0x000000076af80000)
  object space 382464K, 45% used [0x00000006c0e00000,0x00000006cb89b620,0x00000006d8380000)
 Metaspace       used 18840K, capacity 20040K, committed 20352K, reserved 1067008K
  class space    used 2637K, capacity 2884K, committed 2944K, reserved 1048576K
Event: 44.224 GC heap after
Heap after GC invocations=5 (full 1):
 PSYoungGen      total 208896K, used 10730K [0x000000076af80000, 0x000000077c480000, 0x00000007c0000000)
  eden space 198144K, 0% used [0x000000076af80000,0x000000076af80000,0x0000000777100000)
  from space 10752K, 99% used [0x000000077ba00000,0x000000077c47aad0,0x000000077c480000)
  to   space 10752K, 0% used [0x000000077af80000,0x000000077af80000,0x000000077ba00000)
 ParOldGen       total 382464K, used 236994K [0x00000006c0e00000, 0x00000006d8380000, 0x000000076af80000)
  object space 382464K, 61% used [0x00000006c0e00000,0x00000006cf570890,0x00000006d8380000)
 Metaspace       used 18840K, capacity 20040K, committed 20352K, reserved 1067008K
  class space    used 2637K, capacity 2884K, committed 2944K, reserved 1048576K
}

