# JRE version: Java(TM) SE Runtime Environment (8.0_102-b14) (build 1.8.0_102-b14)
# Java VM: Java HotSpot(TM) 64-Bit Server VM (25.102-b14 mixed mode windows-amd64 compressed oops)
Heap:
 PSYoungGen      total 115200K, used 101056K [0x00000000e0600000, 0x00000000ef780000, 0x0000000100000000)
  eden space 65024K, 78% used [0x00000000e0600000,0x00000000e37b0998,0x00000000e4580000)
  from space 50176K, 99% used [0x00000000e4580000,0x00000000e767f8b0,0x00000000e7680000)
  to   space 79360K, 0% used [0x00000000eaa00000,0x00000000eaa00000,0x00000000ef780000)
 ParOldGen       total 190976K, used 131058K [0x00000000a1200000, 0x00000000acc80000, 0x00000000e0600000)
  object space 190976K, 68% used [0x00000000a1200000,0x00000000a91fc9d0,0x00000000acc80000)
 Metaspace       used 18071K, capacity 19240K, committed 19456K, reserved 1067008K
  class space    used 2570K, capacity 2816K, committed 2816K, reserved 1048576K
GC Heap History (10 events):
Event: 2.091 GC heap before
{Heap before GC invocations=5 (full 1):
 PSYoungGen      total 53248K, used 4068K [0x00000000e0600000, 0x00000000e3e00000, 0x0000000100000000)
  eden space 49152K, 0% used [0x00000000e0600000,0x00000000e0600000,0x00000000e3600000)
  from space 4096K, 99% used [0x00000000e3a00000,0x00000000e3df92b8,0x00000000e3e00000)
  to   space 4096K, 0% used [0x00000000e3600000,0x00000000e3600000,0x00000000e3a00000)
 ParOldGen       total 65536K, used 50951K [0x00000000a1200000, 0x00000000a5200000, 0x00000000e0600000)
  object space 65536K, 77% used [0x00000000a1200000,0x00000000a43c1fa0,0x00000000a5200000)
 Metaspace       used 12667K, capacity 13252K, committed 13440K, reserved 1060864K
  class space    used 1766K, capacity 1917K, committed 1920K, reserved 1048576K
Event: 2.149 GC heap after
Heap after GC invocations=5 (full 1):
 PSYoungGen      total 53248K, used 0K [0x00000000e0600000, 0x00000000e3e00000, 0x0000000100000000)
  eden space 49152K, 0% used [0x00000000e0600000,0x00000000e0600000,0x00000000e3600000)
  from space 4096K, 0% used [0x00000000e3a00000,0x00000000e3a00000,0x00000000e3e00000)
  to   space 4096K, 0% used [0x00000000e3600000,0x00000000e3600000,0x00000000e3a00000)
 ParOldGen       total 118272K, used 54862K [0x00000000a1200000, 0x00000000a8580000, 0x00000000e0600000)
  object space 118272K, 46% used [0x00000000a1200000,0x00000000a4793be8,0x00000000a8580000)
 Metaspace       used 12667K, capacity 13252K, committed 13440K, reserved 1060864K
  class space    used 1766K, capacity 1917K, committed 1920K, reserved 1048576K
}
Event: 2.415 GC heap before
{Heap before GC invocations=6 (full 1):
 PSYoungGen      total 53248K, used 47645K [0x00000000e0600000, 0x00000000e3e00000, 0x0000000100000000)
  eden space 49152K, 96% used [0x00000000e0600000,0x00000000e3487560,0x00000000e3600000)
  from space 4096K, 0% used [0x00000000e3a00000,0x00000000e3a00000,0x00000000e3e00000)
  to   space 4096K, 0% used [0x00000000e3600000,0x00000000e3600000,0x00000000e3a00000)
 ParOldGen       total 118272K, used 54862K [0x00000000a1200000, 0x00000000a8580000, 0x00000000e0600000)
  object space 118272K, 46% used [0x00000000a1200000,0x00000000a4793be8,0x00000000a8580000)
 Metaspace       used 12721K, capacity 13348K, committed 13568K, reserved 1060864K
  class space    used 1774K, capacity 1928K, committed 2048K, reserved 1048576K
Event: 2.440 GC heap after
Heap after GC invocations=6 (full 1):
 PSYoungGen      total 53248K, used 4080K [0x00000000e0600000, 0x00000000ea700000, 0x0000000100000000)
  eden space 49152K, 0% used [0x00000000e0600000,0x00000000e0600000,0x00000000e3600000)
  from space 4096K, 99% used [0x00000000e3600000,0x00000000e39fc090,0x00000000e3a00000)
  to   space 43008K, 0% used [0x00000000e7d00000,0x00000000e7d00000,0x00000000ea700000)
 ParOldGen       total 118272K, used 88142K [0x00000000a1200000, 0x00000000a8580000, 0x00000000e0600000)
  object space 118272K, 74% used [0x00000000a1200000,0x00000000a6813908,0x00000000a8580000)
 Metaspace       used 12721K, capacity 13348K, committed 13568K, reserved 1060864K
  class space    used 1774K, capacity 1928K, committed 2048K, reserved 1048576K
}
Event: 2.440 GC heap before
{Heap before GC invocations=7 (full 2):
 PSYoungGen      total 53248K, used 4080K [0x00000000e0600000, 0x00000000ea700000, 0x0000000100000000)
  eden space 49152K, 0% used [0x00000000e0600000,0x00000000e0600000,0x00000000e3600000)
  from space 4096K, 99% used [0x00000000e3600000,0x00000000e39fc090,0x00000000e3a00000)
  to   space 43008K, 0% used [0x00000000e7d00000,0x00000000e7d00000,0x00000000ea700000)
 ParOldGen       total 118272K, used 88142K [0x00000000a1200000, 0x00000000a8580000, 0x00000000e0600000)
  object space 118272K, 74% used [0x00000000a1200000,0x00000000a6813908,0x00000000a8580000)
 Metaspace       used 12721K, capacity 13348K, committed 13568K, reserved 1060864K
  class space    used 1774K, capacity 1928K, committed 2048K, reserved 1048576K
Event: 2.490 GC heap after
Heap after GC invocations=7 (full 2):
 PSYoungGen      total 53248K, used 0K [0x00000000e0600000, 0x00000000ea700000, 0x0000000100000000)
  eden space 49152K, 0% used [0x00000000e0600000,0x00000000e0600000,0x00000000e3600000)
  from space 4096K, 0% used [0x00000000e3600000,0x00000000e3600000,0x00000000e3a00000)
  to   space 43008K, 0% used [0x00000000e7d00000,0x00000000e7d00000,0x00000000ea700000)
 ParOldGen       total 190976K, used 92125K [0x00000000a1200000, 0x00000000acc80000, 0x00000000e0600000)
  object space 190976K, 48% used [0x00000000a1200000,0x00000000a6bf7608,0x00000000acc80000)
 Metaspace       used 12721K, capacity 13348K, committed 13568K, reserved 1060864K
  class space    used 1774K, capacity 1928K, committed 2048K, reserved 1048576K
}
Event: 2.789 GC heap before
{Heap before GC invocations=8 (full 2):
 PSYoungGen      total 53248K, used 49152K [0x00000000e0600000, 0x00000000ea700000, 0x0000000100000000)
  eden space 49152K, 100% used [0x00000000e0600000,0x00000000e3600000,0x00000000e3600000)
  from space 4096K, 0% used [0x00000000e3600000,0x00000000e3600000,0x00000000e3a00000)
  to   space 43008K, 0% used [0x00000000e7d00000,0x00000000e7d00000,0x00000000ea700000)
 ParOldGen       total 190976K, used 92125K [0x00000000a1200000, 0x00000000acc80000, 0x00000000e0600000)
  object space 190976K, 48% used [0x00000000a1200000,0x00000000a6bf7608,0x00000000acc80000)
 Metaspace       used 12740K, capacity 13348K, committed 13568K, reserved 1060864K
  class space    used 1774K, capacity 1928K, committed 2048K, reserved 1048576K
Event: 2.803 GC heap after
Heap after GC invocations=8 (full 2):
 PSYoungGen      total 108032K, used 39382K [0x00000000e0600000, 0x00000000ea780000, 0x0000000100000000)
  eden space 65024K, 0% used [0x00000000e0600000,0x00000000e0600000,0x00000000e4580000)
  from space 43008K, 91% used [0x00000000e7d00000,0x00000000ea375b18,0x00000000ea700000)
  to   space 50176K, 0% used [0x00000000e4580000,0x00000000e4580000,0x00000000e7680000)
 ParOldGen       total 190976K, used 92125K [0x00000000a1200000, 0x00000000acc80000, 0x00000000e0600000)
  object space 190976K, 48% used [0x00000000a1200000,0x00000000a6bf7608,0x00000000acc80000)
 Metaspace       used 12740K, capacity 13348K, committed 13568K, reserved 1060864K
  class space    used 1774K, capacity 1928K, committed 2048K, reserved 1048576K
}
Event: 3.152 GC heap before
{Heap before GC invocations=9 (full 2):
 PSYoungGen      total 108032K, used 104406K [0x00000000e0600000, 0x00000000ea780000, 0x0000000100000000)
  eden space 65024K, 100% used [0x00000000e0600000,0x00000000e4580000,0x00000000e4580000)
  from space 43008K, 91% used [0x00000000e7d00000,0x00000000ea375b18,0x00000000ea700000)
  to   space 50176K, 0% used [0x00000000e4580000,0x00000000e4580000,0x00000000e7680000)
 ParOldGen       total 190976K, used 92125K [0x00000000a1200000, 0x00000000acc80000, 0x00000000e0600000)
  object space 190976K, 48% used [0x00000000a1200000,0x00000000a6bf7608,0x00000000acc80000)
 Metaspace       used 12780K, capacity 13424K, committed 13568K, reserved 1060864K
  class space    used 1775K, capacity 1930K, committed 2048K, reserved 1048576K
Event: 3.179 GC heap after
Heap after GC invocations=9 (full 2):
 PSYoungGen      total 115200K, used 50174K [0x00000000e0600000, 0x00000000ef780000, 0x0000000100000000)
  eden space 65024K, 0% used [0x00000000e0600000,0x00000000e0600000,0x00000000e4580000)
  from space 50176K, 99% used [0x00000000e4580000,0x00000000e767f8b0,0x00000000e7680000)
  to   space 79360K, 0% used [0x00000000eaa00000,0x00000000eaa00000,0x00000000ef780000)
 ParOldGen       total 190976K, used 131058K [0x00000000a1200000, 0x00000000acc80000, 0x00000000e0600000)
  object space 190976K, 68% used [0x00000000a1200000,0x00000000a91fc9d0,0x00000000acc80000)
 Metaspace       used 12780K, capacity 13424K, committed 13568K, reserved 1060864K
  class space    used 1775K, capacity 1930K, committed 2048K, reserved 1048576K
}

