# JRE version: Java(TM) SE Runtime Environment (8.0_102-b14) (build 1.8.0_102-b14)
# Java VM: Java HotSpot(TM) 64-Bit Server VM (25.102-b14 mixed mode windows-amd64 compressed oops)
Heap:
 PSYoungGen      total 130560K, used 88392K [0x00000000e0600000, 0x00000000edc80000, 0x0000000100000000)
  eden space 72192K, 44% used [0x00000000e0600000,0x00000000e2587f28,0x00000000e4c80000)
  from space 58368K, 96% used [0x00000000e4c80000,0x00000000e834a360,0x00000000e8580000)
  to   space 67584K, 0% used [0x00000000e9a80000,0x00000000e9a80000,0x00000000edc80000)
 ParOldGen       total 342016K, used 200766K [0x00000000a1200000, 0x00000000b6000000, 0x00000000e0600000)
  object space 342016K, 58% used [0x00000000a1200000,0x00000000ad60f838,0x00000000b6000000)
 Metaspace       used 18858K, capacity 20104K, committed 20352K, reserved 1067008K
  class space    used 2641K, capacity 2896K, committed 2944K, reserved 1048576K
GC Heap History (10 events):
Event: 4.569 GC heap before
{Heap before GC invocations=8 (full 2):
 PSYoungGen      total 53248K, used 49152K [0x00000000e0600000, 0x00000000e8c00000, 0x0000000100000000)
  eden space 49152K, 100% used [0x00000000e0600000,0x00000000e3600000,0x00000000e3600000)
  from space 4096K, 0% used [0x00000000e3600000,0x00000000e3600000,0x00000000e3a00000)
  to   space 33280K, 0% used [0x00000000e6b80000,0x00000000e6b80000,0x00000000e8c00000)
 ParOldGen       total 201216K, used 93987K [0x00000000a1200000, 0x00000000ad680000, 0x00000000e0600000)
  object space 201216K, 46% used [0x00000000a1200000,0x00000000a6dc8e18,0x00000000ad680000)
 Metaspace       used 12726K, capacity 13348K, committed 13568K, reserved 1060864K
  class space    used 1774K, capacity 1928K, committed 2048K, reserved 1048576K
Event: 4.582 GC heap after
Heap after GC invocations=8 (full 2):
 PSYoungGen      total 94720K, used 33137K [0x00000000e0600000, 0x00000000e9200000, 0x0000000100000000)
  eden space 61440K, 0% used [0x00000000e0600000,0x00000000e0600000,0x00000000e4200000)
  from space 33280K, 99% used [0x00000000e6b80000,0x00000000e8bdc5a0,0x00000000e8c00000)
  to   space 40960K, 0% used [0x00000000e4200000,0x00000000e4200000,0x00000000e6a00000)
 ParOldGen       total 201216K, used 99410K [0x00000000a1200000, 0x00000000ad680000, 0x00000000e0600000)
  object space 201216K, 49% used [0x00000000a1200000,0x00000000a73149d0,0x00000000ad680000)
 Metaspace       used 12726K, capacity 13348K, committed 13568K, reserved 1060864K
  class space    used 1774K, capacity 1928K, committed 2048K, reserved 1048576K
}
Event: 5.019 GC heap before
{Heap before GC invocations=9 (full 2):
 PSYoungGen      total 94720K, used 94509K [0x00000000e0600000, 0x00000000e9200000, 0x0000000100000000)
  eden space 61440K, 99% used [0x00000000e0600000,0x00000000e41ef230,0x00000000e4200000)
  from space 33280K, 99% used [0x00000000e6b80000,0x00000000e8bdc5a0,0x00000000e8c00000)
  to   space 40960K, 0% used [0x00000000e4200000,0x00000000e4200000,0x00000000e6a00000)
 ParOldGen       total 201216K, used 99410K [0x00000000a1200000, 0x00000000ad680000, 0x00000000e0600000)
  object space 201216K, 49% used [0x00000000a1200000,0x00000000a73149d0,0x00000000ad680000)
 Metaspace       used 12782K, capacity 13424K, committed 13568K, reserved 1060864K
  class space    used 1775K, capacity 1930K, committed 2048K, reserved 1048576K
Event: 5.048 GC heap after
Heap after GC invocations=9 (full 2):
 PSYoungGen      total 102400K, used 40827K [0x00000000e0600000, 0x00000000eb600000, 0x0000000100000000)
  eden space 61440K, 0% used [0x00000000e0600000,0x00000000e0600000,0x00000000e4200000)
  from space 40960K, 99% used [0x00000000e4200000,0x00000000e69def90,0x00000000e6a00000)
  to   space 49664K, 0% used [0x00000000e8580000,0x00000000e8580000,0x00000000eb600000)
 ParOldGen       total 201216K, used 139165K [0x00000000a1200000, 0x00000000ad680000, 0x00000000e0600000)
  object space 201216K, 69% used [0x00000000a1200000,0x00000000a99e7430,0x00000000ad680000)
 Metaspace       used 12782K, capacity 13424K, committed 13568K, reserved 1060864K
  class space    used 1775K, capacity 1930K, committed 2048K, reserved 1048576K
}
Event: 45.106 GC heap before
{Heap before GC invocations=10 (full 2):
 PSYoungGen      total 102400K, used 102101K [0x00000000e0600000, 0x00000000eb600000, 0x0000000100000000)
  eden space 61440K, 99% used [0x00000000e0600000,0x00000000e41d6620,0x00000000e4200000)
  from space 40960K, 99% used [0x00000000e4200000,0x00000000e69def90,0x00000000e6a00000)
  to   space 49664K, 0% used [0x00000000e8580000,0x00000000e8580000,0x00000000eb600000)
 ParOldGen       total 201216K, used 139165K [0x00000000a1200000, 0x00000000ad680000, 0x00000000e0600000)
  object space 201216K, 69% used [0x00000000a1200000,0x00000000a99e7430,0x00000000ad680000)
 Metaspace       used 18489K, capacity 19746K, committed 19840K, reserved 1067008K
  class space    used 2630K, capacity 2889K, committed 2944K, reserved 1048576K
Event: 45.132 GC heap after
Heap after GC invocations=10 (full 2):
 PSYoungGen      total 121856K, used 49201K [0x00000000e0600000, 0x00000000ec380000, 0x0000000100000000)
  eden space 72192K, 0% used [0x00000000e0600000,0x00000000e0600000,0x00000000e4c80000)
  from space 49664K, 99% used [0x00000000e8580000,0x00000000eb58c610,0x00000000eb600000)
  to   space 58368K, 0% used [0x00000000e4c80000,0x00000000e4c80000,0x00000000e8580000)
 ParOldGen       total 201216K, used 163216K [0x00000000a1200000, 0x00000000ad680000, 0x00000000e0600000)
  object space 201216K, 81% used [0x00000000a1200000,0x00000000ab164010,0x00000000ad680000)
 Metaspace       used 18489K, capacity 19746K, committed 19840K, reserved 1067008K
  class space    used 2630K, capacity 2889K, committed 2944K, reserved 1048576K
}
Event: 45.132 GC heap before
{Heap before GC invocations=11 (full 3):
 PSYoungGen      total 121856K, used 49201K [0x00000000e0600000, 0x00000000ec380000, 0x0000000100000000)
  eden space 72192K, 0% used [0x00000000e0600000,0x00000000e0600000,0x00000000e4c80000)
  from space 49664K, 99% used [0x00000000e8580000,0x00000000eb58c610,0x00000000eb600000)
  to   space 58368K, 0% used [0x00000000e4c80000,0x00000000e4c80000,0x00000000e8580000)
 ParOldGen       total 201216K, used 163216K [0x00000000a1200000, 0x00000000ad680000, 0x00000000e0600000)
  object space 201216K, 81% used [0x00000000a1200000,0x00000000ab164010,0x00000000ad680000)
 Metaspace       used 18489K, capacity 19746K, committed 19840K, reserved 1067008K
  class space    used 2630K, capacity 2889K, committed 2944K, reserved 1048576K
Event: 45.225 GC heap after
Heap after GC invocations=11 (full 3):
 PSYoungGen      total 121856K, used 8584K [0x00000000e0600000, 0x00000000ec380000, 0x0000000100000000)
  eden space 72192K, 0% used [0x00000000e0600000,0x00000000e0600000,0x00000000e4c80000)
  from space 49664K, 17% used [0x00000000e8580000,0x00000000e8de2348,0x00000000eb600000)
  to   space 58368K, 0% used [0x00000000e4c80000,0x00000000e4c80000,0x00000000e8580000)
 ParOldGen       total 342016K, used 200758K [0x00000000a1200000, 0x00000000b6000000, 0x00000000e0600000)
  object space 342016K, 58% used [0x00000000a1200000,0x00000000ad60d838,0x00000000b6000000)
 Metaspace       used 18489K, capacity 19746K, committed 19840K, reserved 1067008K
  class space    used 2630K, capacity 2889K, committed 2944K, reserved 1048576K
}
Event: 74.127 GC heap before
{Heap before GC invocations=12 (full 3):
 PSYoungGen      total 121856K, used 79427K [0x00000000e0600000, 0x00000000ec380000, 0x0000000100000000)
  eden space 72192K, 98% used [0x00000000e0600000,0x00000000e4b2e998,0x00000000e4c80000)
  from space 49664K, 17% used [0x00000000e8580000,0x00000000e8de2348,0x00000000eb600000)
  to   space 58368K, 0% used [0x00000000e4c80000,0x00000000e4c80000,0x00000000e8580000)
 ParOldGen       total 342016K, used 200758K [0x00000000a1200000, 0x00000000b6000000, 0x00000000e0600000)
  object space 342016K, 58% used [0x00000000a1200000,0x00000000ad60d838,0x00000000b6000000)
 Metaspace       used 18692K, capacity 19900K, committed 20096K, reserved 1067008K
  class space    used 2636K, capacity 2894K, committed 2944K, reserved 1048576K
Event: 74.139 GC heap after
Heap after GC invocations=12 (full 3):
 PSYoungGen      total 130560K, used 56104K [0x00000000e0600000, 0x00000000edc80000, 0x0000000100000000)
  eden space 72192K, 0% used [0x00000000e0600000,0x00000000e0600000,0x00000000e4c80000)
  from space 58368K, 96% used [0x00000000e4c80000,0x00000000e834a360,0x00000000e8580000)
  to   space 67584K, 0% used [0x00000000e9a80000,0x00000000e9a80000,0x00000000edc80000)
 ParOldGen       total 342016K, used 200766K [0x00000000a1200000, 0x00000000b6000000, 0x00000000e0600000)
  object space 342016K, 58% used [0x00000000a1200000,0x00000000ad60f838,0x00000000b6000000)
 Metaspace       used 18692K, capacity 19900K, committed 20096K, reserved 1067008K
  class space    used 2636K, capacity 2894K, committed 2944K, reserved 1048576K
}

