# JRE version: Java(TM) SE Runtime Environment (8.0_102-b14) (build 1.8.0_102-b14)
# Java VM: Java HotSpot(TM) 64-Bit Server VM (25.102-b14 mixed mode windows-amd64 compressed oops)
Heap:
 PSYoungGen      total 108032K, used 49739K [0x00000000e0600000, 0x00000000ec180000, 0x0000000100000000)
  eden space 67584K, 73% used [0x00000000e0600000,0x00000000e3692c28,0x00000000e4800000)
  from space 40448K, 0% used [0x00000000e4800000,0x00000000e4800000,0x00000000e6f80000)
  to   space 48640K, 0% used [0x00000000e9200000,0x00000000e9200000,0x00000000ec180000)
 ParOldGen       total 307712K, used 180196K [0x00000000a1200000, 0x00000000b3e80000, 0x00000000e0600000)
  object space 307712K, 58% used [0x00000000a1200000,0x00000000ac1f9200,0x00000000b3e80000)
 Metaspace       used 17817K, capacity 19014K, committed 19200K, reserved 1064960K
  class space    used 2556K, capacity 2805K, committed 2816K, reserved 1048576K
GC Heap History (10 events):
Event: 2.383 GC heap before
{Heap before GC invocations=6 (full 1):
 PSYoungGen      total 53248K, used 47131K [0x00000000e0600000, 0x00000000e3e00000, 0x0000000100000000)
  eden space 49152K, 95% used [0x00000000e0600000,0x00000000e3406f00,0x00000000e3600000)
  from space 4096K, 0% used [0x00000000e3a00000,0x00000000e3a00000,0x00000000e3e00000)
  to   space 4096K, 0% used [0x00000000e3600000,0x00000000e3600000,0x00000000e3a00000)
 ParOldGen       total 117760K, used 55402K [0x00000000a1200000, 0x00000000a8500000, 0x00000000e0600000)
  object space 117760K, 47% used [0x00000000a1200000,0x00000000a481a850,0x00000000a8500000)
 Metaspace       used 12700K, capacity 13344K, committed 13568K, reserved 1060864K
  class space    used 1772K, capacity 1928K, committed 2048K, reserved 1048576K
Event: 2.407 GC heap after
Heap after GC invocations=6 (full 1):
 PSYoungGen      total 53248K, used 3978K [0x00000000e0600000, 0x00000000e9580000, 0x0000000100000000)
  eden space 49152K, 0% used [0x00000000e0600000,0x00000000e0600000,0x00000000e3600000)
  from space 4096K, 97% used [0x00000000e3600000,0x00000000e39e2940,0x00000000e3a00000)
  to   space 32768K, 0% used [0x00000000e7580000,0x00000000e7580000,0x00000000e9580000)
 ParOldGen       total 117760K, used 90714K [0x00000000a1200000, 0x00000000a8500000, 0x00000000e0600000)
  object space 117760K, 77% used [0x00000000a1200000,0x00000000a6a96b50,0x00000000a8500000)
 Metaspace       used 12700K, capacity 13344K, committed 13568K, reserved 1060864K
  class space    used 1772K, capacity 1928K, committed 2048K, reserved 1048576K
}
Event: 2.407 GC heap before
{Heap before GC invocations=7 (full 2):
 PSYoungGen      total 53248K, used 3978K [0x00000000e0600000, 0x00000000e9580000, 0x0000000100000000)
  eden space 49152K, 0% used [0x00000000e0600000,0x00000000e0600000,0x00000000e3600000)
  from space 4096K, 97% used [0x00000000e3600000,0x00000000e39e2940,0x00000000e3a00000)
  to   space 32768K, 0% used [0x00000000e7580000,0x00000000e7580000,0x00000000e9580000)
 ParOldGen       total 117760K, used 90714K [0x00000000a1200000, 0x00000000a8500000, 0x00000000e0600000)
  object space 117760K, 77% used [0x00000000a1200000,0x00000000a6a96b50,0x00000000a8500000)
 Metaspace       used 12700K, capacity 13344K, committed 13568K, reserved 1060864K
  class space    used 1772K, capacity 1928K, committed 2048K, reserved 1048576K
Event: 2.451 GC heap after
Heap after GC invocations=7 (full 2):
 PSYoungGen      total 53248K, used 0K [0x00000000e0600000, 0x00000000e9580000, 0x0000000100000000)
  eden space 49152K, 0% used [0x00000000e0600000,0x00000000e0600000,0x00000000e3600000)
  from space 4096K, 0% used [0x00000000e3600000,0x00000000e3600000,0x00000000e3a00000)
  to   space 32768K, 0% used [0x00000000e7580000,0x00000000e7580000,0x00000000e9580000)
 ParOldGen       total 187904K, used 92123K [0x00000000a1200000, 0x00000000ac980000, 0x00000000e0600000)
  object space 187904K, 49% used [0x00000000a1200000,0x00000000a6bf6ee8,0x00000000ac980000)
 Metaspace       used 12700K, capacity 13344K, committed 13568K, reserved 1060864K
  class space    used 1772K, capacity 1928K, committed 2048K, reserved 1048576K
}
Event: 2.680 GC heap before
{Heap before GC invocations=8 (full 2):
 PSYoungGen      total 53248K, used 49152K [0x00000000e0600000, 0x00000000e9580000, 0x0000000100000000)
  eden space 49152K, 100% used [0x00000000e0600000,0x00000000e3600000,0x00000000e3600000)
  from space 4096K, 0% used [0x00000000e3600000,0x00000000e3600000,0x00000000e3a00000)
  to   space 32768K, 0% used [0x00000000e7580000,0x00000000e7580000,0x00000000e9580000)
 ParOldGen       total 187904K, used 92123K [0x00000000a1200000, 0x00000000ac980000, 0x00000000e0600000)
  object space 187904K, 49% used [0x00000000a1200000,0x00000000a6bf6ee8,0x00000000ac980000)
 Metaspace       used 12723K, capacity 13348K, committed 13568K, reserved 1060864K
  class space    used 1773K, capacity 1928K, committed 2048K, reserved 1048576K
Event: 2.692 GC heap after
Heap after GC invocations=8 (full 2):
 PSYoungGen      total 100352K, used 32615K [0x00000000e0600000, 0x00000000e9700000, 0x0000000100000000)
  eden space 67584K, 0% used [0x00000000e0600000,0x00000000e0600000,0x00000000e4800000)
  from space 32768K, 99% used [0x00000000e7580000,0x00000000e9559fd0,0x00000000e9580000)
  to   space 40448K, 0% used [0x00000000e4800000,0x00000000e4800000,0x00000000e6f80000)
 ParOldGen       total 187904K, used 98770K [0x00000000a1200000, 0x00000000ac980000, 0x00000000e0600000)
  object space 187904K, 52% used [0x00000000a1200000,0x00000000a72748e8,0x00000000ac980000)
 Metaspace       used 12723K, capacity 13348K, committed 13568K, reserved 1060864K
  class space    used 1773K, capacity 1928K, committed 2048K, reserved 1048576K
}
Event: 3.038 GC heap before
{Heap before GC invocations=9 (full 2):
 PSYoungGen      total 100352K, used 100199K [0x00000000e0600000, 0x00000000e9700000, 0x0000000100000000)
  eden space 67584K, 100% used [0x00000000e0600000,0x00000000e4800000,0x00000000e4800000)
  from space 32768K, 99% used [0x00000000e7580000,0x00000000e9559fd0,0x00000000e9580000)
  to   space 40448K, 0% used [0x00000000e4800000,0x00000000e4800000,0x00000000e6f80000)
 ParOldGen       total 187904K, used 98770K [0x00000000a1200000, 0x00000000ac980000, 0x00000000e0600000)
  object space 187904K, 52% used [0x00000000a1200000,0x00000000a72748e8,0x00000000ac980000)
 Metaspace       used 12744K, capacity 13360K, committed 13568K, reserved 1060864K
  class space    used 1774K, capacity 1930K, committed 2048K, reserved 1048576K
Event: 3.062 GC heap after
Heap after GC invocations=9 (full 2):
 PSYoungGen      total 108032K, used 40249K [0x00000000e0600000, 0x00000000ec180000, 0x0000000100000000)
  eden space 67584K, 0% used [0x00000000e0600000,0x00000000e0600000,0x00000000e4800000)
  from space 40448K, 99% used [0x00000000e4800000,0x00000000e6f4e7d8,0x00000000e6f80000)
  to   space 48640K, 0% used [0x00000000e9200000,0x00000000e9200000,0x00000000ec180000)
 ParOldGen       total 187904K, used 143547K [0x00000000a1200000, 0x00000000ac980000, 0x00000000e0600000)
  object space 187904K, 76% used [0x00000000a1200000,0x00000000a9e2edc8,0x00000000ac980000)
 Metaspace       used 12744K, capacity 13360K, committed 13568K, reserved 1060864K
  class space    used 1774K, capacity 1930K, committed 2048K, reserved 1048576K
}
Event: 3.062 GC heap before
{Heap before GC invocations=10 (full 3):
 PSYoungGen      total 108032K, used 40249K [0x00000000e0600000, 0x00000000ec180000, 0x0000000100000000)
  eden space 67584K, 0% used [0x00000000e0600000,0x00000000e0600000,0x00000000e4800000)
  from space 40448K, 99% used [0x00000000e4800000,0x00000000e6f4e7d8,0x00000000e6f80000)
  to   space 48640K, 0% used [0x00000000e9200000,0x00000000e9200000,0x00000000ec180000)
 ParOldGen       total 187904K, used 143547K [0x00000000a1200000, 0x00000000ac980000, 0x00000000e0600000)
  object space 187904K, 76% used [0x00000000a1200000,0x00000000a9e2edc8,0x00000000ac980000)
 Metaspace       used 12744K, capacity 13360K, committed 13568K, reserved 1060864K
  class space    used 1774K, capacity 1930K, committed 2048K, reserved 1048576K
Event: 3.115 GC heap after
Heap after GC invocations=10 (full 3):
 PSYoungGen      total 108032K, used 0K [0x00000000e0600000, 0x00000000ec180000, 0x0000000100000000)
  eden space 67584K, 0% used [0x00000000e0600000,0x00000000e0600000,0x00000000e4800000)
  from space 40448K, 0% used [0x00000000e4800000,0x00000000e4800000,0x00000000e6f80000)
  to   space 48640K, 0% used [0x00000000e9200000,0x00000000e9200000,0x00000000ec180000)
 ParOldGen       total 307712K, used 180196K [0x00000000a1200000, 0x00000000b3e80000, 0x00000000e0600000)
  object space 307712K, 58% used [0x00000000a1200000,0x00000000ac1f9200,0x00000000b3e80000)
 Metaspace       used 12744K, capacity 13360K, committed 13568K, reserved 1060864K
  class space    used 1774K, capacity 1930K, committed 2048K, reserved 1048576K
}

