# JRE version: Java(TM) SE Runtime Environment (8.0_102-b14) (build 1.8.0_102-b14)
# Java VM: Java HotSpot(TM) 64-Bit Server VM (25.102-b14 mixed mode windows-amd64 compressed oops)
Heap:
 PSYoungGen      total 107008K, used 82063K [0x00000000e0600000, 0x00000000ebe80000, 0x0000000100000000)
  eden space 66048K, 62% used [0x00000000e0600000,0x00000000e2e40190,0x00000000e4680000)
  from space 40960K, 99% used [0x00000000e4680000,0x00000000e6e63d30,0x00000000e6e80000)
  to   space 49152K, 0% used [0x00000000e8e80000,0x00000000e8e80000,0x00000000ebe80000)
 ParOldGen       total 191488K, used 140739K [0x00000000a1200000, 0x00000000acd00000, 0x00000000e0600000)
  object space 191488K, 73% used [0x00000000a1200000,0x00000000a9b70f98,0x00000000acd00000)
 Metaspace       used 17696K, capacity 18888K, committed 18944K, reserved 1064960K
  class space    used 2556K, capacity 2812K, committed 2816K, reserved 1048576K
GC Heap History (10 events):
Event: 2.054 GC heap before
{Heap before GC invocations=5 (full 1):
 PSYoungGen      total 53248K, used 4084K [0x00000000e0600000, 0x00000000e3e00000, 0x0000000100000000)
  eden space 49152K, 0% used [0x00000000e0600000,0x00000000e0600000,0x00000000e3600000)
  from space 4096K, 99% used [0x00000000e3a00000,0x00000000e3dfd2a8,0x00000000e3e00000)
  to   space 4096K, 0% used [0x00000000e3600000,0x00000000e3600000,0x00000000e3a00000)
 ParOldGen       total 65536K, used 51718K [0x00000000a1200000, 0x00000000a5200000, 0x00000000e0600000)
  object space 65536K, 78% used [0x00000000a1200000,0x00000000a4481bb0,0x00000000a5200000)
 Metaspace       used 12661K, capacity 13236K, committed 13440K, reserved 1060864K
  class space    used 1769K, capacity 1917K, committed 1920K, reserved 1048576K
Event: 2.101 GC heap after
Heap after GC invocations=5 (full 1):
 PSYoungGen      total 53248K, used 0K [0x00000000e0600000, 0x00000000e3e00000, 0x0000000100000000)
  eden space 49152K, 0% used [0x00000000e0600000,0x00000000e0600000,0x00000000e3600000)
  from space 4096K, 0% used [0x00000000e3a00000,0x00000000e3a00000,0x00000000e3e00000)
  to   space 4096K, 0% used [0x00000000e3600000,0x00000000e3600000,0x00000000e3a00000)
 ParOldGen       total 118784K, used 55671K [0x00000000a1200000, 0x00000000a8600000, 0x00000000e0600000)
  object space 118784K, 46% used [0x00000000a1200000,0x00000000a485deb0,0x00000000a8600000)
 Metaspace       used 12661K, capacity 13236K, committed 13440K, reserved 1060864K
  class space    used 1769K, capacity 1917K, committed 1920K, reserved 1048576K
}
Event: 2.265 GC heap before
{Heap before GC invocations=6 (full 1):
 PSYoungGen      total 53248K, used 46718K [0x00000000e0600000, 0x00000000e3e00000, 0x0000000100000000)
  eden space 49152K, 95% used [0x00000000e0600000,0x00000000e339f920,0x00000000e3600000)
  from space 4096K, 0% used [0x00000000e3a00000,0x00000000e3a00000,0x00000000e3e00000)
  to   space 4096K, 0% used [0x00000000e3600000,0x00000000e3600000,0x00000000e3a00000)
 ParOldGen       total 118784K, used 55671K [0x00000000a1200000, 0x00000000a8600000, 0x00000000e0600000)
  object space 118784K, 46% used [0x00000000a1200000,0x00000000a485deb0,0x00000000a8600000)
 Metaspace       used 12696K, capacity 13264K, committed 13568K, reserved 1060864K
  class space    used 1777K, capacity 1928K, committed 2048K, reserved 1048576K
Event: 2.277 GC heap after
Heap after GC invocations=6 (full 1):
 PSYoungGen      total 53248K, used 3985K [0x00000000e0600000, 0x00000000e9500000, 0x0000000100000000)
  eden space 49152K, 0% used [0x00000000e0600000,0x00000000e0600000,0x00000000e3600000)
  from space 4096K, 97% used [0x00000000e3600000,0x00000000e39e45d0,0x00000000e3a00000)
  to   space 33280K, 0% used [0x00000000e7480000,0x00000000e7480000,0x00000000e9500000)
 ParOldGen       total 118784K, used 90721K [0x00000000a1200000, 0x00000000a8600000, 0x00000000e0600000)
  object space 118784K, 76% used [0x00000000a1200000,0x00000000a6a98660,0x00000000a8600000)
 Metaspace       used 12696K, capacity 13264K, committed 13568K, reserved 1060864K
  class space    used 1777K, capacity 1928K, committed 2048K, reserved 1048576K
}
Event: 2.277 GC heap before
{Heap before GC invocations=7 (full 2):
 PSYoungGen      total 53248K, used 3985K [0x00000000e0600000, 0x00000000e9500000, 0x0000000100000000)
  eden space 49152K, 0% used [0x00000000e0600000,0x00000000e0600000,0x00000000e3600000)
  from space 4096K, 97% used [0x00000000e3600000,0x00000000e39e45d0,0x00000000e3a00000)
  to   space 33280K, 0% used [0x00000000e7480000,0x00000000e7480000,0x00000000e9500000)
 ParOldGen       total 118784K, used 90721K [0x00000000a1200000, 0x00000000a8600000, 0x00000000e0600000)
  object space 118784K, 76% used [0x00000000a1200000,0x00000000a6a98660,0x00000000a8600000)
 Metaspace       used 12696K, capacity 13264K, committed 13568K, reserved 1060864K
  class space    used 1777K, capacity 1928K, committed 2048K, reserved 1048576K
Event: 2.304 GC heap after
Heap after GC invocations=7 (full 2):
 PSYoungGen      total 53248K, used 0K [0x00000000e0600000, 0x00000000e9500000, 0x0000000100000000)
  eden space 49152K, 0% used [0x00000000e0600000,0x00000000e0600000,0x00000000e3600000)
  from space 4096K, 0% used [0x00000000e3600000,0x00000000e3600000,0x00000000e3a00000)
  to   space 33280K, 0% used [0x00000000e7480000,0x00000000e7480000,0x00000000e9500000)
 ParOldGen       total 191488K, used 92122K [0x00000000a1200000, 0x00000000acd00000, 0x00000000e0600000)
  object space 191488K, 48% used [0x00000000a1200000,0x00000000a6bf6af0,0x00000000acd00000)
 Metaspace       used 12696K, capacity 13264K, committed 13568K, reserved 1060864K
  class space    used 1777K, capacity 1928K, committed 2048K, reserved 1048576K
}
Event: 2.514 GC heap before
{Heap before GC invocations=8 (full 2):
 PSYoungGen      total 53248K, used 48806K [0x00000000e0600000, 0x00000000e9500000, 0x0000000100000000)
  eden space 49152K, 99% used [0x00000000e0600000,0x00000000e35a9908,0x00000000e3600000)
  from space 4096K, 0% used [0x00000000e3600000,0x00000000e3600000,0x00000000e3a00000)
  to   space 33280K, 0% used [0x00000000e7480000,0x00000000e7480000,0x00000000e9500000)
 ParOldGen       total 191488K, used 92122K [0x00000000a1200000, 0x00000000acd00000, 0x00000000e0600000)
  object space 191488K, 48% used [0x00000000a1200000,0x00000000a6bf6af0,0x00000000acd00000)
 Metaspace       used 12715K, capacity 13332K, committed 13568K, reserved 1060864K
  class space    used 1777K, capacity 1928K, committed 2048K, reserved 1048576K
Event: 2.526 GC heap after
Heap after GC invocations=8 (full 2):
 PSYoungGen      total 99328K, used 33169K [0x00000000e0600000, 0x00000000e9680000, 0x0000000100000000)
  eden space 66048K, 0% used [0x00000000e0600000,0x00000000e0600000,0x00000000e4680000)
  from space 33280K, 99% used [0x00000000e7480000,0x00000000e94e45a0,0x00000000e9500000)
  to   space 40960K, 0% used [0x00000000e4680000,0x00000000e4680000,0x00000000e6e80000)
 ParOldGen       total 191488K, used 97934K [0x00000000a1200000, 0x00000000acd00000, 0x00000000e0600000)
  object space 191488K, 51% used [0x00000000a1200000,0x00000000a71a3bc0,0x00000000acd00000)
 Metaspace       used 12715K, capacity 13332K, committed 13568K, reserved 1060864K
  class space    used 1777K, capacity 1928K, committed 2048K, reserved 1048576K
}
Event: 2.887 GC heap before
{Heap before GC invocations=9 (full 2):
 PSYoungGen      total 99328K, used 99217K [0x00000000e0600000, 0x00000000e9680000, 0x0000000100000000)
  eden space 66048K, 100% used [0x00000000e0600000,0x00000000e4680000,0x00000000e4680000)
  from space 33280K, 99% used [0x00000000e7480000,0x00000000e94e45a0,0x00000000e9500000)
  to   space 40960K, 0% used [0x00000000e4680000,0x00000000e4680000,0x00000000e6e80000)
 ParOldGen       total 191488K, used 97934K [0x00000000a1200000, 0x00000000acd00000, 0x00000000e0600000)
  object space 191488K, 51% used [0x00000000a1200000,0x00000000a71a3bc0,0x00000000acd00000)
 Metaspace       used 12758K, capacity 13344K, committed 13568K, reserved 1060864K
  class space    used 1778K, capacity 1930K, committed 2048K, reserved 1048576K
Event: 2.911 GC heap after
Heap after GC invocations=9 (full 2):
 PSYoungGen      total 107008K, used 40847K [0x00000000e0600000, 0x00000000ebe80000, 0x0000000100000000)
  eden space 66048K, 0% used [0x00000000e0600000,0x00000000e0600000,0x00000000e4680000)
  from space 40960K, 99% used [0x00000000e4680000,0x00000000e6e63d30,0x00000000e6e80000)
  to   space 49152K, 0% used [0x00000000e8e80000,0x00000000e8e80000,0x00000000ebe80000)
 ParOldGen       total 191488K, used 140739K [0x00000000a1200000, 0x00000000acd00000, 0x00000000e0600000)
  object space 191488K, 73% used [0x00000000a1200000,0x00000000a9b70f98,0x00000000acd00000)
 Metaspace       used 12758K, capacity 13344K, committed 13568K, reserved 1060864K
  class space    used 1778K, capacity 1930K, committed 2048K, reserved 1048576K
}

